<?xml version="1.0" encoding="utf-8"?>
<TestRun id="f800b779-add9-42c3-ba99-0348539fd7d3" name="@Frieren 2026-09-24 13:42:52" xmlns="http://microsoft.com/schemas/VisualStudio/TeamTest/2010">
  <Times creation="2026-09-24T13:42:52.7237174+08:00" queuing="2026-09-24T13:42:52.7237174+08:00" start="2026-09-24T13:42:51.4619062+08:00" finish="2026-09-24T13:42:52.7299115+08:00" />
  <TestSettings name="default" id="36618915-d4cc-4948-89aa-f7750787af3d">
    <Deployment runDeploymentRoot="_Frieren_2026-09-24_13_42_52" />
  </TestSettings>
  <Results>
    <UnitTestResult executionId="e2d30fa7-985b-4c00-b6d8-03d560d526e5" testId="64ea98ad-8828-a594-0ce6-c22f208c1cda" testName="Laya.Core.Tests.Encoding.LayaSequenceBuilderTests.Build_RejectsOptionsThatExceedModelContext" computerName="Frieren" duration="00:00:00.0692292" startTime="2026-09-24T13:42:52.4552368+08:00" endTime="2026-09-24T13:42:52.5244049+08:00" testType="13cdc9d9-ddb5-4fa4-a97d-d965ccfc6d4b" outcome="Passed" testListId="8c84fa94-04c1-424b-9868-57a2d4851a1d" relativeResultsDirectory="e2d30fa7-985b-4c00-b6d8-03d560d526e5" />
    <UnitTestResult executionId="c4bcb953-8419-4960-be87-9307ce96caa6" testId="41b8f608-45e9-7c2a-3a77-e3c99ea7c9bf" testName="Laya.Core.Tests.Encoding.LayaSequenceBuilderTests.Build_MatchesChoiceGoldenTrace" computerName="Frieren" duration="00:00:00.0890283" startTime="2026-09-24T13:42:52.2241869+08:00" endTime="2026-09-24T13:42:52.3131917+08:00" testType="13cdc9d9-ddb5-4fa4-a97d-d965ccfc6d4b" outcome="Passed" testListId="8c84fa94-04c1-424b-9868-57a2d4851a1d" relativeResultsDirectory="c4bcb953-8419-4960-be87-9307ce96caa6" />
    <UnitTestResult executionId="0de35f99-0cfe-40d4-801f-14520533d41a" testId="0f33d004-6bcc-16ec-1bc6-36148954798e" testName="Laya.Core.Tests.Tokenization.LayaTokenizerTests.Load_ResolvesSpecialTokensAndEncodesWithoutSpecialTokens" computerName="Frieren" duration="00:00:00.0839966" startTime="2026-09-24T13:42:52.2112395+08:00" endTime="2026-09-24T13:42:52.2945325+08:00" testType="13cdc9d9-ddb5-4fa4-a97d-d965ccfc6d4b" outcome="Passed" testListId="8c84fa94-04c1-424b-9868-57a2d4851a1d" relativeResultsDirectory="0de35f99-0cfe-40d4-801f-14520533d41a" />
    <UnitTestResult executionId="2f1e93d1-8e44-4ca3-99da-9e802b312f5d" testId="70a87192-17e3-bfc6-c654-1d955e53986e" testName="Laya.Core.Tests.Encoding.LayaSequenceBuilderTests.Build_TruncatesStateToMaxLength" computerName="Frieren" duration="00:00:00.0689364" startTime="2026-09-24T13:42:52.3136119+08:00" endTime="2026-09-24T13:42:52.3822452+08:00" testType="13cdc9d9-ddb5-4fa4-a97d-d965ccfc6d4b" outcome="Passed" testListId="8c84fa94-04c1-424b-9868-57a2d4851a1d" relativeResultsDirectory="2f1e93d1-8e44-4ca3-99da-9e802b312f5d" />
    <UnitTestResult executionId="4c828048-6fa8-43c2-919d-bac3ad210884" testId="98e6a3aa-9190-48d9-c5e8-c21984973305" testName="Laya.Core.Tests.Encoding.LayaSequenceBuilderTests.Build_MatchesNoulGoldenTrace" computerName="Frieren" duration="00:00:00.1465220" startTime="2026-09-24T13:42:52.0739378+08:00" endTime="2026-09-24T13:42:52.2239807+08:00" testType="13cdc9d9-ddb5-4fa4-a97d-d965ccfc6d4b" outcome="Passed" testListId="8c84fa94-04c1-424b-9868-57a2d4851a1d" relativeResultsDirectory="4c828048-6fa8-43c2-919d-bac3ad210884" />
    <UnitTestResult executionId="6d673300-13ff-4e4b-8423-7391546c0acb" testId="b2a39afa-e8d6-b42c-0652-9a7aa531286b" testName="Laya.Core.Tests.Tokenization.LayaTokenizerTests.Encode_MatchesGoldenIds" computerName="Frieren" duration="00:00:00.1226995" startTime="2026-09-24T13:42:52.0994413+08:00" endTime="2026-09-24T13:42:52.2104403+08:00" testType="13cdc9d9-ddb5-4fa4-a97d-d965ccfc6d4b" outcome="Passed" testListId="8c84fa94-04c1-424b-9868-57a2d4851a1d" relativeResultsDirectory="6d673300-13ff-4e4b-8423-7391546c0acb" />
    <UnitTestResult executionId="1bed6d82-eece-4d59-b421-ad5d78b6a274" testId="49e1e906-e729-798e-218b-d1fc572abc01" testName="Laya.Core.Tests.Tokenization.LayaTokenizerTests.Load_RejectsMissingSpecialTokenConfig" computerName="Frieren" duration="00:00:00.0079853" startTime="2026-09-24T13:42:52.0728344+08:00" endTime="2026-09-24T13:42:52.0875893+08:00" testType="13cdc9d9-ddb5-4fa4-a97d-d965ccfc6d4b" outcome="Passed" testListId="8c84fa94-04c1-424b-9868-57a2d4851a1d" relativeResultsDirectory="1bed6d82-eece-4d59-b421-ad5d78b6a274" />
    <UnitTestResult executionId="c2e376cf-e299-4c64-986c-a7747162190f" testId="3efdd426-4bca-581c-3833-3ff813ce4c68" testName="Laya.Core.Tests.Encoding.LayaSequenceBuilderTests.Build_MixesChoiceAndNoulWithRightPadding" computerName="Frieren" duration="00:00:00.0726574" startTime="2026-09-24T13:42:52.3824369+08:00" endTime="2026-09-24T13:42:52.4550350+08:00" testType="13cdc9d9-ddb5-4fa4-a97d-d965ccfc6d4b" outcome="Passed" testListId="8c84fa94-04c1-424b-9868-57a2d4851a1d" relativeResultsDirectory="c2e376cf-e299-4c64-986c-a7747162190f" />
  </Results>
  <TestDefinitions>
    <UnitTest name="Laya.Core.Tests.Tokenization.LayaTokenizerTests.Load_RejectsMissingSpecialTokenConfig" storage="/srv/hermes_agent/home/workspace/repo/layadotnetpoc/tests/laya.core.tests/bin/debug/net8.0/laya.core.tests.dll" id="49e1e906-e729-798e-218b-d1fc572abc01">
      <Execution id="1bed6d82-eece-4d59-b421-ad5d78b6a274" />
      <TestMethod codeBase="/srv/hermes_agent/home/workspace/Repo/LayaDotNetPoc/tests/Laya.Core.Tests/bin/Debug/net8.0/Laya.Core.Tests.dll" adapterTypeName="executor://xunit/VsTestRunner3/netcore/" className="Laya.Core.Tests.Tokenization.LayaTokenizerTests" name="Load_RejectsMissingSpecialTokenConfig" />
    </UnitTest>
    <UnitTest name="Laya.Core.Tests.Encoding.LayaSequenceBuilderTests.Build_MatchesNoulGoldenTrace" storage="/srv/hermes_agent/home/workspace/repo/layadotnetpoc/tests/laya.core.tests/bin/debug/net8.0/laya.core.tests.dll" id="98e6a3aa-9190-48d9-c5e8-c21984973305">
      <Execution id="4c828048-6fa8-43c2-919d-bac3ad210884" />
      <TestMethod codeBase="/srv/hermes_agent/home/workspace/Repo/LayaDotNetPoc/tests/Laya.Core.Tests/bin/Debug/net8.0/Laya.Core.Tests.dll" adapterTypeName="executor://xunit/VsTestRunner3/netcore/" className="Laya.Core.Tests.Encoding.LayaSequenceBuilderTests" name="Build_MatchesNoulGoldenTrace" />
    </UnitTest>
    <UnitTest name="Laya.Core.Tests.Encoding.LayaSequenceBuilderTests.Build_MixesChoiceAndNoulWithRightPadding" storage="/srv/hermes_agent/home/workspace/repo/layadotnetpoc/tests/laya.core.tests/bin/debug/net8.0/laya.core.tests.dll" id="3efdd426-4bca-581c-3833-3ff813ce4c68">
      <Execution id="c2e376cf-e299-4c64-986c-a7747162190f" />
      <TestMethod codeBase="/srv/hermes_agent/home/workspace/Repo/LayaDotNetPoc/tests/Laya.Core.Tests/bin/Debug/net8.0/Laya.Core.Tests.dll" adapterTypeName="executor://xunit/VsTestRunner3/netcore/" className="Laya.Core.Tests.Encoding.LayaSequenceBuilderTests" name="Build_MixesChoiceAndNoulWithRightPadding" />
    </UnitTest>
    <UnitTest name="Laya.Core.Tests.Tokenization.LayaTokenizerTests.Load_ResolvesSpecialTokensAndEncodesWithoutSpecialTokens" storage="/srv/hermes_agent/home/workspace/repo/layadotnetpoc/tests/laya.core.tests/bin/debug/net8.0/laya.core.tests.dll" id="0f33d004-6bcc-16ec-1bc6-36148954798e">
      <Execution id="0de35f99-0cfe-40d4-801f-14520533d41a" />
      <TestMethod codeBase="/srv/hermes_agent/home/workspace/Repo/LayaDotNetPoc/tests/Laya.Core.Tests/bin/Debug/net8.0/Laya.Core.Tests.dll" adapterTypeName="executor://xunit/VsTestRunner3/netcore/" className="Laya.Core.Tests.Tokenization.LayaTokenizerTests" name="Load_ResolvesSpecialTokensAndEncodesWithoutSpecialTokens" />
    </UnitTest>
    <UnitTest name="Laya.Core.Tests.Tokenization.LayaTokenizerTests.Encode_MatchesGoldenIds" storage="/srv/hermes_agent/home/workspace/repo/layadotnetpoc/tests/laya.core.tests/bin/debug/net8.0/laya.core.tests.dll" id="b2a39afa-e8d6-b42c-0652-9a7aa531286b">
      <Execution id="6d673300-13ff-4e4b-8423-7391546c0acb" />
      <TestMethod codeBase="/srv/hermes_agent/home/workspace/Repo/LayaDotNetPoc/tests/Laya.Core.Tests/bin/Debug/net8.0/Laya.Core.Tests.dll" adapterTypeName="executor://xunit/VsTestRunner3/netcore/" className="Laya.Core.Tests.Tokenization.LayaTokenizerTests" name="Encode_MatchesGoldenIds" />
    </UnitTest>
    <UnitTest name="Laya.Core.Tests.Encoding.LayaSequenceBuilderTests.Build_RejectsOptionsThatExceedModelContext" storage="/srv/hermes_agent/home/workspace/repo/layadotnetpoc/tests/laya.core.tests/bin/debug/net8.0/laya.core.tests.dll" id="64ea98ad-8828-a594-0ce6-c22f208c1cda">
      <Execution id="e2d30fa7-985b-4c00-b6d8-03d560d526e5" />
      <TestMethod codeBase="/srv/hermes_agent/home/workspace/Repo/LayaDotNetPoc/tests/Laya.Core.Tests/bin/Debug/net8.0/Laya.Core.Tests.dll" adapterTypeName="executor://xunit/VsTestRunner3/netcore/" className="Laya.Core.Tests.Encoding.LayaSequenceBuilderTests" name="Build_RejectsOptionsThatExceedModelContext" />
    </UnitTest>
    <UnitTest name="Laya.Core.Tests.Encoding.LayaSequenceBuilderTests.Build_TruncatesStateToMaxLength" storage="/srv/hermes_agent/home/workspace/repo/layadotnetpoc/tests/laya.core.tests/bin/debug/net8.0/laya.core.tests.dll" id="70a87192-17e3-bfc6-c654-1d955e53986e">
      <Execution id="2f1e93d1-8e44-4ca3-99da-9e802b312f5d" />
      <TestMethod codeBase="/srv/hermes_agent/home/workspace/Repo/LayaDotNetPoc/tests/Laya.Core.Tests/bin/Debug/net8.0/Laya.Core.Tests.dll" adapterTypeName="executor://xunit/VsTestRunner3/netcore/" className="Laya.Core.Tests.Encoding.LayaSequenceBuilderTests" name="Build_TruncatesStateToMaxLength" />
    </UnitTest>
    <UnitTest name="Laya.Core.Tests.Encoding.LayaSequenceBuilderTests.Build_MatchesChoiceGoldenTrace" storage="/srv/hermes_agent/home/workspace/repo/layadotnetpoc/tests/laya.core.tests/bin/debug/net8.0/laya.core.tests.dll" id="41b8f608-45e9-7c2a-3a77-e3c99ea7c9bf">
      <Execution id="c4bcb953-8419-4960-be87-9307ce96caa6" />
      <TestMethod codeBase="/srv/hermes_agent/home/workspace/Repo/LayaDotNetPoc/tests/Laya.Core.Tests/bin/Debug/net8.0/Laya.Core.Tests.dll" adapterTypeName="executor://xunit/VsTestRunner3/netcore/" className="Laya.Core.Tests.Encoding.LayaSequenceBuilderTests" name="Build_MatchesChoiceGoldenTrace" />
    </UnitTest>
  </TestDefinitions>
  <TestEntries>
    <TestEntry testId="64ea98ad-8828-a594-0ce6-c22f208c1cda" executionId="e2d30fa7-985b-4c00-b6d8-03d560d526e5" testListId="8c84fa94-04c1-424b-9868-57a2d4851a1d" />
    <TestEntry testId="41b8f608-45e9-7c2a-3a77-e3c99ea7c9bf" executionId="c4bcb953-8419-4960-be87-9307ce96caa6" testListId="8c84fa94-04c1-424b-9868-57a2d4851a1d" />
    <TestEntry testId="0f33d004-6bcc-16ec-1bc6-36148954798e" executionId="0de35f99-0cfe-40d4-801f-14520533d41a" testListId="8c84fa94-04c1-424b-9868-57a2d4851a1d" />
    <TestEntry testId="70a87192-17e3-bfc6-c654-1d955e53986e" executionId="2f1e93d1-8e44-4ca3-99da-9e802b312f5d" testListId="8c84fa94-04c1-424b-9868-57a2d4851a1d" />
    <TestEntry testId="98e6a3aa-9190-48d9-c5e8-c21984973305" executionId="4c828048-6fa8-43c2-919d-bac3ad210884" testListId="8c84fa94-04c1-424b-9868-57a2d4851a1d" />
    <TestEntry testId="b2a39afa-e8d6-b42c-0652-9a7aa531286b" executionId="6d673300-13ff-4e4b-8423-7391546c0acb" testListId="8c84fa94-04c1-424b-9868-57a2d4851a1d" />
    <TestEntry testId="49e1e906-e729-798e-218b-d1fc572abc01" executionId="1bed6d82-eece-4d59-b421-ad5d78b6a274" testListId="8c84fa94-04c1-424b-9868-57a2d4851a1d" />
    <TestEntry testId="3efdd426-4bca-581c-3833-3ff813ce4c68" executionId="c2e376cf-e299-4c64-986c-a7747162190f" testListId="8c84fa94-04c1-424b-9868-57a2d4851a1d" />
  </TestEntries>
  <TestLists>
    <TestList name="不在清單中的結果" id="8c84fa94-04c1-424b-9868-57a2d4851a1d" />
    <TestList name="所有載入的結果" id="19431567-8539-422a-85d7-44ee4e166bda" />
  </TestLists>
  <ResultSummary outcome="Completed">
    <Counters total="8" executed="8" passed="8" failed="0" error="0" timeout="0" aborted="0" inconclusive="0" passedButRunAborted="0" notRunnable="0" notExecuted="0" disconnected="0" warning="0" completed="0" inProgress="0" pending="0" />
    <Output>
      <StdOut>[xUnit.net 00:00:00.00] xUnit.net VSTest Adapter v4.0.0+05679a7ab5 (64-bit .NET 10.0.12)
[xUnit.net 00:00:00.09]   Discovering: Laya.Core.Tests
[xUnit.net 00:00:00.17]   Discovered:  Laya.Core.Tests
[xUnit.net 00:00:00.27]   Starting:    Laya.Core.Tests
[xUnit.net 00:00:00.75]   Finished:    Laya.Core.Tests
</StdOut>
    </Output>
  </ResultSummary>
</TestRun>