<?xml version="1.0" encoding="utf-8"?>
<TestRun id="fb28d9f9-d3ca-48ed-a653-1941ba188e8d" name="@Frieren 2026-09-24 01:48:38" xmlns="http://microsoft.com/schemas/VisualStudio/TeamTest/2010">
  <Times creation="2026-09-24T01:48:38.5769039+08:00" queuing="2026-09-24T01:48:38.5769040+08:00" start="2026-09-24T01:48:37.6752232+08:00" finish="2026-09-24T01:48:38.6214679+08:00" />
  <TestSettings name="default" id="8cac8b28-c379-47b8-ac4b-0cb2f734b517">
    <Deployment runDeploymentRoot="_Frieren_2026-09-24_01_48_38" />
  </TestSettings>
  <Results>
    <UnitTestResult executionId="f46aa427-6695-4fb0-a0b7-805d6aacd75a" testId="92602ff1-e2fd-f84c-9ef5-2cc70663d8bd" testName="Laya.Core.Tests.Evaluation.Phase2ReportWriterTests.WriteRun_PersistsRecomputableRawArtifacts" computerName="Frieren" duration="00:00:00.1141485" startTime="2026-09-24T01:48:38.3621733+08:00" endTime="2026-09-24T01:48:38.4815764+08:00" testType="13cdc9d9-ddb5-4fa4-a97d-d965ccfc6d4b" outcome="Passed" testListId="8c84fa94-04c1-424b-9868-57a2d4851a1d" relativeResultsDirectory="f46aa427-6695-4fb0-a0b7-805d6aacd75a" />
    <UnitTestResult executionId="46668cb0-d68a-4b5d-bd48-7310bf67b33c" testId="8bd05023-d89f-7c9b-676d-b318e84ead1c" testName="Laya.Core.Tests.Evaluation.Phase2HeldOutReportWriterTests.WriteRun_WithFixedPolicy_LeavesGridNullAndPersistsCandidateIdentity" computerName="Frieren" duration="00:00:00.1146650" startTime="2026-09-24T01:48:38.3622620+08:00" endTime="2026-09-24T01:48:38.4818814+08:00" testType="13cdc9d9-ddb5-4fa4-a97d-d965ccfc6d4b" outcome="Passed" testListId="8c84fa94-04c1-424b-9868-57a2d4851a1d" relativeResultsDirectory="46668cb0-d68a-4b5d-bd48-7310bf67b33c" />
    <UnitTestResult executionId="a41048f0-177d-4031-8e74-ab255ac8c5d7" testId="8aad2d6a-11f9-ac95-72b6-5ec69c88ec9f" testName="Laya.Core.Tests.Evaluation.LayaPhase2RunComparerTests.Compare_MismatchedContract_IsRejected(mismatch: &quot;dataset&quot;)" computerName="Frieren" duration="00:00:00.0109365" startTime="2026-09-24T01:48:38.4343913+08:00" endTime="2026-09-24T01:48:38.4359919+08:00" testType="13cdc9d9-ddb5-4fa4-a97d-d965ccfc6d4b" outcome="Passed" testListId="8c84fa94-04c1-424b-9868-57a2d4851a1d" relativeResultsDirectory="a41048f0-177d-4031-8e74-ab255ac8c5d7" />
    <UnitTestResult executionId="421b23d3-f4f7-4008-bfca-b022fd2909c9" testId="72c7208d-d18a-5814-cbb7-9cf9df1bb8ef" testName="Laya.Core.Tests.Evaluation.LayaConfidencePolicyTests.Classify_UsesDocumentedBoundaries(probability: 0.58999999999999997, margin: 0.90000000000000002, expected: Review)" computerName="Frieren" duration="00:00:00.0000011" startTime="2026-09-24T01:48:38.4340823+08:00" endTime="2026-09-24T01:48:38.4341127+08:00" testType="13cdc9d9-ddb5-4fa4-a97d-d965ccfc6d4b" outcome="Passed" testListId="8c84fa94-04c1-424b-9868-57a2d4851a1d" relativeResultsDirectory="421b23d3-f4f7-4008-bfca-b022fd2909c9" />
    <UnitTestResult executionId="43b44bc7-8e83-4411-a72a-0babcefa180e" testId="7dd383ee-e171-d208-487c-26b5699276b8" testName="Laya.Core.Tests.Evaluation.Phase2FrozenCandidateValidatorTests.Validate_CompleteCandidate_ReturnsFixedPolicyAndArtifactHash" computerName="Frieren" duration="00:00:00.1248911" startTime="2026-09-24T01:48:38.4310450+08:00" endTime="2026-09-24T01:48:38.5140310+08:00" testType="13cdc9d9-ddb5-4fa4-a97d-d965ccfc6d4b" outcome="Passed" testListId="8c84fa94-04c1-424b-9868-57a2d4851a1d" relativeResultsDirectory="43b44bc7-8e83-4411-a72a-0babcefa180e" />
    <UnitTestResult executionId="7e815486-8715-40b8-b865-6fe0c1b1a000" testId="5893dbdb-c8ab-e857-ed8a-a2b8c09ce485" testName="Laya.Core.Tests.Evaluation.LayaGate3AssessmentTests.Decide_ReturnsPartialForSuggestionOnlyEvidence" computerName="Frieren" duration="00:00:00.0001662" startTime="2026-09-24T01:48:38.4424650+08:00" endTime="2026-09-24T01:48:38.4424968+08:00" testType="13cdc9d9-ddb5-4fa4-a97d-d965ccfc6d4b" outcome="Passed" testListId="8c84fa94-04c1-424b-9868-57a2d4851a1d" relativeResultsDirectory="7e815486-8715-40b8-b865-6fe0c1b1a000" />
    <UnitTestResult executionId="21b49f01-5efd-409d-927e-f0fe41f4678c" testId="fd3278fc-9688-b0f4-9ed9-1d9fd40b5587" testName="Laya.Core.Tests.Evaluation.LayaTransactionRequestFactoryTests.CreateBaselineRequest_PreservesPhase1Contract" computerName="Frieren" duration="00:00:00.0215709" startTime="2026-09-24T01:48:38.3622859+08:00" endTime="2026-09-24T01:48:38.4312233+08:00" testType="13cdc9d9-ddb5-4fa4-a97d-d965ccfc6d4b" outcome="Passed" testListId="8c84fa94-04c1-424b-9868-57a2d4851a1d" relativeResultsDirectory="21b49f01-5efd-409d-927e-f0fe41f4678c" />
    <UnitTestResult executionId="ed91cc69-4493-4057-8931-63d743292482" testId="c385fd58-2b7f-0d8e-1b9c-fb2981f72941" testName="Laya.Core.Tests.Parity.LayaParityToleranceTests.CompareProbability_RejectsNonFiniteValues(actual: 非數值)" computerName="Frieren" duration="00:00:00.0000086" startTime="2026-09-24T01:48:38.4296604+08:00" endTime="2026-09-24T01:48:38.4296928+08:00" testType="13cdc9d9-ddb5-4fa4-a97d-d965ccfc6d4b" outcome="Passed" testListId="8c84fa94-04c1-424b-9868-57a2d4851a1d" relativeResultsDirectory="ed91cc69-4493-4057-8931-63d743292482" />
    <UnitTestResult executionId="3fc3fc01-5af7-416b-a848-e3446cd9accb" testId="4c1469ce-9ded-7d54-3770-88f4e833bb94" testName="Laya.Core.Tests.Serialization.LayaStateSerializerTests.Serialize_NestedValuesPreserveOrder" computerName="Frieren" duration="00:00:00.0005830" startTime="2026-09-24T01:48:38.4409272+08:00" endTime="2026-09-24T01:48:38.4409605+08:00" testType="13cdc9d9-ddb5-4fa4-a97d-d965ccfc6d4b" outcome="Passed" testListId="8c84fa94-04c1-424b-9868-57a2d4851a1d" relativeResultsDirectory="3fc3fc01-5af7-416b-a848-e3446cd9accb" />
    <UnitTestResult executionId="0b6f8e4f-8cd3-4dc2-b7a8-69d01fd789a3" testId="f741a2d8-337a-654c-ea44-9e1f187188a9" testName="Laya.Core.Tests.Configuration.LayaProfileResolverTests.Resolve_UsesConfiguredProfileBeforeHostDefault" computerName="Frieren" duration="00:00:00.0002699" startTime="2026-09-24T01:48:38.4359158+08:00" endTime="2026-09-24T01:48:38.4360711+08:00" testType="13cdc9d9-ddb5-4fa4-a97d-d965ccfc6d4b" outcome="Passed" testListId="8c84fa94-04c1-424b-9868-57a2d4851a1d" relativeResultsDirectory="0b6f8e4f-8cd3-4dc2-b7a8-69d01fd789a3" />
    <UnitTestResult executionId="c95b1028-f458-45b9-b75a-50bfc88d2d00" testId="b74ccaf3-73a9-2ce9-155f-5ef57434e7a1" testName="Laya.Core.Tests.Evaluation.LayaPhase2RunComparerTests.Compare_MismatchedContract_IsRejected(mismatch: &quot;environment&quot;)" computerName="Frieren" duration="00:00:00.0000709" startTime="2026-09-24T01:48:38.4368052+08:00" endTime="2026-09-24T01:48:38.4368412+08:00" testType="13cdc9d9-ddb5-4fa4-a97d-d965ccfc6d4b" outcome="Passed" testListId="8c84fa94-04c1-424b-9868-57a2d4851a1d" relativeResultsDirectory="c95b1028-f458-45b9-b75a-50bfc88d2d00" />
    <UnitTestResult executionId="7f55659b-ed9a-4824-ba89-07d50c25c23f" testId="0ab55ba8-b622-9b89-5fa6-c55edeeed3e7" testName="Laya.Core.Tests.Evaluation.LayaPhase2RunComparerTests.Compare_MismatchedContract_IsRejected(mismatch: &quot;prompt&quot;)" computerName="Frieren" duration="00:00:00.0008024" startTime="2026-09-24T01:48:38.4360433+08:00" endTime="2026-09-24T01:48:38.4363259+08:00" testType="13cdc9d9-ddb5-4fa4-a97d-d965ccfc6d4b" outcome="Passed" testListId="8c84fa94-04c1-424b-9868-57a2d4851a1d" relativeResultsDirectory="7f55659b-ed9a-4824-ba89-07d50c25c23f" />
    <UnitTestResult executionId="85ff4435-a1a5-40a2-ae8a-f38e262a2dfb" testId="63aeaaae-d5fa-42d7-2eee-ad0b19731764" testName="Laya.Core.Tests.Evaluation.LayaPolicyEvaluatorTests.SelectScenarios_DisablesAutoWhenTargetIsNotMet" computerName="Frieren" duration="00:00:00.0048709" startTime="2026-09-24T01:48:38.4371564+08:00" endTime="2026-09-24T01:48:38.4398135+08:00" testType="13cdc9d9-ddb5-4fa4-a97d-d965ccfc6d4b" outcome="Passed" testListId="8c84fa94-04c1-424b-9868-57a2d4851a1d" relativeResultsDirectory="85ff4435-a1a5-40a2-ae8a-f38e262a2dfb" />
    <UnitTestResult executionId="fbe907e2-1d87-49e0-bc25-35818046ca6f" testId="7429706b-df14-299a-6381-92bdfab5d429" testName="Laya.Core.Tests.Evaluation.LayaPhase2RunComparerTests.Compare_AllowsDifferentModelsAndKeepsCommonSuccesses" computerName="Frieren" duration="00:00:00.0014089" startTime="2026-09-24T01:48:38.4390075+08:00" endTime="2026-09-24T01:48:38.4396671+08:00" testType="13cdc9d9-ddb5-4fa4-a97d-d965ccfc6d4b" outcome="Passed" testListId="8c84fa94-04c1-424b-9868-57a2d4851a1d" relativeResultsDirectory="fbe907e2-1d87-49e0-bc25-35818046ca6f" />
    <UnitTestResult executionId="8df8f439-6a49-4cda-b013-9aec4ba5cdad" testId="eb1a16d3-3615-a9d1-dbaf-2ff92189189a" testName="Laya.Core.Tests.Evaluation.MisclassifiedTransactionWriterTests.Write_EmitsRedactedEightColumnCsv" computerName="Frieren" duration="00:00:00.0057999" startTime="2026-09-24T01:48:38.4301145+08:00" endTime="2026-09-24T01:48:38.4308879+08:00" testType="13cdc9d9-ddb5-4fa4-a97d-d965ccfc6d4b" outcome="Passed" testListId="8c84fa94-04c1-424b-9868-57a2d4851a1d" relativeResultsDirectory="8df8f439-6a49-4cda-b013-9aec4ba5cdad" />
    <UnitTestResult executionId="1c2cb6f0-9fc5-41eb-bb4a-16ec4e2e88fa" testId="f937e294-b2b8-7c76-aae9-605d55a27486" testName="Laya.Core.Tests.Evaluation.Phase2FrozenCandidateValidatorTests.Validate_MismatchedHeldOutSelection_IsRejected" computerName="Frieren" duration="00:00:00.0032229" startTime="2026-09-24T01:48:38.5142345+08:00" endTime="2026-09-24T01:48:38.5173771+08:00" testType="13cdc9d9-ddb5-4fa4-a97d-d965ccfc6d4b" outcome="Passed" testListId="8c84fa94-04c1-424b-9868-57a2d4851a1d" relativeResultsDirectory="1c2cb6f0-9fc5-41eb-bb4a-16ec4e2e88fa" />
    <UnitTestResult executionId="02987012-0745-48c5-91d5-90f01979ee05" testId="ae35ba37-f0fb-1b64-64c6-68ec18ac4506" testName="Laya.Core.Tests.PostProcessing.LayaCalibrationTests.Softmax_IsStableForExtremeFiniteLogits" computerName="Frieren" duration="00:00:00.0052049" startTime="2026-09-24T01:48:38.3622344+08:00" endTime="2026-09-24T01:48:38.3756774+08:00" testType="13cdc9d9-ddb5-4fa4-a97d-d965ccfc6d4b" outcome="Passed" testListId="8c84fa94-04c1-424b-9868-57a2d4851a1d" relativeResultsDirectory="02987012-0745-48c5-91d5-90f01979ee05" />
    <UnitTestResult executionId="29e13fad-2d33-47af-8784-ce30f6578414" testId="2e5836e3-bab2-ade5-5195-350cafad28fc" testName="Laya.Core.Tests.Configuration.LayaProfileResolverTests.Resolve_DerivesIdentityFromNestedV2Manifest" computerName="Frieren" duration="00:00:00.0008212" startTime="2026-09-24T01:48:38.4373225+08:00" endTime="2026-09-24T01:48:38.4376438+08:00" testType="13cdc9d9-ddb5-4fa4-a97d-d965ccfc6d4b" outcome="Passed" testListId="8c84fa94-04c1-424b-9868-57a2d4851a1d" relativeResultsDirectory="29e13fad-2d33-47af-8784-ce30f6578414" />
    <UnitTestResult executionId="f24430cf-a4ee-4eaa-971b-4851a290cb3e" testId="d1febd40-c36c-d980-e99b-af9fb9d9bc49" testName="Laya.Core.Tests.Evaluation.LayaCalibrationAnalyzerTests.Analyze_UsesClosedOpenBucketsAndHandComputableEce" computerName="Frieren" duration="00:00:00.0204025" startTime="2026-09-24T01:48:38.4300493+08:00" endTime="2026-09-24T01:48:38.4346803+08:00" testType="13cdc9d9-ddb5-4fa4-a97d-d965ccfc6d4b" outcome="Passed" testListId="8c84fa94-04c1-424b-9868-57a2d4851a1d" relativeResultsDirectory="f24430cf-a4ee-4eaa-971b-4851a290cb3e" />
    <UnitTestResult executionId="716c58d1-b214-4644-bd02-e30c9a713059" testId="682b5c9c-f4fb-8db2-a4a0-df1d1e024f74" testName="Laya.Core.Tests.Evaluation.Phase2FrozenCandidateValidatorTests.Validate_TamperedPolicyHash_IsRejected" computerName="Frieren" duration="00:00:00.0017351" startTime="2026-09-24T01:48:38.5175991+08:00" endTime="2026-09-24T01:48:38.5192964+08:00" testType="13cdc9d9-ddb5-4fa4-a97d-d965ccfc6d4b" outcome="Passed" testListId="8c84fa94-04c1-424b-9868-57a2d4851a1d" relativeResultsDirectory="716c58d1-b214-4644-bd02-e30c9a713059" />
    <UnitTestResult executionId="6bc49a93-93d1-4f11-8be4-ef3dd0b26c52" testId="7883811d-1533-235e-9f82-ae1abc800254" testName="Laya.Core.Tests.Configuration.LayaProfileResolverTests.Resolve_ResolvesRelativeConfiguredRootAgainstWorkingDirectory" computerName="Frieren" duration="00:00:00.0003800" startTime="2026-09-24T01:48:38.4361606+08:00" endTime="2026-09-24T01:48:38.4361902+08:00" testType="13cdc9d9-ddb5-4fa4-a97d-d965ccfc6d4b" outcome="Passed" testListId="8c84fa94-04c1-424b-9868-57a2d4851a1d" relativeResultsDirectory="6bc49a93-93d1-4f11-8be4-ef3dd0b26c52" />
    <UnitTestResult executionId="b142724b-3d0e-4485-9606-425774208d4e" testId="0eb4719f-4ed7-c6d1-781b-281b9dc9d7e7" testName="Laya.Core.Tests.PostProcessing.LayaCalibrationTests.Softmax_RejectsInvalidTemperature(temperature: 非數值)" computerName="Frieren" duration="00:00:00.0000284" startTime="2026-09-24T01:48:38.4231651+08:00" endTime="2026-09-24T01:48:38.4232092+08:00" testType="13cdc9d9-ddb5-4fa4-a97d-d965ccfc6d4b" outcome="Passed" testListId="8c84fa94-04c1-424b-9868-57a2d4851a1d" relativeResultsDirectory="b142724b-3d0e-4485-9606-425774208d4e" />
    <UnitTestResult executionId="92dd9198-9ab8-4e83-b603-231fb9c06576" testId="1c8dff0b-8bdb-117b-8311-c9c50595362f" testName="Laya.Core.Tests.Serialization.LayaStateSerializerTests.Serialize_RejectsNonFiniteNumbers(value: -∞)" computerName="Frieren" duration="00:00:00.0000342" startTime="2026-09-24T01:48:38.4408370+08:00" endTime="2026-09-24T01:48:38.4408631+08:00" testType="13cdc9d9-ddb5-4fa4-a97d-d965ccfc6d4b" outcome="Passed" testListId="8c84fa94-04c1-424b-9868-57a2d4851a1d" relativeResultsDirectory="92dd9198-9ab8-4e83-b603-231fb9c06576" />
    <UnitTestResult executionId="e6b19876-8481-47e6-ae41-5bc8d55b9c6f" testId="69bde749-d479-2c87-99d0-562394f8bfb7" testName="Laya.Core.Tests.Configuration.LayaOptionsTests.Constructor_StoresResolvedRootAndIdentity" computerName="Frieren" duration="00:00:00.0005860" startTime="2026-09-24T01:48:38.4332745+08:00" endTime="2026-09-24T01:48:38.4333461+08:00" testType="13cdc9d9-ddb5-4fa4-a97d-d965ccfc6d4b" outcome="Passed" testListId="8c84fa94-04c1-424b-9868-57a2d4851a1d" relativeResultsDirectory="e6b19876-8481-47e6-ae41-5bc8d55b9c6f" />
    <UnitTestResult executionId="8ce48bac-6968-4fbb-b0aa-6f33d9a84f40" testId="5f240c42-966f-7fda-6b54-e01c1e2b6ca7" testName="Laya.Core.Tests.Configuration.LayaProfileResolverTests.Resolve_RejectsInvalidProfile(profile: &quot;unknown&quot;, configuredProfile: null)" computerName="Frieren" duration="00:00:00.0009842" startTime="2026-09-24T01:48:38.4314379+08:00" endTime="2026-09-24T01:48:38.4314674+08:00" testType="13cdc9d9-ddb5-4fa4-a97d-d965ccfc6d4b" outcome="Passed" testListId="8c84fa94-04c1-424b-9868-57a2d4851a1d" relativeResultsDirectory="8ce48bac-6968-4fbb-b0aa-6f33d9a84f40" />
    <UnitTestResult executionId="32caba35-2f2b-456c-8828-d8b09e1b5b31" testId="29b3ac31-720d-caad-df3a-daadc0fdd8f8" testName="Laya.Core.Tests.Evaluation.LayaPolicyEvaluatorTests.Classify_UsesExplicitPolicyAndRequiresBothAutoThresholds" computerName="Frieren" duration="00:00:00.0016420" startTime="2026-09-24T01:48:38.4407458+08:00" endTime="2026-09-24T01:48:38.4417404+08:00" testType="13cdc9d9-ddb5-4fa4-a97d-d965ccfc6d4b" outcome="Passed" testListId="8c84fa94-04c1-424b-9868-57a2d4851a1d" relativeResultsDirectory="32caba35-2f2b-456c-8828-d8b09e1b5b31" />
    <UnitTestResult executionId="428e0575-bd8c-4f39-8e15-496a5e83c19e" testId="e496713b-5113-b43c-c5e2-e05c8650dfe0" testName="Laya.Core.Tests.Configuration.LayaModelConfigTests.GetTemperature_RejectsUnknownQuestionType" computerName="Frieren" duration="00:00:00.0018287" startTime="2026-09-24T01:48:38.4397845+08:00" endTime="2026-09-24T01:48:38.4410030+08:00" testType="13cdc9d9-ddb5-4fa4-a97d-d965ccfc6d4b" outcome="Passed" testListId="8c84fa94-04c1-424b-9868-57a2d4851a1d" relativeResultsDirectory="428e0575-bd8c-4f39-8e15-496a5e83c19e" />
    <UnitTestResult executionId="dd3a7841-80f1-487b-b6db-59a62914cd20" testId="83984e42-069b-0633-a886-ad7e333ad833" testName="Laya.Core.Tests.Configuration.LayaProfileResolverTests.Resolve_RejectsExistingMultilingualRootWithoutManifest" computerName="Frieren" duration="00:00:00.0006011" startTime="2026-09-24T01:48:38.4392798+08:00" endTime="2026-09-24T01:48:38.4393254+08:00" testType="13cdc9d9-ddb5-4fa4-a97d-d965ccfc6d4b" outcome="Passed" testListId="8c84fa94-04c1-424b-9868-57a2d4851a1d" relativeResultsDirectory="dd3a7841-80f1-487b-b6db-59a62914cd20" />
    <UnitTestResult executionId="936ae770-0a14-418c-baea-cec3eac8ca53" testId="60bff501-077b-9736-aa74-d32bd927d28a" testName="Laya.Core.Tests.Configuration.LayaProfileResolverTests.Resolve_FollowsVerifiedMultilingualCurrentPointer" computerName="Frieren" duration="00:00:00.0176673" startTime="2026-09-24T01:48:38.4316418+08:00" endTime="2026-09-24T01:48:38.4357570+08:00" testType="13cdc9d9-ddb5-4fa4-a97d-d965ccfc6d4b" outcome="Passed" testListId="8c84fa94-04c1-424b-9868-57a2d4851a1d" relativeResultsDirectory="936ae770-0a14-418c-baea-cec3eac8ca53" />
    <UnitTestResult executionId="8a57c2af-93e1-4d52-960c-f6cc6c57dda8" testId="35af24f0-fdec-0311-f988-ec181b7c8ec5" testName="Laya.Core.Tests.PostProcessing.LayaCalibrationTests.Softmax_RejectsInvalidTemperature(temperature: -1)" computerName="Frieren" duration="00:00:00.0006562" startTime="2026-09-24T01:48:38.4224568+08:00" endTime="2026-09-24T01:48:38.4228712+08:00" testType="13cdc9d9-ddb5-4fa4-a97d-d965ccfc6d4b" outcome="Passed" testListId="8c84fa94-04c1-424b-9868-57a2d4851a1d" relativeResultsDirectory="8a57c2af-93e1-4d52-960c-f6cc6c57dda8" />
    <UnitTestResult executionId="50d8eaad-3ce6-4240-968c-45cd74b716cf" testId="721ed0e1-a460-ed90-5e80-849ecd227c32" testName="Laya.Core.Tests.Evaluation.Phase2ReportWriterTests.WriteRun_WithFailure_PersistsIncompleteFullInputDenominator" computerName="Frieren" duration="00:00:00.0028608" startTime="2026-09-24T01:48:38.4817745+08:00" endTime="2026-09-24T01:48:38.4846576+08:00" testType="13cdc9d9-ddb5-4fa4-a97d-d965ccfc6d4b" outcome="Passed" testListId="8c84fa94-04c1-424b-9868-57a2d4851a1d" relativeResultsDirectory="50d8eaad-3ce6-4240-968c-45cd74b716cf" />
    <UnitTestResult executionId="cc5ae399-9edb-4089-98ff-ef4f73658f4e" testId="8427ac69-13e6-b60b-a571-e3ffea2e4051" testName="Laya.Core.Tests.Evaluation.LayaPhase2MetricsTests.Calculate_UsesFixedLabelSetForMacroF1AndTransferShare" computerName="Frieren" duration="00:00:00.0224441" startTime="2026-09-24T01:48:38.4236950+08:00" endTime="2026-09-24T01:48:38.4344307+08:00" testType="13cdc9d9-ddb5-4fa4-a97d-d965ccfc6d4b" outcome="Passed" testListId="8c84fa94-04c1-424b-9868-57a2d4851a1d" relativeResultsDirectory="cc5ae399-9edb-4089-98ff-ef4f73658f4e" />
    <UnitTestResult executionId="f1468093-648c-4ad9-929a-8cc2a4e6edb1" testId="560fdb82-d999-7407-aace-3aa04be69bbb" testName="Laya.Core.Tests.PostProcessing.LayaCalibrationTests.Softmax_ReturnsNormalizedDistribution" computerName="Frieren" duration="00:00:00.0023040" startTime="2026-09-24T01:48:38.4268462+08:00" endTime="2026-09-24T01:48:38.4298903+08:00" testType="13cdc9d9-ddb5-4fa4-a97d-d965ccfc6d4b" outcome="Passed" testListId="8c84fa94-04c1-424b-9868-57a2d4851a1d" relativeResultsDirectory="f1468093-648c-4ad9-929a-8cc2a4e6edb1" />
    <UnitTestResult executionId="b2aae23a-328d-4339-a11e-91b5064df1c2" testId="f76dde54-b1c1-4b55-6051-71752aba5a2a" testName="Laya.Core.Tests.Evaluation.LayaConfidencePolicyTests.Classify_UsesDocumentedBoundaries(probability: 0.90000000000000002, margin: 0.19, expected: Review)" computerName="Frieren" duration="00:00:00.0000076" startTime="2026-09-24T01:48:38.4339524+08:00" endTime="2026-09-24T01:48:38.4339978+08:00" testType="13cdc9d9-ddb5-4fa4-a97d-d965ccfc6d4b" outcome="Passed" testListId="8c84fa94-04c1-424b-9868-57a2d4851a1d" relativeResultsDirectory="b2aae23a-328d-4339-a11e-91b5064df1c2" />
    <UnitTestResult executionId="867c9f2b-7ea1-45b6-9cbe-d961dbfc4e07" testId="bf9d5322-648a-7b7d-41e3-8346bbec88a6" testName="Laya.Core.Tests.Evaluation.LayaGate3AssessmentTests.Decide_ReturnsFailWhenEvidenceCannotSupportIntegration" computerName="Frieren" duration="00:00:00.0005471" startTime="2026-09-24T01:48:38.4423563+08:00" endTime="2026-09-24T01:48:38.4423829+08:00" testType="13cdc9d9-ddb5-4fa4-a97d-d965ccfc6d4b" outcome="Passed" testListId="8c84fa94-04c1-424b-9868-57a2d4851a1d" relativeResultsDirectory="867c9f2b-7ea1-45b6-9cbe-d961dbfc4e07" />
    <UnitTestResult executionId="9de0d2ec-ac1f-4ed0-9453-02e426c82a08" testId="c9d3788f-0c97-6a68-18c7-0ea0f43edb65" testName="Laya.Core.Tests.Configuration.LayaProfileResolverTests.Resolve_UsesExplicitRootBeforeOtherSources" computerName="Frieren" duration="00:00:00.0002486" startTime="2026-09-24T01:48:38.4394361+08:00" endTime="2026-09-24T01:48:38.4394798+08:00" testType="13cdc9d9-ddb5-4fa4-a97d-d965ccfc6d4b" outcome="Passed" testListId="8c84fa94-04c1-424b-9868-57a2d4851a1d" relativeResultsDirectory="9de0d2ec-ac1f-4ed0-9453-02e426c82a08" />
    <UnitTestResult executionId="fdac86fb-0ead-4967-bd62-6877b1446023" testId="9cd5f8da-28ad-2b2a-7e3a-b9e8917bf925" testName="Laya.Core.Tests.Evaluation.LayaConfidencePolicyTests.Classify_UsesDocumentedBoundaries(probability: 0.84999999999999998, margin: 0.20000000000000001, expected: Auto)" computerName="Frieren" duration="00:00:00.0003750" startTime="2026-09-24T01:48:38.4337805+08:00" endTime="2026-09-24T01:48:38.4338581+08:00" testType="13cdc9d9-ddb5-4fa4-a97d-d965ccfc6d4b" outcome="Passed" testListId="8c84fa94-04c1-424b-9868-57a2d4851a1d" relativeResultsDirectory="fdac86fb-0ead-4967-bd62-6877b1446023" />
    <UnitTestResult executionId="d70cdb19-e653-47c5-99ca-e7343e847c84" testId="39080e42-27e3-51b2-323e-addc884d80ef" testName="Laya.Core.Tests.Evaluation.LayaPhase2MetricsTests.Calculate_ReportsSuccessAndFullInputAccuracySeparately" computerName="Frieren" duration="00:00:00.0042478" startTime="2026-09-24T01:48:38.4359636+08:00" endTime="2026-09-24T01:48:38.4373732+08:00" testType="13cdc9d9-ddb5-4fa4-a97d-d965ccfc6d4b" outcome="Passed" testListId="8c84fa94-04c1-424b-9868-57a2d4851a1d" relativeResultsDirectory="d70cdb19-e653-47c5-99ca-e7343e847c84" />
    <UnitTestResult executionId="0da5d299-bfcc-4fec-9d80-9d6d0a2595a3" testId="7f2ac123-a212-8890-1180-b177849892ae" testName="Laya.Core.Tests.Configuration.LayaModelConfigTests.GetTemperature_AllowsEmptyOptionCalibrationWithFallbacks" computerName="Frieren" duration="00:00:00.0006740" startTime="2026-09-24T01:48:38.4410878+08:00" endTime="2026-09-24T01:48:38.4412504+08:00" testType="13cdc9d9-ddb5-4fa4-a97d-d965ccfc6d4b" outcome="Passed" testListId="8c84fa94-04c1-424b-9868-57a2d4851a1d" relativeResultsDirectory="0da5d299-bfcc-4fec-9d80-9d6d0a2595a3" />
    <UnitTestResult executionId="0dd90bde-b132-412c-ab89-5bb55c0e4d79" testId="89d27819-eb28-5c0a-6bbb-c794a255ec9e" testName="Laya.Core.Tests.PostProcessing.LayaCalibrationTests.Softmax_RejectsInvalidTemperature(temperature: 0)" computerName="Frieren" duration="00:00:00.0003235" startTime="2026-09-24T01:48:38.4229955+08:00" endTime="2026-09-24T01:48:38.4230470+08:00" testType="13cdc9d9-ddb5-4fa4-a97d-d965ccfc6d4b" outcome="Passed" testListId="8c84fa94-04c1-424b-9868-57a2d4851a1d" relativeResultsDirectory="0dd90bde-b132-412c-ab89-5bb55c0e4d79" />
    <UnitTestResult executionId="f80b3c7f-49c6-43bb-b9d0-8332889124f3" testId="3c1ff89b-8d36-49cf-9da4-94e679d4b356" testName="Laya.Core.Tests.Serialization.LayaStateSerializerTests.Serialize_ObjectMatchesReferenceJsonStyle" computerName="Frieren" duration="00:00:00.0003827" startTime="2026-09-24T01:48:38.4419334+08:00" endTime="2026-09-24T01:48:38.4419669+08:00" testType="13cdc9d9-ddb5-4fa4-a97d-d965ccfc6d4b" outcome="Passed" testListId="8c84fa94-04c1-424b-9868-57a2d4851a1d" relativeResultsDirectory="f80b3c7f-49c6-43bb-b9d0-8332889124f3" />
    <UnitTestResult executionId="17a389f3-e82d-4382-ab58-053532076387" testId="a9b13a74-2262-2274-8fd1-edb6edd2b8e9" testName="Laya.Core.Tests.PostProcessing.LayaPostProcessorTests.Process_MapsChoiceProbabilitiesInOptionOrder" computerName="Frieren" duration="00:00:00.1672799" startTime="2026-09-24T01:48:38.3622496+08:00" endTime="2026-09-24T01:48:38.5346199+08:00" testType="13cdc9d9-ddb5-4fa4-a97d-d965ccfc6d4b" outcome="Passed" testListId="8c84fa94-04c1-424b-9868-57a2d4851a1d" relativeResultsDirectory="17a389f3-e82d-4382-ab58-053532076387" />
    <UnitTestResult executionId="320911ac-3405-42fd-8628-3decc8dd53c2" testId="63352fb3-766f-4047-3170-f13c2821f23c" testName="Laya.Core.Tests.Parity.LayaParityToleranceTests.Validate_RequiresInvestigationForExplicitRelaxation" computerName="Frieren" duration="00:00:00.0006424" startTime="2026-09-24T01:48:38.4298615+08:00" endTime="2026-09-24T01:48:38.4299563+08:00" testType="13cdc9d9-ddb5-4fa4-a97d-d965ccfc6d4b" outcome="Passed" testListId="8c84fa94-04c1-424b-9868-57a2d4851a1d" relativeResultsDirectory="320911ac-3405-42fd-8628-3decc8dd53c2" />
    <UnitTestResult executionId="0cdd4942-002d-40ff-af14-ffd5c45b03b3" testId="7253decf-b393-d62d-07dd-bdeacbe0c967" testName="Laya.Core.Tests.Parity.LayaParityToleranceTests.CompareProbability_RejectsNonFiniteValues(actual: -∞)" computerName="Frieren" duration="00:00:00.0007143" startTime="2026-09-24T01:48:38.4291200+08:00" endTime="2026-09-24T01:48:38.4294024+08:00" testType="13cdc9d9-ddb5-4fa4-a97d-d965ccfc6d4b" outcome="Passed" testListId="8c84fa94-04c1-424b-9868-57a2d4851a1d" relativeResultsDirectory="0cdd4942-002d-40ff-af14-ffd5c45b03b3" />
    <UnitTestResult executionId="a56b8981-d814-439f-8829-fe7dd6a67e4c" testId="3625730f-ff79-0abf-6c56-e32b3721e905" testName="Laya.Core.Tests.Serialization.LayaStateSerializerTests.Serialize_NumbersUseInvariantCulture" computerName="Frieren" duration="00:00:00.0009165" startTime="2026-09-24T01:48:38.4412247+08:00" endTime="2026-09-24T01:48:38.4418734+08:00" testType="13cdc9d9-ddb5-4fa4-a97d-d965ccfc6d4b" outcome="Passed" testListId="8c84fa94-04c1-424b-9868-57a2d4851a1d" relativeResultsDirectory="a56b8981-d814-439f-8829-fe7dd6a67e4c" />
    <UnitTestResult executionId="9240fbfd-6a7f-4544-9630-1843e1d600d2" testId="77a60c11-eb59-55d7-9ff4-6e48f38caf02" testName="Laya.Core.Tests.Configuration.LayaProfileResolverTests.Resolve_RejectsMismatchedRootManifestIdentity" computerName="Frieren" duration="00:00:00.0046123" startTime="2026-09-24T01:48:38.4308384+08:00" endTime="2026-09-24T01:48:38.4310858+08:00" testType="13cdc9d9-ddb5-4fa4-a97d-d965ccfc6d4b" outcome="Passed" testListId="8c84fa94-04c1-424b-9868-57a2d4851a1d" relativeResultsDirectory="9240fbfd-6a7f-4544-9630-1843e1d600d2" />
    <UnitTestResult executionId="2400bb21-2c3f-44fd-bade-b1a15d2c32b3" testId="8c1c0123-197b-b1a2-9728-4f4406314d9f" testName="Laya.Core.Tests.Evaluation.LayaPhase2MetricsTests.Calculate_RejectsIncompleteDistribution" computerName="Frieren" duration="00:00:00.0116320" startTime="2026-09-24T01:48:38.3622040+08:00" endTime="2026-09-24T01:48:38.4235584+08:00" testType="13cdc9d9-ddb5-4fa4-a97d-d965ccfc6d4b" outcome="Passed" testListId="8c84fa94-04c1-424b-9868-57a2d4851a1d" relativeResultsDirectory="2400bb21-2c3f-44fd-bade-b1a15d2c32b3" />
    <UnitTestResult executionId="00fdc8c5-ba51-44b3-8937-bc64087a8b22" testId="2f97a60d-87bd-9eba-268d-e2c3e2febdf4" testName="Laya.Core.Tests.Evaluation.LayaTransactionRequestFactoryTests.CreateRequest_AllowsOnlyBoundedPromptVariants" computerName="Frieren" duration="00:00:00.0022526" startTime="2026-09-24T01:48:38.4313223+08:00" endTime="2026-09-24T01:48:38.4316699+08:00" testType="13cdc9d9-ddb5-4fa4-a97d-d965ccfc6d4b" outcome="Passed" testListId="8c84fa94-04c1-424b-9868-57a2d4851a1d" relativeResultsDirectory="00fdc8c5-ba51-44b3-8937-bc64087a8b22" />
    <UnitTestResult executionId="ffa6ee2b-999c-421d-bca2-49be67e9ae8b" testId="7a50c48f-89d3-aacc-9004-321d896236ec" testName="Laya.Core.Tests.PostProcessing.LayaCalibrationTests.Softmax_EqualLogitsAreUniform" computerName="Frieren" duration="00:00:00.0015453" startTime="2026-09-24T01:48:38.4235065+08:00" endTime="2026-09-24T01:48:38.4254592+08:00" testType="13cdc9d9-ddb5-4fa4-a97d-d965ccfc6d4b" outcome="Passed" testListId="8c84fa94-04c1-424b-9868-57a2d4851a1d" relativeResultsDirectory="ffa6ee2b-999c-421d-bca2-49be67e9ae8b" />
    <UnitTestResult executionId="471d486f-bc38-42d5-9aa2-ad99747eb66a" testId="d9578438-6519-9dd9-4973-ffb473cf88e4" testName="Laya.Core.Tests.Models.LayaDomainModelTests.QuestionType_UsesReferenceValues" computerName="Frieren" duration="00:00:00.0001596" startTime="2026-09-24T01:48:38.3987828+08:00" endTime="2026-09-24T01:48:38.4225429+08:00" testType="13cdc9d9-ddb5-4fa4-a97d-d965ccfc6d4b" outcome="Passed" testListId="8c84fa94-04c1-424b-9868-57a2d4851a1d" relativeResultsDirectory="471d486f-bc38-42d5-9aa2-ad99747eb66a" />
    <UnitTestResult executionId="bed64552-6a3b-4220-8711-ec5fbbfa72cc" testId="5073e2ac-4ab2-6733-872f-097e0477e23b" testName="Laya.Core.Tests.Serialization.LayaStateSerializerTests.Serialize_StringReturnsOriginalText" computerName="Frieren" duration="00:00:00.0000933" startTime="2026-09-24T01:48:38.4410999+08:00" endTime="2026-09-24T01:48:38.4411615+08:00" testType="13cdc9d9-ddb5-4fa4-a97d-d965ccfc6d4b" outcome="Passed" testListId="8c84fa94-04c1-424b-9868-57a2d4851a1d" relativeResultsDirectory="bed64552-6a3b-4220-8711-ec5fbbfa72cc" />
    <UnitTestResult executionId="c943eab4-2335-4cd4-99b2-8bc585492dc5" testId="bf8de1ec-04b6-1fc0-bc2c-01aff8c9fcdc" testName="Laya.Core.Tests.Configuration.LayaProfileResolverTests.Resolve_UsesEnglishHostDefault" computerName="Frieren" duration="00:00:00.0003351" startTime="2026-09-24T01:48:38.4378199+08:00" endTime="2026-09-24T01:48:38.4390768+08:00" testType="13cdc9d9-ddb5-4fa4-a97d-d965ccfc6d4b" outcome="Passed" testListId="8c84fa94-04c1-424b-9868-57a2d4851a1d" relativeResultsDirectory="c943eab4-2335-4cd4-99b2-8bc585492dc5" />
    <UnitTestResult executionId="6a2f7821-2ff9-4a48-8e26-07fe88a06a18" testId="1211b0ea-e85f-18df-b362-5e9d7974abd6" testName="Laya.Core.Tests.Serialization.LayaStateSerializerTests.Serialize_RejectsNonFiniteNumbers(value: ∞)" computerName="Frieren" duration="00:00:00.0003800" startTime="2026-09-24T01:48:38.4406157+08:00" endTime="2026-09-24T01:48:38.4407722+08:00" testType="13cdc9d9-ddb5-4fa4-a97d-d965ccfc6d4b" outcome="Passed" testListId="8c84fa94-04c1-424b-9868-57a2d4851a1d" relativeResultsDirectory="6a2f7821-2ff9-4a48-8e26-07fe88a06a18" />
    <UnitTestResult executionId="26aca412-8222-4d13-b000-3727fe18fd54" testId="877d1220-7b45-7886-2478-8fe290b5c07e" testName="Laya.Core.Tests.Configuration.LayaProfileResolverTests.Resolve_RejectsInvalidProfile(profile: &quot;&quot;, configuredProfile: null)" computerName="Frieren" duration="00:00:00.0005694" startTime="2026-09-24T01:48:38.4311907+08:00" endTime="2026-09-24T01:48:38.4313519+08:00" testType="13cdc9d9-ddb5-4fa4-a97d-d965ccfc6d4b" outcome="Passed" testListId="8c84fa94-04c1-424b-9868-57a2d4851a1d" relativeResultsDirectory="26aca412-8222-4d13-b000-3727fe18fd54" />
    <UnitTestResult executionId="14b3953c-5f14-4b36-abc7-529ff7e3ef33" testId="5cd56f3c-9f48-cd5a-9e00-728f31a273ce" testName="Laya.Core.Tests.Evaluation.LayaNoulAnalyzerTests.Analyze_ReturnsNaForEmptyBuckets" computerName="Frieren" duration="00:00:00.0010610" startTime="2026-09-24T01:48:38.4420496+08:00" endTime="2026-09-24T01:48:38.4420756+08:00" testType="13cdc9d9-ddb5-4fa4-a97d-d965ccfc6d4b" outcome="Passed" testListId="8c84fa94-04c1-424b-9868-57a2d4851a1d" relativeResultsDirectory="14b3953c-5f14-4b36-abc7-529ff7e3ef33" />
    <UnitTestResult executionId="faab0239-6e9c-497f-aaa8-8a5d4c9ad75b" testId="010f16f4-acc3-163a-6ab1-f62bc8f0c769" testName="Laya.Core.Tests.Evaluation.LayaConfidencePolicyTests.Classify_UsesDocumentedBoundaries(probability: 0.59999999999999998, margin: 0.90000000000000002, expected: Suggest)" computerName="Frieren" duration="00:00:00.0043888" startTime="2026-09-24T01:48:38.4336025+08:00" endTime="2026-09-24T01:48:38.4336534+08:00" testType="13cdc9d9-ddb5-4fa4-a97d-d965ccfc6d4b" outcome="Passed" testListId="8c84fa94-04c1-424b-9868-57a2d4851a1d" relativeResultsDirectory="faab0239-6e9c-497f-aaa8-8a5d4c9ad75b" />
    <UnitTestResult executionId="38454cd8-deb3-4399-a8d3-811a7adcfe71" testId="26979fc2-a61b-8d02-00e8-cc23ca3321f2" testName="Laya.Core.Tests.Serialization.LayaStateSerializerTests.Serialize_RejectsCycles" computerName="Frieren" duration="00:00:00.0005873" startTime="2026-09-24T01:48:38.4396377+08:00" endTime="2026-09-24T01:48:38.4399074+08:00" testType="13cdc9d9-ddb5-4fa4-a97d-d965ccfc6d4b" outcome="Passed" testListId="8c84fa94-04c1-424b-9868-57a2d4851a1d" relativeResultsDirectory="38454cd8-deb3-4399-a8d3-811a7adcfe71" />
    <UnitTestResult executionId="eab2282f-1a2d-4ad9-9e4f-e0a60b4f40b8" testId="eeed1600-2cd4-3eeb-4b6f-996ec7dc8f79" testName="Laya.Core.Tests.Models.LayaDomainModelTests.Request_PreservesQuestionOrder" computerName="Frieren" duration="00:00:00.0069233" startTime="2026-09-24T01:48:38.3622209+08:00" endTime="2026-09-24T01:48:38.3838964+08:00" testType="13cdc9d9-ddb5-4fa4-a97d-d965ccfc6d4b" outcome="Passed" testListId="8c84fa94-04c1-424b-9868-57a2d4851a1d" relativeResultsDirectory="eab2282f-1a2d-4ad9-9e4f-e0a60b4f40b8" />
    <UnitTestResult executionId="9aa42f97-5cd2-4381-aca5-8aed7725997f" testId="d765ecb7-a63a-b595-4998-75bdaea78c02" testName="Laya.Core.Tests.Inference.LayaExceptionTests.Exceptions_ExposeSafeStructuredDiagnostics" computerName="Frieren" duration="00:00:00.0094609" startTime="2026-09-24T01:48:38.3610783+08:00" endTime="2026-09-24T01:48:38.3986805+08:00" testType="13cdc9d9-ddb5-4fa4-a97d-d965ccfc6d4b" outcome="Passed" testListId="8c84fa94-04c1-424b-9868-57a2d4851a1d" relativeResultsDirectory="9aa42f97-5cd2-4381-aca5-8aed7725997f" />
    <UnitTestResult executionId="6425d8d4-bbe7-4206-9233-2abd90cdcfb2" testId="b54e6c8f-b2b9-a209-0997-302277324d37" testName="Laya.Core.Tests.Serialization.LayaStateSerializerTests.Serialize_RejectsNonFiniteNumbers(value: 非數值)" computerName="Frieren" duration="00:00:00.0004120" startTime="2026-09-24T01:48:38.4399969+08:00" endTime="2026-09-24T01:48:38.4400245+08:00" testType="13cdc9d9-ddb5-4fa4-a97d-d965ccfc6d4b" outcome="Passed" testListId="8c84fa94-04c1-424b-9868-57a2d4851a1d" relativeResultsDirectory="6425d8d4-bbe7-4206-9233-2abd90cdcfb2" />
    <UnitTestResult executionId="820ca400-77df-430b-ba4c-6c7d5b27e5d8" testId="5d8bf1ea-f96f-5452-82be-f82920781ec5" testName="Laya.Core.Tests.Configuration.LayaProfileResolverTests.Resolve_UsesCliProfileBeforeConfiguredProfile" computerName="Frieren" duration="00:00:00.0038508" startTime="2026-09-24T01:48:38.4293648+08:00" endTime="2026-09-24T01:48:38.4301590+08:00" testType="13cdc9d9-ddb5-4fa4-a97d-d965ccfc6d4b" outcome="Passed" testListId="8c84fa94-04c1-424b-9868-57a2d4851a1d" relativeResultsDirectory="820ca400-77df-430b-ba4c-6c7d5b27e5d8" />
    <UnitTestResult executionId="3a680640-4400-493a-a111-8c019af9ba85" testId="a982a7f3-557e-7a55-6f49-6e8a03da6bf8" testName="Laya.Core.Tests.Evaluation.LayaNoulAnalyzerTests.Analyze_ReportsFiveBucketsAndCorrectWrongMeans" computerName="Frieren" duration="00:00:00.0005934" startTime="2026-09-24T01:48:38.4421479+08:00" endTime="2026-09-24T01:48:38.4421739+08:00" testType="13cdc9d9-ddb5-4fa4-a97d-d965ccfc6d4b" outcome="Passed" testListId="8c84fa94-04c1-424b-9868-57a2d4851a1d" relativeResultsDirectory="3a680640-4400-493a-a111-8c019af9ba85" />
    <UnitTestResult executionId="b07519cb-b850-445b-a56f-0ee73a851723" testId="509eb290-b2f9-f7e8-4dda-f2c728014b4b" testName="Laya.Core.Tests.Evaluation.LayaPhase2MetricsTests.Calculate_AllFailuresReturnsNaForSuccessMetrics" computerName="Frieren" duration="00:00:00.0058105" startTime="2026-09-24T01:48:38.4346486+08:00" endTime="2026-09-24T01:48:38.4358549+08:00" testType="13cdc9d9-ddb5-4fa4-a97d-d965ccfc6d4b" outcome="Passed" testListId="8c84fa94-04c1-424b-9868-57a2d4851a1d" relativeResultsDirectory="b07519cb-b850-445b-a56f-0ee73a851723" />
    <UnitTestResult executionId="d0dd2fbd-f053-4719-a9ff-3c6021146381" testId="e5375872-944b-99e5-0ac3-f53e57498348" testName="Laya.Core.Tests.Evaluation.LayaCalibrationAnalyzerTests.Analyze_ReturnsNaForEmptyInput" computerName="Frieren" duration="00:00:00.0025653" startTime="2026-09-24T01:48:38.4357190+08:00" endTime="2026-09-24T01:48:38.4370009+08:00" testType="13cdc9d9-ddb5-4fa4-a97d-d965ccfc6d4b" outcome="Passed" testListId="8c84fa94-04c1-424b-9868-57a2d4851a1d" relativeResultsDirectory="d0dd2fbd-f053-4719-a9ff-3c6021146381" />
    <UnitTestResult executionId="c0184bca-6299-4f47-960f-51131d5fea66" testId="a5dc8673-0fb2-0a09-bd3d-45dc5791632a" testName="Laya.Core.Tests.Configuration.LayaModelConfigTests.GetTemperature_UsesReferenceCardinalityBuckets" computerName="Frieren" duration="00:00:00.0152382" startTime="2026-09-24T01:48:38.4417106+08:00" endTime="2026-09-24T01:48:38.4425520+08:00" testType="13cdc9d9-ddb5-4fa4-a97d-d965ccfc6d4b" outcome="Passed" testListId="8c84fa94-04c1-424b-9868-57a2d4851a1d" relativeResultsDirectory="c0184bca-6299-4f47-960f-51131d5fea66" />
    <UnitTestResult executionId="f2f12133-eba3-4ad1-bf81-77da912e8976" testId="13dfeb7e-0905-5d9c-8c6e-94594caaf9a4" testName="Laya.Core.Tests.Evaluation.LayaPhase2RunComparerTests.Compare_SuccessOutsideSelectedIds_IsRejected" computerName="Frieren" duration="00:00:00.0039384" startTime="2026-09-24T01:48:38.4369616+08:00" endTime="2026-09-24T01:48:38.4378749+08:00" testType="13cdc9d9-ddb5-4fa4-a97d-d965ccfc6d4b" outcome="Passed" testListId="8c84fa94-04c1-424b-9868-57a2d4851a1d" relativeResultsDirectory="f2f12133-eba3-4ad1-bf81-77da912e8976" />
    <UnitTestResult executionId="17da394a-0a1d-43cc-9f58-7342378832bd" testId="7b14ff67-d06c-8f02-21c9-4b831a50d396" testName="Laya.Core.Tests.Parity.LayaParityToleranceTests.CompareProbability_RejectsNumericMismatchDespiteSameAnswer" computerName="Frieren" duration="00:00:00.0004929" startTime="2026-09-24T01:48:38.4297696+08:00" endTime="2026-09-24T01:48:38.4297991+08:00" testType="13cdc9d9-ddb5-4fa4-a97d-d965ccfc6d4b" outcome="Passed" testListId="8c84fa94-04c1-424b-9868-57a2d4851a1d" relativeResultsDirectory="17da394a-0a1d-43cc-9f58-7342378832bd" />
    <UnitTestResult executionId="2ac850c2-6a6f-4152-a5e7-a0468f07eca7" testId="d238a054-04c5-92ab-a6de-64287417e6a0" testName="Laya.Core.Tests.Configuration.LayaProfileResolverTests.Resolve_RejectsInvalidProfile(profile: null, configuredProfile: &quot;&quot;)" computerName="Frieren" duration="00:00:00.0001243" startTime="2026-09-24T01:48:38.4315183+08:00" endTime="2026-09-24T01:48:38.4315508+08:00" testType="13cdc9d9-ddb5-4fa4-a97d-d965ccfc6d4b" outcome="Passed" testListId="8c84fa94-04c1-424b-9868-57a2d4851a1d" relativeResultsDirectory="2ac850c2-6a6f-4152-a5e7-a0468f07eca7" />
    <UnitTestResult executionId="74a4e229-7599-4cd7-ae38-adc23d881b10" testId="e26c0407-df1d-2658-2516-8ba215ea9859" testName="Laya.Core.Tests.Evaluation.Phase2DatasetManifestTests.Manifest_MatchesRepositoryDatasetAndHasUniqueGroupSplit" computerName="Frieren" duration="00:00:00.0113530" startTime="2026-09-24T01:48:38.4375755+08:00" endTime="2026-09-24T01:48:38.4422298+08:00" testType="13cdc9d9-ddb5-4fa4-a97d-d965ccfc6d4b" outcome="Passed" testListId="8c84fa94-04c1-424b-9868-57a2d4851a1d" relativeResultsDirectory="74a4e229-7599-4cd7-ae38-adc23d881b10" />
    <UnitTestResult executionId="ae6ac7db-6f0c-4579-be2f-13d341721cca" testId="c4be771a-6fef-c57c-dd25-ee51fad7f1d9" testName="Laya.Core.Tests.Parity.LayaParityToleranceTests.CompareProbability_RejectsNonFiniteValues(actual: ∞)" computerName="Frieren" duration="00:00:00.0002344" startTime="2026-09-24T01:48:38.4295650+08:00" endTime="2026-09-24T01:48:38.4295954+08:00" testType="13cdc9d9-ddb5-4fa4-a97d-d965ccfc6d4b" outcome="Passed" testListId="8c84fa94-04c1-424b-9868-57a2d4851a1d" relativeResultsDirectory="ae6ac7db-6f0c-4579-be2f-13d341721cca" />
    <UnitTestResult executionId="cbe7c3d3-f985-4fcb-ad0a-461d9ee765bd" testId="22c887c8-f2b3-52d6-ad8f-9fdd08cfdd1f" testName="Laya.Core.Tests.PostProcessing.LayaCalibrationTests.Softmax_RejectsNonFiniteLogit" computerName="Frieren" duration="00:00:00.0004580" startTime="2026-09-24T01:48:38.4233352+08:00" endTime="2026-09-24T01:48:38.4233772+08:00" testType="13cdc9d9-ddb5-4fa4-a97d-d965ccfc6d4b" outcome="Passed" testListId="8c84fa94-04c1-424b-9868-57a2d4851a1d" relativeResultsDirectory="cbe7c3d3-f985-4fcb-ad0a-461d9ee765bd" />
    <UnitTestResult executionId="ca107f3a-a684-4aca-a6cb-6610c19e5c9f" testId="7a552f15-70cd-4a0c-5ae9-6c31065018ec" testName="Laya.Core.Tests.Evaluation.LayaPolicyEvaluatorTests.EvaluateGrid_ProducesAllThresholdPairsAndUsesAndCondition" computerName="Frieren" duration="00:00:00.0008070" startTime="2026-09-24T01:48:38.4398835+08:00" endTime="2026-09-24T01:48:38.4406568+08:00" testType="13cdc9d9-ddb5-4fa4-a97d-d965ccfc6d4b" outcome="Passed" testListId="8c84fa94-04c1-424b-9868-57a2d4851a1d" relativeResultsDirectory="ca107f3a-a684-4aca-a6cb-6610c19e5c9f" />
    <UnitTestResult executionId="be892d20-3366-44ce-b54f-60582d84c072" testId="e5311441-621b-1d15-b712-0e3642674e08" testName="Laya.Core.Tests.Configuration.LayaProfileResolverTests.Resolve_RejectsNestedCheckpointRevisionMismatch" computerName="Frieren" duration="00:00:00.0031934" startTime="2026-09-24T01:48:38.4362973+08:00" endTime="2026-09-24T01:48:38.4372031+08:00" testType="13cdc9d9-ddb5-4fa4-a97d-d965ccfc6d4b" outcome="Passed" testListId="8c84fa94-04c1-424b-9868-57a2d4851a1d" relativeResultsDirectory="be892d20-3366-44ce-b54f-60582d84c072" />
    <UnitTestResult executionId="f02df546-b01f-47e7-8a54-6dcf3e6f4840" testId="4a3ae34e-3f38-1aa8-57a8-99156a8c8cad" testName="Laya.Core.Tests.Evaluation.LayaPhase2MetricsTests.Calculate_ReportsTopKWithStableRanking" computerName="Frieren" duration="00:00:00.0014240" startTime="2026-09-24T01:48:38.4345421+08:00" endTime="2026-09-24T01:48:38.4345740+08:00" testType="13cdc9d9-ddb5-4fa4-a97d-d965ccfc6d4b" outcome="Passed" testListId="8c84fa94-04c1-424b-9868-57a2d4851a1d" relativeResultsDirectory="f02df546-b01f-47e7-8a54-6dcf3e6f4840" />
    <UnitTestResult executionId="a9cd8d4f-c38d-4cc3-a670-5aff0b777052" testId="97180225-d06c-b7bb-d520-1b6ca251531b" testName="Laya.Core.Tests.Evaluation.LayaGate3AssessmentTests.Decide_ReturnsPassOnlyForCompleteReliableEvidence" computerName="Frieren" duration="00:00:00.0091390" startTime="2026-09-24T01:48:38.4418550+08:00" endTime="2026-09-24T01:48:38.4422948+08:00" testType="13cdc9d9-ddb5-4fa4-a97d-d965ccfc6d4b" outcome="Passed" testListId="8c84fa94-04c1-424b-9868-57a2d4851a1d" relativeResultsDirectory="a9cd8d4f-c38d-4cc3-a670-5aff0b777052" />
  </Results>
  <TestDefinitions>
    <UnitTest name="Laya.Core.Tests.PostProcessing.LayaCalibrationTests.Softmax_RejectsInvalidTemperature(temperature: 非數值)" storage="/srv/hermes_agent/home/workspace/repo/layadotnetpoc/tests/laya.core.tests/bin/debug/net8.0/laya.core.tests.dll" id="0eb4719f-4ed7-c6d1-781b-281b9dc9d7e7">
      <Execution id="b142724b-3d0e-4485-9606-425774208d4e" />
      <TestMethod codeBase="/srv/hermes_agent/home/workspace/Repo/LayaDotNetPoc/tests/Laya.Core.Tests/bin/Debug/net8.0/Laya.Core.Tests.dll" adapterTypeName="executor://xunit/VsTestRunner3/netcore/" className="Laya.Core.Tests.PostProcessing.LayaCalibrationTests" name="Softmax_RejectsInvalidTemperature" />
    </UnitTest>
    <UnitTest name="Laya.Core.Tests.Serialization.LayaStateSerializerTests.Serialize_RejectsCycles" storage="/srv/hermes_agent/home/workspace/repo/layadotnetpoc/tests/laya.core.tests/bin/debug/net8.0/laya.core.tests.dll" id="26979fc2-a61b-8d02-00e8-cc23ca3321f2">
      <Execution id="38454cd8-deb3-4399-a8d3-811a7adcfe71" />
      <TestMethod codeBase="/srv/hermes_agent/home/workspace/Repo/LayaDotNetPoc/tests/Laya.Core.Tests/bin/Debug/net8.0/Laya.Core.Tests.dll" adapterTypeName="executor://xunit/VsTestRunner3/netcore/" className="Laya.Core.Tests.Serialization.LayaStateSerializerTests" name="Serialize_RejectsCycles" />
    </UnitTest>
    <UnitTest name="Laya.Core.Tests.Configuration.LayaProfileResolverTests.Resolve_RejectsInvalidProfile(profile: &quot;unknown&quot;, configuredProfile: null)" storage="/srv/hermes_agent/home/workspace/repo/layadotnetpoc/tests/laya.core.tests/bin/debug/net8.0/laya.core.tests.dll" id="5f240c42-966f-7fda-6b54-e01c1e2b6ca7">
      <Execution id="8ce48bac-6968-4fbb-b0aa-6f33d9a84f40" />
      <TestMethod codeBase="/srv/hermes_agent/home/workspace/Repo/LayaDotNetPoc/tests/Laya.Core.Tests/bin/Debug/net8.0/Laya.Core.Tests.dll" adapterTypeName="executor://xunit/VsTestRunner3/netcore/" className="Laya.Core.Tests.Configuration.LayaProfileResolverTests" name="Resolve_RejectsInvalidProfile" />
    </UnitTest>
    <UnitTest name="Laya.Core.Tests.Parity.LayaParityToleranceTests.CompareProbability_RejectsNonFiniteValues(actual: 非數值)" storage="/srv/hermes_agent/home/workspace/repo/layadotnetpoc/tests/laya.core.tests/bin/debug/net8.0/laya.core.tests.dll" id="c385fd58-2b7f-0d8e-1b9c-fb2981f72941">
      <Execution id="ed91cc69-4493-4057-8931-63d743292482" />
      <TestMethod codeBase="/srv/hermes_agent/home/workspace/Repo/LayaDotNetPoc/tests/Laya.Core.Tests/bin/Debug/net8.0/Laya.Core.Tests.dll" adapterTypeName="executor://xunit/VsTestRunner3/netcore/" className="Laya.Core.Tests.Parity.LayaParityToleranceTests" name="CompareProbability_RejectsNonFiniteValues" />
    </UnitTest>
    <UnitTest name="Laya.Core.Tests.Evaluation.LayaPhase2MetricsTests.Calculate_ReportsSuccessAndFullInputAccuracySeparately" storage="/srv/hermes_agent/home/workspace/repo/layadotnetpoc/tests/laya.core.tests/bin/debug/net8.0/laya.core.tests.dll" id="39080e42-27e3-51b2-323e-addc884d80ef">
      <Execution id="d70cdb19-e653-47c5-99ca-e7343e847c84" />
      <TestMethod codeBase="/srv/hermes_agent/home/workspace/Repo/LayaDotNetPoc/tests/Laya.Core.Tests/bin/Debug/net8.0/Laya.Core.Tests.dll" adapterTypeName="executor://xunit/VsTestRunner3/netcore/" className="Laya.Core.Tests.Evaluation.LayaPhase2MetricsTests" name="Calculate_ReportsSuccessAndFullInputAccuracySeparately" />
    </UnitTest>
    <UnitTest name="Laya.Core.Tests.Evaluation.MisclassifiedTransactionWriterTests.Write_EmitsRedactedEightColumnCsv" storage="/srv/hermes_agent/home/workspace/repo/layadotnetpoc/tests/laya.core.tests/bin/debug/net8.0/laya.core.tests.dll" id="eb1a16d3-3615-a9d1-dbaf-2ff92189189a">
      <Execution id="8df8f439-6a49-4cda-b013-9aec4ba5cdad" />
      <TestMethod codeBase="/srv/hermes_agent/home/workspace/Repo/LayaDotNetPoc/tests/Laya.Core.Tests/bin/Debug/net8.0/Laya.Core.Tests.dll" adapterTypeName="executor://xunit/VsTestRunner3/netcore/" className="Laya.Core.Tests.Evaluation.MisclassifiedTransactionWriterTests" name="Write_EmitsRedactedEightColumnCsv" />
    </UnitTest>
    <UnitTest name="Laya.Core.Tests.Serialization.LayaStateSerializerTests.Serialize_ObjectMatchesReferenceJsonStyle" storage="/srv/hermes_agent/home/workspace/repo/layadotnetpoc/tests/laya.core.tests/bin/debug/net8.0/laya.core.tests.dll" id="3c1ff89b-8d36-49cf-9da4-94e679d4b356">
      <Execution id="f80b3c7f-49c6-43bb-b9d0-8332889124f3" />
      <TestMethod codeBase="/srv/hermes_agent/home/workspace/Repo/LayaDotNetPoc/tests/Laya.Core.Tests/bin/Debug/net8.0/Laya.Core.Tests.dll" adapterTypeName="executor://xunit/VsTestRunner3/netcore/" className="Laya.Core.Tests.Serialization.LayaStateSerializerTests" name="Serialize_ObjectMatchesReferenceJsonStyle" />
    </UnitTest>
    <UnitTest name="Laya.Core.Tests.Configuration.LayaProfileResolverTests.Resolve_FollowsVerifiedMultilingualCurrentPointer" storage="/srv/hermes_agent/home/workspace/repo/layadotnetpoc/tests/laya.core.tests/bin/debug/net8.0/laya.core.tests.dll" id="60bff501-077b-9736-aa74-d32bd927d28a">
      <Execution id="936ae770-0a14-418c-baea-cec3eac8ca53" />
      <TestMethod codeBase="/srv/hermes_agent/home/workspace/Repo/LayaDotNetPoc/tests/Laya.Core.Tests/bin/Debug/net8.0/Laya.Core.Tests.dll" adapterTypeName="executor://xunit/VsTestRunner3/netcore/" className="Laya.Core.Tests.Configuration.LayaProfileResolverTests" name="Resolve_FollowsVerifiedMultilingualCurrentPointer" />
    </UnitTest>
    <UnitTest name="Laya.Core.Tests.Configuration.LayaProfileResolverTests.Resolve_RejectsInvalidProfile(profile: &quot;&quot;, configuredProfile: null)" storage="/srv/hermes_agent/home/workspace/repo/layadotnetpoc/tests/laya.core.tests/bin/debug/net8.0/laya.core.tests.dll" id="877d1220-7b45-7886-2478-8fe290b5c07e">
      <Execution id="26aca412-8222-4d13-b000-3727fe18fd54" />
      <TestMethod codeBase="/srv/hermes_agent/home/workspace/Repo/LayaDotNetPoc/tests/Laya.Core.Tests/bin/Debug/net8.0/Laya.Core.Tests.dll" adapterTypeName="executor://xunit/VsTestRunner3/netcore/" className="Laya.Core.Tests.Configuration.LayaProfileResolverTests" name="Resolve_RejectsInvalidProfile" />
    </UnitTest>
    <UnitTest name="Laya.Core.Tests.Evaluation.LayaNoulAnalyzerTests.Analyze_ReturnsNaForEmptyBuckets" storage="/srv/hermes_agent/home/workspace/repo/layadotnetpoc/tests/laya.core.tests/bin/debug/net8.0/laya.core.tests.dll" id="5cd56f3c-9f48-cd5a-9e00-728f31a273ce">
      <Execution id="14b3953c-5f14-4b36-abc7-529ff7e3ef33" />
      <TestMethod codeBase="/srv/hermes_agent/home/workspace/Repo/LayaDotNetPoc/tests/Laya.Core.Tests/bin/Debug/net8.0/Laya.Core.Tests.dll" adapterTypeName="executor://xunit/VsTestRunner3/netcore/" className="Laya.Core.Tests.Evaluation.LayaNoulAnalyzerTests" name="Analyze_ReturnsNaForEmptyBuckets" />
    </UnitTest>
    <UnitTest name="Laya.Core.Tests.Evaluation.LayaPhase2MetricsTests.Calculate_ReportsTopKWithStableRanking" storage="/srv/hermes_agent/home/workspace/repo/layadotnetpoc/tests/laya.core.tests/bin/debug/net8.0/laya.core.tests.dll" id="4a3ae34e-3f38-1aa8-57a8-99156a8c8cad">
      <Execution id="f02df546-b01f-47e7-8a54-6dcf3e6f4840" />
      <TestMethod codeBase="/srv/hermes_agent/home/workspace/Repo/LayaDotNetPoc/tests/Laya.Core.Tests/bin/Debug/net8.0/Laya.Core.Tests.dll" adapterTypeName="executor://xunit/VsTestRunner3/netcore/" className="Laya.Core.Tests.Evaluation.LayaPhase2MetricsTests" name="Calculate_ReportsTopKWithStableRanking" />
    </UnitTest>
    <UnitTest name="Laya.Core.Tests.Serialization.LayaStateSerializerTests.Serialize_RejectsNonFiniteNumbers(value: -∞)" storage="/srv/hermes_agent/home/workspace/repo/layadotnetpoc/tests/laya.core.tests/bin/debug/net8.0/laya.core.tests.dll" id="1c8dff0b-8bdb-117b-8311-c9c50595362f">
      <Execution id="92dd9198-9ab8-4e83-b603-231fb9c06576" />
      <TestMethod codeBase="/srv/hermes_agent/home/workspace/Repo/LayaDotNetPoc/tests/Laya.Core.Tests/bin/Debug/net8.0/Laya.Core.Tests.dll" adapterTypeName="executor://xunit/VsTestRunner3/netcore/" className="Laya.Core.Tests.Serialization.LayaStateSerializerTests" name="Serialize_RejectsNonFiniteNumbers" />
    </UnitTest>
    <UnitTest name="Laya.Core.Tests.Evaluation.LayaPhase2MetricsTests.Calculate_RejectsIncompleteDistribution" storage="/srv/hermes_agent/home/workspace/repo/layadotnetpoc/tests/laya.core.tests/bin/debug/net8.0/laya.core.tests.dll" id="8c1c0123-197b-b1a2-9728-4f4406314d9f">
      <Execution id="2400bb21-2c3f-44fd-bade-b1a15d2c32b3" />
      <TestMethod codeBase="/srv/hermes_agent/home/workspace/Repo/LayaDotNetPoc/tests/Laya.Core.Tests/bin/Debug/net8.0/Laya.Core.Tests.dll" adapterTypeName="executor://xunit/VsTestRunner3/netcore/" className="Laya.Core.Tests.Evaluation.LayaPhase2MetricsTests" name="Calculate_RejectsIncompleteDistribution" />
    </UnitTest>
    <UnitTest name="Laya.Core.Tests.Evaluation.LayaPolicyEvaluatorTests.SelectScenarios_DisablesAutoWhenTargetIsNotMet" storage="/srv/hermes_agent/home/workspace/repo/layadotnetpoc/tests/laya.core.tests/bin/debug/net8.0/laya.core.tests.dll" id="63aeaaae-d5fa-42d7-2eee-ad0b19731764">
      <Execution id="85ff4435-a1a5-40a2-ae8a-f38e262a2dfb" />
      <TestMethod codeBase="/srv/hermes_agent/home/workspace/Repo/LayaDotNetPoc/tests/Laya.Core.Tests/bin/Debug/net8.0/Laya.Core.Tests.dll" adapterTypeName="executor://xunit/VsTestRunner3/netcore/" className="Laya.Core.Tests.Evaluation.LayaPolicyEvaluatorTests" name="SelectScenarios_DisablesAutoWhenTargetIsNotMet" />
    </UnitTest>
    <UnitTest name="Laya.Core.Tests.Evaluation.Phase2FrozenCandidateValidatorTests.Validate_MismatchedHeldOutSelection_IsRejected" storage="/srv/hermes_agent/home/workspace/repo/layadotnetpoc/tests/laya.core.tests/bin/debug/net8.0/laya.core.tests.dll" id="f937e294-b2b8-7c76-aae9-605d55a27486">
      <Execution id="1c2cb6f0-9fc5-41eb-bb4a-16ec4e2e88fa" />
      <TestMethod codeBase="/srv/hermes_agent/home/workspace/Repo/LayaDotNetPoc/tests/Laya.Core.Tests/bin/Debug/net8.0/Laya.Core.Tests.dll" adapterTypeName="executor://xunit/VsTestRunner3/netcore/" className="Laya.Core.Tests.Evaluation.Phase2FrozenCandidateValidatorTests" name="Validate_MismatchedHeldOutSelection_IsRejected" />
    </UnitTest>
    <UnitTest name="Laya.Core.Tests.Evaluation.LayaGate3AssessmentTests.Decide_ReturnsPassOnlyForCompleteReliableEvidence" storage="/srv/hermes_agent/home/workspace/repo/layadotnetpoc/tests/laya.core.tests/bin/debug/net8.0/laya.core.tests.dll" id="97180225-d06c-b7bb-d520-1b6ca251531b">
      <Execution id="a9cd8d4f-c38d-4cc3-a670-5aff0b777052" />
      <TestMethod codeBase="/srv/hermes_agent/home/workspace/Repo/LayaDotNetPoc/tests/Laya.Core.Tests/bin/Debug/net8.0/Laya.Core.Tests.dll" adapterTypeName="executor://xunit/VsTestRunner3/netcore/" className="Laya.Core.Tests.Evaluation.LayaGate3AssessmentTests" name="Decide_ReturnsPassOnlyForCompleteReliableEvidence" />
    </UnitTest>
    <UnitTest name="Laya.Core.Tests.Evaluation.LayaPhase2RunComparerTests.Compare_SuccessOutsideSelectedIds_IsRejected" storage="/srv/hermes_agent/home/workspace/repo/layadotnetpoc/tests/laya.core.tests/bin/debug/net8.0/laya.core.tests.dll" id="13dfeb7e-0905-5d9c-8c6e-94594caaf9a4">
      <Execution id="f2f12133-eba3-4ad1-bf81-77da912e8976" />
      <TestMethod codeBase="/srv/hermes_agent/home/workspace/Repo/LayaDotNetPoc/tests/Laya.Core.Tests/bin/Debug/net8.0/Laya.Core.Tests.dll" adapterTypeName="executor://xunit/VsTestRunner3/netcore/" className="Laya.Core.Tests.Evaluation.LayaPhase2RunComparerTests" name="Compare_SuccessOutsideSelectedIds_IsRejected" />
    </UnitTest>
    <UnitTest name="Laya.Core.Tests.Evaluation.LayaConfidencePolicyTests.Classify_UsesDocumentedBoundaries(probability: 0.84999999999999998, margin: 0.20000000000000001, expected: Auto)" storage="/srv/hermes_agent/home/workspace/repo/layadotnetpoc/tests/laya.core.tests/bin/debug/net8.0/laya.core.tests.dll" id="9cd5f8da-28ad-2b2a-7e3a-b9e8917bf925">
      <Execution id="fdac86fb-0ead-4967-bd62-6877b1446023" />
      <TestMethod codeBase="/srv/hermes_agent/home/workspace/Repo/LayaDotNetPoc/tests/Laya.Core.Tests/bin/Debug/net8.0/Laya.Core.Tests.dll" adapterTypeName="executor://xunit/VsTestRunner3/netcore/" className="Laya.Core.Tests.Evaluation.LayaConfidencePolicyTests" name="Classify_UsesDocumentedBoundaries" />
    </UnitTest>
    <UnitTest name="Laya.Core.Tests.Models.LayaDomainModelTests.Request_PreservesQuestionOrder" storage="/srv/hermes_agent/home/workspace/repo/layadotnetpoc/tests/laya.core.tests/bin/debug/net8.0/laya.core.tests.dll" id="eeed1600-2cd4-3eeb-4b6f-996ec7dc8f79">
      <Execution id="eab2282f-1a2d-4ad9-9e4f-e0a60b4f40b8" />
      <TestMethod codeBase="/srv/hermes_agent/home/workspace/Repo/LayaDotNetPoc/tests/Laya.Core.Tests/bin/Debug/net8.0/Laya.Core.Tests.dll" adapterTypeName="executor://xunit/VsTestRunner3/netcore/" className="Laya.Core.Tests.Models.LayaDomainModelTests" name="Request_PreservesQuestionOrder" />
    </UnitTest>
    <UnitTest name="Laya.Core.Tests.Evaluation.LayaPhase2RunComparerTests.Compare_MismatchedContract_IsRejected(mismatch: &quot;environment&quot;)" storage="/srv/hermes_agent/home/workspace/repo/layadotnetpoc/tests/laya.core.tests/bin/debug/net8.0/laya.core.tests.dll" id="b74ccaf3-73a9-2ce9-155f-5ef57434e7a1">
      <Execution id="c95b1028-f458-45b9-b75a-50bfc88d2d00" />
      <TestMethod codeBase="/srv/hermes_agent/home/workspace/Repo/LayaDotNetPoc/tests/Laya.Core.Tests/bin/Debug/net8.0/Laya.Core.Tests.dll" adapterTypeName="executor://xunit/VsTestRunner3/netcore/" className="Laya.Core.Tests.Evaluation.LayaPhase2RunComparerTests" name="Compare_MismatchedContract_IsRejected" />
    </UnitTest>
    <UnitTest name="Laya.Core.Tests.PostProcessing.LayaCalibrationTests.Softmax_RejectsInvalidTemperature(temperature: 0)" storage="/srv/hermes_agent/home/workspace/repo/layadotnetpoc/tests/laya.core.tests/bin/debug/net8.0/laya.core.tests.dll" id="89d27819-eb28-5c0a-6bbb-c794a255ec9e">
      <Execution id="0dd90bde-b132-412c-ab89-5bb55c0e4d79" />
      <TestMethod codeBase="/srv/hermes_agent/home/workspace/Repo/LayaDotNetPoc/tests/Laya.Core.Tests/bin/Debug/net8.0/Laya.Core.Tests.dll" adapterTypeName="executor://xunit/VsTestRunner3/netcore/" className="Laya.Core.Tests.PostProcessing.LayaCalibrationTests" name="Softmax_RejectsInvalidTemperature" />
    </UnitTest>
    <UnitTest name="Laya.Core.Tests.Configuration.LayaOptionsTests.Constructor_StoresResolvedRootAndIdentity" storage="/srv/hermes_agent/home/workspace/repo/layadotnetpoc/tests/laya.core.tests/bin/debug/net8.0/laya.core.tests.dll" id="69bde749-d479-2c87-99d0-562394f8bfb7">
      <Execution id="e6b19876-8481-47e6-ae41-5bc8d55b9c6f" />
      <TestMethod codeBase="/srv/hermes_agent/home/workspace/Repo/LayaDotNetPoc/tests/Laya.Core.Tests/bin/Debug/net8.0/Laya.Core.Tests.dll" adapterTypeName="executor://xunit/VsTestRunner3/netcore/" className="Laya.Core.Tests.Configuration.LayaOptionsTests" name="Constructor_StoresResolvedRootAndIdentity" />
    </UnitTest>
    <UnitTest name="Laya.Core.Tests.Models.LayaDomainModelTests.QuestionType_UsesReferenceValues" storage="/srv/hermes_agent/home/workspace/repo/layadotnetpoc/tests/laya.core.tests/bin/debug/net8.0/laya.core.tests.dll" id="d9578438-6519-9dd9-4973-ffb473cf88e4">
      <Execution id="471d486f-bc38-42d5-9aa2-ad99747eb66a" />
      <TestMethod codeBase="/srv/hermes_agent/home/workspace/Repo/LayaDotNetPoc/tests/Laya.Core.Tests/bin/Debug/net8.0/Laya.Core.Tests.dll" adapterTypeName="executor://xunit/VsTestRunner3/netcore/" className="Laya.Core.Tests.Models.LayaDomainModelTests" name="QuestionType_UsesReferenceValues" />
    </UnitTest>
    <UnitTest name="Laya.Core.Tests.Evaluation.LayaPhase2MetricsTests.Calculate_UsesFixedLabelSetForMacroF1AndTransferShare" storage="/srv/hermes_agent/home/workspace/repo/layadotnetpoc/tests/laya.core.tests/bin/debug/net8.0/laya.core.tests.dll" id="8427ac69-13e6-b60b-a571-e3ffea2e4051">
      <Execution id="cc5ae399-9edb-4089-98ff-ef4f73658f4e" />
      <TestMethod codeBase="/srv/hermes_agent/home/workspace/Repo/LayaDotNetPoc/tests/Laya.Core.Tests/bin/Debug/net8.0/Laya.Core.Tests.dll" adapterTypeName="executor://xunit/VsTestRunner3/netcore/" className="Laya.Core.Tests.Evaluation.LayaPhase2MetricsTests" name="Calculate_UsesFixedLabelSetForMacroF1AndTransferShare" />
    </UnitTest>
    <UnitTest name="Laya.Core.Tests.Configuration.LayaProfileResolverTests.Resolve_UsesConfiguredProfileBeforeHostDefault" storage="/srv/hermes_agent/home/workspace/repo/layadotnetpoc/tests/laya.core.tests/bin/debug/net8.0/laya.core.tests.dll" id="f741a2d8-337a-654c-ea44-9e1f187188a9">
      <Execution id="0b6f8e4f-8cd3-4dc2-b7a8-69d01fd789a3" />
      <TestMethod codeBase="/srv/hermes_agent/home/workspace/Repo/LayaDotNetPoc/tests/Laya.Core.Tests/bin/Debug/net8.0/Laya.Core.Tests.dll" adapterTypeName="executor://xunit/VsTestRunner3/netcore/" className="Laya.Core.Tests.Configuration.LayaProfileResolverTests" name="Resolve_UsesConfiguredProfileBeforeHostDefault" />
    </UnitTest>
    <UnitTest name="Laya.Core.Tests.Configuration.LayaProfileResolverTests.Resolve_RejectsNestedCheckpointRevisionMismatch" storage="/srv/hermes_agent/home/workspace/repo/layadotnetpoc/tests/laya.core.tests/bin/debug/net8.0/laya.core.tests.dll" id="e5311441-621b-1d15-b712-0e3642674e08">
      <Execution id="be892d20-3366-44ce-b54f-60582d84c072" />
      <TestMethod codeBase="/srv/hermes_agent/home/workspace/Repo/LayaDotNetPoc/tests/Laya.Core.Tests/bin/Debug/net8.0/Laya.Core.Tests.dll" adapterTypeName="executor://xunit/VsTestRunner3/netcore/" className="Laya.Core.Tests.Configuration.LayaProfileResolverTests" name="Resolve_RejectsNestedCheckpointRevisionMismatch" />
    </UnitTest>
    <UnitTest name="Laya.Core.Tests.Configuration.LayaModelConfigTests.GetTemperature_UsesReferenceCardinalityBuckets" storage="/srv/hermes_agent/home/workspace/repo/layadotnetpoc/tests/laya.core.tests/bin/debug/net8.0/laya.core.tests.dll" id="a5dc8673-0fb2-0a09-bd3d-45dc5791632a">
      <Execution id="c0184bca-6299-4f47-960f-51131d5fea66" />
      <TestMethod codeBase="/srv/hermes_agent/home/workspace/Repo/LayaDotNetPoc/tests/Laya.Core.Tests/bin/Debug/net8.0/Laya.Core.Tests.dll" adapterTypeName="executor://xunit/VsTestRunner3/netcore/" className="Laya.Core.Tests.Configuration.LayaModelConfigTests" name="GetTemperature_UsesReferenceCardinalityBuckets" />
    </UnitTest>
    <UnitTest name="Laya.Core.Tests.Evaluation.LayaConfidencePolicyTests.Classify_UsesDocumentedBoundaries(probability: 0.59999999999999998, margin: 0.90000000000000002, expected: Suggest)" storage="/srv/hermes_agent/home/workspace/repo/layadotnetpoc/tests/laya.core.tests/bin/debug/net8.0/laya.core.tests.dll" id="010f16f4-acc3-163a-6ab1-f62bc8f0c769">
      <Execution id="faab0239-6e9c-497f-aaa8-8a5d4c9ad75b" />
      <TestMethod codeBase="/srv/hermes_agent/home/workspace/Repo/LayaDotNetPoc/tests/Laya.Core.Tests/bin/Debug/net8.0/Laya.Core.Tests.dll" adapterTypeName="executor://xunit/VsTestRunner3/netcore/" className="Laya.Core.Tests.Evaluation.LayaConfidencePolicyTests" name="Classify_UsesDocumentedBoundaries" />
    </UnitTest>
    <UnitTest name="Laya.Core.Tests.Evaluation.LayaConfidencePolicyTests.Classify_UsesDocumentedBoundaries(probability: 0.58999999999999997, margin: 0.90000000000000002, expected: Review)" storage="/srv/hermes_agent/home/workspace/repo/layadotnetpoc/tests/laya.core.tests/bin/debug/net8.0/laya.core.tests.dll" id="72c7208d-d18a-5814-cbb7-9cf9df1bb8ef">
      <Execution id="421b23d3-f4f7-4008-bfca-b022fd2909c9" />
      <TestMethod codeBase="/srv/hermes_agent/home/workspace/Repo/LayaDotNetPoc/tests/Laya.Core.Tests/bin/Debug/net8.0/Laya.Core.Tests.dll" adapterTypeName="executor://xunit/VsTestRunner3/netcore/" className="Laya.Core.Tests.Evaluation.LayaConfidencePolicyTests" name="Classify_UsesDocumentedBoundaries" />
    </UnitTest>
    <UnitTest name="Laya.Core.Tests.Serialization.LayaStateSerializerTests.Serialize_NestedValuesPreserveOrder" storage="/srv/hermes_agent/home/workspace/repo/layadotnetpoc/tests/laya.core.tests/bin/debug/net8.0/laya.core.tests.dll" id="4c1469ce-9ded-7d54-3770-88f4e833bb94">
      <Execution id="3fc3fc01-5af7-416b-a848-e3446cd9accb" />
      <TestMethod codeBase="/srv/hermes_agent/home/workspace/Repo/LayaDotNetPoc/tests/Laya.Core.Tests/bin/Debug/net8.0/Laya.Core.Tests.dll" adapterTypeName="executor://xunit/VsTestRunner3/netcore/" className="Laya.Core.Tests.Serialization.LayaStateSerializerTests" name="Serialize_NestedValuesPreserveOrder" />
    </UnitTest>
    <UnitTest name="Laya.Core.Tests.Evaluation.LayaTransactionRequestFactoryTests.CreateBaselineRequest_PreservesPhase1Contract" storage="/srv/hermes_agent/home/workspace/repo/layadotnetpoc/tests/laya.core.tests/bin/debug/net8.0/laya.core.tests.dll" id="fd3278fc-9688-b0f4-9ed9-1d9fd40b5587">
      <Execution id="21b49f01-5efd-409d-927e-f0fe41f4678c" />
      <TestMethod codeBase="/srv/hermes_agent/home/workspace/Repo/LayaDotNetPoc/tests/Laya.Core.Tests/bin/Debug/net8.0/Laya.Core.Tests.dll" adapterTypeName="executor://xunit/VsTestRunner3/netcore/" className="Laya.Core.Tests.Evaluation.LayaTransactionRequestFactoryTests" name="CreateBaselineRequest_PreservesPhase1Contract" />
    </UnitTest>
    <UnitTest name="Laya.Core.Tests.Configuration.LayaProfileResolverTests.Resolve_UsesCliProfileBeforeConfiguredProfile" storage="/srv/hermes_agent/home/workspace/repo/layadotnetpoc/tests/laya.core.tests/bin/debug/net8.0/laya.core.tests.dll" id="5d8bf1ea-f96f-5452-82be-f82920781ec5">
      <Execution id="820ca400-77df-430b-ba4c-6c7d5b27e5d8" />
      <TestMethod codeBase="/srv/hermes_agent/home/workspace/Repo/LayaDotNetPoc/tests/Laya.Core.Tests/bin/Debug/net8.0/Laya.Core.Tests.dll" adapterTypeName="executor://xunit/VsTestRunner3/netcore/" className="Laya.Core.Tests.Configuration.LayaProfileResolverTests" name="Resolve_UsesCliProfileBeforeConfiguredProfile" />
    </UnitTest>
    <UnitTest name="Laya.Core.Tests.Evaluation.LayaGate3AssessmentTests.Decide_ReturnsPartialForSuggestionOnlyEvidence" storage="/srv/hermes_agent/home/workspace/repo/layadotnetpoc/tests/laya.core.tests/bin/debug/net8.0/laya.core.tests.dll" id="5893dbdb-c8ab-e857-ed8a-a2b8c09ce485">
      <Execution id="7e815486-8715-40b8-b865-6fe0c1b1a000" />
      <TestMethod codeBase="/srv/hermes_agent/home/workspace/Repo/LayaDotNetPoc/tests/Laya.Core.Tests/bin/Debug/net8.0/Laya.Core.Tests.dll" adapterTypeName="executor://xunit/VsTestRunner3/netcore/" className="Laya.Core.Tests.Evaluation.LayaGate3AssessmentTests" name="Decide_ReturnsPartialForSuggestionOnlyEvidence" />
    </UnitTest>
    <UnitTest name="Laya.Core.Tests.PostProcessing.LayaPostProcessorTests.Process_MapsChoiceProbabilitiesInOptionOrder" storage="/srv/hermes_agent/home/workspace/repo/layadotnetpoc/tests/laya.core.tests/bin/debug/net8.0/laya.core.tests.dll" id="a9b13a74-2262-2274-8fd1-edb6edd2b8e9">
      <Execution id="17a389f3-e82d-4382-ab58-053532076387" />
      <TestMethod codeBase="/srv/hermes_agent/home/workspace/Repo/LayaDotNetPoc/tests/Laya.Core.Tests/bin/Debug/net8.0/Laya.Core.Tests.dll" adapterTypeName="executor://xunit/VsTestRunner3/netcore/" className="Laya.Core.Tests.PostProcessing.LayaPostProcessorTests" name="Process_MapsChoiceProbabilitiesInOptionOrder" />
    </UnitTest>
    <UnitTest name="Laya.Core.Tests.Parity.LayaParityToleranceTests.Validate_RequiresInvestigationForExplicitRelaxation" storage="/srv/hermes_agent/home/workspace/repo/layadotnetpoc/tests/laya.core.tests/bin/debug/net8.0/laya.core.tests.dll" id="63352fb3-766f-4047-3170-f13c2821f23c">
      <Execution id="320911ac-3405-42fd-8628-3decc8dd53c2" />
      <TestMethod codeBase="/srv/hermes_agent/home/workspace/Repo/LayaDotNetPoc/tests/Laya.Core.Tests/bin/Debug/net8.0/Laya.Core.Tests.dll" adapterTypeName="executor://xunit/VsTestRunner3/netcore/" className="Laya.Core.Tests.Parity.LayaParityToleranceTests" name="Validate_RequiresInvestigationForExplicitRelaxation" />
    </UnitTest>
    <UnitTest name="Laya.Core.Tests.Evaluation.Phase2HeldOutReportWriterTests.WriteRun_WithFixedPolicy_LeavesGridNullAndPersistsCandidateIdentity" storage="/srv/hermes_agent/home/workspace/repo/layadotnetpoc/tests/laya.core.tests/bin/debug/net8.0/laya.core.tests.dll" id="8bd05023-d89f-7c9b-676d-b318e84ead1c">
      <Execution id="46668cb0-d68a-4b5d-bd48-7310bf67b33c" />
      <TestMethod codeBase="/srv/hermes_agent/home/workspace/Repo/LayaDotNetPoc/tests/Laya.Core.Tests/bin/Debug/net8.0/Laya.Core.Tests.dll" adapterTypeName="executor://xunit/VsTestRunner3/netcore/" className="Laya.Core.Tests.Evaluation.Phase2HeldOutReportWriterTests" name="WriteRun_WithFixedPolicy_LeavesGridNullAndPersistsCandidateIdentity" />
    </UnitTest>
    <UnitTest name="Laya.Core.Tests.Configuration.LayaProfileResolverTests.Resolve_UsesExplicitRootBeforeOtherSources" storage="/srv/hermes_agent/home/workspace/repo/layadotnetpoc/tests/laya.core.tests/bin/debug/net8.0/laya.core.tests.dll" id="c9d3788f-0c97-6a68-18c7-0ea0f43edb65">
      <Execution id="9de0d2ec-ac1f-4ed0-9453-02e426c82a08" />
      <TestMethod codeBase="/srv/hermes_agent/home/workspace/Repo/LayaDotNetPoc/tests/Laya.Core.Tests/bin/Debug/net8.0/Laya.Core.Tests.dll" adapterTypeName="executor://xunit/VsTestRunner3/netcore/" className="Laya.Core.Tests.Configuration.LayaProfileResolverTests" name="Resolve_UsesExplicitRootBeforeOtherSources" />
    </UnitTest>
    <UnitTest name="Laya.Core.Tests.PostProcessing.LayaCalibrationTests.Softmax_ReturnsNormalizedDistribution" storage="/srv/hermes_agent/home/workspace/repo/layadotnetpoc/tests/laya.core.tests/bin/debug/net8.0/laya.core.tests.dll" id="560fdb82-d999-7407-aace-3aa04be69bbb">
      <Execution id="f1468093-648c-4ad9-929a-8cc2a4e6edb1" />
      <TestMethod codeBase="/srv/hermes_agent/home/workspace/Repo/LayaDotNetPoc/tests/Laya.Core.Tests/bin/Debug/net8.0/Laya.Core.Tests.dll" adapterTypeName="executor://xunit/VsTestRunner3/netcore/" className="Laya.Core.Tests.PostProcessing.LayaCalibrationTests" name="Softmax_ReturnsNormalizedDistribution" />
    </UnitTest>
    <UnitTest name="Laya.Core.Tests.Configuration.LayaProfileResolverTests.Resolve_RejectsExistingMultilingualRootWithoutManifest" storage="/srv/hermes_agent/home/workspace/repo/layadotnetpoc/tests/laya.core.tests/bin/debug/net8.0/laya.core.tests.dll" id="83984e42-069b-0633-a886-ad7e333ad833">
      <Execution id="dd3a7841-80f1-487b-b6db-59a62914cd20" />
      <TestMethod codeBase="/srv/hermes_agent/home/workspace/Repo/LayaDotNetPoc/tests/Laya.Core.Tests/bin/Debug/net8.0/Laya.Core.Tests.dll" adapterTypeName="executor://xunit/VsTestRunner3/netcore/" className="Laya.Core.Tests.Configuration.LayaProfileResolverTests" name="Resolve_RejectsExistingMultilingualRootWithoutManifest" />
    </UnitTest>
    <UnitTest name="Laya.Core.Tests.Evaluation.LayaCalibrationAnalyzerTests.Analyze_ReturnsNaForEmptyInput" storage="/srv/hermes_agent/home/workspace/repo/layadotnetpoc/tests/laya.core.tests/bin/debug/net8.0/laya.core.tests.dll" id="e5375872-944b-99e5-0ac3-f53e57498348">
      <Execution id="d0dd2fbd-f053-4719-a9ff-3c6021146381" />
      <TestMethod codeBase="/srv/hermes_agent/home/workspace/Repo/LayaDotNetPoc/tests/Laya.Core.Tests/bin/Debug/net8.0/Laya.Core.Tests.dll" adapterTypeName="executor://xunit/VsTestRunner3/netcore/" className="Laya.Core.Tests.Evaluation.LayaCalibrationAnalyzerTests" name="Analyze_ReturnsNaForEmptyInput" />
    </UnitTest>
    <UnitTest name="Laya.Core.Tests.Configuration.LayaModelConfigTests.GetTemperature_RejectsUnknownQuestionType" storage="/srv/hermes_agent/home/workspace/repo/layadotnetpoc/tests/laya.core.tests/bin/debug/net8.0/laya.core.tests.dll" id="e496713b-5113-b43c-c5e2-e05c8650dfe0">
      <Execution id="428e0575-bd8c-4f39-8e15-496a5e83c19e" />
      <TestMethod codeBase="/srv/hermes_agent/home/workspace/Repo/LayaDotNetPoc/tests/Laya.Core.Tests/bin/Debug/net8.0/Laya.Core.Tests.dll" adapterTypeName="executor://xunit/VsTestRunner3/netcore/" className="Laya.Core.Tests.Configuration.LayaModelConfigTests" name="GetTemperature_RejectsUnknownQuestionType" />
    </UnitTest>
    <UnitTest name="Laya.Core.Tests.Serialization.LayaStateSerializerTests.Serialize_RejectsNonFiniteNumbers(value: ∞)" storage="/srv/hermes_agent/home/workspace/repo/layadotnetpoc/tests/laya.core.tests/bin/debug/net8.0/laya.core.tests.dll" id="1211b0ea-e85f-18df-b362-5e9d7974abd6">
      <Execution id="6a2f7821-2ff9-4a48-8e26-07fe88a06a18" />
      <TestMethod codeBase="/srv/hermes_agent/home/workspace/Repo/LayaDotNetPoc/tests/Laya.Core.Tests/bin/Debug/net8.0/Laya.Core.Tests.dll" adapterTypeName="executor://xunit/VsTestRunner3/netcore/" className="Laya.Core.Tests.Serialization.LayaStateSerializerTests" name="Serialize_RejectsNonFiniteNumbers" />
    </UnitTest>
    <UnitTest name="Laya.Core.Tests.Evaluation.Phase2ReportWriterTests.WriteRun_PersistsRecomputableRawArtifacts" storage="/srv/hermes_agent/home/workspace/repo/layadotnetpoc/tests/laya.core.tests/bin/debug/net8.0/laya.core.tests.dll" id="92602ff1-e2fd-f84c-9ef5-2cc70663d8bd">
      <Execution id="f46aa427-6695-4fb0-a0b7-805d6aacd75a" />
      <TestMethod codeBase="/srv/hermes_agent/home/workspace/Repo/LayaDotNetPoc/tests/Laya.Core.Tests/bin/Debug/net8.0/Laya.Core.Tests.dll" adapterTypeName="executor://xunit/VsTestRunner3/netcore/" className="Laya.Core.Tests.Evaluation.Phase2ReportWriterTests" name="WriteRun_PersistsRecomputableRawArtifacts" />
    </UnitTest>
    <UnitTest name="Laya.Core.Tests.Evaluation.Phase2DatasetManifestTests.Manifest_MatchesRepositoryDatasetAndHasUniqueGroupSplit" storage="/srv/hermes_agent/home/workspace/repo/layadotnetpoc/tests/laya.core.tests/bin/debug/net8.0/laya.core.tests.dll" id="e26c0407-df1d-2658-2516-8ba215ea9859">
      <Execution id="74a4e229-7599-4cd7-ae38-adc23d881b10" />
      <TestMethod codeBase="/srv/hermes_agent/home/workspace/Repo/LayaDotNetPoc/tests/Laya.Core.Tests/bin/Debug/net8.0/Laya.Core.Tests.dll" adapterTypeName="executor://xunit/VsTestRunner3/netcore/" className="Laya.Core.Tests.Evaluation.Phase2DatasetManifestTests" name="Manifest_MatchesRepositoryDatasetAndHasUniqueGroupSplit" />
    </UnitTest>
    <UnitTest name="Laya.Core.Tests.Evaluation.LayaTransactionRequestFactoryTests.CreateRequest_AllowsOnlyBoundedPromptVariants" storage="/srv/hermes_agent/home/workspace/repo/layadotnetpoc/tests/laya.core.tests/bin/debug/net8.0/laya.core.tests.dll" id="2f97a60d-87bd-9eba-268d-e2c3e2febdf4">
      <Execution id="00fdc8c5-ba51-44b3-8937-bc64087a8b22" />
      <TestMethod codeBase="/srv/hermes_agent/home/workspace/Repo/LayaDotNetPoc/tests/Laya.Core.Tests/bin/Debug/net8.0/Laya.Core.Tests.dll" adapterTypeName="executor://xunit/VsTestRunner3/netcore/" className="Laya.Core.Tests.Evaluation.LayaTransactionRequestFactoryTests" name="CreateRequest_AllowsOnlyBoundedPromptVariants" />
    </UnitTest>
    <UnitTest name="Laya.Core.Tests.Serialization.LayaStateSerializerTests.Serialize_StringReturnsOriginalText" storage="/srv/hermes_agent/home/workspace/repo/layadotnetpoc/tests/laya.core.tests/bin/debug/net8.0/laya.core.tests.dll" id="5073e2ac-4ab2-6733-872f-097e0477e23b">
      <Execution id="bed64552-6a3b-4220-8711-ec5fbbfa72cc" />
      <TestMethod codeBase="/srv/hermes_agent/home/workspace/Repo/LayaDotNetPoc/tests/Laya.Core.Tests/bin/Debug/net8.0/Laya.Core.Tests.dll" adapterTypeName="executor://xunit/VsTestRunner3/netcore/" className="Laya.Core.Tests.Serialization.LayaStateSerializerTests" name="Serialize_StringReturnsOriginalText" />
    </UnitTest>
    <UnitTest name="Laya.Core.Tests.Evaluation.LayaPhase2RunComparerTests.Compare_AllowsDifferentModelsAndKeepsCommonSuccesses" storage="/srv/hermes_agent/home/workspace/repo/layadotnetpoc/tests/laya.core.tests/bin/debug/net8.0/laya.core.tests.dll" id="7429706b-df14-299a-6381-92bdfab5d429">
      <Execution id="fbe907e2-1d87-49e0-bc25-35818046ca6f" />
      <TestMethod codeBase="/srv/hermes_agent/home/workspace/Repo/LayaDotNetPoc/tests/Laya.Core.Tests/bin/Debug/net8.0/Laya.Core.Tests.dll" adapterTypeName="executor://xunit/VsTestRunner3/netcore/" className="Laya.Core.Tests.Evaluation.LayaPhase2RunComparerTests" name="Compare_AllowsDifferentModelsAndKeepsCommonSuccesses" />
    </UnitTest>
    <UnitTest name="Laya.Core.Tests.Parity.LayaParityToleranceTests.CompareProbability_RejectsNumericMismatchDespiteSameAnswer" storage="/srv/hermes_agent/home/workspace/repo/layadotnetpoc/tests/laya.core.tests/bin/debug/net8.0/laya.core.tests.dll" id="7b14ff67-d06c-8f02-21c9-4b831a50d396">
      <Execution id="17da394a-0a1d-43cc-9f58-7342378832bd" />
      <TestMethod codeBase="/srv/hermes_agent/home/workspace/Repo/LayaDotNetPoc/tests/Laya.Core.Tests/bin/Debug/net8.0/Laya.Core.Tests.dll" adapterTypeName="executor://xunit/VsTestRunner3/netcore/" className="Laya.Core.Tests.Parity.LayaParityToleranceTests" name="CompareProbability_RejectsNumericMismatchDespiteSameAnswer" />
    </UnitTest>
    <UnitTest name="Laya.Core.Tests.PostProcessing.LayaCalibrationTests.Softmax_RejectsInvalidTemperature(temperature: -1)" storage="/srv/hermes_agent/home/workspace/repo/layadotnetpoc/tests/laya.core.tests/bin/debug/net8.0/laya.core.tests.dll" id="35af24f0-fdec-0311-f988-ec181b7c8ec5">
      <Execution id="8a57c2af-93e1-4d52-960c-f6cc6c57dda8" />
      <TestMethod codeBase="/srv/hermes_agent/home/workspace/Repo/LayaDotNetPoc/tests/Laya.Core.Tests/bin/Debug/net8.0/Laya.Core.Tests.dll" adapterTypeName="executor://xunit/VsTestRunner3/netcore/" className="Laya.Core.Tests.PostProcessing.LayaCalibrationTests" name="Softmax_RejectsInvalidTemperature" />
    </UnitTest>
    <UnitTest name="Laya.Core.Tests.PostProcessing.LayaCalibrationTests.Softmax_RejectsNonFiniteLogit" storage="/srv/hermes_agent/home/workspace/repo/layadotnetpoc/tests/laya.core.tests/bin/debug/net8.0/laya.core.tests.dll" id="22c887c8-f2b3-52d6-ad8f-9fdd08cfdd1f">
      <Execution id="cbe7c3d3-f985-4fcb-ad0a-461d9ee765bd" />
      <TestMethod codeBase="/srv/hermes_agent/home/workspace/Repo/LayaDotNetPoc/tests/Laya.Core.Tests/bin/Debug/net8.0/Laya.Core.Tests.dll" adapterTypeName="executor://xunit/VsTestRunner3/netcore/" className="Laya.Core.Tests.PostProcessing.LayaCalibrationTests" name="Softmax_RejectsNonFiniteLogit" />
    </UnitTest>
    <UnitTest name="Laya.Core.Tests.PostProcessing.LayaCalibrationTests.Softmax_IsStableForExtremeFiniteLogits" storage="/srv/hermes_agent/home/workspace/repo/layadotnetpoc/tests/laya.core.tests/bin/debug/net8.0/laya.core.tests.dll" id="ae35ba37-f0fb-1b64-64c6-68ec18ac4506">
      <Execution id="02987012-0745-48c5-91d5-90f01979ee05" />
      <TestMethod codeBase="/srv/hermes_agent/home/workspace/Repo/LayaDotNetPoc/tests/Laya.Core.Tests/bin/Debug/net8.0/Laya.Core.Tests.dll" adapterTypeName="executor://xunit/VsTestRunner3/netcore/" className="Laya.Core.Tests.PostProcessing.LayaCalibrationTests" name="Softmax_IsStableForExtremeFiniteLogits" />
    </UnitTest>
    <UnitTest name="Laya.Core.Tests.Evaluation.LayaPhase2RunComparerTests.Compare_MismatchedContract_IsRejected(mismatch: &quot;dataset&quot;)" storage="/srv/hermes_agent/home/workspace/repo/layadotnetpoc/tests/laya.core.tests/bin/debug/net8.0/laya.core.tests.dll" id="8aad2d6a-11f9-ac95-72b6-5ec69c88ec9f">
      <Execution id="a41048f0-177d-4031-8e74-ab255ac8c5d7" />
      <TestMethod codeBase="/srv/hermes_agent/home/workspace/Repo/LayaDotNetPoc/tests/Laya.Core.Tests/bin/Debug/net8.0/Laya.Core.Tests.dll" adapterTypeName="executor://xunit/VsTestRunner3/netcore/" className="Laya.Core.Tests.Evaluation.LayaPhase2RunComparerTests" name="Compare_MismatchedContract_IsRejected" />
    </UnitTest>
    <UnitTest name="Laya.Core.Tests.Evaluation.LayaPhase2RunComparerTests.Compare_MismatchedContract_IsRejected(mismatch: &quot;prompt&quot;)" storage="/srv/hermes_agent/home/workspace/repo/layadotnetpoc/tests/laya.core.tests/bin/debug/net8.0/laya.core.tests.dll" id="0ab55ba8-b622-9b89-5fa6-c55edeeed3e7">
      <Execution id="7f55659b-ed9a-4824-ba89-07d50c25c23f" />
      <TestMethod codeBase="/srv/hermes_agent/home/workspace/Repo/LayaDotNetPoc/tests/Laya.Core.Tests/bin/Debug/net8.0/Laya.Core.Tests.dll" adapterTypeName="executor://xunit/VsTestRunner3/netcore/" className="Laya.Core.Tests.Evaluation.LayaPhase2RunComparerTests" name="Compare_MismatchedContract_IsRejected" />
    </UnitTest>
    <UnitTest name="Laya.Core.Tests.Configuration.LayaProfileResolverTests.Resolve_DerivesIdentityFromNestedV2Manifest" storage="/srv/hermes_agent/home/workspace/repo/layadotnetpoc/tests/laya.core.tests/bin/debug/net8.0/laya.core.tests.dll" id="2e5836e3-bab2-ade5-5195-350cafad28fc">
      <Execution id="29e13fad-2d33-47af-8784-ce30f6578414" />
      <TestMethod codeBase="/srv/hermes_agent/home/workspace/Repo/LayaDotNetPoc/tests/Laya.Core.Tests/bin/Debug/net8.0/Laya.Core.Tests.dll" adapterTypeName="executor://xunit/VsTestRunner3/netcore/" className="Laya.Core.Tests.Configuration.LayaProfileResolverTests" name="Resolve_DerivesIdentityFromNestedV2Manifest" />
    </UnitTest>
    <UnitTest name="Laya.Core.Tests.PostProcessing.LayaCalibrationTests.Softmax_EqualLogitsAreUniform" storage="/srv/hermes_agent/home/workspace/repo/layadotnetpoc/tests/laya.core.tests/bin/debug/net8.0/laya.core.tests.dll" id="7a50c48f-89d3-aacc-9004-321d896236ec">
      <Execution id="ffa6ee2b-999c-421d-bca2-49be67e9ae8b" />
      <TestMethod codeBase="/srv/hermes_agent/home/workspace/Repo/LayaDotNetPoc/tests/Laya.Core.Tests/bin/Debug/net8.0/Laya.Core.Tests.dll" adapterTypeName="executor://xunit/VsTestRunner3/netcore/" className="Laya.Core.Tests.PostProcessing.LayaCalibrationTests" name="Softmax_EqualLogitsAreUniform" />
    </UnitTest>
[...]
      <Execution id="6bc49a93-93d1-4f11-8be4-ef3dd0b26c52" />
      <TestMethod codeBase="/srv/hermes_agent/home/workspace/Repo/LayaDotNetPoc/tests/Laya.Core.Tests/bin/Debug/net8.0/Laya.Core.Tests.dll" adapterTypeName="executor://xunit/VsTestRunner3/netcore/" className="Laya.Core.Tests.Configuration.LayaProfileResolverTests" name="Resolve_ResolvesRelativeConfiguredRootAgainstWorkingDirectory" />
    </UnitTest>
    <UnitTest name="Laya.Core.Tests.Serialization.LayaStateSerializerTests.Serialize_NumbersUseInvariantCulture" storage="/srv/hermes_agent/home/workspace/repo/layadotnetpoc/tests/laya.core.tests/bin/debug/net8.0/laya.core.tests.dll" id="3625730f-ff79-0abf-6c56-e32b3721e905">
      <Execution id="a56b8981-d814-439f-8829-fe7dd6a67e4c" />
      <TestMethod codeBase="/srv/hermes_agent/home/workspace/Repo/LayaDotNetPoc/tests/Laya.Core.Tests/bin/Debug/net8.0/Laya.Core.Tests.dll" adapterTypeName="executor://xunit/VsTestRunner3/netcore/" className="Laya.Core.Tests.Serialization.LayaStateSerializerTests" name="Serialize_NumbersUseInvariantCulture" />
    </UnitTest>
    <UnitTest name="Laya.Core.Tests.Configuration.LayaProfileResolverTests.Resolve_RejectsMismatchedRootManifestIdentity" storage="/srv/hermes_agent/home/workspace/repo/layadotnetpoc/tests/laya.core.tests/bin/debug/net8.0/laya.core.tests.dll" id="77a60c11-eb59-55d7-9ff4-6e48f38caf02">
      <Execution id="9240fbfd-6a7f-4544-9630-1843e1d600d2" />
      <TestMethod codeBase="/srv/hermes_agent/home/workspace/Repo/LayaDotNetPoc/tests/Laya.Core.Tests/bin/Debug/net8.0/Laya.Core.Tests.dll" adapterTypeName="executor://xunit/VsTestRunner3/netcore/" className="Laya.Core.Tests.Configuration.LayaProfileResolverTests" name="Resolve_RejectsMismatchedRootManifestIdentity" />
    </UnitTest>
    <UnitTest name="Laya.Core.Tests.Parity.LayaParityToleranceTests.CompareProbability_RejectsNonFiniteValues(actual: -∞)" storage="/srv/hermes_agent/home/workspace/repo/layadotnetpoc/tests/laya.core.tests/bin/debug/net8.0/laya.core.tests.dll" id="7253decf-b393-d62d-07dd-bdeacbe0c967">
      <Execution id="0cdd4942-002d-40ff-af14-ffd5c45b03b3" />
      <TestMethod codeBase="/srv/hermes_agent/home/workspace/Repo/LayaDotNetPoc/tests/Laya.Core.Tests/bin/Debug/net8.0/Laya.Core.Tests.dll" adapterTypeName="executor://xunit/VsTestRunner3/netcore/" className="Laya.Core.Tests.Parity.LayaParityToleranceTests" name="CompareProbability_RejectsNonFiniteValues" />
    </UnitTest>
    <UnitTest name="Laya.Core.Tests.Configuration.LayaProfileResolverTests.Resolve_RejectsInvalidProfile(profile: null, configuredProfile: &quot;&quot;)" storage="/srv/hermes_agent/home/workspace/repo/layadotnetpoc/tests/laya.core.tests/bin/debug/net8.0/laya.core.tests.dll" id="d238a054-04c5-92ab-a6de-64287417e6a0">
      <Execution id="2ac850c2-6a6f-4152-a5e7-a0468f07eca7" />
      <TestMethod codeBase="/srv/hermes_agent/home/workspace/Repo/LayaDotNetPoc/tests/Laya.Core.Tests/bin/Debug/net8.0/Laya.Core.Tests.dll" adapterTypeName="executor://xunit/VsTestRunner3/netcore/" className="Laya.Core.Tests.Configuration.LayaProfileResolverTests" name="Resolve_RejectsInvalidProfile" />
    </UnitTest>
    <UnitTest name="Laya.Core.Tests.Evaluation.LayaPolicyEvaluatorTests.EvaluateGrid_ProducesAllThresholdPairsAndUsesAndCondition" storage="/srv/hermes_agent/home/workspace/repo/layadotnetpoc/tests/laya.core.tests/bin/debug/net8.0/laya.core.tests.dll" id="7a552f15-70cd-4a0c-5ae9-6c31065018ec">
      <Execution id="ca107f3a-a684-4aca-a6cb-6610c19e5c9f" />
      <TestMethod codeBase="/srv/hermes_agent/home/workspace/Repo/LayaDotNetPoc/tests/Laya.Core.Tests/bin/Debug/net8.0/Laya.Core.Tests.dll" adapterTypeName="executor://xunit/VsTestRunner3/netcore/" className="Laya.Core.Tests.Evaluation.LayaPolicyEvaluatorTests" name="EvaluateGrid_ProducesAllThresholdPairsAndUsesAndCondition" />
    </UnitTest>
    <UnitTest name="Laya.Core.Tests.Evaluation.LayaConfidencePolicyTests.Classify_UsesDocumentedBoundaries(probability: 0.90000000000000002, margin: 0.19, expected: Review)" storage="/srv/hermes_agent/home/workspace/repo/layadotnetpoc/tests/laya.core.tests/bin/debug/net8.0/laya.core.tests.dll" id="f76dde54-b1c1-4b55-6051-71752aba5a2a">
      <Execution id="b2aae23a-328d-4339-a11e-91b5064df1c2" />
      <TestMethod codeBase="/srv/hermes_agent/home/workspace/Repo/LayaDotNetPoc/tests/Laya.Core.Tests/bin/Debug/net8.0/Laya.Core.Tests.dll" adapterTypeName="executor://xunit/VsTestRunner3/netcore/" className="Laya.Core.Tests.Evaluation.LayaConfidencePolicyTests" name="Classify_UsesDocumentedBoundaries" />
    </UnitTest>
    <UnitTest name="Laya.Core.Tests.Evaluation.LayaNoulAnalyzerTests.Analyze_ReportsFiveBucketsAndCorrectWrongMeans" storage="/srv/hermes_agent/home/workspace/repo/layadotnetpoc/tests/laya.core.tests/bin/debug/net8.0/laya.core.tests.dll" id="a982a7f3-557e-7a55-6f49-6e8a03da6bf8">
      <Execution id="3a680640-4400-493a-a111-8c019af9ba85" />
      <TestMethod codeBase="/srv/hermes_agent/home/workspace/Repo/LayaDotNetPoc/tests/Laya.Core.Tests/bin/Debug/net8.0/Laya.Core.Tests.dll" adapterTypeName="executor://xunit/VsTestRunner3/netcore/" className="Laya.Core.Tests.Evaluation.LayaNoulAnalyzerTests" name="Analyze_ReportsFiveBucketsAndCorrectWrongMeans" />
    </UnitTest>
    <UnitTest name="Laya.Core.Tests.Evaluation.LayaPolicyEvaluatorTests.Classify_UsesExplicitPolicyAndRequiresBothAutoThresholds" storage="/srv/hermes_agent/home/workspace/repo/layadotnetpoc/tests/laya.core.tests/bin/debug/net8.0/laya.core.tests.dll" id="29b3ac31-720d-caad-df3a-daadc0fdd8f8">
      <Execution id="32caba35-2f2b-456c-8828-d8b09e1b5b31" />
      <TestMethod codeBase="/srv/hermes_agent/home/workspace/Repo/LayaDotNetPoc/tests/Laya.Core.Tests/bin/Debug/net8.0/Laya.Core.Tests.dll" adapterTypeName="executor://xunit/VsTestRunner3/netcore/" className="Laya.Core.Tests.Evaluation.LayaPolicyEvaluatorTests" name="Classify_UsesExplicitPolicyAndRequiresBothAutoThresholds" />
    </UnitTest>
    <UnitTest name="Laya.Core.Tests.Serialization.LayaStateSerializerTests.Serialize_RejectsNonFiniteNumbers(value: 非數值)" storage="/srv/hermes_agent/home/workspace/repo/layadotnetpoc/tests/laya.core.tests/bin/debug/net8.0/laya.core.tests.dll" id="b54e6c8f-b2b9-a209-0997-302277324d37">
      <Execution id="6425d8d4-bbe7-4206-9233-2abd90cdcfb2" />
      <TestMethod codeBase="/srv/hermes_agent/home/workspace/Repo/LayaDotNetPoc/tests/Laya.Core.Tests/bin/Debug/net8.0/Laya.Core.Tests.dll" adapterTypeName="executor://xunit/VsTestRunner3/netcore/" className="Laya.Core.Tests.Serialization.LayaStateSerializerTests" name="Serialize_RejectsNonFiniteNumbers" />
    </UnitTest>
  </TestDefinitions>
  <TestEntries>
    <TestEntry testId="92602ff1-e2fd-f84c-9ef5-2cc70663d8bd" executionId="f46aa427-6695-4fb0-a0b7-805d6aacd75a" testListId="8c84fa94-04c1-424b-9868-57a2d4851a1d" />
    <TestEntry testId="8bd05023-d89f-7c9b-676d-b318e84ead1c" executionId="46668cb0-d68a-4b5d-bd48-7310bf67b33c" testListId="8c84fa94-04c1-424b-9868-57a2d4851a1d" />
    <TestEntry testId="8aad2d6a-11f9-ac95-72b6-5ec69c88ec9f" executionId="a41048f0-177d-4031-8e74-ab255ac8c5d7" testListId="8c84fa94-04c1-424b-9868-57a2d4851a1d" />
    <TestEntry testId="72c7208d-d18a-5814-cbb7-9cf9df1bb8ef" executionId="421b23d3-f4f7-4008-bfca-b022fd2909c9" testListId="8c84fa94-04c1-424b-9868-57a2d4851a1d" />
    <TestEntry testId="7dd383ee-e171-d208-487c-26b5699276b8" executionId="43b44bc7-8e83-4411-a72a-0babcefa180e" testListId="8c84fa94-04c1-424b-9868-57a2d4851a1d" />
    <TestEntry testId="5893dbdb-c8ab-e857-ed8a-a2b8c09ce485" executionId="7e815486-8715-40b8-b865-6fe0c1b1a000" testListId="8c84fa94-04c1-424b-9868-57a2d4851a1d" />
    <TestEntry testId="fd3278fc-9688-b0f4-9ed9-1d9fd40b5587" executionId="21b49f01-5efd-409d-927e-f0fe41f4678c" testListId="8c84fa94-04c1-424b-9868-57a2d4851a1d" />
    <TestEntry testId="c385fd58-2b7f-0d8e-1b9c-fb2981f72941" executionId="ed91cc69-4493-4057-8931-63d743292482" testListId="8c84fa94-04c1-424b-9868-57a2d4851a1d" />
    <TestEntry testId="4c1469ce-9ded-7d54-3770-88f4e833bb94" executionId="3fc3fc01-5af7-416b-a848-e3446cd9accb" testListId="8c84fa94-04c1-424b-9868-57a2d4851a1d" />
    <TestEntry testId="f741a2d8-337a-654c-ea44-9e1f187188a9" executionId="0b6f8e4f-8cd3-4dc2-b7a8-69d01fd789a3" testListId="8c84fa94-04c1-424b-9868-57a2d4851a1d" />
    <TestEntry testId="b74ccaf3-73a9-2ce9-155f-5ef57434e7a1" executionId="c95b1028-f458-45b9-b75a-50bfc88d2d00" testListId="8c84fa94-04c1-424b-9868-57a2d4851a1d" />
    <TestEntry testId="0ab55ba8-b622-9b89-5fa6-c55edeeed3e7" executionId="7f55659b-ed9a-4824-ba89-07d50c25c23f" testListId="8c84fa94-04c1-424b-9868-57a2d4851a1d" />
    <TestEntry testId="63aeaaae-d5fa-42d7-2eee-ad0b19731764" executionId="85ff4435-a1a5-40a2-ae8a-f38e262a2dfb" testListId="8c84fa94-04c1-424b-9868-57a2d4851a1d" />
    <TestEntry testId="7429706b-df14-299a-6381-92bdfab5d429" executionId="fbe907e2-1d87-49e0-bc25-35818046ca6f" testListId="8c84fa94-04c1-424b-9868-57a2d4851a1d" />
    <TestEntry testId="eb1a16d3-3615-a9d1-dbaf-2ff92189189a" executionId="8df8f439-6a49-4cda-b013-9aec4ba5cdad" testListId="8c84fa94-04c1-424b-9868-57a2d4851a1d" />
    <TestEntry testId="f937e294-b2b8-7c76-aae9-605d55a27486" executionId="1c2cb6f0-9fc5-41eb-bb4a-16ec4e2e88fa" testListId="8c84fa94-04c1-424b-9868-57a2d4851a1d" />
    <TestEntry testId="ae35ba37-f0fb-1b64-64c6-68ec18ac4506" executionId="02987012-0745-48c5-91d5-90f01979ee05" testListId="8c84fa94-04c1-424b-9868-57a2d4851a1d" />
    <TestEntry testId="2e5836e3-bab2-ade5-5195-350cafad28fc" executionId="29e13fad-2d33-47af-8784-ce30f6578414" testListId="8c84fa94-04c1-424b-9868-57a2d4851a1d" />
    <TestEntry testId="d1febd40-c36c-d980-e99b-af9fb9d9bc49" executionId="f24430cf-a4ee-4eaa-971b-4851a290cb3e" testListId="8c84fa94-04c1-424b-9868-57a2d4851a1d" />
    <TestEntry testId="682b5c9c-f4fb-8db2-a4a0-df1d1e024f74" executionId="716c58d1-b214-4644-bd02-e30c9a713059" testListId="8c84fa94-04c1-424b-9868-57a2d4851a1d" />
    <TestEntry testId="7883811d-1533-235e-9f82-ae1abc800254" executionId="6bc49a93-93d1-4f11-8be4-ef3dd0b26c52" testListId="8c84fa94-04c1-424b-9868-57a2d4851a1d" />
    <TestEntry testId="0eb4719f-4ed7-c6d1-781b-281b9dc9d7e7" executionId="b142724b-3d0e-4485-9606-425774208d4e" testListId="8c84fa94-04c1-424b-9868-57a2d4851a1d" />
    <TestEntry testId="1c8dff0b-8bdb-117b-8311-c9c50595362f" executionId="92dd9198-9ab8-4e83-b603-231fb9c06576" testListId="8c84fa94-04c1-424b-9868-57a2d4851a1d" />
    <TestEntry testId="69bde749-d479-2c87-99d0-562394f8bfb7" executionId="e6b19876-8481-47e6-ae41-5bc8d55b9c6f" testListId="8c84fa94-04c1-424b-9868-57a2d4851a1d" />
    <TestEntry testId="5f240c42-966f-7fda-6b54-e01c1e2b6ca7" executionId="8ce48bac-6968-4fbb-b0aa-6f33d9a84f40" testListId="8c84fa94-04c1-424b-9868-57a2d4851a1d" />
    <TestEntry testId="29b3ac31-720d-caad-df3a-daadc0fdd8f8" executionId="32caba35-2f2b-456c-8828-d8b09e1b5b31" testListId="8c84fa94-04c1-424b-9868-57a2d4851a1d" />
    <TestEntry testId="e496713b-5113-b43c-c5e2-e05c8650dfe0" executionId="428e0575-bd8c-4f39-8e15-496a5e83c19e" testListId="8c84fa94-04c1-424b-9868-57a2d4851a1d" />
    <TestEntry testId="83984e42-069b-0633-a886-ad7e333ad833" executionId="dd3a7841-80f1-487b-b6db-59a62914cd20" testListId="8c84fa94-04c1-424b-9868-57a2d4851a1d" />
    <TestEntry testId="60bff501-077b-9736-aa74-d32bd927d28a" executionId="936ae770-0a14-418c-baea-cec3eac8ca53" testListId="8c84fa94-04c1-424b-9868-57a2d4851a1d" />
    <TestEntry testId="35af24f0-fdec-0311-f988-ec181b7c8ec5" executionId="8a57c2af-93e1-4d52-960c-f6cc6c57dda8" testListId="8c84fa94-04c1-424b-9868-57a2d4851a1d" />
    <TestEntry testId="721ed0e1-a460-ed90-5e80-849ecd227c32" executionId="50d8eaad-3ce6-4240-968c-45cd74b716cf" testListId="8c84fa94-04c1-424b-9868-57a2d4851a1d" />
    <TestEntry testId="8427ac69-13e6-b60b-a571-e3ffea2e4051" executionId="cc5ae399-9edb-4089-98ff-ef4f73658f4e" testListId="8c84fa94-04c1-424b-9868-57a2d4851a1d" />
    <TestEntry testId="560fdb82-d999-7407-aace-3aa04be69bbb" executionId="f1468093-648c-4ad9-929a-8cc2a4e6edb1" testListId="8c84fa94-04c1-424b-9868-57a2d4851a1d" />
    <TestEntry testId="f76dde54-b1c1-4b55-6051-71752aba5a2a" executionId="b2aae23a-328d-4339-a11e-91b5064df1c2" testListId="8c84fa94-04c1-424b-9868-57a2d4851a1d" />
    <TestEntry testId="bf9d5322-648a-7b7d-41e3-8346bbec88a6" executionId="867c9f2b-7ea1-45b6-9cbe-d961dbfc4e07" testListId="8c84fa94-04c1-424b-9868-57a2d4851a1d" />
    <TestEntry testId="c9d3788f-0c97-6a68-18c7-0ea0f43edb65" executionId="9de0d2ec-ac1f-4ed0-9453-02e426c82a08" testListId="8c84fa94-04c1-424b-9868-57a2d4851a1d" />
    <TestEntry testId="9cd5f8da-28ad-2b2a-7e3a-b9e8917bf925" executionId="fdac86fb-0ead-4967-bd62-6877b1446023" testListId="8c84fa94-04c1-424b-9868-57a2d4851a1d" />
    <TestEntry testId="39080e42-27e3-51b2-323e-addc884d80ef" executionId="d70cdb19-e653-47c5-99ca-e7343e847c84" testListId="8c84fa94-04c1-424b-9868-57a2d4851a1d" />
    <TestEntry testId="7f2ac123-a212-8890-1180-b177849892ae" executionId="0da5d299-bfcc-4fec-9d80-9d6d0a2595a3" testListId="8c84fa94-04c1-424b-9868-57a2d4851a1d" />
    <TestEntry testId="89d27819-eb28-5c0a-6bbb-c794a255ec9e" executionId="0dd90bde-b132-412c-ab89-5bb55c0e4d79" testListId="8c84fa94-04c1-424b-9868-57a2d4851a1d" />
    <TestEntry testId="3c1ff89b-8d36-49cf-9da4-94e679d4b356" executionId="f80b3c7f-49c6-43bb-b9d0-8332889124f3" testListId="8c84fa94-04c1-424b-9868-57a2d4851a1d" />
    <TestEntry testId="a9b13a74-2262-2274-8fd1-edb6edd2b8e9" executionId="17a389f3-e82d-4382-ab58-053532076387" testListId="8c84fa94-04c1-424b-9868-57a2d4851a1d" />
    <TestEntry testId="63352fb3-766f-4047-3170-f13c2821f23c" executionId="320911ac-3405-42fd-8628-3decc8dd53c2" testListId="8c84fa94-04c1-424b-9868-57a2d4851a1d" />
    <TestEntry testId="7253decf-b393-d62d-07dd-bdeacbe0c967" executionId="0cdd4942-002d-40ff-af14-ffd5c45b03b3" testListId="8c84fa94-04c1-424b-9868-57a2d4851a1d" />
    <TestEntry testId="3625730f-ff79-0abf-6c56-e32b3721e905" executionId="a56b8981-d814-439f-8829-fe7dd6a67e4c" testListId="8c84fa94-04c1-424b-9868-57a2d4851a1d" />
    <TestEntry testId="77a60c11-eb59-55d7-9ff4-6e48f38caf02" executionId="9240fbfd-6a7f-4544-9630-1843e1d600d2" testListId="8c84fa94-04c1-424b-9868-57a2d4851a1d" />
    <TestEntry testId="8c1c0123-197b-b1a2-9728-4f4406314d9f" executionId="2400bb21-2c3f-44fd-bade-b1a15d2c32b3" testListId="8c84fa94-04c1-424b-9868-57a2d4851a1d" />
    <TestEntry testId="2f97a60d-87bd-9eba-268d-e2c3e2febdf4" executionId="00fdc8c5-ba51-44b3-8937-bc64087a8b22" testListId="8c84fa94-04c1-424b-9868-57a2d4851a1d" />
    <TestEntry testId="7a50c48f-89d3-aacc-9004-321d896236ec" executionId="ffa6ee2b-999c-421d-bca2-49be67e9ae8b" testListId="8c84fa94-04c1-424b-9868-57a2d4851a1d" />
    <TestEntry testId="d9578438-6519-9dd9-4973-ffb473cf88e4" executionId="471d486f-bc38-42d5-9aa2-ad99747eb66a" testListId="8c84fa94-04c1-424b-9868-57a2d4851a1d" />
    <TestEntry testId="5073e2ac-4ab2-6733-872f-097e0477e23b" executionId="bed64552-6a3b-4220-8711-ec5fbbfa72cc" testListId="8c84fa94-04c1-424b-9868-57a2d4851a1d" />
    <TestEntry testId="bf8de1ec-04b6-1fc0-bc2c-01aff8c9fcdc" executionId="c943eab4-2335-4cd4-99b2-8bc585492dc5" testListId="8c84fa94-04c1-424b-9868-57a2d4851a1d" />
    <TestEntry testId="1211b0ea-e85f-18df-b362-5e9d7974abd6" executionId="6a2f7821-2ff9-4a48-8e26-07fe88a06a18" testListId="8c84fa94-04c1-424b-9868-57a2d4851a1d" />
    <TestEntry testId="877d1220-7b45-7886-2478-8fe290b5c07e" executionId="26aca412-8222-4d13-b000-3727fe18fd54" testListId="8c84fa94-04c1-424b-9868-57a2d4851a1d" />
    <TestEntry testId="5cd56f3c-9f48-cd5a-9e00-728f31a273ce" executionId="14b3953c-5f14-4b36-abc7-529ff7e3ef33" testListId="8c84fa94-04c1-424b-9868-57a2d4851a1d" />
    <TestEntry testId="010f16f4-acc3-163a-6ab1-f62bc8f0c769" executionId="faab0239-6e9c-497f-aaa8-8a5d4c9ad75b" testListId="8c84fa94-04c1-424b-9868-57a2d4851a1d" />
    <TestEntry testId="26979fc2-a61b-8d02-00e8-cc23ca3321f2" executionId="38454cd8-deb3-4399-a8d3-811a7adcfe71" testListId="8c84fa94-04c1-424b-9868-57a2d4851a1d" />
    <TestEntry testId="eeed1600-2cd4-3eeb-4b6f-996ec7dc8f79" executionId="eab2282f-1a2d-4ad9-9e4f-e0a60b4f40b8" testListId="8c84fa94-04c1-424b-9868-57a2d4851a1d" />
    <TestEntry testId="d765ecb7-a63a-b595-4998-75bdaea78c02" executionId="9aa42f97-5cd2-4381-aca5-8aed7725997f" testListId="8c84fa94-04c1-424b-9868-57a2d4851a1d" />
    <TestEntry testId="b54e6c8f-b2b9-a209-0997-302277324d37" executionId="6425d8d4-bbe7-4206-9233-2abd90cdcfb2" testListId="8c84fa94-04c1-424b-9868-57a2d4851a1d" />
    <TestEntry testId="5d8bf1ea-f96f-5452-82be-f82920781ec5" executionId="820ca400-77df-430b-ba4c-6c7d5b27e5d8" testListId="8c84fa94-04c1-424b-9868-57a2d4851a1d" />
    <TestEntry testId="a982a7f3-557e-7a55-6f49-6e8a03da6bf8" executionId="3a680640-4400-493a-a111-8c019af9ba85" testListId="8c84fa94-04c1-424b-9868-57a2d4851a1d" />
    <TestEntry testId="509eb290-b2f9-f7e8-4dda-f2c728014b4b" executionId="b07519cb-b850-445b-a56f-0ee73a851723" testListId="8c84fa94-04c1-424b-9868-57a2d4851a1d" />
    <TestEntry testId="e5375872-944b-99e5-0ac3-f53e57498348" executionId="d0dd2fbd-f053-4719-a9ff-3c6021146381" testListId="8c84fa94-04c1-424b-9868-57a2d4851a1d" />
    <TestEntry testId="a5dc8673-0fb2-0a09-bd3d-45dc5791632a" executionId="c0184bca-6299-4f47-960f-51131d5fea66" testListId="8c84fa94-04c1-424b-9868-57a2d4851a1d" />
    <TestEntry testId="13dfeb7e-0905-5d9c-8c6e-94594caaf9a4" executionId="f2f12133-eba3-4ad1-bf81-77da912e8976" testListId="8c84fa94-04c1-424b-9868-57a2d4851a1d" />
    <TestEntry testId="7b14ff67-d06c-8f02-21c9-4b831a50d396" executionId="17da394a-0a1d-43cc-9f58-7342378832bd" testListId="8c84fa94-04c1-424b-9868-57a2d4851a1d" />
    <TestEntry testId="d238a054-04c5-92ab-a6de-64287417e6a0" executionId="2ac850c2-6a6f-4152-a5e7-a0468f07eca7" testListId="8c84fa94-04c1-424b-9868-57a2d4851a1d" />
    <TestEntry testId="e26c0407-df1d-2658-2516-8ba215ea9859" executionId="74a4e229-7599-4cd7-ae38-adc23d881b10" testListId="8c84fa94-04c1-424b-9868-57a2d4851a1d" />
    <TestEntry testId="c4be771a-6fef-c57c-dd25-ee51fad7f1d9" executionId="ae6ac7db-6f0c-4579-be2f-13d341721cca" testListId="8c84fa94-04c1-424b-9868-57a2d4851a1d" />
    <TestEntry testId="22c887c8-f2b3-52d6-ad8f-9fdd08cfdd1f" executionId="cbe7c3d3-f985-4fcb-ad0a-461d9ee765bd" testListId="8c84fa94-04c1-424b-9868-57a2d4851a1d" />
    <TestEntry testId="7a552f15-70cd-4a0c-5ae9-6c31065018ec" executionId="ca107f3a-a684-4aca-a6cb-6610c19e5c9f" testListId="8c84fa94-04c1-424b-9868-57a2d4851a1d" />
    <TestEntry testId="e5311441-621b-1d15-b712-0e3642674e08" executionId="be892d20-3366-44ce-b54f-60582d84c072" testListId="8c84fa94-04c1-424b-9868-57a2d4851a1d" />
    <TestEntry testId="4a3ae34e-3f38-1aa8-57a8-99156a8c8cad" executionId="f02df546-b01f-47e7-8a54-6dcf3e6f4840" testListId="8c84fa94-04c1-424b-9868-57a2d4851a1d" />
    <TestEntry testId="97180225-d06c-b7bb-d520-1b6ca251531b" executionId="a9cd8d4f-c38d-4cc3-a670-5aff0b777052" testListId="8c84fa94-04c1-424b-9868-57a2d4851a1d" />
  </TestEntries>
  <TestLists>
    <TestList name="不在清單中的結果" id="8c84fa94-04c1-424b-9868-57a2d4851a1d" />
    <TestList name="所有載入的結果" id="19431567-8539-422a-85d7-44ee4e166bda" />
  </TestLists>
  <ResultSummary outcome="Completed">
    <Counters total="75" executed="75" passed="75" failed="0" error="0" timeout="0" aborted="0" inconclusive="0" passedButRunAborted="0" notRunnable="0" notExecuted="0" disconnected="0" warning="0" completed="0" inProgress="0" pending="0" />
    <Output>
      <StdOut>[xUnit.net 00:00:00.00] xUnit.net VSTest Adapter v4.0.0+05679a7ab5 (64-bit .NET 10.0.12)
[xUnit.net 00:00:00.10]   Discovering: Laya.Core.Tests
[xUnit.net 00:00:00.19]   Discovered:  Laya.Core.Tests
[xUnit.net 00:00:00.31]   Starting:    Laya.Core.Tests
[xUnit.net 00:00:00.51]   Finished:    Laya.Core.Tests
</StdOut>
    </Output>
  </ResultSummary>
</TestRun>