<?xml version="1.0" encoding="utf-8"?>
<TestRun id="8ea9b789-4f29-4b63-adee-ae87f19e36dc" name="@Frieren 2026-09-24 08:36:16" xmlns="http://microsoft.com/schemas/VisualStudio/TeamTest/2010">
  <Times creation="2026-09-24T08:36:16.8235152+08:00" queuing="2026-09-24T08:36:16.8235153+08:00" start="2026-09-24T08:36:13.7972395+08:00" finish="2026-09-24T08:36:16.8280799+08:00" />
  <TestSettings name="default" id="70607bc6-5289-45b5-b746-fdb4d0be48c2">
    <Deployment runDeploymentRoot="_Frieren_2026-09-24_08_36_16" />
  </TestSettings>
  <Results>
    <UnitTestResult executionId="09483e25-aaab-440c-90eb-e3db179348d4" testId="7f7c9373-ecaf-13c0-808a-51c725df451f" testName="Laya.Core.Tests.Encoding.MultilingualSequenceParityTests.Build_CriteriaMappingPreservesAnswerKeysAndOfficialPrompt" computerName="Frieren" duration="00:00:01.2718580" startTime="2026-09-24T08:36:14.4250457+08:00" endTime="2026-09-24T08:36:15.7040844+08:00" testType="13cdc9d9-ddb5-4fa4-a97d-d965ccfc6d4b" outcome="Passed" testListId="8c84fa94-04c1-424b-9868-57a2d4851a1d" relativeResultsDirectory="09483e25-aaab-440c-90eb-e3db179348d4" />
    <UnitTestResult executionId="1ecced82-a4d2-49cb-9f62-f0ad39d61955" testId="cda4d416-1cc4-2871-4289-6b19913af96c" testName="Laya.Core.Tests.Tokenization.MultilingualTokenizerParityTests.Encode_MatchesAllOfficialMultilingualFixtures" computerName="Frieren" duration="00:00:01.2718782" startTime="2026-09-24T08:36:14.4265810+08:00" endTime="2026-09-24T08:36:15.7076347+08:00" testType="13cdc9d9-ddb5-4fa4-a97d-d965ccfc6d4b" outcome="Passed" testListId="8c84fa94-04c1-424b-9868-57a2d4851a1d" relativeResultsDirectory="1ecced82-a4d2-49cb-9f62-f0ad39d61955" />
    <UnitTestResult executionId="c2ed6be3-047f-4f5f-bd97-62c6fc11eb89" testId="fcaf114c-e242-5871-25a7-7c4de5ec965d" testName="Laya.Core.Tests.Encoding.MultilingualSequenceParityTests.Build_MatchesOfficialChoiceTrace" computerName="Frieren" duration="00:00:00.8978244" startTime="2026-09-24T08:36:15.7157602+08:00" endTime="2026-09-24T08:36:16.6026098+08:00" testType="13cdc9d9-ddb5-4fa4-a97d-d965ccfc6d4b" outcome="Passed" testListId="8c84fa94-04c1-424b-9868-57a2d4851a1d" relativeResultsDirectory="c2ed6be3-047f-4f5f-bd97-62c6fc11eb89" />
  </Results>
  <TestDefinitions>
    <UnitTest name="Laya.Core.Tests.Tokenization.MultilingualTokenizerParityTests.Encode_MatchesAllOfficialMultilingualFixtures" storage="/srv/hermes_agent/home/workspace/repo/layadotnetpoc/tests/laya.core.tests/bin/debug/net8.0/laya.core.tests.dll" id="cda4d416-1cc4-2871-4289-6b19913af96c">
      <Execution id="1ecced82-a4d2-49cb-9f62-f0ad39d61955" />
      <TestMethod codeBase="/srv/hermes_agent/home/workspace/Repo/LayaDotNetPoc/tests/Laya.Core.Tests/bin/Debug/net8.0/Laya.Core.Tests.dll" adapterTypeName="executor://xunit/VsTestRunner3/netcore/" className="Laya.Core.Tests.Tokenization.MultilingualTokenizerParityTests" name="Encode_MatchesAllOfficialMultilingualFixtures" />
    </UnitTest>
    <UnitTest name="Laya.Core.Tests.Encoding.MultilingualSequenceParityTests.Build_CriteriaMappingPreservesAnswerKeysAndOfficialPrompt" storage="/srv/hermes_agent/home/workspace/repo/layadotnetpoc/tests/laya.core.tests/bin/debug/net8.0/laya.core.tests.dll" id="7f7c9373-ecaf-13c0-808a-51c725df451f">
      <Execution id="09483e25-aaab-440c-90eb-e3db179348d4" />
      <TestMethod codeBase="/srv/hermes_agent/home/workspace/Repo/LayaDotNetPoc/tests/Laya.Core.Tests/bin/Debug/net8.0/Laya.Core.Tests.dll" adapterTypeName="executor://xunit/VsTestRunner3/netcore/" className="Laya.Core.Tests.Encoding.MultilingualSequenceParityTests" name="Build_CriteriaMappingPreservesAnswerKeysAndOfficialPrompt" />
    </UnitTest>
    <UnitTest name="Laya.Core.Tests.Encoding.MultilingualSequenceParityTests.Build_MatchesOfficialChoiceTrace" storage="/srv/hermes_agent/home/workspace/repo/layadotnetpoc/tests/laya.core.tests/bin/debug/net8.0/laya.core.tests.dll" id="fcaf114c-e242-5871-25a7-7c4de5ec965d">
      <Execution id="c2ed6be3-047f-4f5f-bd97-62c6fc11eb89" />
      <TestMethod codeBase="/srv/hermes_agent/home/workspace/Repo/LayaDotNetPoc/tests/Laya.Core.Tests/bin/Debug/net8.0/Laya.Core.Tests.dll" adapterTypeName="executor://xunit/VsTestRunner3/netcore/" className="Laya.Core.Tests.Encoding.MultilingualSequenceParityTests" name="Build_MatchesOfficialChoiceTrace" />
    </UnitTest>
  </TestDefinitions>
  <TestEntries>
    <TestEntry testId="7f7c9373-ecaf-13c0-808a-51c725df451f" executionId="09483e25-aaab-440c-90eb-e3db179348d4" testListId="8c84fa94-04c1-424b-9868-57a2d4851a1d" />
    <TestEntry testId="cda4d416-1cc4-2871-4289-6b19913af96c" executionId="1ecced82-a4d2-49cb-9f62-f0ad39d61955" testListId="8c84fa94-04c1-424b-9868-57a2d4851a1d" />
    <TestEntry testId="fcaf114c-e242-5871-25a7-7c4de5ec965d" executionId="c2ed6be3-047f-4f5f-bd97-62c6fc11eb89" testListId="8c84fa94-04c1-424b-9868-57a2d4851a1d" />
  </TestEntries>
  <TestLists>
    <TestList name="不在清單中的結果" id="8c84fa94-04c1-424b-9868-57a2d4851a1d" />
    <TestList name="所有載入的結果" id="19431567-8539-422a-85d7-44ee4e166bda" />
  </TestLists>
  <ResultSummary outcome="Completed">
    <Counters total="3" executed="3" passed="3" failed="0" error="0" timeout="0" aborted="0" inconclusive="0" passedButRunAborted="0" notRunnable="0" notExecuted="0" disconnected="0" warning="0" completed="0" inProgress="0" pending="0" />
    <Output>
      <StdOut>[xUnit.net 00:00:00.00] xUnit.net VSTest Adapter v4.0.0+05679a7ab5 (64-bit .NET 10.0.12)
[xUnit.net 00:00:00.09]   Discovering: Laya.Core.Tests
[xUnit.net 00:00:00.18]   Discovered:  Laya.Core.Tests
[xUnit.net 00:00:00.28]   Starting:    Laya.Core.Tests
[xUnit.net 00:00:02.48]   Finished:    Laya.Core.Tests
</StdOut>
    </Output>
  </ResultSummary>
</TestRun>