<?xml version="1.0" encoding="utf-8"?>
<TestRun id="6ccbf8a2-69f0-40fe-9e63-d0b55b509830" name="@Frieren 2026-09-24 01:56:13" xmlns="http://microsoft.com/schemas/VisualStudio/TeamTest/2010">
  <Times creation="2026-09-24T01:56:13.8608664+08:00" queuing="2026-09-24T01:56:13.8608665+08:00" start="2026-09-24T01:56:10.1890588+08:00" finish="2026-09-24T01:56:34.1173583+08:00" />
  <TestSettings name="default" id="6e56a129-db3c-4b22-8a75-39c84cb6cde5">
    <Deployment runDeploymentRoot="_Frieren_2026-09-24_01_56_13" />
  </TestSettings>
  <Results>
    <UnitTestResult executionId="25195eb6-4416-4eb0-ba36-ec3a622a7ca3" testId="6cb1d6b0-ad72-7d93-3eae-619ef0111397" testName="Laya.Core.Tests.Inference.LayaDecisionEngineTests.Decide_RejectsUnsupportedScore" computerName="Frieren" duration="00:00:03.0235907" startTime="2026-09-24T01:56:13.5410272+08:00" endTime="2026-09-24T01:56:16.5632124+08:00" testType="13cdc9d9-ddb5-4fa4-a97d-d965ccfc6d4b" outcome="Passed" testListId="8c84fa94-04c1-424b-9868-57a2d4851a1d" relativeResultsDirectory="25195eb6-4416-4eb0-ba36-ec3a622a7ca3" />
    <UnitTestResult executionId="4ad937a3-6b96-4726-afb8-1ab4031c768c" testId="c2fc2da3-338c-2b9c-f3ec-d6809aa8efa1" testName="Laya.Core.Tests.Inference.LayaDecisionEngineTests.Decide_RejectsEmptyQuestions" computerName="Frieren" duration="00:00:02.6291707" startTime="2026-09-24T01:56:10.9010266+08:00" endTime="2026-09-24T01:56:13.5402739+08:00" testType="13cdc9d9-ddb5-4fa4-a97d-d965ccfc6d4b" outcome="Passed" testListId="8c84fa94-04c1-424b-9868-57a2d4851a1d" relativeResultsDirectory="4ad937a3-6b96-4726-afb8-1ab4031c768c" />
    <UnitTestResult executionId="6c3e31dc-1a04-4464-bf46-7a2dee33c83b" testId="a2dada05-6d8f-4ba7-6dba-598113869240" testName="Laya.Core.Tests.Models.LayaOnnxSessionTests.Open_ValidatesEnglishBundleSchema" computerName="Frieren" duration="00:00:02.3728223" startTime="2026-09-24T01:56:10.9027929+08:00" endTime="2026-09-24T01:56:13.2846535+08:00" testType="13cdc9d9-ddb5-4fa4-a97d-d965ccfc6d4b" outcome="Passed" testListId="8c84fa94-04c1-424b-9868-57a2d4851a1d" relativeResultsDirectory="6c3e31dc-1a04-4464-bf46-7a2dee33c83b" />
    <UnitTestResult executionId="978fcff3-3061-4ac6-be9a-882ec1577f4a" testId="ae7c69f4-f1b9-85f3-ad68-47cee410c0cb" testName="Laya.Core.Tests.Parity.LayaParityFixtureTests.ReferenceFixtures_MatchDotNetImplementation" computerName="Frieren" duration="00:00:10.6632762" startTime="2026-09-24T01:56:10.9029097+08:00" endTime="2026-09-24T01:56:21.5718075+08:00" testType="13cdc9d9-ddb5-4fa4-a97d-d965ccfc6d4b" outcome="Passed" testListId="8c84fa94-04c1-424b-9868-57a2d4851a1d" relativeResultsDirectory="978fcff3-3061-4ac6-be9a-882ec1577f4a" />
    <UnitTestResult executionId="341f6b2f-565b-44ad-b0f2-3edfbbd7d211" testId="ee1dd62b-a6fd-5465-9914-ff2e36624167" testName="Laya.Core.Tests.Inference.LayaDecisionEngineTests.Decide_RejectsDuplicateQuestionNames" computerName="Frieren" duration="00:00:03.4096201" startTime="2026-09-24T01:56:16.5634253+08:00" endTime="2026-09-24T01:56:19.9712702+08:00" testType="13cdc9d9-ddb5-4fa4-a97d-d965ccfc6d4b" outcome="Passed" testListId="8c84fa94-04c1-424b-9868-57a2d4851a1d" relativeResultsDirectory="341f6b2f-565b-44ad-b0f2-3edfbbd7d211" />
    <UnitTestResult executionId="894bb3f2-3fa1-40e1-81ae-c4a8226818d1" testId="aec35a03-880f-40de-d6ab-87379be9aebb" testName="Laya.Core.Tests.Inference.LayaInferenceRunnerTests.Run_ReturnsExpectedOutputShapesAndFiniteValues" computerName="Frieren" duration="00:00:04.2661097" startTime="2026-09-24T01:56:10.9029333+08:00" endTime="2026-09-24T01:56:15.1756179+08:00" testType="13cdc9d9-ddb5-4fa4-a97d-d965ccfc6d4b" outcome="Passed" testListId="8c84fa94-04c1-424b-9868-57a2d4851a1d" relativeResultsDirectory="894bb3f2-3fa1-40e1-81ae-c4a8226818d1" />
    <UnitTestResult executionId="08f9d859-71d7-4c58-b5c9-86cb3eb5b538" testId="96e90ba2-d381-c893-7a6f-02c03040ae6d" testName="Laya.Core.Tests.Evaluation.LayaTransactionIntegrationTests.CsvTransactions_ReturnLegalAnswersAndLatency" computerName="Frieren" duration="00:00:23.0497011" startTime="2026-09-24T01:56:10.9028792+08:00" endTime="2026-09-24T01:56:33.9580399+08:00" testType="13cdc9d9-ddb5-4fa4-a97d-d965ccfc6d4b" outcome="Passed" testListId="8c84fa94-04c1-424b-9868-57a2d4851a1d" relativeResultsDirectory="08f9d859-71d7-4c58-b5c9-86cb3eb5b538" />
    <UnitTestResult executionId="f7b312a1-a0c2-4a64-8eaf-e9d2194e5f0d" testId="ea36ca46-ee85-072e-f046-87254172380c" testName="Laya.Core.Tests.Inference.LayaDecisionEngineTests.Decide_ReturnsOrderedChoiceAndNoulAnswers" computerName="Frieren" duration="00:00:03.5609461" startTime="2026-09-24T01:56:19.9719086+08:00" endTime="2026-09-24T01:56:23.5323673+08:00" testType="13cdc9d9-ddb5-4fa4-a97d-d965ccfc6d4b" outcome="Passed" testListId="8c84fa94-04c1-424b-9868-57a2d4851a1d" relativeResultsDirectory="f7b312a1-a0c2-4a64-8eaf-e9d2194e5f0d" />
  </Results>
  <TestDefinitions>
    <UnitTest name="Laya.Core.Tests.Inference.LayaInferenceRunnerTests.Run_ReturnsExpectedOutputShapesAndFiniteValues" storage="/srv/hermes_agent/home/workspace/repo/layadotnetpoc/tests/laya.core.tests/bin/debug/net8.0/laya.core.tests.dll" id="aec35a03-880f-40de-d6ab-87379be9aebb">
      <Execution id="894bb3f2-3fa1-40e1-81ae-c4a8226818d1" />
      <TestMethod codeBase="/srv/hermes_agent/home/workspace/Repo/LayaDotNetPoc/tests/Laya.Core.Tests/bin/Debug/net8.0/Laya.Core.Tests.dll" adapterTypeName="executor://xunit/VsTestRunner3/netcore/" className="Laya.Core.Tests.Inference.LayaInferenceRunnerTests" name="Run_ReturnsExpectedOutputShapesAndFiniteValues" />
    </UnitTest>
    <UnitTest name="Laya.Core.Tests.Inference.LayaDecisionEngineTests.Decide_RejectsEmptyQuestions" storage="/srv/hermes_agent/home/workspace/repo/layadotnetpoc/tests/laya.core.tests/bin/debug/net8.0/laya.core.tests.dll" id="c2fc2da3-338c-2b9c-f3ec-d6809aa8efa1">
      <Execution id="4ad937a3-6b96-4726-afb8-1ab4031c768c" />
      <TestMethod codeBase="/srv/hermes_agent/home/workspace/Repo/LayaDotNetPoc/tests/Laya.Core.Tests/bin/Debug/net8.0/Laya.Core.Tests.dll" adapterTypeName="executor://xunit/VsTestRunner3/netcore/" className="Laya.Core.Tests.Inference.LayaDecisionEngineTests" name="Decide_RejectsEmptyQuestions" />
    </UnitTest>
    <UnitTest name="Laya.Core.Tests.Parity.LayaParityFixtureTests.ReferenceFixtures_MatchDotNetImplementation" storage="/srv/hermes_agent/home/workspace/repo/layadotnetpoc/tests/laya.core.tests/bin/debug/net8.0/laya.core.tests.dll" id="ae7c69f4-f1b9-85f3-ad68-47cee410c0cb">
      <Execution id="978fcff3-3061-4ac6-be9a-882ec1577f4a" />
      <TestMethod codeBase="/srv/hermes_agent/home/workspace/Repo/LayaDotNetPoc/tests/Laya.Core.Tests/bin/Debug/net8.0/Laya.Core.Tests.dll" adapterTypeName="executor://xunit/VsTestRunner3/netcore/" className="Laya.Core.Tests.Parity.LayaParityFixtureTests" name="ReferenceFixtures_MatchDotNetImplementation" />
    </UnitTest>
    <UnitTest name="Laya.Core.Tests.Inference.LayaDecisionEngineTests.Decide_ReturnsOrderedChoiceAndNoulAnswers" storage="/srv/hermes_agent/home/workspace/repo/layadotnetpoc/tests/laya.core.tests/bin/debug/net8.0/laya.core.tests.dll" id="ea36ca46-ee85-072e-f046-87254172380c">
      <Execution id="f7b312a1-a0c2-4a64-8eaf-e9d2194e5f0d" />
      <TestMethod codeBase="/srv/hermes_agent/home/workspace/Repo/LayaDotNetPoc/tests/Laya.Core.Tests/bin/Debug/net8.0/Laya.Core.Tests.dll" adapterTypeName="executor://xunit/VsTestRunner3/netcore/" className="Laya.Core.Tests.Inference.LayaDecisionEngineTests" name="Decide_ReturnsOrderedChoiceAndNoulAnswers" />
    </UnitTest>
    <UnitTest name="Laya.Core.Tests.Inference.LayaDecisionEngineTests.Decide_RejectsUnsupportedScore" storage="/srv/hermes_agent/home/workspace/repo/layadotnetpoc/tests/laya.core.tests/bin/debug/net8.0/laya.core.tests.dll" id="6cb1d6b0-ad72-7d93-3eae-619ef0111397">
      <Execution id="25195eb6-4416-4eb0-ba36-ec3a622a7ca3" />
      <TestMethod codeBase="/srv/hermes_agent/home/workspace/Repo/LayaDotNetPoc/tests/Laya.Core.Tests/bin/Debug/net8.0/Laya.Core.Tests.dll" adapterTypeName="executor://xunit/VsTestRunner3/netcore/" className="Laya.Core.Tests.Inference.LayaDecisionEngineTests" name="Decide_RejectsUnsupportedScore" />
    </UnitTest>
    <UnitTest name="Laya.Core.Tests.Models.LayaOnnxSessionTests.Open_ValidatesEnglishBundleSchema" storage="/srv/hermes_agent/home/workspace/repo/layadotnetpoc/tests/laya.core.tests/bin/debug/net8.0/laya.core.tests.dll" id="a2dada05-6d8f-4ba7-6dba-598113869240">
      <Execution id="6c3e31dc-1a04-4464-bf46-7a2dee33c83b" />
      <TestMethod codeBase="/srv/hermes_agent/home/workspace/Repo/LayaDotNetPoc/tests/Laya.Core.Tests/bin/Debug/net8.0/Laya.Core.Tests.dll" adapterTypeName="executor://xunit/VsTestRunner3/netcore/" className="Laya.Core.Tests.Models.LayaOnnxSessionTests" name="Open_ValidatesEnglishBundleSchema" />
    </UnitTest>
    <UnitTest name="Laya.Core.Tests.Evaluation.LayaTransactionIntegrationTests.CsvTransactions_ReturnLegalAnswersAndLatency" storage="/srv/hermes_agent/home/workspace/repo/layadotnetpoc/tests/laya.core.tests/bin/debug/net8.0/laya.core.tests.dll" id="96e90ba2-d381-c893-7a6f-02c03040ae6d">
      <Execution id="08f9d859-71d7-4c58-b5c9-86cb3eb5b538" />
      <TestMethod codeBase="/srv/hermes_agent/home/workspace/Repo/LayaDotNetPoc/tests/Laya.Core.Tests/bin/Debug/net8.0/Laya.Core.Tests.dll" adapterTypeName="executor://xunit/VsTestRunner3/netcore/" className="Laya.Core.Tests.Evaluation.LayaTransactionIntegrationTests" name="CsvTransactions_ReturnLegalAnswersAndLatency" />
    </UnitTest>
    <UnitTest name="Laya.Core.Tests.Inference.LayaDecisionEngineTests.Decide_RejectsDuplicateQuestionNames" storage="/srv/hermes_agent/home/workspace/repo/layadotnetpoc/tests/laya.core.tests/bin/debug/net8.0/laya.core.tests.dll" id="ee1dd62b-a6fd-5465-9914-ff2e36624167">
      <Execution id="341f6b2f-565b-44ad-b0f2-3edfbbd7d211" />
      <TestMethod codeBase="/srv/hermes_agent/home/workspace/Repo/LayaDotNetPoc/tests/Laya.Core.Tests/bin/Debug/net8.0/Laya.Core.Tests.dll" adapterTypeName="executor://xunit/VsTestRunner3/netcore/" className="Laya.Core.Tests.Inference.LayaDecisionEngineTests" name="Decide_RejectsDuplicateQuestionNames" />
    </UnitTest>
  </TestDefinitions>
  <TestEntries>
    <TestEntry testId="6cb1d6b0-ad72-7d93-3eae-619ef0111397" executionId="25195eb6-4416-4eb0-ba36-ec3a622a7ca3" testListId="8c84fa94-04c1-424b-9868-57a2d4851a1d" />
    <TestEntry testId="c2fc2da3-338c-2b9c-f3ec-d6809aa8efa1" executionId="4ad937a3-6b96-4726-afb8-1ab4031c768c" testListId="8c84fa94-04c1-424b-9868-57a2d4851a1d" />
    <TestEntry testId="a2dada05-6d8f-4ba7-6dba-598113869240" executionId="6c3e31dc-1a04-4464-bf46-7a2dee33c83b" testListId="8c84fa94-04c1-424b-9868-57a2d4851a1d" />
    <TestEntry testId="ae7c69f4-f1b9-85f3-ad68-47cee410c0cb" executionId="978fcff3-3061-4ac6-be9a-882ec1577f4a" testListId="8c84fa94-04c1-424b-9868-57a2d4851a1d" />
    <TestEntry testId="ee1dd62b-a6fd-5465-9914-ff2e36624167" executionId="341f6b2f-565b-44ad-b0f2-3edfbbd7d211" testListId="8c84fa94-04c1-424b-9868-57a2d4851a1d" />
    <TestEntry testId="aec35a03-880f-40de-d6ab-87379be9aebb" executionId="894bb3f2-3fa1-40e1-81ae-c4a8226818d1" testListId="8c84fa94-04c1-424b-9868-57a2d4851a1d" />
    <TestEntry testId="96e90ba2-d381-c893-7a6f-02c03040ae6d" executionId="08f9d859-71d7-4c58-b5c9-86cb3eb5b538" testListId="8c84fa94-04c1-424b-9868-57a2d4851a1d" />
    <TestEntry testId="ea36ca46-ee85-072e-f046-87254172380c" executionId="f7b312a1-a0c2-4a64-8eaf-e9d2194e5f0d" testListId="8c84fa94-04c1-424b-9868-57a2d4851a1d" />
  </TestEntries>
  <TestLists>
    <TestList name="不在清單中的結果" id="8c84fa94-04c1-424b-9868-57a2d4851a1d" />
    <TestList name="所有載入的結果" id="19431567-8539-422a-85d7-44ee4e166bda" />
  </TestLists>
  <ResultSummary outcome="Completed">
    <Counters total="8" executed="8" passed="8" failed="0" error="0" timeout="0" aborted="0" inconclusive="0" passedButRunAborted="0" notRunnable="0" notExecuted="0" disconnected="0" warning="0" completed="0" inProgress="0" pending="0" />
    <Output>
      <StdOut>[xUnit.net 00:00:00.00] xUnit.net VSTest Adapter v4.0.0+05679a7ab5 (64-bit .NET 10.0.12)
[xUnit.net 00:00:00.10]   Discovering: Laya.Core.Tests
[xUnit.net 00:00:00.20]   Discovered:  Laya.Core.Tests
[xUnit.net 00:00:00.32]   Starting:    Laya.Core.Tests
[xUnit.net 00:00:23.40]   Finished:    Laya.Core.Tests
</StdOut>
    </Output>
  </ResultSummary>
</TestRun>