<?xml version="1.0" encoding="utf-8"?>
<TestRun id="53cbcc40-82f5-42c4-a952-747ba67efb2e" name="@Frieren 2026-09-24 08:30:42" xmlns="http://microsoft.com/schemas/VisualStudio/TeamTest/2010">
  <Times creation="2026-09-24T08:30:43.0199236+08:00" queuing="2026-09-24T08:30:43.0199237+08:00" start="2026-09-24T08:30:42.1442254+08:00" finish="2026-09-24T08:30:43.0713624+08:00" />
  <TestSettings name="default" id="facce2e3-a814-46bc-9f21-b1e975f6801e">
    <Deployment runDeploymentRoot="_Frieren_2026-09-24_08_30_42" />
  </TestSettings>
  <Results>
    <UnitTestResult executionId="d646d735-0b7a-4511-a87b-77f60af5c45e" testId="5f240c42-966f-7fda-6b54-e01c1e2b6ca7" testName="Laya.Core.Tests.Configuration.LayaProfileResolverTests.Resolve_RejectsInvalidProfile(profile: &quot;unknown&quot;, configuredProfile: null)" computerName="Frieren" duration="00:00:00.0003080" startTime="2026-09-24T08:30:42.8864536+08:00" endTime="2026-09-24T08:30:42.8865876+08:00" testType="13cdc9d9-ddb5-4fa4-a97d-d965ccfc6d4b" outcome="Passed" testListId="8c84fa94-04c1-424b-9868-57a2d4851a1d" relativeResultsDirectory="d646d735-0b7a-4511-a87b-77f60af5c45e" />
    <UnitTestResult executionId="4dbc4ac7-5856-4d3a-8f8e-94b98ae6683a" testId="4c1469ce-9ded-7d54-3770-88f4e833bb94" testName="Laya.Core.Tests.Serialization.LayaStateSerializerTests.Serialize_NestedValuesPreserveOrder" computerName="Frieren" duration="00:00:00.0002207" startTime="2026-09-24T08:30:42.8901150+08:00" endTime="2026-09-24T08:30:42.8901536+08:00" testType="13cdc9d9-ddb5-4fa4-a97d-d965ccfc6d4b" outcome="Passed" testListId="8c84fa94-04c1-424b-9868-57a2d4851a1d" relativeResultsDirectory="4dbc4ac7-5856-4d3a-8f8e-94b98ae6683a" />
    <UnitTestResult executionId="b1191ba0-aa13-4c69-8180-c5d0ddd591d6" testId="0eb4719f-4ed7-c6d1-781b-281b9dc9d7e7" testName="Laya.Core.Tests.PostProcessing.LayaCalibrationTests.Softmax_RejectsInvalidTemperature(temperature: 非數值)" computerName="Frieren" duration="00:00:00.0000152" startTime="2026-09-24T08:30:42.8867054+08:00" endTime="2026-09-24T08:30:42.8867583+08:00" testType="13cdc9d9-ddb5-4fa4-a97d-d965ccfc6d4b" outcome="Passed" testListId="8c84fa94-04c1-424b-9868-57a2d4851a1d" relativeResultsDirectory="b1191ba0-aa13-4c69-8180-c5d0ddd591d6" />
    <UnitTestResult executionId="632640ab-5375-4687-8d17-81adb08b14dd" testId="a9b13a74-2262-2274-8fd1-edb6edd2b8e9" testName="Laya.Core.Tests.PostProcessing.LayaPostProcessorTests.Process_MapsChoiceProbabilitiesInOptionOrder" computerName="Frieren" duration="00:00:00.1459290" startTime="2026-09-24T08:30:42.8877972+08:00" endTime="2026-09-24T08:30:42.9937365+08:00" testType="13cdc9d9-ddb5-4fa4-a97d-d965ccfc6d4b" outcome="Passed" testListId="8c84fa94-04c1-424b-9868-57a2d4851a1d" relativeResultsDirectory="632640ab-5375-4687-8d17-81adb08b14dd" />
    <UnitTestResult executionId="5c1055a8-3181-4ba4-a40c-b9bfca3f9e3d" testId="a982a7f3-557e-7a55-6f49-6e8a03da6bf8" testName="Laya.Core.Tests.Evaluation.LayaNoulAnalyzerTests.Analyze_ReportsFiveBucketsAndCorrectWrongMeans" computerName="Frieren" duration="00:00:00.0009774" startTime="2026-09-24T08:30:42.8847549+08:00" endTime="2026-09-24T08:30:42.8860928+08:00" testType="13cdc9d9-ddb5-4fa4-a97d-d965ccfc6d4b" outcome="Passed" testListId="8c84fa94-04c1-424b-9868-57a2d4851a1d" relativeResultsDirectory="5c1055a8-3181-4ba4-a40c-b9bfca3f9e3d" />
    <UnitTestResult executionId="d3e99b81-1c05-4188-93d7-2ebc5135ca2c" testId="1c8dff0b-8bdb-117b-8311-c9c50595362f" testName="Laya.Core.Tests.Serialization.LayaStateSerializerTests.Serialize_RejectsNonFiniteNumbers(value: -∞)" computerName="Frieren" duration="00:00:00.0000213" startTime="2026-09-24T08:30:42.8900321+08:00" endTime="2026-09-24T08:30:42.8900569+08:00" testType="13cdc9d9-ddb5-4fa4-a97d-d965ccfc6d4b" outcome="Passed" testListId="8c84fa94-04c1-424b-9868-57a2d4851a1d" relativeResultsDirectory="d3e99b81-1c05-4188-93d7-2ebc5135ca2c" />
    <UnitTestResult executionId="1ff8cd8b-3e03-497c-a01c-09ab6fe71f68" testId="d1febd40-c36c-d980-e99b-af9fb9d9bc49" testName="Laya.Core.Tests.Evaluation.LayaCalibrationAnalyzerTests.Analyze_UsesClosedOpenBucketsAndHandComputableEce" computerName="Frieren" duration="00:00:00.0191851" startTime="2026-09-24T08:30:42.8239474+08:00" endTime="2026-09-24T08:30:42.8875961+08:00" testType="13cdc9d9-ddb5-4fa4-a97d-d965ccfc6d4b" outcome="Passed" testListId="8c84fa94-04c1-424b-9868-57a2d4851a1d" relativeResultsDirectory="1ff8cd8b-3e03-497c-a01c-09ab6fe71f68" />
    <UnitTestResult executionId="7e5e3f20-edf5-4e40-b7ba-5df1aa838937" testId="d9578438-6519-9dd9-4973-ffb473cf88e4" testName="Laya.Core.Tests.Models.LayaDomainModelTests.QuestionType_UsesReferenceValues" computerName="Frieren" duration="00:00:00.0044916" startTime="2026-09-24T08:30:42.8814015+08:00" endTime="2026-09-24T08:30:42.8830463+08:00" testType="13cdc9d9-ddb5-4fa4-a97d-d965ccfc6d4b" outcome="Passed" testListId="8c84fa94-04c1-424b-9868-57a2d4851a1d" relativeResultsDirectory="7e5e3f20-edf5-4e40-b7ba-5df1aa838937" />
    <UnitTestResult executionId="02b4835a-55bc-4f9c-a432-c2c97091fe51" testId="13dfeb7e-0905-5d9c-8c6e-94594caaf9a4" testName="Laya.Core.Tests.Evaluation.LayaPhase2RunComparerTests.Compare_SuccessOutsideSelectedIds_IsRejected" computerName="Frieren" duration="00:00:00.0015797" startTime="2026-09-24T08:30:42.8946434+08:00" endTime="2026-09-24T08:30:42.8946705+08:00" testType="13cdc9d9-ddb5-4fa4-a97d-d965ccfc6d4b" outcome="Passed" testListId="8c84fa94-04c1-424b-9868-57a2d4851a1d" relativeResultsDirectory="02b4835a-55bc-4f9c-a432-c2c97091fe51" />
    <UnitTestResult executionId="b757696a-12ed-4817-a99d-a722d3d719ed" testId="63aeaaae-d5fa-42d7-2eee-ad0b19731764" testName="Laya.Core.Tests.Evaluation.LayaPolicyEvaluatorTests.SelectScenarios_DisablesAutoWhenTargetIsNotMet" computerName="Frieren" duration="00:00:00.0127954" startTime="2026-09-24T08:30:42.8898075+08:00" endTime="2026-09-24T08:30:42.8932491+08:00" testType="13cdc9d9-ddb5-4fa4-a97d-d965ccfc6d4b" outcome="Passed" testListId="8c84fa94-04c1-424b-9868-57a2d4851a1d" relativeResultsDirectory="b757696a-12ed-4817-a99d-a722d3d719ed" />
    <UnitTestResult executionId="6a61b1b0-870f-4dc9-82b0-6899b742f2d2" testId="7f2ac123-a212-8890-1180-b177849892ae" testName="Laya.Core.Tests.Configuration.LayaModelConfigTests.GetTemperature_AllowsEmptyOptionCalibrationWithFallbacks" computerName="Frieren" duration="00:00:00.0042958" startTime="2026-09-24T08:30:42.8815975+08:00" endTime="2026-09-24T08:30:42.8831882+08:00" testType="13cdc9d9-ddb5-4fa4-a97d-d965ccfc6d4b" outcome="Passed" testListId="8c84fa94-04c1-424b-9868-57a2d4851a1d" relativeResultsDirectory="6a61b1b0-870f-4dc9-82b0-6899b742f2d2" />
    <UnitTestResult executionId="57571dc3-cdd4-41d4-9c18-fd7f163c13d2" testId="d238a054-04c5-92ab-a6de-64287417e6a0" testName="Laya.Core.Tests.Configuration.LayaProfileResolverTests.Resolve_RejectsInvalidProfile(profile: null, configuredProfile: &quot;&quot;)" computerName="Frieren" duration="00:00:00.0000842" startTime="2026-09-24T08:30:42.8866359+08:00" endTime="2026-09-24T08:30:42.8867298+08:00" testType="13cdc9d9-ddb5-4fa4-a97d-d965ccfc6d4b" outcome="Passed" testListId="8c84fa94-04c1-424b-9868-57a2d4851a1d" relativeResultsDirectory="57571dc3-cdd4-41d4-9c18-fd7f163c13d2" />
    <UnitTestResult executionId="df3f444a-4ed1-443c-add4-021b2e80c589" testId="26979fc2-a61b-8d02-00e8-cc23ca3321f2" testName="Laya.Core.Tests.Serialization.LayaStateSerializerTests.Serialize_RejectsCycles" computerName="Frieren" duration="00:00:00.0073643" startTime="2026-09-24T08:30:42.8889056+08:00" endTime="2026-09-24T08:30:42.8898260+08:00" testType="13cdc9d9-ddb5-4fa4-a97d-d965ccfc6d4b" outcome="Passed" testListId="8c84fa94-04c1-424b-9868-57a2d4851a1d" relativeResultsDirectory="df3f444a-4ed1-443c-add4-021b2e80c589" />
    <UnitTestResult executionId="ccbeeb83-3199-4daa-957b-8ef43e4afa10" testId="29b3ac31-720d-caad-df3a-daadc0fdd8f8" testName="Laya.Core.Tests.Evaluation.LayaPolicyEvaluatorTests.Classify_UsesExplicitPolicyAndRequiresBothAutoThresholds" computerName="Frieren" duration="00:00:00.0001809" startTime="2026-09-24T08:30:42.8934619+08:00" endTime="2026-09-24T08:30:42.8935344+08:00" testType="13cdc9d9-ddb5-4fa4-a97d-d965ccfc6d4b" outcome="Passed" testListId="8c84fa94-04c1-424b-9868-57a2d4851a1d" relativeResultsDirectory="ccbeeb83-3199-4daa-957b-8ef43e4afa10" />
    <UnitTestResult executionId="bdafb7c8-1fc6-4111-a79b-37b19a21960c" testId="7a552f15-70cd-4a0c-5ae9-6c31065018ec" testName="Laya.Core.Tests.Evaluation.LayaPolicyEvaluatorTests.EvaluateGrid_ProducesAllThresholdPairsAndUsesAndCondition" computerName="Frieren" duration="00:00:00.0009727" startTime="2026-09-24T08:30:42.8933141+08:00" endTime="2026-09-24T08:30:42.8934023+08:00" testType="13cdc9d9-ddb5-4fa4-a97d-d965ccfc6d4b" outcome="Passed" testListId="8c84fa94-04c1-424b-9868-57a2d4851a1d" relativeResultsDirectory="bdafb7c8-1fc6-4111-a79b-37b19a21960c" />
    <UnitTestResult executionId="0a64313c-19ca-46b9-bc21-01f9f934c642" testId="35af24f0-fdec-0311-f988-ec181b7c8ec5" testName="Laya.Core.Tests.PostProcessing.LayaCalibrationTests.Softmax_RejectsInvalidTemperature(temperature: -1)" computerName="Frieren" duration="00:00:00.0003975" startTime="2026-09-24T08:30:42.8863300+08:00" endTime="2026-09-24T08:30:42.8865085+08:00" testType="13cdc9d9-ddb5-4fa4-a97d-d965ccfc6d4b" outcome="Passed" testListId="8c84fa94-04c1-424b-9868-57a2d4851a1d" relativeResultsDirectory="0a64313c-19ca-46b9-bc21-01f9f934c642" />
    <UnitTestResult executionId="46fdf06a-f943-4617-a54b-1e41732c4251" testId="5073e2ac-4ab2-6733-872f-097e0477e23b" testName="Laya.Core.Tests.Serialization.LayaStateSerializerTests.Serialize_StringReturnsOriginalText" computerName="Frieren" duration="00:00:00.0000956" startTime="2026-09-24T08:30:42.8902168+08:00" endTime="2026-09-24T08:30:42.8902423+08:00" testType="13cdc9d9-ddb5-4fa4-a97d-d965ccfc6d4b" outcome="Passed" testListId="8c84fa94-04c1-424b-9868-57a2d4851a1d" relativeResultsDirectory="46fdf06a-f943-4617-a54b-1e41732c4251" />
    <UnitTestResult executionId="1be11269-e0de-4863-81ec-10e2c173bac5" testId="8427ac69-13e6-b60b-a571-e3ffea2e4051" testName="Laya.Core.Tests.Evaluation.LayaPhase2MetricsTests.Calculate_UsesFixedLabelSetForMacroF1AndTransferShare" computerName="Frieren" duration="00:00:00.0282215" startTime="2026-09-24T08:30:42.8820854+08:00" endTime="2026-09-24T08:30:42.8914093+08:00" testType="13cdc9d9-ddb5-4fa4-a97d-d965ccfc6d4b" outcome="Passed" testListId="8c84fa94-04c1-424b-9868-57a2d4851a1d" relativeResultsDirectory="1be11269-e0de-4863-81ec-10e2c173bac5" />
    <UnitTestResult executionId="bd431e35-102a-494a-84f8-5fe6b03878bb" testId="a5dc8673-0fb2-0a09-bd3d-45dc5791632a" testName="Laya.Core.Tests.Configuration.LayaModelConfigTests.GetTemperature_UsesReferenceCardinalityBuckets" computerName="Frieren" duration="00:00:00.0218710" startTime="2026-09-24T08:30:42.8844003+08:00" endTime="2026-09-24T08:30:42.8909476+08:00" testType="13cdc9d9-ddb5-4fa4-a97d-d965ccfc6d4b" outcome="Passed" testListId="8c84fa94-04c1-424b-9868-57a2d4851a1d" relativeResultsDirectory="bd431e35-102a-494a-84f8-5fe6b03878bb" />
    <UnitTestResult executionId="4c177722-39bd-415e-abe4-9f5c99e747ba" testId="d765ecb7-a63a-b595-4998-75bdaea78c02" testName="Laya.Core.Tests.Inference.LayaExceptionTests.Exceptions_ExposeSafeStructuredDiagnostics" computerName="Frieren" duration="00:00:00.0041244" startTime="2026-09-24T08:30:42.8930756+08:00" endTime="2026-09-24T08:30:42.8936551+08:00" testType="13cdc9d9-ddb5-4fa4-a97d-d965ccfc6d4b" outcome="Passed" testListId="8c84fa94-04c1-424b-9868-57a2d4851a1d" relativeResultsDirectory="4c177722-39bd-415e-abe4-9f5c99e747ba" />
    <UnitTestResult executionId="0a60e543-c318-4542-aa00-50f3cfc349d9" testId="92602ff1-e2fd-f84c-9ef5-2cc70663d8bd" testName="Laya.Core.Tests.Evaluation.Phase2ReportWriterTests.WriteRun_PersistsRecomputableRawArtifacts" computerName="Frieren" duration="00:00:00.0856973" startTime="2026-09-24T08:30:42.8879094+08:00" endTime="2026-09-24T08:30:42.9339567+08:00" testType="13cdc9d9-ddb5-4fa4-a97d-d965ccfc6d4b" outcome="Passed" testListId="8c84fa94-04c1-424b-9868-57a2d4851a1d" relativeResultsDirectory="0a60e543-c318-4542-aa00-50f3cfc349d9" />
    <UnitTestResult executionId="891b4ff2-da40-40a9-9dce-a835eb429469" testId="7883811d-1533-235e-9f82-ae1abc800254" testName="Laya.Core.Tests.Configuration.LayaProfileResolverTests.Resolve_ResolvesRelativeConfiguredRootAgainstWorkingDirectory" computerName="Frieren" duration="00:00:00.0001218" startTime="2026-09-24T08:30:42.8887001+08:00" endTime="2026-09-24T08:30:42.8887256+08:00" testType="13cdc9d9-ddb5-4fa4-a97d-d965ccfc6d4b" outcome="Passed" testListId="8c84fa94-04c1-424b-9868-57a2d4851a1d" relativeResultsDirectory="891b4ff2-da40-40a9-9dce-a835eb429469" />
    <UnitTestResult executionId="75651569-afe6-4a49-ab1f-454a56c4aa73" testId="2f97a60d-87bd-9eba-268d-e2c3e2febdf4" testName="Laya.Core.Tests.Evaluation.LayaTransactionRequestFactoryTests.CreateRequest_AllowsOnlyBoundedPromptVariants" computerName="Frieren" duration="00:00:00.0019070" startTime="2026-09-24T08:30:42.8949342+08:00" endTime="2026-09-24T08:30:42.8949613+08:00" testType="13cdc9d9-ddb5-4fa4-a97d-d965ccfc6d4b" outcome="Passed" testListId="8c84fa94-04c1-424b-9868-57a2d4851a1d" relativeResultsDirectory="75651569-afe6-4a49-ab1f-454a56c4aa73" />
    <UnitTestResult executionId="410bbb2a-3871-4e03-82b4-94387e0cde86" testId="682b5c9c-f4fb-8db2-a4a0-df1d1e024f74" testName="Laya.Core.Tests.Evaluation.Phase2FrozenCandidateValidatorTests.Validate_TamperedPolicyHash_IsRejected" computerName="Frieren" duration="00:00:00.0015413" startTime="2026-09-24T08:30:42.9670194+08:00" endTime="2026-09-24T08:30:42.9684694+08:00" testType="13cdc9d9-ddb5-4fa4-a97d-d965ccfc6d4b" outcome="Passed" testListId="8c84fa94-04c1-424b-9868-57a2d4851a1d" relativeResultsDirectory="410bbb2a-3871-4e03-82b4-94387e0cde86" />
    <UnitTestResult executionId="3433aa29-36fd-4669-961d-03f9673d5083" testId="3c1ff89b-8d36-49cf-9da4-94e679d4b356" testName="Laya.Core.Tests.Serialization.LayaStateSerializerTests.Serialize_ObjectMatchesReferenceJsonStyle" computerName="Frieren" duration="00:00:00.0003525" startTime="2026-09-24T08:30:42.8907743+08:00" endTime="2026-09-24T08:30:42.8908086+08:00" testType="13cdc9d9-ddb5-4fa4-a97d-d965ccfc6d4b" outcome="Passed" testListId="8c84fa94-04c1-424b-9868-57a2d4851a1d" relativeResultsDirectory="3433aa29-36fd-4669-961d-03f9673d5083" />
    <UnitTestResult executionId="1a3f510e-51e3-42eb-91ea-ec5f66ea4785" testId="509eb290-b2f9-f7e8-4dda-f2c728014b4b" testName="Laya.Core.Tests.Evaluation.LayaPhase2MetricsTests.Calculate_AllFailuresReturnsNaForSuccessMetrics" computerName="Frieren" duration="00:00:00.0013798" startTime="2026-09-24T08:30:42.8922560+08:00" endTime="2026-09-24T08:30:42.8923796+08:00" testType="13cdc9d9-ddb5-4fa4-a97d-d965ccfc6d4b" outcome="Passed" testListId="8c84fa94-04c1-424b-9868-57a2d4851a1d" relativeResultsDirectory="1a3f510e-51e3-42eb-91ea-ec5f66ea4785" />
    <UnitTestResult executionId="2d7f335e-333b-4b73-89fe-a567f233fdce" testId="8bd05023-d89f-7c9b-676d-b318e84ead1c" testName="Laya.Core.Tests.Evaluation.Phase2HeldOutReportWriterTests.WriteRun_WithFixedPolicy_LeavesGridNullAndPersistsCandidateIdentity" computerName="Frieren" duration="00:00:00.1070016" startTime="2026-09-24T08:30:42.8239310+08:00" endTime="2026-09-24T08:30:42.9345517+08:00" testType="13cdc9d9-ddb5-4fa4-a97d-d965ccfc6d4b" outcome="Passed" testListId="8c84fa94-04c1-424b-9868-57a2d4851a1d" relativeResultsDirectory="2d7f335e-333b-4b73-89fe-a567f233fdce" />
    <UnitTestResult executionId="c5962e7d-88a9-4e55-924d-5d3c4e8b799e" testId="1211b0ea-e85f-18df-b362-5e9d7974abd6" testName="Laya.Core.Tests.Serialization.LayaStateSerializerTests.Serialize_RejectsNonFiniteNumbers(value: ∞)" computerName="Frieren" duration="00:00:00.0005482" startTime="2026-09-24T08:30:42.8899655+08:00" endTime="2026-09-24T08:30:42.8899915+08:00" testType="13cdc9d9-ddb5-4fa4-a97d-d965ccfc6d4b" outcome="Passed" testListId="8c84fa94-04c1-424b-9868-57a2d4851a1d" relativeResultsDirectory="c5962e7d-88a9-4e55-924d-5d3c4e8b799e" />
    <UnitTestResult executionId="895e592f-1d24-4341-b9ec-a7efea359d81" testId="39080e42-27e3-51b2-323e-addc884d80ef" testName="Laya.Core.Tests.Evaluation.LayaPhase2MetricsTests.Calculate_ReportsSuccessAndFullInputAccuracySeparately" computerName="Frieren" duration="00:00:00.0037029" startTime="2026-09-24T08:30:42.8924410+08:00" endTime="2026-09-24T08:30:42.8933391+08:00" testType="13cdc9d9-ddb5-4fa4-a97d-d965ccfc6d4b" outcome="Passed" testListId="8c84fa94-04c1-424b-9868-57a2d4851a1d" relativeResultsDirectory="895e592f-1d24-4341-b9ec-a7efea359d81" />
    <UnitTestResult executionId="9ab4f414-bb01-4f5c-a279-157e8cc1ebc0" testId="e5311441-621b-1d15-b712-0e3642674e08" testName="Laya.Core.Tests.Configuration.LayaProfileResolverTests.Resolve_RejectsNestedCheckpointRevisionMismatch" computerName="Frieren" duration="00:00:00.0019299" startTime="2026-09-24T08:30:42.8887855+08:00" endTime="2026-09-24T08:30:42.8889318+08:00" testType="13cdc9d9-ddb5-4fa4-a97d-d965ccfc6d4b" outcome="Passed" testListId="8c84fa94-04c1-424b-9868-57a2d4851a1d" relativeResultsDirectory="9ab4f414-bb01-4f5c-a279-157e8cc1ebc0" />
    <UnitTestResult executionId="34723379-346e-46a4-a0b2-d5642b1b2120" testId="c9d3788f-0c97-6a68-18c7-0ea0f43edb65" testName="Laya.Core.Tests.Configuration.LayaProfileResolverTests.Resolve_UsesExplicitRootBeforeOtherSources" computerName="Frieren" duration="00:00:00.0004136" startTime="2026-09-24T08:30:42.8896648+08:00" endTime="2026-09-24T08:30:42.8896976+08:00" testType="13cdc9d9-ddb5-4fa4-a97d-d965ccfc6d4b" outcome="Passed" testListId="8c84fa94-04c1-424b-9868-57a2d4851a1d" relativeResultsDirectory="34723379-346e-46a4-a0b2-d5642b1b2120" />
    <UnitTestResult executionId="a1701577-28ce-430b-b50e-e265c5ef6fba" testId="5893dbdb-c8ab-e857-ed8a-a2b8c09ce485" testName="Laya.Core.Tests.Evaluation.LayaGate3AssessmentTests.Decide_ReturnsPartialForSuggestionOnlyEvidence" computerName="Frieren" duration="00:00:00.0016466" startTime="2026-09-24T08:30:42.8884762+08:00" endTime="2026-09-24T08:30:42.8888151+08:00" testType="13cdc9d9-ddb5-4fa4-a97d-d965ccfc6d4b" outcome="Passed" testListId="8c84fa94-04c1-424b-9868-57a2d4851a1d" relativeResultsDirectory="a1701577-28ce-430b-b50e-e265c5ef6fba" />
    <UnitTestResult executionId="382ed320-17ff-4100-821c-b2c7262bdaf0" testId="2e5836e3-bab2-ade5-5195-350cafad28fc" testName="Laya.Core.Tests.Configuration.LayaProfileResolverTests.Resolve_DerivesIdentityFromNestedV2Manifest" computerName="Frieren" duration="00:00:00.0008432" startTime="2026-09-24T08:30:42.8889912+08:00" endTime="2026-09-24T08:30:42.8890158+08:00" testType="13cdc9d9-ddb5-4fa4-a97d-d965ccfc6d4b" outcome="Passed" testListId="8c84fa94-04c1-424b-9868-57a2d4851a1d" relativeResultsDirectory="382ed320-17ff-4100-821c-b2c7262bdaf0" />
    <UnitTestResult executionId="450425bb-1987-43d5-81db-3ce49a3d1aa1" testId="7a50c48f-89d3-aacc-9004-321d896236ec" testName="Laya.Core.Tests.PostProcessing.LayaCalibrationTests.Softmax_EqualLogitsAreUniform" computerName="Frieren" duration="00:00:00.0013609" startTime="2026-09-24T08:30:42.8874680+08:00" endTime="2026-09-24T08:30:42.8874962+08:00" testType="13cdc9d9-ddb5-4fa4-a97d-d965ccfc6d4b" outcome="Passed" testListId="8c84fa94-04c1-424b-9868-57a2d4851a1d" relativeResultsDirectory="450425bb-1987-43d5-81db-3ce49a3d1aa1" />
    <UnitTestResult executionId="a0dbc54c-c883-4618-8747-1f70d3a07406" testId="7429706b-df14-299a-6381-92bdfab5d429" testName="Laya.Core.Tests.Evaluation.LayaPhase2RunComparerTests.Compare_AllowsDifferentModelsAndKeepsCommonSuccesses" computerName="Frieren" duration="00:00:00.0073130" startTime="2026-09-24T08:30:42.8947323+08:00" endTime="2026-09-24T08:30:42.8948147+08:00" testType="13cdc9d9-ddb5-4fa4-a97d-d965ccfc6d4b" outcome="Passed" testListId="8c84fa94-04c1-424b-9868-57a2d4851a1d" relativeResultsDirectory="a0dbc54c-c883-4618-8747-1f70d3a07406" />
    <UnitTestResult executionId="438be898-c39b-452a-870d-c331378842e8" testId="f937e294-b2b8-7c76-aae9-605d55a27486" testName="Laya.Core.Tests.Evaluation.Phase2FrozenCandidateValidatorTests.Validate_MismatchedHeldOutSelection_IsRejected" computerName="Frieren" duration="00:00:00.0030845" startTime="2026-09-24T08:30:42.9639127+08:00" endTime="2026-09-24T08:30:42.9668771+08:00" testType="13cdc9d9-ddb5-4fa4-a97d-d965ccfc6d4b" outcome="Passed" testListId="8c84fa94-04c1-424b-9868-57a2d4851a1d" relativeResultsDirectory="438be898-c39b-452a-870d-c331378842e8" />
    <UnitTestResult executionId="4cff56fa-cad0-4fee-9eb0-ad7d85475283" testId="9cd5f8da-28ad-2b2a-7e3a-b9e8917bf925" testName="Laya.Core.Tests.Evaluation.LayaConfidencePolicyTests.Classify_UsesDocumentedBoundaries(probability: 0.84999999999999998, margin: 0.20000000000000001, expected: Auto)" computerName="Frieren" duration="00:00:00.0006265" startTime="2026-09-24T08:30:42.8911189+08:00" endTime="2026-09-24T08:30:42.8911628+08:00" testType="13cdc9d9-ddb5-4fa4-a97d-d965ccfc6d4b" outcome="Passed" testListId="8c84fa94-04c1-424b-9868-57a2d4851a1d" relativeResultsDirectory="4cff56fa-cad0-4fee-9eb0-ad7d85475283" />
    <UnitTestResult executionId="bc00e7a1-08ae-4d4c-a6eb-91d02769d9c9" testId="bf8de1ec-04b6-1fc0-bc2c-01aff8c9fcdc" testName="Laya.Core.Tests.Configuration.LayaProfileResolverTests.Resolve_UsesEnglishHostDefault" computerName="Frieren" duration="00:00:00.0002725" startTime="2026-09-24T08:30:42.8890731+08:00" endTime="2026-09-24T08:30:42.8890983+08:00" testType="13cdc9d9-ddb5-4fa4-a97d-d965ccfc6d4b" outcome="Passed" testListId="8c84fa94-04c1-424b-9868-57a2d4851a1d" relativeResultsDirectory="bc00e7a1-08ae-4d4c-a6eb-91d02769d9c9" />
    <UnitTestResult executionId="46f9ef78-b5d5-443c-bdd3-f12ca3cdbbc0" testId="b74ccaf3-73a9-2ce9-155f-5ef57434e7a1" testName="Laya.Core.Tests.Evaluation.LayaPhase2RunComparerTests.Compare_MismatchedContract_IsRejected(mismatch: &quot;environment&quot;)" computerName="Frieren" duration="00:00:00.0000524" startTime="2026-09-24T08:30:42.8945408+08:00" endTime="2026-09-24T08:30:42.8945671+08:00" testType="13cdc9d9-ddb5-4fa4-a97d-d965ccfc6d4b" outcome="Passed" testListId="8c84fa94-04c1-424b-9868-57a2d4851a1d" relativeResultsDirectory="46f9ef78-b5d5-443c-bdd3-f12ca3cdbbc0" />
    <UnitTestResult executionId="3746f37c-e66f-465b-a37e-5adbba29d2aa" testId="4a3ae34e-3f38-1aa8-57a8-99156a8c8cad" testName="Laya.Core.Tests.Evaluation.LayaPhase2MetricsTests.Calculate_ReportsTopKWithStableRanking" computerName="Frieren" duration="00:00:00.0016013" startTime="2026-09-24T08:30:42.8914866+08:00" endTime="2026-09-24T08:30:42.8921025+08:00" testType="13cdc9d9-ddb5-4fa4-a97d-d965ccfc6d4b" outcome="Passed" testListId="8c84fa94-04c1-424b-9868-57a2d4851a1d" relativeResultsDirectory="3746f37c-e66f-465b-a37e-5adbba29d2aa" />
    <UnitTestResult executionId="bfb77f71-904d-4879-91a9-56626396f784" testId="63352fb3-766f-4047-3170-f13c2821f23c" testName="Laya.Core.Tests.Parity.LayaParityToleranceTests.Validate_RequiresInvestigationForExplicitRelaxation" computerName="Frieren" duration="00:00:00.0010764" startTime="2026-09-24T08:30:42.8925485+08:00" endTime="2026-09-24T08:30:42.8931063+08:00" testType="13cdc9d9-ddb5-4fa4-a97d-d965ccfc6d4b" outcome="Passed" testListId="8c84fa94-04c1-424b-9868-57a2d4851a1d" relativeResultsDirectory="bfb77f71-904d-4879-91a9-56626396f784" />
    <UnitTestResult executionId="d0237151-f286-43db-abf5-1879186f6368" testId="eeed1600-2cd4-3eeb-4b6f-996ec7dc8f79" testName="Laya.Core.Tests.Models.LayaDomainModelTests.Request_PreservesQuestionOrder" computerName="Frieren" duration="00:00:00.0066806" startTime="2026-09-24T08:30:42.8239767+08:00" endTime="2026-09-24T08:30:42.8420692+08:00" testType="13cdc9d9-ddb5-4fa4-a97d-d965ccfc6d4b" outcome="Passed" testListId="8c84fa94-04c1-424b-9868-57a2d4851a1d" relativeResultsDirectory="d0237151-f286-43db-abf5-1879186f6368" />
    <UnitTestResult executionId="e38349ac-1d9a-459b-81ee-3c212bd9c9d0" testId="f741a2d8-337a-654c-ea44-9e1f187188a9" testName="Laya.Core.Tests.Configuration.LayaProfileResolverTests.Resolve_UsesConfiguredProfileBeforeHostDefault" computerName="Frieren" duration="00:00:00.0002037" startTime="2026-09-24T08:30:42.8885923+08:00" endTime="2026-09-24T08:30:42.8886190+08:00" testType="13cdc9d9-ddb5-4fa4-a97d-d965ccfc6d4b" outcome="Passed" testListId="8c84fa94-04c1-424b-9868-57a2d4851a1d" relativeResultsDirectory="e38349ac-1d9a-459b-81ee-3c212bd9c9d0" />
    <UnitTestResult executionId="e6c45fd9-40c5-4b33-9269-bfc0df43ea14" testId="97180225-d06c-b7bb-d520-1b6ca251531b" testName="Laya.Core.Tests.Evaluation.LayaGate3AssessmentTests.Decide_ReturnsPassOnlyForCompleteReliableEvidence" computerName="Frieren" duration="00:00:00.0077321" startTime="2026-09-24T08:30:42.8860323+08:00" endTime="2026-09-24T08:30:42.8879353+08:00" testType="13cdc9d9-ddb5-4fa4-a97d-d965ccfc6d4b" outcome="Passed" testListId="8c84fa94-04c1-424b-9868-57a2d4851a1d" relativeResultsDirectory="e6c45fd9-40c5-4b33-9269-bfc0df43ea14" />
    <UnitTestResult executionId="d4104d76-6a85-4f90-a1aa-38a71a125b53" testId="0ab55ba8-b622-9b89-5fa6-c55edeeed3e7" testName="Laya.Core.Tests.Evaluation.LayaPhase2RunComparerTests.Compare_MismatchedContract_IsRejected(mismatch: &quot;prompt&quot;)" computerName="Frieren" duration="00:00:00.0005886" startTime="2026-09-24T08:30:42.8944382+08:00" endTime="2026-09-24T08:30:42.8944766+08:00" testType="13cdc9d9-ddb5-4fa4-a97d-d965ccfc6d4b" outcome="Passed" testListId="8c84fa94-04c1-424b-9868-57a2d4851a1d" relativeResultsDirectory="d4104d76-6a85-4f90-a1aa-38a71a125b53" />
    <UnitTestResult executionId="a0e9c112-93ed-49b8-8148-5da6ae8b8628" testId="77a60c11-eb59-55d7-9ff4-6e48f38caf02" testName="Laya.Core.Tests.Configuration.LayaProfileResolverTests.Resolve_RejectsMismatchedRootManifestIdentity" computerName="Frieren" duration="00:00:00.0050689" startTime="2026-09-24T08:30:42.8813044+08:00" endTime="2026-09-24T08:30:42.8845027+08:00" testType="13cdc9d9-ddb5-4fa4-a97d-d965ccfc6d4b" outcome="Passed" testListId="8c84fa94-04c1-424b-9868-57a2d4851a1d" relativeResultsDirectory="a0e9c112-93ed-49b8-8148-5da6ae8b8628" />
    <UnitTestResult executionId="937abc6a-6d0d-425a-8da7-4a66d3f5ac10" testId="f76dde54-b1c1-4b55-6051-71752aba5a2a" testName="Laya.Core.Tests.Evaluation.LayaConfidencePolicyTests.Classify_UsesDocumentedBoundaries(probability: 0.90000000000000002, margin: 0.19, expected: Review)" computerName="Frieren" duration="00:00:00.0000068" startTime="2026-09-24T08:30:42.8912390+08:00" endTime="2026-09-24T08:30:42.8912667+08:00" testType="13cdc9d9-ddb5-4fa4-a97d-d965ccfc6d4b" outcome="Passed" testListId="8c84fa94-04c1-424b-9868-57a2d4851a1d" relativeResultsDirectory="937abc6a-6d0d-425a-8da7-4a66d3f5ac10" />
    <UnitTestResult executionId="f8f2b43a-1bf5-4e7d-965a-74454d48ff23" testId="e496713b-5113-b43c-c5e2-e05c8650dfe0" testName="Laya.Core.Tests.Configuration.LayaModelConfigTests.GetTemperature_RejectsUnknownQuestionType" computerName="Frieren" duration="00:00:00.0061985" startTime="2026-09-24T08:30:42.8238452+08:00" endTime="2026-09-24T08:30:42.8359911+08:00" testType="13cdc9d9-ddb5-4fa4-a97d-d965ccfc6d4b" outcome="Passed" testListId="8c84fa94-04c1-424b-9868-57a2d4851a1d" relativeResultsDirectory="f8f2b43a-1bf5-4e7d-965a-74454d48ff23" />
    <UnitTestResult executionId="cc013f33-f939-4807-98dc-f2b59e7794f3" testId="877d1220-7b45-7886-2478-8fe290b5c07e" testName="Laya.Core.Tests.Configuration.LayaProfileResolverTests.Resolve_RejectsInvalidProfile(profile: &quot;&quot;, configuredProfile: null)" computerName="Frieren" duration="00:00:00.0017688" startTime="2026-09-24T08:30:42.8846056+08:00" endTime="2026-09-24T08:30:42.8863758+08:00" testType="13cdc9d9-ddb5-4fa4-a97d-d965ccfc6d4b" outcome="Passed" testListId="8c84fa94-04c1-424b-9868-57a2d4851a1d" relativeResultsDirectory="cc013f33-f939-4807-98dc-f2b59e7794f3" />
    <UnitTestResult executionId="ff0aca3f-a22d-4934-94ea-d62225bfc829" testId="b54e6c8f-b2b9-a209-0997-302277324d37" testName="Laya.Core.Tests.Serialization.LayaStateSerializerTests.Serialize_RejectsNonFiniteNumbers(value: 非數值)" computerName="Frieren" duration="00:00:00.0002736" startTime="2026-09-24T08:30:42.8898894+08:00" endTime="2026-09-24T08:30:42.8899230+08:00" testType="13cdc9d9-ddb5-4fa4-a97d-d965ccfc6d4b" outcome="Passed" testListId="8c84fa94-04c1-424b-9868-57a2d4851a1d" relativeResultsDirectory="ff0aca3f-a22d-4934-94ea-d62225bfc829" />
    <UnitTestResult executionId="9c472fb6-aaa0-474a-8727-5a5ecc287a62" testId="5d8bf1ea-f96f-5452-82be-f82920781ec5" testName="Laya.Core.Tests.Configuration.LayaProfileResolverTests.Resolve_UsesCliProfileBeforeConfiguredProfile" computerName="Frieren" duration="00:00:00.0058392" startTime="2026-09-24T08:30:42.8223178+08:00" endTime="2026-09-24T08:30:42.8422139+08:00" testType="13cdc9d9-ddb5-4fa4-a97d-d965ccfc6d4b" outcome="Passed" testListId="8c84fa94-04c1-424b-9868-57a2d4851a1d" relativeResultsDirectory="9c472fb6-aaa0-474a-8727-5a5ecc287a62" />
    <UnitTestResult executionId="96337dd1-2968-4796-984d-1094ec2840a4" testId="7dd383ee-e171-d208-487c-26b5699276b8" testName="Laya.Core.Tests.Evaluation.Phase2FrozenCandidateValidatorTests.Validate_CompleteCandidate_ReturnsFixedPolicyAndArtifactHash" computerName="Frieren" duration="00:00:00.1203871" startTime="2026-09-24T08:30:42.8864662+08:00" endTime="2026-09-24T08:30:42.9637201+08:00" testType="13cdc9d9-ddb5-4fa4-a97d-d965ccfc6d4b" outcome="Passed" testListId="8c84fa94-04c1-424b-9868-57a2d4851a1d" relativeResultsDirectory="96337dd1-2968-4796-984d-1094ec2840a4" />
    <UnitTestResult executionId="5804c44d-7dc2-4e92-a208-affe31e1511c" testId="89d27819-eb28-5c0a-6bbb-c794a255ec9e" testName="Laya.Core.Tests.PostProcessing.LayaCalibrationTests.Softmax_RejectsInvalidTemperature(temperature: 0)" computerName="Frieren" duration="00:00:00.0002543" startTime="2026-09-24T08:30:42.8865535+08:00" endTime="2026-09-24T08:30:42.8866631+08:00" testType="13cdc9d9-ddb5-4fa4-a97d-d965ccfc6d4b" outcome="Passed" testListId="8c84fa94-04c1-424b-9868-57a2d4851a1d" relativeResultsDirectory="5804c44d-7dc2-4e92-a208-affe31e1511c" />
    <UnitTestResult executionId="bc2110c1-032b-43a4-bdc5-122c8e40c6bb" testId="fd3278fc-9688-b0f4-9ed9-1d9fd40b5587" testName="Laya.Core.Tests.Evaluation.LayaTransactionRequestFactoryTests.CreateBaselineRequest_PreservesPhase1Contract" computerName="Frieren" duration="00:00:00.0148541" startTime="2026-09-24T08:30:42.8932218+08:00" endTime="2026-09-24T08:30:42.8948706+08:00" testType="13cdc9d9-ddb5-4fa4-a97d-d965ccfc6d4b" outcome="Passed" testListId="8c84fa94-04c1-424b-9868-57a2d4851a1d" relativeResultsDirectory="bc2110c1-032b-43a4-bdc5-122c8e40c6bb" />
    <UnitTestResult executionId="7c18a38d-8b93-4174-93c7-11c1ce752ad8" testId="8c1c0123-197b-b1a2-9728-4f4406314d9f" testName="Laya.Core.Tests.Evaluation.LayaPhase2MetricsTests.Calculate_RejectsIncompleteDistribution" computerName="Frieren" duration="00:00:00.0103854" startTime="2026-09-24T08:30:42.8239636+08:00" endTime="2026-09-24T08:30:42.8816490+08:00" testType="13cdc9d9-ddb5-4fa4-a97d-d965ccfc6d4b" outcome="Passed" testListId="8c84fa94-04c1-424b-9868-57a2d4851a1d" relativeResultsDirectory="7c18a38d-8b93-4174-93c7-11c1ce752ad8" />
    <UnitTestResult executionId="50ec5ed8-05ff-4d80-bfc4-3d4474719496" testId="c385fd58-2b7f-0d8e-1b9c-fb2981f72941" testName="Laya.Core.Tests.Parity.LayaParityToleranceTests.CompareProbability_RejectsNonFiniteValues(actual: 非數值)" computerName="Frieren" duration="00:00:00.0000109" startTime="2026-09-24T08:30:42.8922269+08:00" endTime="2026-09-24T08:30:42.8922831+08:00" testType="13cdc9d9-ddb5-4fa4-a97d-d965ccfc6d4b" outcome="Passed" testListId="8c84fa94-04c1-424b-9868-57a2d4851a1d" relativeResultsDirectory="50ec5ed8-05ff-4d80-bfc4-3d4474719496" />
    <UnitTestResult executionId="dedcb3aa-ebfb-4b57-b75f-98275c873cff" testId="bf9d5322-648a-7b7d-41e3-8346bbec88a6" testName="Laya.Core.Tests.Evaluation.LayaGate3AssessmentTests.Decide_ReturnsFailWhenEvidenceCannotSupportIntegration" computerName="Frieren" duration="00:00:00.0006876" startTime="2026-09-24T08:30:42.8879972+08:00" endTime="2026-09-24T08:30:42.8880230+08:00" testType="13cdc9d9-ddb5-4fa4-a97d-d965ccfc6d4b" outcome="Passed" testListId="8c84fa94-04c1-424b-9868-57a2d4851a1d" relativeResultsDirectory="dedcb3aa-ebfb-4b57-b75f-98275c873cff" />
    <UnitTestResult executionId="667fdb5d-0eed-45d4-8056-2a1a4dbb0ca7" testId="5cd56f3c-9f48-cd5a-9e00-728f31a273ce" testName="Laya.Core.Tests.Evaluation.LayaNoulAnalyzerTests.Analyze_ReturnsNaForEmptyBuckets" computerName="Frieren" duration="00:00:00.0138880" startTime="2026-09-24T08:30:42.8239058+08:00" endTime="2026-09-24T08:30:42.8846693+08:00" testType="13cdc9d9-ddb5-4fa4-a97d-d965ccfc6d4b" outcome="Passed" testListId="8c84fa94-04c1-424b-9868-57a2d4851a1d" relativeResultsDirectory="667fdb5d-0eed-45d4-8056-2a1a4dbb0ca7" />
    <UnitTestResult executionId="907c4660-58e4-4462-9891-9b22b03427a9" testId="010f16f4-acc3-163a-6ab1-f62bc8f0c769" testName="Laya.Core.Tests.Evaluation.LayaConfidencePolicyTests.Classify_UsesDocumentedBoundaries(probability: 0.59999999999999998, margin: 0.90000000000000002, expected: Suggest)" computerName="Frieren" duration="00:00:00.0031210" startTime="2026-09-24T08:30:42.8909189+08:00" endTime="2026-09-24T08:30:42.8910738+08:00" testType="13cdc9d9-ddb5-4fa4-a97d-d965ccfc6d4b" outcome="Passed" testListId="8c84fa94-04c1-424b-9868-57a2d4851a1d" relativeResultsDirectory="907c4660-58e4-4462-9891-9b22b03427a9" />
    <UnitTestResult executionId="f46825e8-9826-4744-b67c-57e8e8b50f60" testId="c4be771a-6fef-c57c-dd25-ee51fad7f1d9" testName="Laya.Core.Tests.Parity.LayaParityToleranceTests.CompareProbability_RejectsNonFiniteValues(actual: ∞)" computerName="Frieren" duration="00:00:00.0004957" startTime="2026-09-24T08:30:42.8920585+08:00" endTime="2026-09-24T08:30:42.8920886+08:00" testType="13cdc9d9-ddb5-4fa4-a97d-d965ccfc6d4b" outcome="Passed" testListId="8c84fa94-04c1-424b-9868-57a2d4851a1d" relativeResultsDirectory="f46825e8-9826-4744-b67c-57e8e8b50f60" />
    <UnitTestResult executionId="162794d6-d3bb-43e5-a288-c10ac64f082d" testId="22c887c8-f2b3-52d6-ad8f-9fdd08cfdd1f" testName="Laya.Core.Tests.PostProcessing.LayaCalibrationTests.Softmax_RejectsNonFiniteLogit" computerName="Frieren" duration="00:00:00.0003525" startTime="2026-09-24T08:30:42.8873253+08:00" endTime="2026-09-24T08:30:42.8873838+08:00" testType="13cdc9d9-ddb5-4fa4-a97d-d965ccfc6d4b" outcome="Passed" testListId="8c84fa94-04c1-424b-9868-57a2d4851a1d" relativeResultsDirectory="162794d6-d3bb-43e5-a288-c10ac64f082d" />
    <UnitTestResult executionId="d50b1b22-a028-4145-ae7d-794a124a546d" testId="eb1a16d3-3615-a9d1-dbaf-2ff92189189a" testName="Laya.Core.Tests.Evaluation.MisclassifiedTransactionWriterTests.Write_EmitsRedactedEightColumnCsv" computerName="Frieren" duration="00:00:00.0067172" startTime="2026-09-24T08:30:42.8910455+08:00" endTime="2026-09-24T08:30:42.8925754+08:00" testType="13cdc9d9-ddb5-4fa4-a97d-d965ccfc6d4b" outcome="Passed" testListId="8c84fa94-04c1-424b-9868-57a2d4851a1d" relativeResultsDirectory="d50b1b22-a028-4145-ae7d-794a124a546d" />
    <UnitTestResult executionId="4d0dd226-d90c-44e1-910e-671082d38d4e" testId="7253decf-b393-d62d-07dd-bdeacbe0c967" testName="Laya.Core.Tests.Parity.LayaParityToleranceTests.CompareProbability_RejectsNonFiniteValues(actual: -∞)" computerName="Frieren" duration="00:00:00.0010055" startTime="2026-09-24T08:30:42.8919374+08:00" endTime="2026-09-24T08:30:42.8919824+08:00" testType="13cdc9d9-ddb5-4fa4-a97d-d965ccfc6d4b" outcome="Passed" testListId="8c84fa94-04c1-424b-9868-57a2d4851a1d" relativeResultsDirectory="4d0dd226-d90c-44e1-910e-671082d38d4e" />
    <UnitTestResult executionId="c47aae45-5954-4137-87e2-36554feba2c9" testId="560fdb82-d999-7407-aace-3aa04be69bbb" testName="Laya.Core.Tests.PostProcessing.LayaCalibrationTests.Softmax_ReturnsNormalizedDistribution" computerName="Frieren" duration="00:00:00.0024441" startTime="2026-09-24T08:30:42.8875588+08:00" endTime="2026-09-24T08:30:42.8878233+08:00" testType="13cdc9d9-ddb5-4fa4-a97d-d965ccfc6d4b" outcome="Passed" testListId="8c84fa94-04c1-424b-9868-57a2d4851a1d" relativeResultsDirectory="c47aae45-5954-4137-87e2-36554feba2c9" />
    <UnitTestResult executionId="10a0dca3-685e-4f93-a542-c1c745441145" testId="ae35ba37-f0fb-1b64-64c6-68ec18ac4506" testName="Laya.Core.Tests.PostProcessing.LayaCalibrationTests.Softmax_IsStableForExtremeFiniteLogits" computerName="Frieren" duration="00:00:00.0011582" startTime="2026-09-24T08:30:42.8860563+08:00" endTime="2026-09-24T08:30:42.8861849+08:00" testType="13cdc9d9-ddb5-4fa4-a97d-d965ccfc6d4b" outcome="Passed" testListId="8c84fa94-04c1-424b-9868-57a2d4851a1d" relativeResultsDirectory="10a0dca3-685e-4f93-a542-c1c745441145" />
    <UnitTestResult executionId="a5f0dde6-2f39-4407-99ec-77b5603813bb" testId="7b14ff67-d06c-8f02-21c9-4b831a50d396" testName="Laya.Core.Tests.Parity.LayaParityToleranceTests.CompareProbability_RejectsNumericMismatchDespiteSameAnswer" computerName="Frieren" duration="00:00:00.0015196" startTime="2026-09-24T08:30:42.8923537+08:00" endTime="2026-09-24T08:30:42.8924695+08:00" testType="13cdc9d9-ddb5-4fa4-a97d-d965ccfc6d4b" outcome="Passed" testListId="8c84fa94-04c1-424b-9868-57a2d4851a1d" relativeResultsDirectory="a5f0dde6-2f39-4407-99ec-77b5603813bb" />
    <UnitTestResult executionId="289c5932-d09d-41a3-beba-fd2dd5dcb213" testId="83984e42-069b-0633-a886-ad7e333ad833" testName="Laya.Core.Tests.Configuration.LayaProfileResolverTests.Resolve_RejectsExistingMultilingualRootWithoutManifest" computerName="Frieren" duration="00:00:00.0039649" startTime="2026-09-24T08:30:42.8891702+08:00" endTime="2026-09-24T08:30:42.8891952+08:00" testType="13cdc9d9-ddb5-4fa4-a97d-d965ccfc6d4b" outcome="Passed" testListId="8c84fa94-04c1-424b-9868-57a2d4851a1d" relativeResultsDirectory="289c5932-d09d-41a3-beba-fd2dd5dcb213" />
    <UnitTestResult executionId="1c8be529-4ac5-4417-803d-8db4bc3b72b0" testId="69bde749-d479-2c87-99d0-562394f8bfb7" testName="Laya.Core.Tests.Configuration.LayaOptionsTests.Constructor_StoresResolvedRootAndIdentity" computerName="Frieren" duration="00:00:00.0048881" startTime="2026-09-24T08:30:42.8239929+08:00" endTime="2026-09-24T08:30:42.8422453+08:00" testType="13cdc9d9-ddb5-4fa4-a97d-d965ccfc6d4b" outcome="Passed" testListId="8c84fa94-04c1-424b-9868-57a2d4851a1d" relativeResultsDirectory="1c8be529-4ac5-4417-803d-8db4bc3b72b0" />
    <UnitTestResult executionId="e430e952-7be3-4a4f-9b39-68a991b03f85" testId="e26c0407-df1d-2658-2516-8ba215ea9859" testName="Laya.Core.Tests.Evaluation.Phase2DatasetManifestTests.Manifest_MatchesRepositoryDatasetAndHasUniqueGroupSplit" computerName="Frieren" duration="00:00:00.0116712" startTime="2026-09-24T08:30:42.8936287+08:00" endTime="2026-09-24T08:30:42.8947594+08:00" testType="13cdc9d9-ddb5-4fa4-a97d-d965ccfc6d4b" outcome="Passed" testListId="8c84fa94-04c1-424b-9868-57a2d4851a1d" relativeResultsDirectory="e430e952-7be3-4a4f-9b39-68a991b03f85" />
    <UnitTestResult executionId="e98a4acb-bd04-4ae2-9671-f681a1a416ec" testId="3625730f-ff79-0abf-6c56-e32b3721e905" testName="Laya.Core.Tests.Serialization.LayaStateSerializerTests.Serialize_NumbersUseInvariantCulture" computerName="Frieren" duration="00:00:00.0007104" startTime="2026-09-24T08:30:42.8903039+08:00" endTime="2026-09-24T08:30:42.8903295+08:00" testType="13cdc9d9-ddb5-4fa4-a97d-d965ccfc6d4b" outcome="Passed" testListId="8c84fa94-04c1-424b-9868-57a2d4851a1d" relativeResultsDirectory="e98a4acb-bd04-4ae2-9671-f681a1a416ec" />
    <UnitTestResult executionId="83e2e4c0-6d7c-4b40-8d7c-4298b256336f" testId="721ed0e1-a460-ed90-5e80-849ecd227c32" testName="Laya.Core.Tests.Evaluation.Phase2ReportWriterTests.WriteRun_WithFailure_PersistsIncompleteFullInputDenominator" computerName="Frieren" duration="00:00:00.0027795" startTime="2026-09-24T08:30:42.9342312+08:00" endTime="2026-09-24T08:30:42.9368851+08:00" testType="13cdc9d9-ddb5-4fa4-a97d-d965ccfc6d4b" outcome="Passed" testListId="8c84fa94-04c1-424b-9868-57a2d4851a1d" relativeResultsDirectory="83e2e4c0-6d7c-4b40-8d7c-4298b256336f" />
    <UnitTestResult executionId="7977a1ae-7a4d-4f69-a2fc-6de9eb1378d3" testId="60bff501-077b-9736-aa74-d32bd927d28a" testName="Laya.Core.Tests.Configuration.LayaProfileResolverTests.Resolve_FollowsVerifiedMultilingualCurrentPointer" computerName="Frieren" duration="00:00:00.0072788" startTime="2026-09-24T08:30:42.8873392+08:00" endTime="2026-09-24T08:30:42.8885068+08:00" testType="13cdc9d9-ddb5-4fa4-a97d-d965ccfc6d4b" outcome="Passed" testListId="8c84fa94-04c1-424b-9868-57a2d4851a1d" relativeResultsDirectory="7977a1ae-7a4d-4f69-a2fc-6de9eb1378d3" />
    <UnitTestResult executionId="a4230a0c-3a60-4294-8695-8e7ab7a95456" testId="8aad2d6a-11f9-ac95-72b6-5ec69c88ec9f" testName="Laya.Core.Tests.Evaluation.LayaPhase2RunComparerTests.Compare_MismatchedContract_IsRejected(mismatch: &quot;dataset&quot;)" computerName="Frieren" duration="00:00:00.0024025" startTime="2026-09-24T08:30:42.8935089+08:00" endTime="2026-09-24T08:30:42.8937072+08:00" testType="13cdc9d9-ddb5-4fa4-a97d-d965ccfc6d4b" outcome="Passed" testListId="8c84fa94-04c1-424b-9868-57a2d4851a1d" relativeResultsDirectory="a4230a0c-3a60-4294-8695-8e7ab7a95456" />
    <UnitTestResult executionId="1fef1ec8-158d-4093-ac96-851667653e7d" testId="72c7208d-d18a-5814-cbb7-9cf9df1bb8ef" testName="Laya.Core.Tests.Evaluation.LayaConfidencePolicyTests.Classify_UsesDocumentedBoundaries(probability: 0.58999999999999997, margin: 0.90000000000000002, expected: Review)" computerName="Frieren" duration="00:00:00.0000013" startTime="2026-09-24T08:30:42.8913154+08:00" endTime="2026-09-24T08:30:42.8913414+08:00" testType="13cdc9d9-ddb5-4fa4-a97d-d965ccfc6d4b" outcome="Passed" testListId="8c84fa94-04c1-424b-9868-57a2d4851a1d" relativeResultsDirectory="1fef1ec8-158d-4093-ac96-851667653e7d" />
    <UnitTestResult executionId="719f824f-8cf8-4545-bd53-a69d2e1e0a90" testId="e5375872-944b-99e5-0ac3-f53e57498348" testName="Laya.Core.Tests.Evaluation.LayaCalibrationAnalyzerTests.Analyze_ReturnsNaForEmptyInput" computerName="Frieren" duration="00:00:00.0006504" startTime="2026-09-24T08:30:42.8876797+08:00" endTime="2026-09-24T08:30:42.8877058+08:00" testType="13cdc9d9-ddb5-4fa4-a97d-d965ccfc6d4b" outcome="Passed" testListId="8c84fa94-04c1-424b-9868-57a2d4851a1d" relativeResultsDirectory="719f824f-8cf8-4545-bd53-a69d2e1e0a90" />
  </Results>
  <TestDefinitions>
    <UnitTest name="Laya.Core.Tests.PostProcessing.LayaCalibrationTests.Softmax_RejectsInvalidTemperature(temperature: 非數值)" storage="/srv/hermes_agent/home/workspace/repo/layadotnetpoc/tests/laya.core.tests/bin/debug/net8.0/laya.core.tests.dll" id="0eb4719f-4ed7-c6d1-781b-281b9dc9d7e7">
      <Execution id="b1191ba0-aa13-4c69-8180-c5d0ddd591d6" />
      <TestMethod codeBase="/srv/hermes_agent/home/workspace/Repo/LayaDotNetPoc/tests/Laya.Core.Tests/bin/Debug/net8.0/Laya.Core.Tests.dll" adapterTypeName="executor://xunit/VsTestRunner3/netcore/" className="Laya.Core.Tests.PostProcessing.LayaCalibrationTests" name="Softmax_RejectsInvalidTemperature" />
    </UnitTest>
    <UnitTest name="Laya.Core.Tests.Serialization.LayaStateSerializerTests.Serialize_RejectsCycles" storage="/srv/hermes_agent/home/workspace/repo/layadotnetpoc/tests/laya.core.tests/bin/debug/net8.0/laya.core.tests.dll" id="26979fc2-a61b-8d02-00e8-cc23ca3321f2">
      <Execution id="df3f444a-4ed1-443c-add4-021b2e80c589" />
      <TestMethod codeBase="/srv/hermes_agent/home/workspace/Repo/LayaDotNetPoc/tests/Laya.Core.Tests/bin/Debug/net8.0/Laya.Core.Tests.dll" adapterTypeName="executor://xunit/VsTestRunner3/netcore/" className="Laya.Core.Tests.Serialization.LayaStateSerializerTests" name="Serialize_RejectsCycles" />
    </UnitTest>
    <UnitTest name="Laya.Core.Tests.Configuration.LayaProfileResolverTests.Resolve_RejectsInvalidProfile(profile: &quot;unknown&quot;, configuredProfile: null)" storage="/srv/hermes_agent/home/workspace/repo/layadotnetpoc/tests/laya.core.tests/bin/debug/net8.0/laya.core.tests.dll" id="5f240c42-966f-7fda-6b54-e01c1e2b6ca7">
      <Execution id="d646d735-0b7a-4511-a87b-77f60af5c45e" />
      <TestMethod codeBase="/srv/hermes_agent/home/workspace/Repo/LayaDotNetPoc/tests/Laya.Core.Tests/bin/Debug/net8.0/Laya.Core.Tests.dll" adapterTypeName="executor://xunit/VsTestRunner3/netcore/" className="Laya.Core.Tests.Configuration.LayaProfileResolverTests" name="Resolve_RejectsInvalidProfile" />
    </UnitTest>
    <UnitTest name="Laya.Core.Tests.Parity.LayaParityToleranceTests.CompareProbability_RejectsNonFiniteValues(actual: 非數值)" storage="/srv/hermes_agent/home/workspace/repo/layadotnetpoc/tests/laya.core.tests/bin/debug/net8.0/laya.core.tests.dll" id="c385fd58-2b7f-0d8e-1b9c-fb2981f72941">
      <Execution id="50ec5ed8-05ff-4d80-bfc4-3d4474719496" />
      <TestMethod codeBase="/srv/hermes_agent/home/workspace/Repo/LayaDotNetPoc/tests/Laya.Core.Tests/bin/Debug/net8.0/Laya.Core.Tests.dll" adapterTypeName="executor://xunit/VsTestRunner3/netcore/" className="Laya.Core.Tests.Parity.LayaParityToleranceTests" name="CompareProbability_RejectsNonFiniteValues" />
    </UnitTest>
    <UnitTest name="Laya.Core.Tests.Evaluation.LayaPhase2MetricsTests.Calculate_ReportsSuccessAndFullInputAccuracySeparately" storage="/srv/hermes_agent/home/workspace/repo/layadotnetpoc/tests/laya.core.tests/bin/debug/net8.0/laya.core.tests.dll" id="39080e42-27e3-51b2-323e-addc884d80ef">
      <Execution id="895e592f-1d24-4341-b9ec-a7efea359d81" />
      <TestMethod codeBase="/srv/hermes_agent/home/workspace/Repo/LayaDotNetPoc/tests/Laya.Core.Tests/bin/Debug/net8.0/Laya.Core.Tests.dll" adapterTypeName="executor://xunit/VsTestRunner3/netcore/" className="Laya.Core.Tests.Evaluation.LayaPhase2MetricsTests" name="Calculate_ReportsSuccessAndFullInputAccuracySeparately" />
    </UnitTest>
    <UnitTest name="Laya.Core.Tests.Evaluation.MisclassifiedTransactionWriterTests.Write_EmitsRedactedEightColumnCsv" storage="/srv/hermes_agent/home/workspace/repo/layadotnetpoc/tests/laya.core.tests/bin/debug/net8.0/laya.core.tests.dll" id="eb1a16d3-3615-a9d1-dbaf-2ff92189189a">
      <Execution id="d50b1b22-a028-4145-ae7d-794a124a546d" />
      <TestMethod codeBase="/srv/hermes_agent/home/workspace/Repo/LayaDotNetPoc/tests/Laya.Core.Tests/bin/Debug/net8.0/Laya.Core.Tests.dll" adapterTypeName="executor://xunit/VsTestRunner3/netcore/" className="Laya.Core.Tests.Evaluation.MisclassifiedTransactionWriterTests" name="Write_EmitsRedactedEightColumnCsv" />
    </UnitTest>
    <UnitTest name="Laya.Core.Tests.Serialization.LayaStateSerializerTests.Serialize_ObjectMatchesReferenceJsonStyle" storage="/srv/hermes_agent/home/workspace/repo/layadotnetpoc/tests/laya.core.tests/bin/debug/net8.0/laya.core.tests.dll" id="3c1ff89b-8d36-49cf-9da4-94e679d4b356">
      <Execution id="3433aa29-36fd-4669-961d-03f9673d5083" />
      <TestMethod codeBase="/srv/hermes_agent/home/workspace/Repo/LayaDotNetPoc/tests/Laya.Core.Tests/bin/Debug/net8.0/Laya.Core.Tests.dll" adapterTypeName="executor://xunit/VsTestRunner3/netcore/" className="Laya.Core.Tests.Serialization.LayaStateSerializerTests" name="Serialize_ObjectMatchesReferenceJsonStyle" />
    </UnitTest>
    <UnitTest name="Laya.Core.Tests.Configuration.LayaProfileResolverTests.Resolve_FollowsVerifiedMultilingualCurrentPointer" storage="/srv/hermes_agent/home/workspace/repo/layadotnetpoc/tests/laya.core.tests/bin/debug/net8.0/laya.core.tests.dll" id="60bff501-077b-9736-aa74-d32bd927d28a">
      <Execution id="7977a1ae-7a4d-4f69-a2fc-6de9eb1378d3" />
      <TestMethod codeBase="/srv/hermes_agent/home/workspace/Repo/LayaDotNetPoc/tests/Laya.Core.Tests/bin/Debug/net8.0/Laya.Core.Tests.dll" adapterTypeName="executor://xunit/VsTestRunner3/netcore/" className="Laya.Core.Tests.Configuration.LayaProfileResolverTests" name="Resolve_FollowsVerifiedMultilingualCurrentPointer" />
    </UnitTest>
    <UnitTest name="Laya.Core.Tests.Configuration.LayaProfileResolverTests.Resolve_RejectsInvalidProfile(profile: &quot;&quot;, configuredProfile: null)" storage="/srv/hermes_agent/home/workspace/repo/layadotnetpoc/tests/laya.core.tests/bin/debug/net8.0/laya.core.tests.dll" id="877d1220-7b45-7886-2478-8fe290b5c07e">
      <Execution id="cc013f33-f939-4807-98dc-f2b59e7794f3" />
      <TestMethod codeBase="/srv/hermes_agent/home/workspace/Repo/LayaDotNetPoc/tests/Laya.Core.Tests/bin/Debug/net8.0/Laya.Core.Tests.dll" adapterTypeName="executor://xunit/VsTestRunner3/netcore/" className="Laya.Core.Tests.Configuration.LayaProfileResolverTests" name="Resolve_RejectsInvalidProfile" />
    </UnitTest>
    <UnitTest name="Laya.Core.Tests.Evaluation.LayaPhase2MetricsTests.Calculate_ReportsTopKWithStableRanking" storage="/srv/hermes_agent/home/workspace/repo/layadotnetpoc/tests/laya.core.tests/bin/debug/net8.0/laya.core.tests.dll" id="4a3ae34e-3f38-1aa8-57a8-99156a8c8cad">
      <Execution id="3746f37c-e66f-465b-a37e-5adbba29d2aa" />
      <TestMethod codeBase="/srv/hermes_agent/home/workspace/Repo/LayaDotNetPoc/tests/Laya.Core.Tests/bin/Debug/net8.0/Laya.Core.Tests.dll" adapterTypeName="executor://xunit/VsTestRunner3/netcore/" className="Laya.Core.Tests.Evaluation.LayaPhase2MetricsTests" name="Calculate_ReportsTopKWithStableRanking" />
    </UnitTest>
    <UnitTest name="Laya.Core.Tests.Evaluation.LayaNoulAnalyzerTests.Analyze_ReturnsNaForEmptyBuckets" storage="/srv/hermes_agent/home/workspace/repo/layadotnetpoc/tests/laya.core.tests/bin/debug/net8.0/laya.core.tests.dll" id="5cd56f3c-9f48-cd5a-9e00-728f31a273ce">
      <Execution id="667fdb5d-0eed-45d4-8056-2a1a4dbb0ca7" />
      <TestMethod codeBase="/srv/hermes_agent/home/workspace/Repo/LayaDotNetPoc/tests/Laya.Core.Tests/bin/Debug/net8.0/Laya.Core.Tests.dll" adapterTypeName="executor://xunit/VsTestRunner3/netcore/" className="Laya.Core.Tests.Evaluation.LayaNoulAnalyzerTests" name="Analyze_ReturnsNaForEmptyBuckets" />
    </UnitTest>
    <UnitTest name="Laya.Core.Tests.Serialization.LayaStateSerializerTests.Serialize_RejectsNonFiniteNumbers(value: -∞)" storage="/srv/hermes_agent/home/workspace/repo/layadotnetpoc/tests/laya.core.tests/bin/debug/net8.0/laya.core.tests.dll" id="1c8dff0b-8bdb-117b-8311-c9c50595362f">
      <Execution id="d3e99b81-1c05-4188-93d7-2ebc5135ca2c" />
      <TestMethod codeBase="/srv/hermes_agent/home/workspace/Repo/LayaDotNetPoc/tests/Laya.Core.Tests/bin/Debug/net8.0/Laya.Core.Tests.dll" adapterTypeName="executor://xunit/VsTestRunner3/netcore/" className="Laya.Core.Tests.Serialization.LayaStateSerializerTests" name="Serialize_RejectsNonFiniteNumbers" />
    </UnitTest>
    <UnitTest name="Laya.Core.Tests.Evaluation.LayaPhase2MetricsTests.Calculate_RejectsIncompleteDistribution" storage="/srv/hermes_agent/home/workspace/repo/layadotnetpoc/tests/laya.core.tests/bin/debug/net8.0/laya.core.tests.dll" id="8c1c0123-197b-b1a2-9728-4f4406314d9f">
      <Execution id="7c18a38d-8b93-4174-93c7-11c1ce752ad8" />
      <TestMethod codeBase="/srv/hermes_agent/home/workspace/Repo/LayaDotNetPoc/tests/Laya.Core.Tests/bin/Debug/net8.0/Laya.Core.Tests.dll" adapterTypeName="executor://xunit/VsTestRunner3/netcore/" className="Laya.Core.Tests.Evaluation.LayaPhase2MetricsTests" name="Calculate_RejectsIncompleteDistribution" />
    </UnitTest>
    <UnitTest name="Laya.Core.Tests.Evaluation.LayaPolicyEvaluatorTests.SelectScenarios_DisablesAutoWhenTargetIsNotMet" storage="/srv/hermes_agent/home/workspace/repo/layadotnetpoc/tests/laya.core.tests/bin/debug/net8.0/laya.core.tests.dll" id="63aeaaae-d5fa-42d7-2eee-ad0b19731764">
      <Execution id="b757696a-12ed-4817-a99d-a722d3d719ed" />
      <TestMethod codeBase="/srv/hermes_agent/home/workspace/Repo/LayaDotNetPoc/tests/Laya.Core.Tests/bin/Debug/net8.0/Laya.Core.Tests.dll" adapterTypeName="executor://xunit/VsTestRunner3/netcore/" className="Laya.Core.Tests.Evaluation.LayaPolicyEvaluatorTests" name="SelectScenarios_DisablesAutoWhenTargetIsNotMet" />
    </UnitTest>
    <UnitTest name="Laya.Core.Tests.Evaluation.Phase2FrozenCandidateValidatorTests.Validate_MismatchedHeldOutSelection_IsRejected" storage="/srv/hermes_agent/home/workspace/repo/layadotnetpoc/tests/laya.core.tests/bin/debug/net8.0/laya.core.tests.dll" id="f937e294-b2b8-7c76-aae9-605d55a27486">
      <Execution id="438be898-c39b-452a-870d-c331378842e8" />
      <TestMethod codeBase="/srv/hermes_agent/home/workspace/Repo/LayaDotNetPoc/tests/Laya.Core.Tests/bin/Debug/net8.0/Laya.Core.Tests.dll" adapterTypeName="executor://xunit/VsTestRunner3/netcore/" className="Laya.Core.Tests.Evaluation.Phase2FrozenCandidateValidatorTests" name="Validate_MismatchedHeldOutSelection_IsRejected" />
    </UnitTest>
    <UnitTest name="Laya.Core.Tests.Evaluation.LayaGate3AssessmentTests.Decide_ReturnsPassOnlyForCompleteReliableEvidence" storage="/srv/hermes_agent/home/workspace/repo/layadotnetpoc/tests/laya.core.tests/bin/debug/net8.0/laya.core.tests.dll" id="97180225-d06c-b7bb-d520-1b6ca251531b">
      <Execution id="e6c45fd9-40c5-4b33-9269-bfc0df43ea14" />
      <TestMethod codeBase="/srv/hermes_agent/home/workspace/Repo/LayaDotNetPoc/tests/Laya.Core.Tests/bin/Debug/net8.0/Laya.Core.Tests.dll" adapterTypeName="executor://xunit/VsTestRunner3/netcore/" className="Laya.Core.Tests.Evaluation.LayaGate3AssessmentTests" name="Decide_ReturnsPassOnlyForCompleteReliableEvidence" />
    </UnitTest>
    <UnitTest name="Laya.Core.Tests.Evaluation.LayaPhase2RunComparerTests.Compare_SuccessOutsideSelectedIds_IsRejected" storage="/srv/hermes_agent/home/workspace/repo/layadotnetpoc/tests/laya.core.tests/bin/debug/net8.0/laya.core.tests.dll" id="13dfeb7e-0905-5d9c-8c6e-94594caaf9a4">
      <Execution id="02b4835a-55bc-4f9c-a432-c2c97091fe51" />
      <TestMethod codeBase="/srv/hermes_agent/home/workspace/Repo/LayaDotNetPoc/tests/Laya.Core.Tests/bin/Debug/net8.0/Laya.Core.Tests.dll" adapterTypeName="executor://xunit/VsTestRunner3/netcore/" className="Laya.Core.Tests.Evaluation.LayaPhase2RunComparerTests" name="Compare_SuccessOutsideSelectedIds_IsRejected" />
    </UnitTest>
    <UnitTest name="Laya.Core.Tests.Evaluation.LayaConfidencePolicyTests.Classify_UsesDocumentedBoundaries(probability: 0.84999999999999998, margin: 0.20000000000000001, expected: Auto)" storage="/srv/hermes_agent/home/workspace/repo/layadotnetpoc/tests/laya.core.tests/bin/debug/net8.0/laya.core.tests.dll" id="9cd5f8da-28ad-2b2a-7e3a-b9e8917bf925">
      <Execution id="4cff56fa-cad0-4fee-9eb0-ad7d85475283" />
      <TestMethod codeBase="/srv/hermes_agent/home/workspace/Repo/LayaDotNetPoc/tests/Laya.Core.Tests/bin/Debug/net8.0/Laya.Core.Tests.dll" adapterTypeName="executor://xunit/VsTestRunner3/netcore/" className="Laya.Core.Tests.Evaluation.LayaConfidencePolicyTests" name="Classify_UsesDocumentedBoundaries" />
    </UnitTest>
    <UnitTest name="Laya.Core.Tests.Models.LayaDomainModelTests.Request_PreservesQuestionOrder" storage="/srv/hermes_agent/home/workspace/repo/layadotnetpoc/tests/laya.core.tests/bin/debug/net8.0/laya.core.tests.dll" id="eeed1600-2cd4-3eeb-4b6f-996ec7dc8f79">
      <Execution id="d0237151-f286-43db-abf5-1879186f6368" />
      <TestMethod codeBase="/srv/hermes_agent/home/workspace/Repo/LayaDotNetPoc/tests/Laya.Core.Tests/bin/Debug/net8.0/Laya.Core.Tests.dll" adapterTypeName="executor://xunit/VsTestRunner3/netcore/" className="Laya.Core.Tests.Models.LayaDomainModelTests" name="Request_PreservesQuestionOrder" />
    </UnitTest>
    <UnitTest name="Laya.Core.Tests.Evaluation.LayaPhase2RunComparerTests.Compare_MismatchedContract_IsRejected(mismatch: &quot;environment&quot;)" storage="/srv/hermes_agent/home/workspace/repo/layadotnetpoc/tests/laya.core.tests/bin/debug/net8.0/laya.core.tests.dll" id="b74ccaf3-73a9-2ce9-155f-5ef57434e7a1">
      <Execution id="46f9ef78-b5d5-443c-bdd3-f12ca3cdbbc0" />
      <TestMethod codeBase="/srv/hermes_agent/home/workspace/Repo/LayaDotNetPoc/tests/Laya.Core.Tests/bin/Debug/net8.0/Laya.Core.Tests.dll" adapterTypeName="executor://xunit/VsTestRunner3/netcore/" className="Laya.Core.Tests.Evaluation.LayaPhase2RunComparerTests" name="Compare_MismatchedContract_IsRejected" />
    </UnitTest>
    <UnitTest name="Laya.Core.Tests.PostProcessing.LayaCalibrationTests.Softmax_RejectsInvalidTemperature(temperature: 0)" storage="/srv/hermes_agent/home/workspace/repo/layadotnetpoc/tests/laya.core.tests/bin/debug/net8.0/laya.core.tests.dll" id="89d27819-eb28-5c0a-6bbb-c794a255ec9e">
      <Execution id="5804c44d-7dc2-4e92-a208-affe31e1511c" />
      <TestMethod codeBase="/srv/hermes_agent/home/workspace/Repo/LayaDotNetPoc/tests/Laya.Core.Tests/bin/Debug/net8.0/Laya.Core.Tests.dll" adapterTypeName="executor://xunit/VsTestRunner3/netcore/" className="Laya.Core.Tests.PostProcessing.LayaCalibrationTests" name="Softmax_RejectsInvalidTemperature" />
    </UnitTest>
    <UnitTest name="Laya.Core.Tests.Configuration.LayaOptionsTests.Constructor_StoresResolvedRootAndIdentity" storage="/srv/hermes_agent/home/workspace/repo/layadotnetpoc/tests/laya.core.tests/bin/debug/net8.0/laya.core.tests.dll" id="69bde749-d479-2c87-99d0-562394f8bfb7">
      <Execution id="1c8be529-4ac5-4417-803d-8db4bc3b72b0" />
      <TestMethod codeBase="/srv/hermes_agent/home/workspace/Repo/LayaDotNetPoc/tests/Laya.Core.Tests/bin/Debug/net8.0/Laya.Core.Tests.dll" adapterTypeName="executor://xunit/VsTestRunner3/netcore/" className="Laya.Core.Tests.Configuration.LayaOptionsTests" name="Constructor_StoresResolvedRootAndIdentity" />
    </UnitTest>
    <UnitTest name="Laya.Core.Tests.Models.LayaDomainModelTests.QuestionType_UsesReferenceValues" storage="/srv/hermes_agent/home/workspace/repo/layadotnetpoc/tests/laya.core.tests/bin/debug/net8.0/laya.core.tests.dll" id="d9578438-6519-9dd9-4973-ffb473cf88e4">
      <Execution id="7e5e3f20-edf5-4e40-b7ba-5df1aa838937" />
      <TestMethod codeBase="/srv/hermes_agent/home/workspace/Repo/LayaDotNetPoc/tests/Laya.Core.Tests/bin/Debug/net8.0/Laya.Core.Tests.dll" adapterTypeName="executor://xunit/VsTestRunner3/netcore/" className="Laya.Core.Tests.Models.LayaDomainModelTests" name="QuestionType_UsesReferenceValues" />
    </UnitTest>
    <UnitTest name="Laya.Core.Tests.Evaluation.LayaPhase2MetricsTests.Calculate_UsesFixedLabelSetForMacroF1AndTransferShare" storage="/srv/hermes_agent/home/workspace/repo/layadotnetpoc/tests/laya.core.tests/bin/debug/net8.0/laya.core.tests.dll" id="8427ac69-13e6-b60b-a571-e3ffea2e4051">
      <Execution id="1be11269-e0de-4863-81ec-10e2c173bac5" />
      <TestMethod codeBase="/srv/hermes_agent/home/workspace/Repo/LayaDotNetPoc/tests/Laya.Core.Tests/bin/Debug/net8.0/Laya.Core.Tests.dll" adapterTypeName="executor://xunit/VsTestRunner3/netcore/" className="Laya.Core.Tests.Evaluation.LayaPhase2MetricsTests" name="Calculate_UsesFixedLabelSetForMacroF1AndTransferShare" />
    </UnitTest>
    <UnitTest name="Laya.Core.Tests.Configuration.LayaProfileResolverTests.Resolve_UsesConfiguredProfileBeforeHostDefault" storage="/srv/hermes_agent/home/workspace/repo/layadotnetpoc/tests/laya.core.tests/bin/debug/net8.0/laya.core.tests.dll" id="f741a2d8-337a-654c-ea44-9e1f187188a9">
      <Execution id="e38349ac-1d9a-459b-81ee-3c212bd9c9d0" />
      <TestMethod codeBase="/srv/hermes_agent/home/workspace/Repo/LayaDotNetPoc/tests/Laya.Core.Tests/bin/Debug/net8.0/Laya.Core.Tests.dll" adapterTypeName="executor://xunit/VsTestRunner3/netcore/" className="Laya.Core.Tests.Configuration.LayaProfileResolverTests" name="Resolve_UsesConfiguredProfileBeforeHostDefault" />
    </UnitTest>
    <UnitTest name="Laya.Core.Tests.Configuration.LayaProfileResolverTests.Resolve_RejectsNestedCheckpointRevisionMismatch" storage="/srv/hermes_agent/home/workspace/repo/layadotnetpoc/tests/laya.core.tests/bin/debug/net8.0/laya.core.tests.dll" id="e5311441-621b-1d15-b712-0e3642674e08">
      <Execution id="9ab4f414-bb01-4f5c-a279-157e8cc1ebc0" />
      <TestMethod codeBase="/srv/hermes_agent/home/workspace/Repo/LayaDotNetPoc/tests/Laya.Core.Tests/bin/Debug/net8.0/Laya.Core.Tests.dll" adapterTypeName="executor://xunit/VsTestRunner3/netcore/" className="Laya.Core.Tests.Configuration.LayaProfileResolverTests" name="Resolve_RejectsNestedCheckpointRevisionMismatch" />
    </UnitTest>
    <UnitTest name="Laya.Core.Tests.Configuration.LayaModelConfigTests.GetTemperature_UsesReferenceCardinalityBuckets" storage="/srv/hermes_agent/home/workspace/repo/layadotnetpoc/tests/laya.core.tests/bin/debug/net8.0/laya.core.tests.dll" id="a5dc8673-0fb2-0a09-bd3d-45dc5791632a">
      <Execution id="bd431e35-102a-494a-84f8-5fe6b03878bb" />
      <TestMethod codeBase="/srv/hermes_agent/home/workspace/Repo/LayaDotNetPoc/tests/Laya.Core.Tests/bin/Debug/net8.0/Laya.Core.Tests.dll" adapterTypeName="executor://xunit/VsTestRunner3/netcore/" className="Laya.Core.Tests.Configuration.LayaModelConfigTests" name="GetTemperature_UsesReferenceCardinalityBuckets" />
    </UnitTest>
    <UnitTest name="Laya.Core.Tests.Evaluation.LayaConfidencePolicyTests.Classify_UsesDocumentedBoundaries(probability: 0.59999999999999998, margin: 0.90000000000000002, expected: Suggest)" storage="/srv/hermes_agent/home/workspace/repo/layadotnetpoc/tests/laya.core.tests/bin/debug/net8.0/laya.core.tests.dll" id="010f16f4-acc3-163a-6ab1-f62bc8f0c769">
      <Execution id="907c4660-58e4-4462-9891-9b22b03427a9" />
      <TestMethod codeBase="/srv/hermes_agent/home/workspace/Repo/LayaDotNetPoc/tests/Laya.Core.Tests/bin/Debug/net8.0/Laya.Core.Tests.dll" adapterTypeName="executor://xunit/VsTestRunner3/netcore/" className="Laya.Core.Tests.Evaluation.LayaConfidencePolicyTests" name="Classify_UsesDocumentedBoundaries" />
    </UnitTest>
    <UnitTest name="Laya.Core.Tests.Evaluation.LayaConfidencePolicyTests.Classify_UsesDocumentedBoundaries(probability: 0.58999999999999997, margin: 0.90000000000000002, expected: Review)" storage="/srv/hermes_agent/home/workspace/repo/layadotnetpoc/tests/laya.core.tests/bin/debug/net8.0/laya.core.tests.dll" id="72c7208d-d18a-5814-cbb7-9cf9df1bb8ef">
      <Execution id="1fef1ec8-158d-4093-ac96-851667653e7d" />
      <TestMethod codeBase="/srv/hermes_agent/home/workspace/Repo/LayaDotNetPoc/tests/Laya.Core.Tests/bin/Debug/net8.0/Laya.Core.Tests.dll" adapterTypeName="executor://xunit/VsTestRunner3/netcore/" className="Laya.Core.Tests.Evaluation.LayaConfidencePolicyTests" name="Classify_UsesDocumentedBoundaries" />
    </UnitTest>
    <UnitTest name="Laya.Core.Tests.Serialization.LayaStateSerializerTests.Serialize_NestedValuesPreserveOrder" storage="/srv/hermes_agent/home/workspace/repo/layadotnetpoc/tests/laya.core.tests/bin/debug/net8.0/laya.core.tests.dll" id="4c1469ce-9ded-7d54-3770-88f4e833bb94">
      <Execution id="4dbc4ac7-5856-4d3a-8f8e-94b98ae6683a" />
      <TestMethod codeBase="/srv/hermes_agent/home/workspace/Repo/LayaDotNetPoc/tests/Laya.Core.Tests/bin/Debug/net8.0/Laya.Core.Tests.dll" adapterTypeName="executor://xunit/VsTestRunner3/netcore/" className="Laya.Core.Tests.Serialization.LayaStateSerializerTests" name="Serialize_NestedValuesPreserveOrder" />
    </UnitTest>
    <UnitTest name="Laya.Core.Tests.Evaluation.LayaTransactionRequestFactoryTests.CreateBaselineRequest_PreservesPhase1Contract" storage="/srv/hermes_agent/home/workspace/repo/layadotnetpoc/tests/laya.core.tests/bin/debug/net8.0/laya.core.tests.dll" id="fd3278fc-9688-b0f4-9ed9-1d9fd40b5587">
      <Execution id="bc2110c1-032b-43a4-bdc5-122c8e40c6bb" />
      <TestMethod codeBase="/srv/hermes_agent/home/workspace/Repo/LayaDotNetPoc/tests/Laya.Core.Tests/bin/Debug/net8.0/Laya.Core.Tests.dll" adapterTypeName="executor://xunit/VsTestRunner3/netcore/" className="Laya.Core.Tests.Evaluation.LayaTransactionRequestFactoryTests" name="CreateBaselineRequest_PreservesPhase1Contract" />
    </UnitTest>
    <UnitTest name="Laya.Core.Tests.Configuration.LayaProfileResolverTests.Resolve_UsesCliProfileBeforeConfiguredProfile" storage="/srv/hermes_agent/home/workspace/repo/layadotnetpoc/tests/laya.core.tests/bin/debug/net8.0/laya.core.tests.dll" id="5d8bf1ea-f96f-5452-82be-f82920781ec5">
      <Execution id="9c472fb6-aaa0-474a-8727-5a5ecc287a62" />
      <TestMethod codeBase="/srv/hermes_agent/home/workspace/Repo/LayaDotNetPoc/tests/Laya.Core.Tests/bin/Debug/net8.0/Laya.Core.Tests.dll" adapterTypeName="executor://xunit/VsTestRunner3/netcore/" className="Laya.Core.Tests.Configuration.LayaProfileResolverTests" name="Resolve_UsesCliProfileBeforeConfiguredProfile" />
    </UnitTest>
    <UnitTest name="Laya.Core.Tests.Evaluation.LayaGate3AssessmentTests.Decide_ReturnsPartialForSuggestionOnlyEvidence" storage="/srv/hermes_agent/home/workspace/repo/layadotnetpoc/tests/laya.core.tests/bin/debug/net8.0/laya.core.tests.dll" id="5893dbdb-c8ab-e857-ed8a-a2b8c09ce485">
      <Execution id="a1701577-28ce-430b-b50e-e265c5ef6fba" />
      <TestMethod codeBase="/srv/hermes_agent/home/workspace/Repo/LayaDotNetPoc/tests/Laya.Core.Tests/bin/Debug/net8.0/Laya.Core.Tests.dll" adapterTypeName="executor://xunit/VsTestRunner3/netcore/" className="Laya.Core.Tests.Evaluation.LayaGate3AssessmentTests" name="Decide_ReturnsPartialForSuggestionOnlyEvidence" />
    </UnitTest>
    <UnitTest name="Laya.Core.Tests.PostProcessing.LayaPostProcessorTests.Process_MapsChoiceProbabilitiesInOptionOrder" storage="/srv/hermes_agent/home/workspace/repo/layadotnetpoc/tests/laya.core.tests/bin/debug/net8.0/laya.core.tests.dll" id="a9b13a74-2262-2274-8fd1-edb6edd2b8e9">
      <Execution id="632640ab-5375-4687-8d17-81adb08b14dd" />
      <TestMethod codeBase="/srv/hermes_agent/home/workspace/Repo/LayaDotNetPoc/tests/Laya.Core.Tests/bin/Debug/net8.0/Laya.Core.Tests.dll" adapterTypeName="executor://xunit/VsTestRunner3/netcore/" className="Laya.Core.Tests.PostProcessing.LayaPostProcessorTests" name="Process_MapsChoiceProbabilitiesInOptionOrder" />
    </UnitTest>
    <UnitTest name="Laya.Core.Tests.Parity.LayaParityToleranceTests.Validate_RequiresInvestigationForExplicitRelaxation" storage="/srv/hermes_agent/home/workspace/repo/layadotnetpoc/tests/laya.core.tests/bin/debug/net8.0/laya.core.tests.dll" id="63352fb3-766f-4047-3170-f13c2821f23c">
      <Execution id="bfb77f71-904d-4879-91a9-56626396f784" />
      <TestMethod codeBase="/srv/hermes_agent/home/workspace/Repo/LayaDotNetPoc/tests/Laya.Core.Tests/bin/Debug/net8.0/Laya.Core.Tests.dll" adapterTypeName="executor://xunit/VsTestRunner3/netcore/" className="Laya.Core.Tests.Parity.LayaParityToleranceTests" name="Validate_RequiresInvestigationForExplicitRelaxation" />
    </UnitTest>
    <UnitTest name="Laya.Core.Tests.Evaluation.Phase2HeldOutReportWriterTests.WriteRun_WithFixedPolicy_LeavesGridNullAndPersistsCandidateIdentity" storage="/srv/hermes_agent/home/workspace/repo/layadotnetpoc/tests/laya.core.tests/bin/debug/net8.0/laya.core.tests.dll" id="8bd05023-d89f-7c9b-676d-b318e84ead1c">
      <Execution id="2d7f335e-333b-4b73-89fe-a567f233fdce" />
      <TestMethod codeBase="/srv/hermes_agent/home/workspace/Repo/LayaDotNetPoc/tests/Laya.Core.Tests/bin/Debug/net8.0/Laya.Core.Tests.dll" adapterTypeName="executor://xunit/VsTestRunner3/netcore/" className="Laya.Core.Tests.Evaluation.Phase2HeldOutReportWriterTests" name="WriteRun_WithFixedPolicy_LeavesGridNullAndPersistsCandidateIdentity" />
    </UnitTest>
    <UnitTest name="Laya.Core.Tests.Configuration.LayaProfileResolverTests.Resolve_UsesExplicitRootBeforeOtherSources" storage="/srv/hermes_agent/home/workspace/repo/layadotnetpoc/tests/laya.core.tests/bin/debug/net8.0/laya.core.tests.dll" id="c9d3788f-0c97-6a68-18c7-0ea0f43edb65">
      <Execution id="34723379-346e-46a4-a0b2-d5642b1b2120" />
      <TestMethod codeBase="/srv/hermes_agent/home/workspace/Repo/LayaDotNetPoc/tests/Laya.Core.Tests/bin/Debug/net8.0/Laya.Core.Tests.dll" adapterTypeName="executor://xunit/VsTestRunner3/netcore/" className="Laya.Core.Tests.Configuration.LayaProfileResolverTests" name="Resolve_UsesExplicitRootBeforeOtherSources" />
    </UnitTest>
    <UnitTest name="Laya.Core.Tests.PostProcessing.LayaCalibrationTests.Softmax_ReturnsNormalizedDistribution" storage="/srv/hermes_agent/home/workspace/repo/layadotnetpoc/tests/laya.core.tests/bin/debug/net8.0/laya.core.tests.dll" id="560fdb82-d999-7407-aace-3aa04be69bbb">
      <Execution id="c47aae45-5954-4137-87e2-36554feba2c9" />
      <TestMethod codeBase="/srv/hermes_agent/home/workspace/Repo/LayaDotNetPoc/tests/Laya.Core.Tests/bin/Debug/net8.0/Laya.Core.Tests.dll" adapterTypeName="executor://xunit/VsTestRunner3/netcore/" className="Laya.Core.Tests.PostProcessing.LayaCalibrationTests" name="Softmax_ReturnsNormalizedDistribution" />
    </UnitTest>
    <UnitTest name="Laya.Core.Tests.Configuration.LayaProfileResolverTests.Resolve_RejectsExistingMultilingualRootWithoutManifest" storage="/srv/hermes_agent/home/workspace/repo/layadotnetpoc/tests/laya.core.tests/bin/debug/net8.0/laya.core.tests.dll" id="83984e42-069b-0633-a886-ad7e333ad833">
      <Execution id="289c5932-d09d-41a3-beba-fd2dd5dcb213" />
      <TestMethod codeBase="/srv/hermes_agent/home/workspace/Repo/LayaDotNetPoc/tests/Laya.Core.Tests/bin/Debug/net8.0/Laya.Core.Tests.dll" adapterTypeName="executor://xunit/VsTestRunner3/netcore/" className="Laya.Core.Tests.Configuration.LayaProfileResolverTests" name="Resolve_RejectsExistingMultilingualRootWithoutManifest" />
    </UnitTest>
    <UnitTest name="Laya.Core.Tests.Evaluation.LayaCalibrationAnalyzerTests.Analyze_ReturnsNaForEmptyInput" storage="/srv/hermes_agent/home/workspace/repo/layadotnetpoc/tests/laya.core.tests/bin/debug/net8.0/laya.core.tests.dll" id="e5375872-944b-99e5-0ac3-f53e57498348">
      <Execution id="719f824f-8cf8-4545-bd53-a69d2e1e0a90" />
      <TestMethod codeBase="/srv/hermes_agent/home/workspace/Repo/LayaDotNetPoc/tests/Laya.Core.Tests/bin/Debug/net8.0/Laya.Core.Tests.dll" adapterTypeName="executor://xunit/VsTestRunner3/netcore/" className="Laya.Core.Tests.Evaluation.LayaCalibrationAnalyzerTests" name="Analyze_ReturnsNaForEmptyInput" />
    </UnitTest>
    <UnitTest name="Laya.Core.Tests.Configuration.LayaModelConfigTests.GetTemperature_RejectsUnknownQuestionType" storage="/srv/hermes_agent/home/workspace/repo/layadotnetpoc/tests/laya.core.tests/bin/debug/net8.0/laya.core.tests.dll" id="e496713b-5113-b43c-c5e2-e05c8650dfe0">
      <Execution id="f8f2b43a-1bf5-4e7d-965a-74454d48ff23" />
      <TestMethod codeBase="/srv/hermes_agent/home/workspace/Repo/LayaDotNetPoc/tests/Laya.Core.Tests/bin/Debug/net8.0/Laya.Core.Tests.dll" adapterTypeName="executor://xunit/VsTestRunner3/netcore/" className="Laya.Core.Tests.Configuration.LayaModelConfigTests" name="GetTemperature_RejectsUnknownQuestionType" />
    </UnitTest>
    <UnitTest name="Laya.Core.Tests.Serialization.LayaStateSerializerTests.Serialize_RejectsNonFiniteNumbers(value: ∞)" storage="/srv/hermes_agent/home/workspace/repo/layadotnetpoc/tests/laya.core.tests/bin/debug/net8.0/laya.core.tests.dll" id="1211b0ea-e85f-18df-b362-5e9d7974abd6">
      <Execution id="c5962e7d-88a9-4e55-924d-5d3c4e8b799e" />
      <TestMethod codeBase="/srv/hermes_agent/home/workspace/Repo/LayaDotNetPoc/tests/Laya.Core.Tests/bin/Debug/net8.0/Laya.Core.Tests.dll" adapterTypeName="executor://xunit/VsTestRunner3/netcore/" className="Laya.Core.Tests.Serialization.LayaStateSerializerTests" name="Serialize_RejectsNonFiniteNumbers" />
    </UnitTest>
    <UnitTest name="Laya.Core.Tests.Evaluation.Phase2ReportWriterTests.WriteRun_PersistsRecomputableRawArtifacts" storage="/srv/hermes_agent/home/workspace/repo/layadotnetpoc/tests/laya.core.tests/bin/debug/net8.0/laya.core.tests.dll" id="92602ff1-e2fd-f84c-9ef5-2cc70663d8bd">
      <Execution id="0a60e543-c318-4542-aa00-50f3cfc349d9" />
      <TestMethod codeBase="/srv/hermes_agent/home/workspace/Repo/LayaDotNetPoc/tests/Laya.Core.Tests/bin/Debug/net8.0/Laya.Core.Tests.dll" adapterTypeName="executor://xunit/VsTestRunner3/netcore/" className="Laya.Core.Tests.Evaluation.Phase2ReportWriterTests" name="WriteRun_PersistsRecomputableRawArtifacts" />
    </UnitTest>
    <UnitTest name="Laya.Core.Tests.Evaluation.Phase2DatasetManifestTests.Manifest_MatchesRepositoryDatasetAndHasUniqueGroupSplit" storage="/srv/hermes_agent/home/workspace/repo/layadotnetpoc/tests/laya.core.tests/bin/debug/net8.0/laya.core.tests.dll" id="e26c0407-df1d-2658-2516-8ba215ea9859">
      <Execution id="e430e952-7be3-4a4f-9b39-68a991b03f85" />
      <TestMethod codeBase="/srv/hermes_agent/home/workspace/Repo/LayaDotNetPoc/tests/Laya.Core.Tests/bin/Debug/net8.0/Laya.Core.Tests.dll" adapterTypeName="executor://xunit/VsTestRunner3/netcore/" className="Laya.Core.Tests.Evaluation.Phase2DatasetManifestTests" name="Manifest_MatchesRepositoryDatasetAndHasUniqueGroupSplit" />
    </UnitTest>
    <UnitTest name="Laya.Core.Tests.Evaluation.LayaTransactionRequestFactoryTests.CreateRequest_AllowsOnlyBoundedPromptVariants" storage="/srv/hermes_agent/home/workspace/repo/layadotnetpoc/tests/laya.core.tests/bin/debug/net8.0/laya.core.tests.dll" id="2f97a60d-87bd-9eba-268d-e2c3e2febdf4">
      <Execution id="75651569-afe6-4a49-ab1f-454a56c4aa73" />
      <TestMethod codeBase="/srv/hermes_agent/home/workspace/Repo/LayaDotNetPoc/tests/Laya.Core.Tests/bin/Debug/net8.0/Laya.Core.Tests.dll" adapterTypeName="executor://xunit/VsTestRunner3/netcore/" className="Laya.Core.Tests.Evaluation.LayaTransactionRequestFactoryTests" name="CreateRequest_AllowsOnlyBoundedPromptVariants" />
    </UnitTest>
    <UnitTest name="Laya.Core.Tests.Serialization.LayaStateSerializerTests.Serialize_StringReturnsOriginalText" storage="/srv/hermes_agent/home/workspace/repo/layadotnetpoc/tests/laya.core.tests/bin/debug/net8.0/laya.core.tests.dll" id="5073e2ac-4ab2-6733-872f-097e0477e23b">
      <Execution id="46fdf06a-f943-4617-a54b-1e41732c4251" />
      <TestMethod codeBase="/srv/hermes_agent/home/workspace/Repo/LayaDotNetPoc/tests/Laya.Core.Tests/bin/Debug/net8.0/Laya.Core.Tests.dll" adapterTypeName="executor://xunit/VsTestRunner3/netcore/" className="Laya.Core.Tests.Serialization.LayaStateSerializerTests" name="Serialize_StringReturnsOriginalText" />
    </UnitTest>
    <UnitTest name="Laya.Core.Tests.Evaluation.LayaPhase2RunComparerTests.Compare_AllowsDifferentModelsAndKeepsCommonSuccesses" storage="/srv/hermes_agent/home/workspace/repo/layadotnetpoc/tests/laya.core.tests/bin/debug/net8.0/laya.core.tests.dll" id="7429706b-df14-299a-6381-92bdfab5d429">
      <Execution id="a0dbc54c-c883-4618-8747-1f70d3a07406" />
      <TestMethod codeBase="/srv/hermes_agent/home/workspace/Repo/LayaDotNetPoc/tests/Laya.Core.Tests/bin/Debug/net8.0/Laya.Core.Tests.dll" adapterTypeName="executor://xunit/VsTestRunner3/netcore/" className="Laya.Core.Tests.Evaluation.LayaPhase2RunComparerTests" name="Compare_AllowsDifferentModelsAndKeepsCommonSuccesses" />
    </UnitTest>
    <UnitTest name="Laya.Core.Tests.Parity.LayaParityToleranceTests.CompareProbability_RejectsNumericMismatchDespiteSameAnswer" storage="/srv/hermes_agent/home/workspace/repo/layadotnetpoc/tests/laya.core.tests/bin/debug/net8.0/laya.core.tests.dll" id="7b14ff67-d06c-8f02-21c9-4b831a50d396">
      <Execution id="a5f0dde6-2f39-4407-99ec-77b5603813bb" />
      <TestMethod codeBase="/srv/hermes_agent/home/workspace/Repo/LayaDotNetPoc/tests/Laya.Core.Tests/bin/Debug/net8.0/Laya.Core.Tests.dll" adapterTypeName="executor://xunit/VsTestRunner3/netcore/" className="Laya.Core.Tests.Parity.LayaParityToleranceTests" name="CompareProbability_RejectsNumericMismatchDespiteSameAnswer" />
    </UnitTest>
    <UnitTest name="Laya.Core.Tests.PostProcessing.LayaCalibrationTests.Softmax_RejectsInvalidTemperature(temperature: -1)" storage="/srv/hermes_agent/home/workspace/repo/layadotnetpoc/tests/laya.core.tests/bin/debug/net8.0/laya.core.tests.dll" id="35af24f0-fdec-0311-f988-ec181b7c8ec5">
      <Execution id="0a64313c-19ca-46b9-bc21-01f9f934c642" />
      <TestMethod codeBase="/srv/hermes_agent/home/workspace/Repo/LayaDotNetPoc/tests/Laya.Core.Tests/bin/Debug/net8.0/Laya.Core.Tests.dll" adapterTypeName="executor://xunit/VsTestRunner3/netcore/" className="Laya.Core.Tests.PostProcessing.LayaCalibrationTests" name="Softmax_RejectsInvalidTemperature" />
    </UnitTest>
    <UnitTest name="Laya.Core.Tests.PostProcessing.LayaCalibrationTests.Softmax_RejectsNonFiniteLogit" storage="/srv/hermes_agent/home/workspace/repo/layadotnetpoc/tests/laya.core.tests/bin/debug/net8.0/laya.core.tests.dll" id="22c887c8-f2b3-52d6-ad8f-9fdd08cfdd1f">
      <Execution id="162794d6-d3bb-43e5-a288-c10ac64f082d" />
      <TestMethod codeBase="/srv/hermes_agent/home/workspace/Repo/LayaDotNetPoc/tests/Laya.Core.Tests/bin/Debug/net8.0/Laya.Core.Tests.dll" adapterTypeName="executor://xunit/VsTestRunner3/netcore/" className="Laya.Core.Tests.PostProcessing.LayaCalibrationTests" name="Softmax_RejectsNonFiniteLogit" />
    </UnitTest>
    <UnitTest name="Laya.Core.Tests.PostProcessing.LayaCalibrationTests.Softmax_IsStableForExtremeFiniteLogits" storage="/srv/hermes_agent/home/workspace/repo/layadotnetpoc/tests/laya.core.tests/bin/debug/net8.0/laya.core.tests.dll" id="ae35ba37-f0fb-1b64-64c6-68ec18ac4506">
      <Execution id="10a0dca3-685e-4f93-a542-c1c745441145" />
      <TestMethod codeBase="/srv/hermes_agent/home/workspace/Repo/LayaDotNetPoc/tests/Laya.Core.Tests/bin/Debug/net8.0/Laya.Core.Tests.dll" adapterTypeName="executor://xunit/VsTestRunner3/netcore/" className="Laya.Core.Tests.PostProcessing.LayaCalibrationTests" name="Softmax_IsStableForExtremeFiniteLogits" />
    </UnitTest>
    <UnitTest name="Laya.Core.Tests.Evaluation.LayaPhase2RunComparerTests.Compare_MismatchedContract_IsRejected(mismatch: &quot;dataset&quot;)" storage="/srv/hermes_agent/home/workspace/repo/layadotnetpoc/tests/laya.core.tests/bin/debug/net8.0/laya.core.tests.dll" id="8aad2d6a-11f9-ac95-72b6-5ec69c88ec9f">
      <Execution id="a4230a0c-3a60-4294-8695-8e7ab7a95456" />
      <TestMethod codeBase="/srv/hermes_agent/home/workspace/Repo/LayaDotNetPoc/tests/Laya.Core.Tests/bin/Debug/net8.0/Laya.Core.Tests.dll" adapterTypeName="executor://xunit/VsTestRunner3/netcore/" className="Laya.Core.Tests.Evaluation.LayaPhase2RunComparerTests" name="Compare_MismatchedContract_IsRejected" />
    </UnitTest>
    <UnitTest name="Laya.Core.Tests.Evaluation.LayaPhase2RunComparerTests.Compare_MismatchedContract_IsRejected(mismatch: &quot;prompt&quot;)" storage="/srv/hermes_agent/home/workspace/repo/layadotnetpoc/tests/laya.core.tests/bin/debug/net8.0/laya.core.tests.dll" id="0ab55ba8-b622-9b89-5fa6-c55edeeed3e7">
      <Execution id="d4104d76-6a85-4f90-a1aa-38a71a125b53" />
      <TestMethod codeBase="/srv/hermes_agent/home/workspace/Repo/LayaDotNetPoc/tests/Laya.Core.Tests/bin/Debug/net8.0/Laya.Core.Tests.dll" adapterTypeName="executor://xunit/VsTestRunner3/netcore/" className="Laya.Core.Tests.Evaluation.LayaPhase2RunComparerTests" name="Compare_MismatchedContract_IsRejected" />
    </UnitTest>
    <UnitTest name="Laya.Core.Tests.Configuration.LayaProfileResolverTests.Resolve_DerivesIdentityFromNestedV2Manifest" storage="/srv/hermes_agent/home/workspace/repo/layadotnetpoc/tests/laya.core.tests/bin/debug/net8.0/laya.core.tests.dll" id="2e5836e3-bab2-ade5-5195-350cafad28fc">
      <Execution id="382ed320-17ff-4100-821c-b2c7262bdaf0" />
      <TestMethod codeBase="/srv/hermes_agent/home/workspace/Repo/LayaDotNetPoc/tests/Laya.Core.Tests/bin/Debug/net8.0/Laya.Core.Tests.dll" adapterTypeName="executor://xunit/VsTestRunner3/netcore/" className="Laya.Core.Tests.Configuration.LayaProfileResolverTests" name="Resolve_DerivesIdentityFromNestedV2Manifest" />
    </UnitTest>
    <UnitTest name="Laya.Core.Tests.PostProcessing.LayaCalibrationTests.Softmax_EqualLogitsAreUniform" storage="/srv/hermes_agent/home/workspace/repo/layadotnetpoc/tests/laya.core.tests/bin/debug/net8.0/laya.core.tests.dll" id="7a50c48f-89d3-aacc-9004-321d896236ec">
      <Execution id="450425bb-1987-43d5-81db-3ce49a3d1aa1" />
      <TestMethod codeBase="/srv/hermes_agent/home/workspace/Repo/LayaDotNetPoc/tests/Laya.Core.Tests/bin/Debug/net8.0/Laya.Core.Tests.dll" adapterTypeName="executor://xunit/VsTestRunner3/netcore/" className="Laya.Core.Tests.PostProcessing.LayaCalibrationTests" name="Softmax_EqualLogitsAreUniform" />
    </UnitTest>
[...]
      <Execution id="891b4ff2-da40-40a9-9dce-a835eb429469" />
      <TestMethod codeBase="/srv/hermes_agent/home/workspace/Repo/LayaDotNetPoc/tests/Laya.Core.Tests/bin/Debug/net8.0/Laya.Core.Tests.dll" adapterTypeName="executor://xunit/VsTestRunner3/netcore/" className="Laya.Core.Tests.Configuration.LayaProfileResolverTests" name="Resolve_ResolvesRelativeConfiguredRootAgainstWorkingDirectory" />
    </UnitTest>
    <UnitTest name="Laya.Core.Tests.Serialization.LayaStateSerializerTests.Serialize_NumbersUseInvariantCulture" storage="/srv/hermes_agent/home/workspace/repo/layadotnetpoc/tests/laya.core.tests/bin/debug/net8.0/laya.core.tests.dll" id="3625730f-ff79-0abf-6c56-e32b3721e905">
      <Execution id="e98a4acb-bd04-4ae2-9671-f681a1a416ec" />
      <TestMethod codeBase="/srv/hermes_agent/home/workspace/Repo/LayaDotNetPoc/tests/Laya.Core.Tests/bin/Debug/net8.0/Laya.Core.Tests.dll" adapterTypeName="executor://xunit/VsTestRunner3/netcore/" className="Laya.Core.Tests.Serialization.LayaStateSerializerTests" name="Serialize_NumbersUseInvariantCulture" />
    </UnitTest>
    <UnitTest name="Laya.Core.Tests.Configuration.LayaProfileResolverTests.Resolve_RejectsMismatchedRootManifestIdentity" storage="/srv/hermes_agent/home/workspace/repo/layadotnetpoc/tests/laya.core.tests/bin/debug/net8.0/laya.core.tests.dll" id="77a60c11-eb59-55d7-9ff4-6e48f38caf02">
      <Execution id="a0e9c112-93ed-49b8-8148-5da6ae8b8628" />
      <TestMethod codeBase="/srv/hermes_agent/home/workspace/Repo/LayaDotNetPoc/tests/Laya.Core.Tests/bin/Debug/net8.0/Laya.Core.Tests.dll" adapterTypeName="executor://xunit/VsTestRunner3/netcore/" className="Laya.Core.Tests.Configuration.LayaProfileResolverTests" name="Resolve_RejectsMismatchedRootManifestIdentity" />
    </UnitTest>
    <UnitTest name="Laya.Core.Tests.Parity.LayaParityToleranceTests.CompareProbability_RejectsNonFiniteValues(actual: -∞)" storage="/srv/hermes_agent/home/workspace/repo/layadotnetpoc/tests/laya.core.tests/bin/debug/net8.0/laya.core.tests.dll" id="7253decf-b393-d62d-07dd-bdeacbe0c967">
      <Execution id="4d0dd226-d90c-44e1-910e-671082d38d4e" />
      <TestMethod codeBase="/srv/hermes_agent/home/workspace/Repo/LayaDotNetPoc/tests/Laya.Core.Tests/bin/Debug/net8.0/Laya.Core.Tests.dll" adapterTypeName="executor://xunit/VsTestRunner3/netcore/" className="Laya.Core.Tests.Parity.LayaParityToleranceTests" name="CompareProbability_RejectsNonFiniteValues" />
    </UnitTest>
    <UnitTest name="Laya.Core.Tests.Configuration.LayaProfileResolverTests.Resolve_RejectsInvalidProfile(profile: null, configuredProfile: &quot;&quot;)" storage="/srv/hermes_agent/home/workspace/repo/layadotnetpoc/tests/laya.core.tests/bin/debug/net8.0/laya.core.tests.dll" id="d238a054-04c5-92ab-a6de-64287417e6a0">
      <Execution id="57571dc3-cdd4-41d4-9c18-fd7f163c13d2" />
      <TestMethod codeBase="/srv/hermes_agent/home/workspace/Repo/LayaDotNetPoc/tests/Laya.Core.Tests/bin/Debug/net8.0/Laya.Core.Tests.dll" adapterTypeName="executor://xunit/VsTestRunner3/netcore/" className="Laya.Core.Tests.Configuration.LayaProfileResolverTests" name="Resolve_RejectsInvalidProfile" />
    </UnitTest>
    <UnitTest name="Laya.Core.Tests.Evaluation.LayaPolicyEvaluatorTests.EvaluateGrid_ProducesAllThresholdPairsAndUsesAndCondition" storage="/srv/hermes_agent/home/workspace/repo/layadotnetpoc/tests/laya.core.tests/bin/debug/net8.0/laya.core.tests.dll" id="7a552f15-70cd-4a0c-5ae9-6c31065018ec">
      <Execution id="bdafb7c8-1fc6-4111-a79b-37b19a21960c" />
      <TestMethod codeBase="/srv/hermes_agent/home/workspace/Repo/LayaDotNetPoc/tests/Laya.Core.Tests/bin/Debug/net8.0/Laya.Core.Tests.dll" adapterTypeName="executor://xunit/VsTestRunner3/netcore/" className="Laya.Core.Tests.Evaluation.LayaPolicyEvaluatorTests" name="EvaluateGrid_ProducesAllThresholdPairsAndUsesAndCondition" />
    </UnitTest>
    <UnitTest name="Laya.Core.Tests.Evaluation.LayaConfidencePolicyTests.Classify_UsesDocumentedBoundaries(probability: 0.90000000000000002, margin: 0.19, expected: Review)" storage="/srv/hermes_agent/home/workspace/repo/layadotnetpoc/tests/laya.core.tests/bin/debug/net8.0/laya.core.tests.dll" id="f76dde54-b1c1-4b55-6051-71752aba5a2a">
      <Execution id="937abc6a-6d0d-425a-8da7-4a66d3f5ac10" />
      <TestMethod codeBase="/srv/hermes_agent/home/workspace/Repo/LayaDotNetPoc/tests/Laya.Core.Tests/bin/Debug/net8.0/Laya.Core.Tests.dll" adapterTypeName="executor://xunit/VsTestRunner3/netcore/" className="Laya.Core.Tests.Evaluation.LayaConfidencePolicyTests" name="Classify_UsesDocumentedBoundaries" />
    </UnitTest>
    <UnitTest name="Laya.Core.Tests.Evaluation.LayaNoulAnalyzerTests.Analyze_ReportsFiveBucketsAndCorrectWrongMeans" storage="/srv/hermes_agent/home/workspace/repo/layadotnetpoc/tests/laya.core.tests/bin/debug/net8.0/laya.core.tests.dll" id="a982a7f3-557e-7a55-6f49-6e8a03da6bf8">
      <Execution id="5c1055a8-3181-4ba4-a40c-b9bfca3f9e3d" />
      <TestMethod codeBase="/srv/hermes_agent/home/workspace/Repo/LayaDotNetPoc/tests/Laya.Core.Tests/bin/Debug/net8.0/Laya.Core.Tests.dll" adapterTypeName="executor://xunit/VsTestRunner3/netcore/" className="Laya.Core.Tests.Evaluation.LayaNoulAnalyzerTests" name="Analyze_ReportsFiveBucketsAndCorrectWrongMeans" />
    </UnitTest>
    <UnitTest name="Laya.Core.Tests.Evaluation.LayaPolicyEvaluatorTests.Classify_UsesExplicitPolicyAndRequiresBothAutoThresholds" storage="/srv/hermes_agent/home/workspace/repo/layadotnetpoc/tests/laya.core.tests/bin/debug/net8.0/laya.core.tests.dll" id="29b3ac31-720d-caad-df3a-daadc0fdd8f8">
      <Execution id="ccbeeb83-3199-4daa-957b-8ef43e4afa10" />
      <TestMethod codeBase="/srv/hermes_agent/home/workspace/Repo/LayaDotNetPoc/tests/Laya.Core.Tests/bin/Debug/net8.0/Laya.Core.Tests.dll" adapterTypeName="executor://xunit/VsTestRunner3/netcore/" className="Laya.Core.Tests.Evaluation.LayaPolicyEvaluatorTests" name="Classify_UsesExplicitPolicyAndRequiresBothAutoThresholds" />
    </UnitTest>
    <UnitTest name="Laya.Core.Tests.Serialization.LayaStateSerializerTests.Serialize_RejectsNonFiniteNumbers(value: 非數值)" storage="/srv/hermes_agent/home/workspace/repo/layadotnetpoc/tests/laya.core.tests/bin/debug/net8.0/laya.core.tests.dll" id="b54e6c8f-b2b9-a209-0997-302277324d37">
      <Execution id="ff0aca3f-a22d-4934-94ea-d62225bfc829" />
      <TestMethod codeBase="/srv/hermes_agent/home/workspace/Repo/LayaDotNetPoc/tests/Laya.Core.Tests/bin/Debug/net8.0/Laya.Core.Tests.dll" adapterTypeName="executor://xunit/VsTestRunner3/netcore/" className="Laya.Core.Tests.Serialization.LayaStateSerializerTests" name="Serialize_RejectsNonFiniteNumbers" />
    </UnitTest>
  </TestDefinitions>
  <TestEntries>
    <TestEntry testId="5f240c42-966f-7fda-6b54-e01c1e2b6ca7" executionId="d646d735-0b7a-4511-a87b-77f60af5c45e" testListId="8c84fa94-04c1-424b-9868-57a2d4851a1d" />
    <TestEntry testId="4c1469ce-9ded-7d54-3770-88f4e833bb94" executionId="4dbc4ac7-5856-4d3a-8f8e-94b98ae6683a" testListId="8c84fa94-04c1-424b-9868-57a2d4851a1d" />
    <TestEntry testId="0eb4719f-4ed7-c6d1-781b-281b9dc9d7e7" executionId="b1191ba0-aa13-4c69-8180-c5d0ddd591d6" testListId="8c84fa94-04c1-424b-9868-57a2d4851a1d" />
    <TestEntry testId="a9b13a74-2262-2274-8fd1-edb6edd2b8e9" executionId="632640ab-5375-4687-8d17-81adb08b14dd" testListId="8c84fa94-04c1-424b-9868-57a2d4851a1d" />
    <TestEntry testId="a982a7f3-557e-7a55-6f49-6e8a03da6bf8" executionId="5c1055a8-3181-4ba4-a40c-b9bfca3f9e3d" testListId="8c84fa94-04c1-424b-9868-57a2d4851a1d" />
    <TestEntry testId="1c8dff0b-8bdb-117b-8311-c9c50595362f" executionId="d3e99b81-1c05-4188-93d7-2ebc5135ca2c" testListId="8c84fa94-04c1-424b-9868-57a2d4851a1d" />
    <TestEntry testId="d1febd40-c36c-d980-e99b-af9fb9d9bc49" executionId="1ff8cd8b-3e03-497c-a01c-09ab6fe71f68" testListId="8c84fa94-04c1-424b-9868-57a2d4851a1d" />
    <TestEntry testId="d9578438-6519-9dd9-4973-ffb473cf88e4" executionId="7e5e3f20-edf5-4e40-b7ba-5df1aa838937" testListId="8c84fa94-04c1-424b-9868-57a2d4851a1d" />
    <TestEntry testId="13dfeb7e-0905-5d9c-8c6e-94594caaf9a4" executionId="02b4835a-55bc-4f9c-a432-c2c97091fe51" testListId="8c84fa94-04c1-424b-9868-57a2d4851a1d" />
    <TestEntry testId="63aeaaae-d5fa-42d7-2eee-ad0b19731764" executionId="b757696a-12ed-4817-a99d-a722d3d719ed" testListId="8c84fa94-04c1-424b-9868-57a2d4851a1d" />
    <TestEntry testId="7f2ac123-a212-8890-1180-b177849892ae" executionId="6a61b1b0-870f-4dc9-82b0-6899b742f2d2" testListId="8c84fa94-04c1-424b-9868-57a2d4851a1d" />
    <TestEntry testId="d238a054-04c5-92ab-a6de-64287417e6a0" executionId="57571dc3-cdd4-41d4-9c18-fd7f163c13d2" testListId="8c84fa94-04c1-424b-9868-57a2d4851a1d" />
    <TestEntry testId="26979fc2-a61b-8d02-00e8-cc23ca3321f2" executionId="df3f444a-4ed1-443c-add4-021b2e80c589" testListId="8c84fa94-04c1-424b-9868-57a2d4851a1d" />
    <TestEntry testId="29b3ac31-720d-caad-df3a-daadc0fdd8f8" executionId="ccbeeb83-3199-4daa-957b-8ef43e4afa10" testListId="8c84fa94-04c1-424b-9868-57a2d4851a1d" />
    <TestEntry testId="7a552f15-70cd-4a0c-5ae9-6c31065018ec" executionId="bdafb7c8-1fc6-4111-a79b-37b19a21960c" testListId="8c84fa94-04c1-424b-9868-57a2d4851a1d" />
    <TestEntry testId="35af24f0-fdec-0311-f988-ec181b7c8ec5" executionId="0a64313c-19ca-46b9-bc21-01f9f934c642" testListId="8c84fa94-04c1-424b-9868-57a2d4851a1d" />
    <TestEntry testId="5073e2ac-4ab2-6733-872f-097e0477e23b" executionId="46fdf06a-f943-4617-a54b-1e41732c4251" testListId="8c84fa94-04c1-424b-9868-57a2d4851a1d" />
    <TestEntry testId="8427ac69-13e6-b60b-a571-e3ffea2e4051" executionId="1be11269-e0de-4863-81ec-10e2c173bac5" testListId="8c84fa94-04c1-424b-9868-57a2d4851a1d" />
    <TestEntry testId="a5dc8673-0fb2-0a09-bd3d-45dc5791632a" executionId="bd431e35-102a-494a-84f8-5fe6b03878bb" testListId="8c84fa94-04c1-424b-9868-57a2d4851a1d" />
    <TestEntry testId="d765ecb7-a63a-b595-4998-75bdaea78c02" executionId="4c177722-39bd-415e-abe4-9f5c99e747ba" testListId="8c84fa94-04c1-424b-9868-57a2d4851a1d" />
    <TestEntry testId="92602ff1-e2fd-f84c-9ef5-2cc70663d8bd" executionId="0a60e543-c318-4542-aa00-50f3cfc349d9" testListId="8c84fa94-04c1-424b-9868-57a2d4851a1d" />
    <TestEntry testId="7883811d-1533-235e-9f82-ae1abc800254" executionId="891b4ff2-da40-40a9-9dce-a835eb429469" testListId="8c84fa94-04c1-424b-9868-57a2d4851a1d" />
    <TestEntry testId="2f97a60d-87bd-9eba-268d-e2c3e2febdf4" executionId="75651569-afe6-4a49-ab1f-454a56c4aa73" testListId="8c84fa94-04c1-424b-9868-57a2d4851a1d" />
    <TestEntry testId="682b5c9c-f4fb-8db2-a4a0-df1d1e024f74" executionId="410bbb2a-3871-4e03-82b4-94387e0cde86" testListId="8c84fa94-04c1-424b-9868-57a2d4851a1d" />
    <TestEntry testId="3c1ff89b-8d36-49cf-9da4-94e679d4b356" executionId="3433aa29-36fd-4669-961d-03f9673d5083" testListId="8c84fa94-04c1-424b-9868-57a2d4851a1d" />
    <TestEntry testId="509eb290-b2f9-f7e8-4dda-f2c728014b4b" executionId="1a3f510e-51e3-42eb-91ea-ec5f66ea4785" testListId="8c84fa94-04c1-424b-9868-57a2d4851a1d" />
    <TestEntry testId="8bd05023-d89f-7c9b-676d-b318e84ead1c" executionId="2d7f335e-333b-4b73-89fe-a567f233fdce" testListId="8c84fa94-04c1-424b-9868-57a2d4851a1d" />
    <TestEntry testId="1211b0ea-e85f-18df-b362-5e9d7974abd6" executionId="c5962e7d-88a9-4e55-924d-5d3c4e8b799e" testListId="8c84fa94-04c1-424b-9868-57a2d4851a1d" />
    <TestEntry testId="39080e42-27e3-51b2-323e-addc884d80ef" executionId="895e592f-1d24-4341-b9ec-a7efea359d81" testListId="8c84fa94-04c1-424b-9868-57a2d4851a1d" />
    <TestEntry testId="e5311441-621b-1d15-b712-0e3642674e08" executionId="9ab4f414-bb01-4f5c-a279-157e8cc1ebc0" testListId="8c84fa94-04c1-424b-9868-57a2d4851a1d" />
    <TestEntry testId="c9d3788f-0c97-6a68-18c7-0ea0f43edb65" executionId="34723379-346e-46a4-a0b2-d5642b1b2120" testListId="8c84fa94-04c1-424b-9868-57a2d4851a1d" />
    <TestEntry testId="5893dbdb-c8ab-e857-ed8a-a2b8c09ce485" executionId="a1701577-28ce-430b-b50e-e265c5ef6fba" testListId="8c84fa94-04c1-424b-9868-57a2d4851a1d" />
    <TestEntry testId="2e5836e3-bab2-ade5-5195-350cafad28fc" executionId="382ed320-17ff-4100-821c-b2c7262bdaf0" testListId="8c84fa94-04c1-424b-9868-57a2d4851a1d" />
    <TestEntry testId="7a50c48f-89d3-aacc-9004-321d896236ec" executionId="450425bb-1987-43d5-81db-3ce49a3d1aa1" testListId="8c84fa94-04c1-424b-9868-57a2d4851a1d" />
    <TestEntry testId="7429706b-df14-299a-6381-92bdfab5d429" executionId="a0dbc54c-c883-4618-8747-1f70d3a07406" testListId="8c84fa94-04c1-424b-9868-57a2d4851a1d" />
    <TestEntry testId="f937e294-b2b8-7c76-aae9-605d55a27486" executionId="438be898-c39b-452a-870d-c331378842e8" testListId="8c84fa94-04c1-424b-9868-57a2d4851a1d" />
    <TestEntry testId="9cd5f8da-28ad-2b2a-7e3a-b9e8917bf925" executionId="4cff56fa-cad0-4fee-9eb0-ad7d85475283" testListId="8c84fa94-04c1-424b-9868-57a2d4851a1d" />
    <TestEntry testId="bf8de1ec-04b6-1fc0-bc2c-01aff8c9fcdc" executionId="bc00e7a1-08ae-4d4c-a6eb-91d02769d9c9" testListId="8c84fa94-04c1-424b-9868-57a2d4851a1d" />
    <TestEntry testId="b74ccaf3-73a9-2ce9-155f-5ef57434e7a1" executionId="46f9ef78-b5d5-443c-bdd3-f12ca3cdbbc0" testListId="8c84fa94-04c1-424b-9868-57a2d4851a1d" />
    <TestEntry testId="4a3ae34e-3f38-1aa8-57a8-99156a8c8cad" executionId="3746f37c-e66f-465b-a37e-5adbba29d2aa" testListId="8c84fa94-04c1-424b-9868-57a2d4851a1d" />
    <TestEntry testId="63352fb3-766f-4047-3170-f13c2821f23c" executionId="bfb77f71-904d-4879-91a9-56626396f784" testListId="8c84fa94-04c1-424b-9868-57a2d4851a1d" />
    <TestEntry testId="eeed1600-2cd4-3eeb-4b6f-996ec7dc8f79" executionId="d0237151-f286-43db-abf5-1879186f6368" testListId="8c84fa94-04c1-424b-9868-57a2d4851a1d" />
    <TestEntry testId="f741a2d8-337a-654c-ea44-9e1f187188a9" executionId="e38349ac-1d9a-459b-81ee-3c212bd9c9d0" testListId="8c84fa94-04c1-424b-9868-57a2d4851a1d" />
    <TestEntry testId="97180225-d06c-b7bb-d520-1b6ca251531b" executionId="e6c45fd9-40c5-4b33-9269-bfc0df43ea14" testListId="8c84fa94-04c1-424b-9868-57a2d4851a1d" />
    <TestEntry testId="0ab55ba8-b622-9b89-5fa6-c55edeeed3e7" executionId="d4104d76-6a85-4f90-a1aa-38a71a125b53" testListId="8c84fa94-04c1-424b-9868-57a2d4851a1d" />
    <TestEntry testId="77a60c11-eb59-55d7-9ff4-6e48f38caf02" executionId="a0e9c112-93ed-49b8-8148-5da6ae8b8628" testListId="8c84fa94-04c1-424b-9868-57a2d4851a1d" />
    <TestEntry testId="f76dde54-b1c1-4b55-6051-71752aba5a2a" executionId="937abc6a-6d0d-425a-8da7-4a66d3f5ac10" testListId="8c84fa94-04c1-424b-9868-57a2d4851a1d" />
    <TestEntry testId="e496713b-5113-b43c-c5e2-e05c8650dfe0" executionId="f8f2b43a-1bf5-4e7d-965a-74454d48ff23" testListId="8c84fa94-04c1-424b-9868-57a2d4851a1d" />
    <TestEntry testId="877d1220-7b45-7886-2478-8fe290b5c07e" executionId="cc013f33-f939-4807-98dc-f2b59e7794f3" testListId="8c84fa94-04c1-424b-9868-57a2d4851a1d" />
    <TestEntry testId="b54e6c8f-b2b9-a209-0997-302277324d37" executionId="ff0aca3f-a22d-4934-94ea-d62225bfc829" testListId="8c84fa94-04c1-424b-9868-57a2d4851a1d" />
    <TestEntry testId="5d8bf1ea-f96f-5452-82be-f82920781ec5" executionId="9c472fb6-aaa0-474a-8727-5a5ecc287a62" testListId="8c84fa94-04c1-424b-9868-57a2d4851a1d" />
    <TestEntry testId="7dd383ee-e171-d208-487c-26b5699276b8" executionId="96337dd1-2968-4796-984d-1094ec2840a4" testListId="8c84fa94-04c1-424b-9868-57a2d4851a1d" />
    <TestEntry testId="89d27819-eb28-5c0a-6bbb-c794a255ec9e" executionId="5804c44d-7dc2-4e92-a208-affe31e1511c" testListId="8c84fa94-04c1-424b-9868-57a2d4851a1d" />
    <TestEntry testId="fd3278fc-9688-b0f4-9ed9-1d9fd40b5587" executionId="bc2110c1-032b-43a4-bdc5-122c8e40c6bb" testListId="8c84fa94-04c1-424b-9868-57a2d4851a1d" />
    <TestEntry testId="8c1c0123-197b-b1a2-9728-4f4406314d9f" executionId="7c18a38d-8b93-4174-93c7-11c1ce752ad8" testListId="8c84fa94-04c1-424b-9868-57a2d4851a1d" />
    <TestEntry testId="c385fd58-2b7f-0d8e-1b9c-fb2981f72941" executionId="50ec5ed8-05ff-4d80-bfc4-3d4474719496" testListId="8c84fa94-04c1-424b-9868-57a2d4851a1d" />
    <TestEntry testId="bf9d5322-648a-7b7d-41e3-8346bbec88a6" executionId="dedcb3aa-ebfb-4b57-b75f-98275c873cff" testListId="8c84fa94-04c1-424b-9868-57a2d4851a1d" />
    <TestEntry testId="5cd56f3c-9f48-cd5a-9e00-728f31a273ce" executionId="667fdb5d-0eed-45d4-8056-2a1a4dbb0ca7" testListId="8c84fa94-04c1-424b-9868-57a2d4851a1d" />
    <TestEntry testId="010f16f4-acc3-163a-6ab1-f62bc8f0c769" executionId="907c4660-58e4-4462-9891-9b22b03427a9" testListId="8c84fa94-04c1-424b-9868-57a2d4851a1d" />
    <TestEntry testId="c4be771a-6fef-c57c-dd25-ee51fad7f1d9" executionId="f46825e8-9826-4744-b67c-57e8e8b50f60" testListId="8c84fa94-04c1-424b-9868-57a2d4851a1d" />
    <TestEntry testId="22c887c8-f2b3-52d6-ad8f-9fdd08cfdd1f" executionId="162794d6-d3bb-43e5-a288-c10ac64f082d" testListId="8c84fa94-04c1-424b-9868-57a2d4851a1d" />
    <TestEntry testId="eb1a16d3-3615-a9d1-dbaf-2ff92189189a" executionId="d50b1b22-a028-4145-ae7d-794a124a546d" testListId="8c84fa94-04c1-424b-9868-57a2d4851a1d" />
    <TestEntry testId="7253decf-b393-d62d-07dd-bdeacbe0c967" executionId="4d0dd226-d90c-44e1-910e-671082d38d4e" testListId="8c84fa94-04c1-424b-9868-57a2d4851a1d" />
    <TestEntry testId="560fdb82-d999-7407-aace-3aa04be69bbb" executionId="c47aae45-5954-4137-87e2-36554feba2c9" testListId="8c84fa94-04c1-424b-9868-57a2d4851a1d" />
    <TestEntry testId="ae35ba37-f0fb-1b64-64c6-68ec18ac4506" executionId="10a0dca3-685e-4f93-a542-c1c745441145" testListId="8c84fa94-04c1-424b-9868-57a2d4851a1d" />
    <TestEntry testId="7b14ff67-d06c-8f02-21c9-4b831a50d396" executionId="a5f0dde6-2f39-4407-99ec-77b5603813bb" testListId="8c84fa94-04c1-424b-9868-57a2d4851a1d" />
    <TestEntry testId="83984e42-069b-0633-a886-ad7e333ad833" executionId="289c5932-d09d-41a3-beba-fd2dd5dcb213" testListId="8c84fa94-04c1-424b-9868-57a2d4851a1d" />
    <TestEntry testId="69bde749-d479-2c87-99d0-562394f8bfb7" executionId="1c8be529-4ac5-4417-803d-8db4bc3b72b0" testListId="8c84fa94-04c1-424b-9868-57a2d4851a1d" />
    <TestEntry testId="e26c0407-df1d-2658-2516-8ba215ea9859" executionId="e430e952-7be3-4a4f-9b39-68a991b03f85" testListId="8c84fa94-04c1-424b-9868-57a2d4851a1d" />
    <TestEntry testId="3625730f-ff79-0abf-6c56-e32b3721e905" executionId="e98a4acb-bd04-4ae2-9671-f681a1a416ec" testListId="8c84fa94-04c1-424b-9868-57a2d4851a1d" />
    <TestEntry testId="721ed0e1-a460-ed90-5e80-849ecd227c32" executionId="83e2e4c0-6d7c-4b40-8d7c-4298b256336f" testListId="8c84fa94-04c1-424b-9868-57a2d4851a1d" />
    <TestEntry testId="60bff501-077b-9736-aa74-d32bd927d28a" executionId="7977a1ae-7a4d-4f69-a2fc-6de9eb1378d3" testListId="8c84fa94-04c1-424b-9868-57a2d4851a1d" />
    <TestEntry testId="8aad2d6a-11f9-ac95-72b6-5ec69c88ec9f" executionId="a4230a0c-3a60-4294-8695-8e7ab7a95456" testListId="8c84fa94-04c1-424b-9868-57a2d4851a1d" />
    <TestEntry testId="72c7208d-d18a-5814-cbb7-9cf9df1bb8ef" executionId="1fef1ec8-158d-4093-ac96-851667653e7d" testListId="8c84fa94-04c1-424b-9868-57a2d4851a1d" />
    <TestEntry testId="e5375872-944b-99e5-0ac3-f53e57498348" executionId="719f824f-8cf8-4545-bd53-a69d2e1e0a90" testListId="8c84fa94-04c1-424b-9868-57a2d4851a1d" />
  </TestEntries>
  <TestLists>
    <TestList name="不在清單中的結果" id="8c84fa94-04c1-424b-9868-57a2d4851a1d" />
    <TestList name="所有載入的結果" id="19431567-8539-422a-85d7-44ee4e166bda" />
  </TestLists>
  <ResultSummary outcome="Completed">
    <Counters total="75" executed="75" passed="75" failed="0" error="0" timeout="0" aborted="0" inconclusive="0" passedButRunAborted="0" notRunnable="0" notExecuted="0" disconnected="0" warning="0" completed="0" inProgress="0" pending="0" />
    <Output>
      <StdOut>[xUnit.net 00:00:00.00] xUnit.net VSTest Adapter v4.0.0+05679a7ab5 (64-bit .NET 10.0.12)
[xUnit.net 00:00:00.09]   Discovering: Laya.Core.Tests
[xUnit.net 00:00:00.19]   Discovered:  Laya.Core.Tests
[xUnit.net 00:00:00.31]   Starting:    Laya.Core.Tests
[xUnit.net 00:00:00.51]   Finished:    Laya.Core.Tests
</StdOut>
    </Output>
  </ResultSummary>
</TestRun>