<?xml version="1.0" encoding="utf-8"?>
<TestRun id="fc4a0429-0a83-4315-85f2-2740a302669c" name="@Frieren 2026-09-24 08:58:38" xmlns="http://microsoft.com/schemas/VisualStudio/TeamTest/2010">
  <Times creation="2026-09-24T08:58:38.6889160+08:00" queuing="2026-09-24T08:58:38.6889160+08:00" start="2026-09-24T08:58:37.4883862+08:00" finish="2026-09-24T08:58:38.6954310+08:00" />
  <TestSettings name="default" id="e1d77b15-6ff1-45f0-b2bd-34a39bb4b287">
    <Deployment runDeploymentRoot="_Frieren_2026-09-24_08_58_38" />
  </TestSettings>
  <Results>
    <UnitTestResult executionId="607af212-38f5-4998-8d5a-1efa99b67b23" testId="b2a39afa-e8d6-b42c-0652-9a7aa531286b" testName="Laya.Core.Tests.Tokenization.LayaTokenizerTests.Encode_MatchesGoldenIds" computerName="Frieren" duration="00:00:00.1207002" startTime="2026-09-24T08:58:38.0961049+08:00" endTime="2026-09-24T08:58:38.2056551+08:00" testType="13cdc9d9-ddb5-4fa4-a97d-d965ccfc6d4b" outcome="Passed" testListId="8c84fa94-04c1-424b-9868-57a2d4851a1d" relativeResultsDirectory="607af212-38f5-4998-8d5a-1efa99b67b23" />
    <UnitTestResult executionId="e7d5d53b-ddc1-4e49-aaba-275f1a73f244" testId="98e6a3aa-9190-48d9-c5e8-c21984973305" testName="Laya.Core.Tests.Encoding.LayaSequenceBuilderTests.Build_MatchesNoulGoldenTrace" computerName="Frieren" duration="00:00:00.1450112" startTime="2026-09-24T08:58:38.0715260+08:00" endTime="2026-09-24T08:58:38.2192426+08:00" testType="13cdc9d9-ddb5-4fa4-a97d-d965ccfc6d4b" outcome="Passed" testListId="8c84fa94-04c1-424b-9868-57a2d4851a1d" relativeResultsDirectory="e7d5d53b-ddc1-4e49-aaba-275f1a73f244" />
    <UnitTestResult executionId="473a965f-62cb-494b-b19d-8408ff58ad53" testId="3efdd426-4bca-581c-3833-3ff813ce4c68" testName="Laya.Core.Tests.Encoding.LayaSequenceBuilderTests.Build_MixesChoiceAndNoulWithRightPadding" computerName="Frieren" duration="00:00:00.0635163" startTime="2026-09-24T08:58:38.3637125+08:00" endTime="2026-09-24T08:58:38.4272773+08:00" testType="13cdc9d9-ddb5-4fa4-a97d-d965ccfc6d4b" outcome="Passed" testListId="8c84fa94-04c1-424b-9868-57a2d4851a1d" relativeResultsDirectory="473a965f-62cb-494b-b19d-8408ff58ad53" />
    <UnitTestResult executionId="16eaf6c8-e876-4eba-ad66-4febe85bdda7" testId="41b8f608-45e9-7c2a-3a77-e3c99ea7c9bf" testName="Laya.Core.Tests.Encoding.LayaSequenceBuilderTests.Build_MatchesChoiceGoldenTrace" computerName="Frieren" duration="00:00:00.0819315" startTime="2026-09-24T08:58:38.2194443+08:00" endTime="2026-09-24T08:58:38.3012804+08:00" testType="13cdc9d9-ddb5-4fa4-a97d-d965ccfc6d4b" outcome="Passed" testListId="8c84fa94-04c1-424b-9868-57a2d4851a1d" relativeResultsDirectory="16eaf6c8-e876-4eba-ad66-4febe85bdda7" />
    <UnitTestResult executionId="a3bf60f4-c139-4aa1-991b-bea73751bce5" testId="64ea98ad-8828-a594-0ce6-c22f208c1cda" testName="Laya.Core.Tests.Encoding.LayaSequenceBuilderTests.Build_RejectsOptionsThatExceedModelContext" computerName="Frieren" duration="00:00:00.0674984" startTime="2026-09-24T08:58:38.4274721+08:00" endTime="2026-09-24T08:58:38.4949198+08:00" testType="13cdc9d9-ddb5-4fa4-a97d-d965ccfc6d4b" outcome="Passed" testListId="8c84fa94-04c1-424b-9868-57a2d4851a1d" relativeResultsDirectory="a3bf60f4-c139-4aa1-991b-bea73751bce5" />
    <UnitTestResult executionId="ee80a1e5-993a-46c2-a235-0978e1c4416e" testId="49e1e906-e729-798e-218b-d1fc572abc01" testName="Laya.Core.Tests.Tokenization.LayaTokenizerTests.Load_RejectsMissingSpecialTokenConfig" computerName="Frieren" duration="00:00:00.0082882" startTime="2026-09-24T08:58:38.0704692+08:00" endTime="2026-09-24T08:58:38.0845920+08:00" testType="13cdc9d9-ddb5-4fa4-a97d-d965ccfc6d4b" outcome="Passed" testListId="8c84fa94-04c1-424b-9868-57a2d4851a1d" relativeResultsDirectory="ee80a1e5-993a-46c2-a235-0978e1c4416e" />
    <UnitTestResult executionId="49171ef6-282b-442b-8dfc-d30c27eb3785" testId="70a87192-17e3-bfc6-c654-1d955e53986e" testName="Laya.Core.Tests.Encoding.LayaSequenceBuilderTests.Build_TruncatesStateToMaxLength" computerName="Frieren" duration="00:00:00.0621334" startTime="2026-09-24T08:58:38.3016253+08:00" endTime="2026-09-24T08:58:38.3635424+08:00" testType="13cdc9d9-ddb5-4fa4-a97d-d965ccfc6d4b" outcome="Passed" testListId="8c84fa94-04c1-424b-9868-57a2d4851a1d" relativeResultsDirectory="49171ef6-282b-442b-8dfc-d30c27eb3785" />
    <UnitTestResult executionId="bfd99645-6760-4bb9-b66b-05c911b59f75" testId="0f33d004-6bcc-16ec-1bc6-36148954798e" testName="Laya.Core.Tests.Tokenization.LayaTokenizerTests.Load_ResolvesSpecialTokensAndEncodesWithoutSpecialTokens" computerName="Frieren" duration="00:00:00.0830800" startTime="2026-09-24T08:58:38.2064098+08:00" endTime="2026-09-24T08:58:38.2888284+08:00" testType="13cdc9d9-ddb5-4fa4-a97d-d965ccfc6d4b" outcome="Passed" testListId="8c84fa94-04c1-424b-9868-57a2d4851a1d" relativeResultsDirectory="bfd99645-6760-4bb9-b66b-05c911b59f75" />
  </Results>
  <TestDefinitions>
    <UnitTest name="Laya.Core.Tests.Tokenization.LayaTokenizerTests.Load_RejectsMissingSpecialTokenConfig" storage="/srv/hermes_agent/home/workspace/repo/layadotnetpoc/tests/laya.core.tests/bin/debug/net8.0/laya.core.tests.dll" id="49e1e906-e729-798e-218b-d1fc572abc01">
      <Execution id="ee80a1e5-993a-46c2-a235-0978e1c4416e" />
      <TestMethod codeBase="/srv/hermes_agent/home/workspace/Repo/LayaDotNetPoc/tests/Laya.Core.Tests/bin/Debug/net8.0/Laya.Core.Tests.dll" adapterTypeName="executor://xunit/VsTestRunner3/netcore/" className="Laya.Core.Tests.Tokenization.LayaTokenizerTests" name="Load_RejectsMissingSpecialTokenConfig" />
    </UnitTest>
    <UnitTest name="Laya.Core.Tests.Encoding.LayaSequenceBuilderTests.Build_MatchesNoulGoldenTrace" storage="/srv/hermes_agent/home/workspace/repo/layadotnetpoc/tests/laya.core.tests/bin/debug/net8.0/laya.core.tests.dll" id="98e6a3aa-9190-48d9-c5e8-c21984973305">
      <Execution id="e7d5d53b-ddc1-4e49-aaba-275f1a73f244" />
      <TestMethod codeBase="/srv/hermes_agent/home/workspace/Repo/LayaDotNetPoc/tests/Laya.Core.Tests/bin/Debug/net8.0/Laya.Core.Tests.dll" adapterTypeName="executor://xunit/VsTestRunner3/netcore/" className="Laya.Core.Tests.Encoding.LayaSequenceBuilderTests" name="Build_MatchesNoulGoldenTrace" />
    </UnitTest>
    <UnitTest name="Laya.Core.Tests.Encoding.LayaSequenceBuilderTests.Build_MixesChoiceAndNoulWithRightPadding" storage="/srv/hermes_agent/home/workspace/repo/layadotnetpoc/tests/laya.core.tests/bin/debug/net8.0/laya.core.tests.dll" id="3efdd426-4bca-581c-3833-3ff813ce4c68">
      <Execution id="473a965f-62cb-494b-b19d-8408ff58ad53" />
      <TestMethod codeBase="/srv/hermes_agent/home/workspace/Repo/LayaDotNetPoc/tests/Laya.Core.Tests/bin/Debug/net8.0/Laya.Core.Tests.dll" adapterTypeName="executor://xunit/VsTestRunner3/netcore/" className="Laya.Core.Tests.Encoding.LayaSequenceBuilderTests" name="Build_MixesChoiceAndNoulWithRightPadding" />
    </UnitTest>
    <UnitTest name="Laya.Core.Tests.Tokenization.LayaTokenizerTests.Load_ResolvesSpecialTokensAndEncodesWithoutSpecialTokens" storage="/srv/hermes_agent/home/workspace/repo/layadotnetpoc/tests/laya.core.tests/bin/debug/net8.0/laya.core.tests.dll" id="0f33d004-6bcc-16ec-1bc6-36148954798e">
      <Execution id="bfd99645-6760-4bb9-b66b-05c911b59f75" />
      <TestMethod codeBase="/srv/hermes_agent/home/workspace/Repo/LayaDotNetPoc/tests/Laya.Core.Tests/bin/Debug/net8.0/Laya.Core.Tests.dll" adapterTypeName="executor://xunit/VsTestRunner3/netcore/" className="Laya.Core.Tests.Tokenization.LayaTokenizerTests" name="Load_ResolvesSpecialTokensAndEncodesWithoutSpecialTokens" />
    </UnitTest>
    <UnitTest name="Laya.Core.Tests.Tokenization.LayaTokenizerTests.Encode_MatchesGoldenIds" storage="/srv/hermes_agent/home/workspace/repo/layadotnetpoc/tests/laya.core.tests/bin/debug/net8.0/laya.core.tests.dll" id="b2a39afa-e8d6-b42c-0652-9a7aa531286b">
      <Execution id="607af212-38f5-4998-8d5a-1efa99b67b23" />
      <TestMethod codeBase="/srv/hermes_agent/home/workspace/Repo/LayaDotNetPoc/tests/Laya.Core.Tests/bin/Debug/net8.0/Laya.Core.Tests.dll" adapterTypeName="executor://xunit/VsTestRunner3/netcore/" className="Laya.Core.Tests.Tokenization.LayaTokenizerTests" name="Encode_MatchesGoldenIds" />
    </UnitTest>
    <UnitTest name="Laya.Core.Tests.Encoding.LayaSequenceBuilderTests.Build_RejectsOptionsThatExceedModelContext" storage="/srv/hermes_agent/home/workspace/repo/layadotnetpoc/tests/laya.core.tests/bin/debug/net8.0/laya.core.tests.dll" id="64ea98ad-8828-a594-0ce6-c22f208c1cda">
      <Execution id="a3bf60f4-c139-4aa1-991b-bea73751bce5" />
      <TestMethod codeBase="/srv/hermes_agent/home/workspace/Repo/LayaDotNetPoc/tests/Laya.Core.Tests/bin/Debug/net8.0/Laya.Core.Tests.dll" adapterTypeName="executor://xunit/VsTestRunner3/netcore/" className="Laya.Core.Tests.Encoding.LayaSequenceBuilderTests" name="Build_RejectsOptionsThatExceedModelContext" />
    </UnitTest>
    <UnitTest name="Laya.Core.Tests.Encoding.LayaSequenceBuilderTests.Build_TruncatesStateToMaxLength" storage="/srv/hermes_agent/home/workspace/repo/layadotnetpoc/tests/laya.core.tests/bin/debug/net8.0/laya.core.tests.dll" id="70a87192-17e3-bfc6-c654-1d955e53986e">
      <Execution id="49171ef6-282b-442b-8dfc-d30c27eb3785" />
      <TestMethod codeBase="/srv/hermes_agent/home/workspace/Repo/LayaDotNetPoc/tests/Laya.Core.Tests/bin/Debug/net8.0/Laya.Core.Tests.dll" adapterTypeName="executor://xunit/VsTestRunner3/netcore/" className="Laya.Core.Tests.Encoding.LayaSequenceBuilderTests" name="Build_TruncatesStateToMaxLength" />
    </UnitTest>
    <UnitTest name="Laya.Core.Tests.Encoding.LayaSequenceBuilderTests.Build_MatchesChoiceGoldenTrace" storage="/srv/hermes_agent/home/workspace/repo/layadotnetpoc/tests/laya.core.tests/bin/debug/net8.0/laya.core.tests.dll" id="41b8f608-45e9-7c2a-3a77-e3c99ea7c9bf">
      <Execution id="16eaf6c8-e876-4eba-ad66-4febe85bdda7" />
      <TestMethod codeBase="/srv/hermes_agent/home/workspace/Repo/LayaDotNetPoc/tests/Laya.Core.Tests/bin/Debug/net8.0/Laya.Core.Tests.dll" adapterTypeName="executor://xunit/VsTestRunner3/netcore/" className="Laya.Core.Tests.Encoding.LayaSequenceBuilderTests" name="Build_MatchesChoiceGoldenTrace" />
    </UnitTest>
  </TestDefinitions>
  <TestEntries>
    <TestEntry testId="b2a39afa-e8d6-b42c-0652-9a7aa531286b" executionId="607af212-38f5-4998-8d5a-1efa99b67b23" testListId="8c84fa94-04c1-424b-9868-57a2d4851a1d" />
    <TestEntry testId="98e6a3aa-9190-48d9-c5e8-c21984973305" executionId="e7d5d53b-ddc1-4e49-aaba-275f1a73f244" testListId="8c84fa94-04c1-424b-9868-57a2d4851a1d" />
    <TestEntry testId="3efdd426-4bca-581c-3833-3ff813ce4c68" executionId="473a965f-62cb-494b-b19d-8408ff58ad53" testListId="8c84fa94-04c1-424b-9868-57a2d4851a1d" />
    <TestEntry testId="41b8f608-45e9-7c2a-3a77-e3c99ea7c9bf" executionId="16eaf6c8-e876-4eba-ad66-4febe85bdda7" testListId="8c84fa94-04c1-424b-9868-57a2d4851a1d" />
    <TestEntry testId="64ea98ad-8828-a594-0ce6-c22f208c1cda" executionId="a3bf60f4-c139-4aa1-991b-bea73751bce5" testListId="8c84fa94-04c1-424b-9868-57a2d4851a1d" />
    <TestEntry testId="49e1e906-e729-798e-218b-d1fc572abc01" executionId="ee80a1e5-993a-46c2-a235-0978e1c4416e" testListId="8c84fa94-04c1-424b-9868-57a2d4851a1d" />
    <TestEntry testId="70a87192-17e3-bfc6-c654-1d955e53986e" executionId="49171ef6-282b-442b-8dfc-d30c27eb3785" testListId="8c84fa94-04c1-424b-9868-57a2d4851a1d" />
    <TestEntry testId="0f33d004-6bcc-16ec-1bc6-36148954798e" executionId="bfd99645-6760-4bb9-b66b-05c911b59f75" testListId="8c84fa94-04c1-424b-9868-57a2d4851a1d" />
  </TestEntries>
  <TestLists>
    <TestList name="不在清單中的結果" id="8c84fa94-04c1-424b-9868-57a2d4851a1d" />
    <TestList name="所有載入的結果" id="19431567-8539-422a-85d7-44ee4e166bda" />
  </TestLists>
  <ResultSummary outcome="Completed">
    <Counters total="8" executed="8" passed="8" failed="0" error="0" timeout="0" aborted="0" inconclusive="0" passedButRunAborted="0" notRunnable="0" notExecuted="0" disconnected="0" warning="0" completed="0" inProgress="0" pending="0" />
    <Output>
      <StdOut>[xUnit.net 00:00:00.00] xUnit.net VSTest Adapter v4.0.0+05679a7ab5 (64-bit .NET 10.0.12)
[xUnit.net 00:00:00.08]   Discovering: Laya.Core.Tests
[xUnit.net 00:00:00.16]   Discovered:  Laya.Core.Tests
[xUnit.net 00:00:00.26]   Starting:    Laya.Core.Tests
[xUnit.net 00:00:00.71]   Finished:    Laya.Core.Tests
</StdOut>
    </Output>
  </ResultSummary>
</TestRun>