<?xml version="1.0" encoding="utf-8"?>
<TestRun id="3a366e13-9e27-445b-b6c7-22a155772319" name="@Frieren 2026-09-24 01:54:59" xmlns="http://microsoft.com/schemas/VisualStudio/TeamTest/2010">
  <Times creation="2026-09-24T01:54:59.4235045+08:00" queuing="2026-09-24T01:54:59.4235045+08:00" start="2026-09-24T01:54:58.5285589+08:00" finish="2026-09-24T01:54:59.4826692+08:00" />
  <TestSettings name="default" id="deba23fa-8557-425b-8588-5a0efd3d7ced">
    <Deployment runDeploymentRoot="_Frieren_2026-09-24_01_54_59" />
  </TestSettings>
  <Results>
    <UnitTestResult executionId="af696ce6-e51d-4561-b387-e079ea67bd68" testId="2e5836e3-bab2-ade5-5195-350cafad28fc" testName="Laya.Core.Tests.Configuration.LayaProfileResolverTests.Resolve_DerivesIdentityFromNestedV2Manifest" computerName="Frieren" duration="00:00:00.0008979" startTime="2026-09-24T01:54:59.2843523+08:00" endTime="2026-09-24T01:54:59.2851736+08:00" testType="13cdc9d9-ddb5-4fa4-a97d-d965ccfc6d4b" outcome="Passed" testListId="8c84fa94-04c1-424b-9868-57a2d4851a1d" relativeResultsDirectory="af696ce6-e51d-4561-b387-e079ea67bd68" />
    <UnitTestResult executionId="3bd6e52b-891f-424f-a5dc-834785bec3fe" testId="bf9d5322-648a-7b7d-41e3-8346bbec88a6" testName="Laya.Core.Tests.Evaluation.LayaGate3AssessmentTests.Decide_ReturnsFailWhenEvidenceCannotSupportIntegration" computerName="Frieren" duration="00:00:00.0004702" startTime="2026-09-24T01:54:59.2879104+08:00" endTime="2026-09-24T01:54:59.2882119+08:00" testType="13cdc9d9-ddb5-4fa4-a97d-d965ccfc6d4b" outcome="Passed" testListId="8c84fa94-04c1-424b-9868-57a2d4851a1d" relativeResultsDirectory="3bd6e52b-891f-424f-a5dc-834785bec3fe" />
    <UnitTestResult executionId="00f255c0-53ca-4513-834a-6b1f89c0c9c4" testId="e496713b-5113-b43c-c5e2-e05c8650dfe0" testName="Laya.Core.Tests.Configuration.LayaModelConfigTests.GetTemperature_RejectsUnknownQuestionType" computerName="Frieren" duration="00:00:00.0057345" startTime="2026-09-24T01:54:59.2162851+08:00" endTime="2026-09-24T01:54:59.2353298+08:00" testType="13cdc9d9-ddb5-4fa4-a97d-d965ccfc6d4b" outcome="Passed" testListId="8c84fa94-04c1-424b-9868-57a2d4851a1d" relativeResultsDirectory="00f255c0-53ca-4513-834a-6b1f89c0c9c4" />
    <UnitTestResult executionId="207760b4-d578-4806-a9a1-64f99fe913da" testId="bf8de1ec-04b6-1fc0-bc2c-01aff8c9fcdc" testName="Laya.Core.Tests.Configuration.LayaProfileResolverTests.Resolve_UsesEnglishHostDefault" computerName="Frieren" duration="00:00:00.0001977" startTime="2026-09-24T01:54:59.2852910+08:00" endTime="2026-09-24T01:54:59.2853193+08:00" testType="13cdc9d9-ddb5-4fa4-a97d-d965ccfc6d4b" outcome="Passed" testListId="8c84fa94-04c1-424b-9868-57a2d4851a1d" relativeResultsDirectory="207760b4-d578-4806-a9a1-64f99fe913da" />
    <UnitTestResult executionId="3266611d-3e59-4fc8-aa1f-74bba26865b6" testId="8aad2d6a-11f9-ac95-72b6-5ec69c88ec9f" testName="Laya.Core.Tests.Evaluation.LayaPhase2RunComparerTests.Compare_MismatchedContract_IsRejected(mismatch: &quot;dataset&quot;)" computerName="Frieren" duration="00:00:00.0097393" startTime="2026-09-24T01:54:59.2163497+08:00" endTime="2026-09-24T01:54:59.2516515+08:00" testType="13cdc9d9-ddb5-4fa4-a97d-d965ccfc6d4b" outcome="Passed" testListId="8c84fa94-04c1-424b-9868-57a2d4851a1d" relativeResultsDirectory="3266611d-3e59-4fc8-aa1f-74bba26865b6" />
    <UnitTestResult executionId="95128cfe-37f3-44e6-9bf8-bf922ca7648c" testId="26979fc2-a61b-8d02-00e8-cc23ca3321f2" testName="Laya.Core.Tests.Serialization.LayaStateSerializerTests.Serialize_RejectsCycles" computerName="Frieren" duration="00:00:00.0003735" startTime="2026-09-24T01:54:59.2884441+08:00" endTime="2026-09-24T01:54:59.2885606+08:00" testType="13cdc9d9-ddb5-4fa4-a97d-d965ccfc6d4b" outcome="Passed" testListId="8c84fa94-04c1-424b-9868-57a2d4851a1d" relativeResultsDirectory="95128cfe-37f3-44e6-9bf8-bf922ca7648c" />
    <UnitTestResult executionId="848cc908-12eb-418f-afa2-bf9c55361ce1" testId="97180225-d06c-b7bb-d520-1b6ca251531b" testName="Laya.Core.Tests.Evaluation.LayaGate3AssessmentTests.Decide_ReturnsPassOnlyForCompleteReliableEvidence" computerName="Frieren" duration="00:00:00.0060127" startTime="2026-09-24T01:54:59.2858185+08:00" endTime="2026-09-24T01:54:59.2872986+08:00" testType="13cdc9d9-ddb5-4fa4-a97d-d965ccfc6d4b" outcome="Passed" testListId="8c84fa94-04c1-424b-9868-57a2d4851a1d" relativeResultsDirectory="848cc908-12eb-418f-afa2-bf9c55361ce1" />
    <UnitTestResult executionId="38e25ec3-0ce9-4911-820d-a2195b367c2c" testId="77a60c11-eb59-55d7-9ff4-6e48f38caf02" testName="Laya.Core.Tests.Configuration.LayaProfileResolverTests.Resolve_RejectsMismatchedRootManifestIdentity" computerName="Frieren" duration="00:00:00.0047747" startTime="2026-09-24T01:54:59.2776364+08:00" endTime="2026-09-24T01:54:59.2801685+08:00" testType="13cdc9d9-ddb5-4fa4-a97d-d965ccfc6d4b" outcome="Passed" testListId="8c84fa94-04c1-424b-9868-57a2d4851a1d" relativeResultsDirectory="38e25ec3-0ce9-4911-820d-a2195b367c2c" />
    <UnitTestResult executionId="3146d4c0-31dc-4ba2-a5c2-bf5f842692c9" testId="d9578438-6519-9dd9-4973-ffb473cf88e4" testName="Laya.Core.Tests.Models.LayaDomainModelTests.QuestionType_UsesReferenceValues" computerName="Frieren" duration="00:00:00.0042121" startTime="2026-09-24T01:54:59.2776002+08:00" endTime="2026-09-24T01:54:59.2796537+08:00" testType="13cdc9d9-ddb5-4fa4-a97d-d965ccfc6d4b" outcome="Passed" testListId="8c84fa94-04c1-424b-9868-57a2d4851a1d" relativeResultsDirectory="3146d4c0-31dc-4ba2-a5c2-bf5f842692c9" />
    <UnitTestResult executionId="84761029-a9da-47e7-9aa9-c0c3ce8d916c" testId="3c1ff89b-8d36-49cf-9da4-94e679d4b356" testName="Laya.Core.Tests.Serialization.LayaStateSerializerTests.Serialize_ObjectMatchesReferenceJsonStyle" computerName="Frieren" duration="00:00:00.0003477" startTime="2026-09-24T01:54:59.2899098+08:00" endTime="2026-09-24T01:54:59.2899372+08:00" testType="13cdc9d9-ddb5-4fa4-a97d-d965ccfc6d4b" outcome="Passed" testListId="8c84fa94-04c1-424b-9868-57a2d4851a1d" relativeResultsDirectory="84761029-a9da-47e7-9aa9-c0c3ce8d916c" />
    <UnitTestResult executionId="5e33a1c2-a53a-4e84-9e31-5fa87bd7383d" testId="5cd56f3c-9f48-cd5a-9e00-728f31a273ce" testName="Laya.Core.Tests.Evaluation.LayaNoulAnalyzerTests.Analyze_ReturnsNaForEmptyBuckets" computerName="Frieren" duration="00:00:00.0181860" startTime="2026-09-24T01:54:59.2162571+08:00" endTime="2026-09-24T01:54:59.2821616+08:00" testType="13cdc9d9-ddb5-4fa4-a97d-d965ccfc6d4b" outcome="Passed" testListId="8c84fa94-04c1-424b-9868-57a2d4851a1d" relativeResultsDirectory="5e33a1c2-a53a-4e84-9e31-5fa87bd7383d" />
    <UnitTestResult executionId="3a5c82f9-25af-4acd-8bf2-918eefc7d907" testId="9cd5f8da-28ad-2b2a-7e3a-b9e8917bf925" testName="Laya.Core.Tests.Evaluation.LayaConfidencePolicyTests.Classify_UsesDocumentedBoundaries(probability: 0.84999999999999998, margin: 0.20000000000000001, expected: Auto)" computerName="Frieren" duration="00:00:00.0002930" startTime="2026-09-24T01:54:59.2906733+08:00" endTime="2026-09-24T01:54:59.2908012+08:00" testType="13cdc9d9-ddb5-4fa4-a97d-d965ccfc6d4b" outcome="Passed" testListId="8c84fa94-04c1-424b-9868-57a2d4851a1d" relativeResultsDirectory="3a5c82f9-25af-4acd-8bf2-918eefc7d907" />
    <UnitTestResult executionId="6f15d546-6535-4371-8e1f-f95485fd29c9" testId="8bd05023-d89f-7c9b-676d-b318e84ead1c" testName="Laya.Core.Tests.Evaluation.Phase2HeldOutReportWriterTests.WriteRun_WithFixedPolicy_LeavesGridNullAndPersistsCandidateIdentity" computerName="Frieren" duration="00:00:00.0975392" startTime="2026-09-24T01:54:59.2799630+08:00" endTime="2026-09-24T01:54:59.3339983+08:00" testType="13cdc9d9-ddb5-4fa4-a97d-d965ccfc6d4b" outcome="Passed" testListId="8c84fa94-04c1-424b-9868-57a2d4851a1d" relativeResultsDirectory="6f15d546-6535-4371-8e1f-f95485fd29c9" />
    <UnitTestResult executionId="844b9680-2940-49b0-ae8f-542464174843" testId="7883811d-1533-235e-9f82-ae1abc800254" testName="Laya.Core.Tests.Configuration.LayaProfileResolverTests.Resolve_ResolvesRelativeConfiguredRootAgainstWorkingDirectory" computerName="Frieren" duration="00:00:00.0004546" startTime="2026-09-24T01:54:59.2838973+08:00" endTime="2026-09-24T01:54:59.2839255+08:00" testType="13cdc9d9-ddb5-4fa4-a97d-d965ccfc6d4b" outcome="Passed" testListId="8c84fa94-04c1-424b-9868-57a2d4851a1d" relativeResultsDirectory="844b9680-2940-49b0-ae8f-542464174843" />
    <UnitTestResult executionId="c9ffbe4e-4e2c-44e3-9765-be16689ea951" testId="5893dbdb-c8ab-e857-ed8a-a2b8c09ce485" testName="Laya.Core.Tests.Evaluation.LayaGate3AssessmentTests.Decide_ReturnsPartialForSuggestionOnlyEvidence" computerName="Frieren" duration="00:00:00.0001720" startTime="2026-09-24T01:54:59.2883163+08:00" endTime="2026-09-24T01:54:59.2883433+08:00" testType="13cdc9d9-ddb5-4fa4-a97d-d965ccfc6d4b" outcome="Passed" testListId="8c84fa94-04c1-424b-9868-57a2d4851a1d" relativeResultsDirectory="c9ffbe4e-4e2c-44e3-9765-be16689ea951" />
    <UnitTestResult executionId="e5af285c-db2e-4750-b301-33b29827ea67" testId="d765ecb7-a63a-b595-4998-75bdaea78c02" testName="Laya.Core.Tests.Inference.LayaExceptionTests.Exceptions_ExposeSafeStructuredDiagnostics" computerName="Frieren" duration="00:00:00.0056042" startTime="2026-09-24T01:54:59.2841807+08:00" endTime="2026-09-24T01:54:59.2858391+08:00" testType="13cdc9d9-ddb5-4fa4-a97d-d965ccfc6d4b" outcome="Passed" testListId="8c84fa94-04c1-424b-9868-57a2d4851a1d" relativeResultsDirectory="e5af285c-db2e-4750-b301-33b29827ea67" />
    <UnitTestResult executionId="30e07e2f-5e61-47a7-9636-0a28ec485c55" testId="22c887c8-f2b3-52d6-ad8f-9fdd08cfdd1f" testName="Laya.Core.Tests.PostProcessing.LayaCalibrationTests.Softmax_RejectsNonFiniteLogit" computerName="Frieren" duration="00:00:00.0006726" startTime="2026-09-24T01:54:59.2920711+08:00" endTime="2026-09-24T01:54:59.2922253+08:00" testType="13cdc9d9-ddb5-4fa4-a97d-d965ccfc6d4b" outcome="Passed" testListId="8c84fa94-04c1-424b-9868-57a2d4851a1d" relativeResultsDirectory="30e07e2f-5e61-47a7-9636-0a28ec485c55" />
    <UnitTestResult executionId="7fd377df-adc1-4fa1-bc8c-b2310be1b155" testId="f937e294-b2b8-7c76-aae9-605d55a27486" testName="Laya.Core.Tests.Evaluation.Phase2FrozenCandidateValidatorTests.Validate_MismatchedHeldOutSelection_IsRejected" computerName="Frieren" duration="00:00:00.0030485" startTime="2026-09-24T01:54:59.3670844+08:00" endTime="2026-09-24T01:54:59.3699920+08:00" testType="13cdc9d9-ddb5-4fa4-a97d-d965ccfc6d4b" outcome="Passed" testListId="8c84fa94-04c1-424b-9868-57a2d4851a1d" relativeResultsDirectory="7fd377df-adc1-4fa1-bc8c-b2310be1b155" />
    <UnitTestResult executionId="07eeef2b-2a05-4eec-b093-ef6fdde27afd" testId="29b3ac31-720d-caad-df3a-daadc0fdd8f8" testName="Laya.Core.Tests.Evaluation.LayaPolicyEvaluatorTests.Classify_UsesExplicitPolicyAndRequiresBothAutoThresholds" computerName="Frieren" duration="00:00:00.0108381" startTime="2026-09-24T01:54:59.2836847+08:00" endTime="2026-09-24T01:54:59.2842159+08:00" testType="13cdc9d9-ddb5-4fa4-a97d-d965ccfc6d4b" outcome="Passed" testListId="8c84fa94-04c1-424b-9868-57a2d4851a1d" relativeResultsDirectory="07eeef2b-2a05-4eec-b093-ef6fdde27afd" />
    <UnitTestResult executionId="b63e82c3-768a-42c4-ab1f-deece59ac6aa" testId="1211b0ea-e85f-18df-b362-5e9d7974abd6" testName="Laya.Core.Tests.Serialization.LayaStateSerializerTests.Serialize_RejectsNonFiniteNumbers(value: ∞)" computerName="Frieren" duration="00:00:00.0002496" startTime="2026-09-24T01:54:59.2893549+08:00" endTime="2026-09-24T01:54:59.2893818+08:00" testType="13cdc9d9-ddb5-4fa4-a97d-d965ccfc6d4b" outcome="Passed" testListId="8c84fa94-04c1-424b-9868-57a2d4851a1d" relativeResultsDirectory="b63e82c3-768a-42c4-ab1f-deece59ac6aa" />
    <UnitTestResult executionId="f4d02d34-63c2-41b5-b4fd-6c585334924c" testId="560fdb82-d999-7407-aace-3aa04be69bbb" testName="Laya.Core.Tests.PostProcessing.LayaCalibrationTests.Softmax_ReturnsNormalizedDistribution" computerName="Frieren" duration="00:00:00.0015383" startTime="2026-09-24T01:54:59.2923899+08:00" endTime="2026-09-24T01:54:59.2924986+08:00" testType="13cdc9d9-ddb5-4fa4-a97d-d965ccfc6d4b" outcome="Passed" testListId="8c84fa94-04c1-424b-9868-57a2d4851a1d" relativeResultsDirectory="f4d02d34-63c2-41b5-b4fd-6c585334924c" />
    <UnitTestResult executionId="3077b35e-542e-4716-b2bc-7dcce566e3a1" testId="89d27819-eb28-5c0a-6bbb-c794a255ec9e" testName="Laya.Core.Tests.PostProcessing.LayaCalibrationTests.Softmax_RejectsInvalidTemperature(temperature: 0)" computerName="Frieren" duration="00:00:00.0002687" startTime="2026-09-24T01:54:59.2918576+08:00" endTime="2026-09-24T01:54:59.2918918+08:00" testType="13cdc9d9-ddb5-4fa4-a97d-d965ccfc6d4b" outcome="Passed" testListId="8c84fa94-04c1-424b-9868-57a2d4851a1d" relativeResultsDirectory="3077b35e-542e-4716-b2bc-7dcce566e3a1" />
    <UnitTestResult executionId="b89ee869-a484-4d61-ad9a-f5bef70c4cd1" testId="d238a054-04c5-92ab-a6de-64287417e6a0" testName="Laya.Core.Tests.Configuration.LayaProfileResolverTests.Resolve_RejectsInvalidProfile(profile: null, configuredProfile: &quot;&quot;)" computerName="Frieren" duration="00:00:00.0001419" startTime="2026-09-24T01:54:59.2819749+08:00" endTime="2026-09-24T01:54:59.2820055+08:00" testType="13cdc9d9-ddb5-4fa4-a97d-d965ccfc6d4b" outcome="Passed" testListId="8c84fa94-04c1-424b-9868-57a2d4851a1d" relativeResultsDirectory="b89ee869-a484-4d61-ad9a-f5bef70c4cd1" />
    <UnitTestResult executionId="06720899-2e2e-4a7f-961d-2e1281f485b7" testId="682b5c9c-f4fb-8db2-a4a0-df1d1e024f74" testName="Laya.Core.Tests.Evaluation.Phase2FrozenCandidateValidatorTests.Validate_TamperedPolicyHash_IsRejected" computerName="Frieren" duration="00:00:00.0015297" startTime="2026-09-24T01:54:59.3701229+08:00" endTime="2026-09-24T01:54:59.3715783+08:00" testType="13cdc9d9-ddb5-4fa4-a97d-d965ccfc6d4b" outcome="Passed" testListId="8c84fa94-04c1-424b-9868-57a2d4851a1d" relativeResultsDirectory="06720899-2e2e-4a7f-961d-2e1281f485b7" />
    <UnitTestResult executionId="39aa5fd4-6915-495f-b9a0-fc073a9418a5" testId="721ed0e1-a460-ed90-5e80-849ecd227c32" testName="Laya.Core.Tests.Evaluation.Phase2ReportWriterTests.WriteRun_WithFailure_PersistsIncompleteFullInputDenominator" computerName="Frieren" duration="00:00:00.0022945" startTime="2026-09-24T01:54:59.3339453+08:00" endTime="2026-09-24T01:54:59.3352961+08:00" testType="13cdc9d9-ddb5-4fa4-a97d-d965ccfc6d4b" outcome="Passed" testListId="8c84fa94-04c1-424b-9868-57a2d4851a1d" relativeResultsDirectory="39aa5fd4-6915-495f-b9a0-fc073a9418a5" />
    <UnitTestResult executionId="01417b80-44fb-4ce0-8188-d9be30d70757" testId="35af24f0-fdec-0311-f988-ec181b7c8ec5" testName="Laya.Core.Tests.PostProcessing.LayaCalibrationTests.Softmax_RejectsInvalidTemperature(temperature: -1)" computerName="Frieren" duration="00:00:00.0005689" startTime="2026-09-24T01:54:59.2907755+08:00" endTime="2026-09-24T01:54:59.2917537+08:00" testType="13cdc9d9-ddb5-4fa4-a97d-d965ccfc6d4b" outcome="Passed" testListId="8c84fa94-04c1-424b-9868-57a2d4851a1d" relativeResultsDirectory="01417b80-44fb-4ce0-8188-d9be30d70757" />
    <UnitTestResult executionId="73c06f70-3780-4102-981c-b1be8eb26bc4" testId="fd3278fc-9688-b0f4-9ed9-1d9fd40b5587" testName="Laya.Core.Tests.Evaluation.LayaTransactionRequestFactoryTests.CreateBaselineRequest_PreservesPhase1Contract" computerName="Frieren" duration="00:00:00.0084737" startTime="2026-09-24T01:54:59.2851161+08:00" endTime="2026-09-24T01:54:59.2867688+08:00" testType="13cdc9d9-ddb5-4fa4-a97d-d965ccfc6d4b" outcome="Passed" testListId="8c84fa94-04c1-424b-9868-57a2d4851a1d" relativeResultsDirectory="73c06f70-3780-4102-981c-b1be8eb26bc4" />
    <UnitTestResult executionId="3b103f1c-4789-4245-8151-d8bdfdfb07a7" testId="63352fb3-766f-4047-3170-f13c2821f23c" testName="Laya.Core.Tests.Parity.LayaParityToleranceTests.Validate_RequiresInvestigationForExplicitRelaxation" computerName="Frieren" duration="00:00:00.0011683" startTime="2026-09-24T01:54:59.2885351+08:00" endTime="2026-09-24T01:54:59.2896275+08:00" testType="13cdc9d9-ddb5-4fa4-a97d-d965ccfc6d4b" outcome="Passed" testListId="8c84fa94-04c1-424b-9868-57a2d4851a1d" relativeResultsDirectory="3b103f1c-4789-4245-8151-d8bdfdfb07a7" />
    <UnitTestResult executionId="88a5b245-a351-49e1-a04a-b722296c781c" testId="92602ff1-e2fd-f84c-9ef5-2cc70663d8bd" testName="Laya.Core.Tests.Evaluation.Phase2ReportWriterTests.WriteRun_PersistsRecomputableRawArtifacts" computerName="Frieren" duration="00:00:00.1120874" startTime="2026-09-24T01:54:59.2163011+08:00" endTime="2026-09-24T01:54:59.3329910+08:00" testType="13cdc9d9-ddb5-4fa4-a97d-d965ccfc6d4b" outcome="Passed" testListId="8c84fa94-04c1-424b-9868-57a2d4851a1d" relativeResultsDirectory="88a5b245-a351-49e1-a04a-b722296c781c" />
    <UnitTestResult executionId="e702ea17-efc8-41bc-b0ee-01461ebcadbf" testId="7f2ac123-a212-8890-1180-b177849892ae" testName="Laya.Core.Tests.Configuration.LayaModelConfigTests.GetTemperature_AllowsEmptyOptionCalibrationWithFallbacks" computerName="Frieren" duration="00:00:00.0045801" startTime="2026-09-24T01:54:59.2776215+08:00" endTime="2026-09-24T01:54:59.2800050+08:00" testType="13cdc9d9-ddb5-4fa4-a97d-d965ccfc6d4b" outcome="Passed" testListId="8c84fa94-04c1-424b-9868-57a2d4851a1d" relativeResultsDirectory="e702ea17-efc8-41bc-b0ee-01461ebcadbf" />
    <UnitTestResult executionId="81827591-c543-49e1-a6f2-859e7b4f9a25" testId="3625730f-ff79-0abf-6c56-e32b3721e905" testName="Laya.Core.Tests.Serialization.LayaStateSerializerTests.Serialize_NumbersUseInvariantCulture" computerName="Frieren" duration="00:00:00.0006016" startTime="2026-09-24T01:54:59.2897638+08:00" endTime="2026-09-24T01:54:59.2898483+08:00" testType="13cdc9d9-ddb5-4fa4-a97d-d965ccfc6d4b" outcome="Passed" testListId="8c84fa94-04c1-424b-9868-57a2d4851a1d" relativeResultsDirectory="81827591-c543-49e1-a6f2-859e7b4f9a25" />
    <UnitTestResult executionId="d5c0c432-a460-4104-979b-b6256931e3d4" testId="4a3ae34e-3f38-1aa8-57a8-99156a8c8cad" testName="Laya.Core.Tests.Evaluation.LayaPhase2MetricsTests.Calculate_ReportsTopKWithStableRanking" computerName="Frieren" duration="00:00:00.0007422" startTime="2026-09-24T01:54:59.2867395+08:00" endTime="2026-09-24T01:54:59.2868735+08:00" testType="13cdc9d9-ddb5-4fa4-a97d-d965ccfc6d4b" outcome="Passed" testListId="8c84fa94-04c1-424b-9868-57a2d4851a1d" relativeResultsDirectory="d5c0c432-a460-4104-979b-b6256931e3d4" />
    <UnitTestResult executionId="c48ff9a7-56f9-408c-bf7b-6edd34624512" testId="5f240c42-966f-7fda-6b54-e01c1e2b6ca7" testName="Laya.Core.Tests.Configuration.LayaProfileResolverTests.Resolve_RejectsInvalidProfile(profile: &quot;unknown&quot;, configuredProfile: null)" computerName="Frieren" duration="00:00:00.0002964" startTime="2026-09-24T01:54:59.2818848+08:00" endTime="2026-09-24T01:54:59.2819159+08:00" testType="13cdc9d9-ddb5-4fa4-a97d-d965ccfc6d4b" outcome="Passed" testListId="8c84fa94-04c1-424b-9868-57a2d4851a1d" relativeResultsDirectory="c48ff9a7-56f9-408c-bf7b-6edd34624512" />
    <UnitTestResult executionId="b5aa84ff-fc9d-4bef-aaf5-0bbec0b32c2d" testId="a9b13a74-2262-2274-8fd1-edb6edd2b8e9" testName="Laya.Core.Tests.PostProcessing.LayaPostProcessorTests.Process_MapsChoiceProbabilitiesInOptionOrder" computerName="Frieren" duration="00:00:00.1811934" startTime="2026-09-24T01:54:59.2161006+08:00" endTime="2026-09-24T01:54:59.4018646+08:00" testType="13cdc9d9-ddb5-4fa4-a97d-d965ccfc6d4b" outcome="Passed" testListId="8c84fa94-04c1-424b-9868-57a2d4851a1d" relativeResultsDirectory="b5aa84ff-fc9d-4bef-aaf5-0bbec0b32c2d" />
    <UnitTestResult executionId="6147d1a9-aee3-4612-9154-a785133465fa" testId="5073e2ac-4ab2-6733-872f-097e0477e23b" testName="Laya.Core.Tests.Serialization.LayaStateSerializerTests.Serialize_StringReturnsOriginalText" computerName="Frieren" duration="00:00:00.0000734" startTime="2026-09-24T01:54:59.2896004+08:00" endTime="2026-09-24T01:54:59.2896786+08:00" testType="13cdc9d9-ddb5-4fa4-a97d-d965ccfc6d4b" outcome="Passed" testListId="8c84fa94-04c1-424b-9868-57a2d4851a1d" relativeResultsDirectory="6147d1a9-aee3-4612-9154-a785133465fa" />
    <UnitTestResult executionId="43ac37f2-8c70-4129-8d14-fb2fd7b95664" testId="8427ac69-13e6-b60b-a571-e3ffea2e4051" testName="Laya.Core.Tests.Evaluation.LayaPhase2MetricsTests.Calculate_UsesFixedLabelSetForMacroF1AndTransferShare" computerName="Frieren" duration="00:00:00.0008759" startTime="2026-09-24T01:54:59.2865887+08:00" endTime="2026-09-24T01:54:59.2866322+08:00" testType="13cdc9d9-ddb5-4fa4-a97d-d965ccfc6d4b" outcome="Passed" testListId="8c84fa94-04c1-424b-9868-57a2d4851a1d" relativeResultsDirectory="43ac37f2-8c70-4129-8d14-fb2fd7b95664" />
    <UnitTestResult executionId="ddf64c83-1b53-4abb-b1af-2017f2882650" testId="0ab55ba8-b622-9b89-5fa6-c55edeeed3e7" testName="Laya.Core.Tests.Evaluation.LayaPhase2RunComparerTests.Compare_MismatchedContract_IsRejected(mismatch: &quot;prompt&quot;)" computerName="Frieren" duration="00:00:00.0012231" startTime="2026-09-24T01:54:59.2518257+08:00" endTime="2026-09-24T01:54:59.2785768+08:00" testType="13cdc9d9-ddb5-4fa4-a97d-d965ccfc6d4b" outcome="Passed" testListId="8c84fa94-04c1-424b-9868-57a2d4851a1d" relativeResultsDirectory="ddf64c83-1b53-4abb-b1af-2017f2882650" />
    <UnitTestResult executionId="4d72cffc-08fa-4ac7-8aba-5ecdab8dd358" testId="7dd383ee-e171-d208-487c-26b5699276b8" testName="Laya.Core.Tests.Evaluation.Phase2FrozenCandidateValidatorTests.Validate_CompleteCandidate_ReturnsFixedPolicyAndArtifactHash" computerName="Frieren" duration="00:00:00.1265974" startTime="2026-09-24T01:54:59.2824431+08:00" endTime="2026-09-24T01:54:59.3668782+08:00" testType="13cdc9d9-ddb5-4fa4-a97d-d965ccfc6d4b" outcome="Passed" testListId="8c84fa94-04c1-424b-9868-57a2d4851a1d" relativeResultsDirectory="4d72cffc-08fa-4ac7-8aba-5ecdab8dd358" />
    <UnitTestResult executionId="a12ebe4b-61cf-4e76-aeea-d57ebdb8cc23" testId="f76dde54-b1c1-4b55-6051-71752aba5a2a" testName="Laya.Core.Tests.Evaluation.LayaConfidencePolicyTests.Classify_UsesDocumentedBoundaries(probability: 0.90000000000000002, margin: 0.19, expected: Review)" computerName="Frieren" duration="00:00:00.0000067" startTime="2026-09-24T01:54:59.2908466+08:00" endTime="2026-09-24T01:54:59.2908724+08:00" testType="13cdc9d9-ddb5-4fa4-a97d-d965ccfc6d4b" outcome="Passed" testListId="8c84fa94-04c1-424b-9868-57a2d4851a1d" relativeResultsDirectory="a12ebe4b-61cf-4e76-aeea-d57ebdb8cc23" />
    <UnitTestResult executionId="645f6733-d5cd-4ad9-ac5f-9c407f42f183" testId="a5dc8673-0fb2-0a09-bd3d-45dc5791632a" testName="Laya.Core.Tests.Configuration.LayaModelConfigTests.GetTemperature_UsesReferenceCardinalityBuckets" computerName="Frieren" duration="00:00:00.0280481" startTime="2026-09-24T01:54:59.2801042+08:00" endTime="2026-09-24T01:54:59.2857074+08:00" testType="13cdc9d9-ddb5-4fa4-a97d-d965ccfc6d4b" outcome="Passed" testListId="8c84fa94-04c1-424b-9868-57a2d4851a1d" relativeResultsDirectory="645f6733-d5cd-4ad9-ac5f-9c407f42f183" />
    <UnitTestResult executionId="8fb95993-2c2f-4acb-9f15-b6cb24b401fe" testId="c385fd58-2b7f-0d8e-1b9c-fb2981f72941" testName="Laya.Core.Tests.Parity.LayaParityToleranceTests.CompareProbability_RejectsNonFiniteValues(actual: 非數值)" computerName="Frieren" duration="00:00:00.0000092" startTime="2026-09-24T01:54:59.2880564+08:00" endTime="2026-09-24T01:54:59.2880846+08:00" testType="13cdc9d9-ddb5-4fa4-a97d-d965ccfc6d4b" outcome="Passed" testListId="8c84fa94-04c1-424b-9868-57a2d4851a1d" relativeResultsDirectory="8fb95993-2c2f-4acb-9f15-b6cb24b401fe" />
    <UnitTestResult executionId="89ee962e-3371-48ff-9ce3-49e5bf01814b" testId="0eb4719f-4ed7-c6d1-781b-281b9dc9d7e7" testName="Laya.Core.Tests.PostProcessing.LayaCalibrationTests.Softmax_RejectsInvalidTemperature(temperature: 非數值)" computerName="Frieren" duration="00:00:00.0000140" startTime="2026-09-24T01:54:59.2919668+08:00" endTime="2026-09-24T01:54:59.2919946+08:00" testType="13cdc9d9-ddb5-4fa4-a97d-d965ccfc6d4b" outcome="Passed" testListId="8c84fa94-04c1-424b-9868-57a2d4851a1d" relativeResultsDirectory="89ee962e-3371-48ff-9ce3-49e5bf01814b" />
    <UnitTestResult executionId="fb89b512-5709-43ec-a42d-8320e7ed75cf" testId="4c1469ce-9ded-7d54-3770-88f4e833bb94" testName="Laya.Core.Tests.Serialization.LayaStateSerializerTests.Serialize_NestedValuesPreserveOrder" computerName="Frieren" duration="00:00:00.0002057" startTime="2026-09-24T01:54:59.2895168+08:00" endTime="2026-09-24T01:54:59.2895418+08:00" testType="13cdc9d9-ddb5-4fa4-a97d-d965ccfc6d4b" outcome="Passed" testListId="8c84fa94-04c1-424b-9868-57a2d4851a1d" relativeResultsDirectory="fb89b512-5709-43ec-a42d-8320e7ed75cf" />
    <UnitTestResult executionId="31aec60c-ba5d-42b5-a35e-73ab0caf2760" testId="b54e6c8f-b2b9-a209-0997-302277324d37" testName="Laya.Core.Tests.Serialization.LayaStateSerializerTests.Serialize_RejectsNonFiniteNumbers(value: 非數值)" computerName="Frieren" duration="00:00:00.0004227" startTime="2026-09-24T01:54:59.2886242+08:00" endTime="2026-09-24T01:54:59.2892842+08:00" testType="13cdc9d9-ddb5-4fa4-a97d-d965ccfc6d4b" outcome="Passed" testListId="8c84fa94-04c1-424b-9868-57a2d4851a1d" relativeResultsDirectory="31aec60c-ba5d-42b5-a35e-73ab0caf2760" />
    <UnitTestResult executionId="340782eb-90da-4177-9269-d78f55df41d5" testId="7b14ff67-d06c-8f02-21c9-4b831a50d396" testName="Laya.Core.Tests.Parity.LayaParityToleranceTests.CompareProbability_RejectsNumericMismatchDespiteSameAnswer" computerName="Frieren" duration="00:00:00.0007729" startTime="2026-09-24T01:54:59.2881760+08:00" endTime="2026-09-24T01:54:59.2884704+08:00" testType="13cdc9d9-ddb5-4fa4-a97d-d965ccfc6d4b" outcome="Passed" testListId="8c84fa94-04c1-424b-9868-57a2d4851a1d" relativeResultsDirectory="340782eb-90da-4177-9269-d78f55df41d5" />
    <UnitTestResult executionId="0c25110f-e33a-4055-8410-5a41b09bb59d" testId="83984e42-069b-0633-a886-ad7e333ad833" testName="Laya.Core.Tests.Configuration.LayaProfileResolverTests.Resolve_RejectsExistingMultilingualRootWithoutManifest" computerName="Frieren" duration="00:00:00.0005325" startTime="2026-09-24T01:54:59.2853949+08:00" endTime="2026-09-24T01:54:59.2854231+08:00" testType="13cdc9d9-ddb5-4fa4-a97d-d965ccfc6d4b" outcome="Passed" testListId="8c84fa94-04c1-424b-9868-57a2d4851a1d" relativeResultsDirectory="0c25110f-e33a-4055-8410-5a41b09bb59d" />
    <UnitTestResult executionId="bd2d8551-8e5d-4f2e-bffa-177aa601e78f" testId="60bff501-077b-9736-aa74-d32bd927d28a" testName="Laya.Core.Tests.Configuration.LayaProfileResolverTests.Resolve_FollowsVerifiedMultilingualCurrentPointer" computerName="Frieren" duration="00:00:00.0121732" startTime="2026-09-24T01:54:59.2820960+08:00" endTime="2026-09-24T01:54:59.2837161+08:00" testType="13cdc9d9-ddb5-4fa4-a97d-d965ccfc6d4b" outcome="Passed" testListId="8c84fa94-04c1-424b-9868-57a2d4851a1d" relativeResultsDirectory="bd2d8551-8e5d-4f2e-bffa-177aa601e78f" />
    <UnitTestResult executionId="509241bf-a1da-448e-8407-4fcb2fbedfe1" testId="13dfeb7e-0905-5d9c-8c6e-94594caaf9a4" testName="Laya.Core.Tests.Evaluation.LayaPhase2RunComparerTests.Compare_SuccessOutsideSelectedIds_IsRejected" computerName="Frieren" duration="00:00:00.0037403" startTime="2026-09-24T01:54:59.2789075+08:00" endTime="2026-09-24T01:54:59.2814292+08:00" testType="13cdc9d9-ddb5-4fa4-a97d-d965ccfc6d4b" outcome="Passed" testListId="8c84fa94-04c1-424b-9868-57a2d4851a1d" relativeResultsDirectory="509241bf-a1da-448e-8407-4fcb2fbedfe1" />
    <UnitTestResult executionId="a45855df-eda9-4722-848e-c77602254fff" testId="39080e42-27e3-51b2-323e-addc884d80ef" testName="Laya.Core.Tests.Evaluation.LayaPhase2MetricsTests.Calculate_ReportsSuccessAndFullInputAccuracySeparately" computerName="Frieren" duration="00:00:00.0029334" startTime="2026-09-24T01:54:59.2870960+08:00" endTime="2026-09-24T01:54:59.2886574+08:00" testType="13cdc9d9-ddb5-4fa4-a97d-d965ccfc6d4b" outcome="Passed" testListId="8c84fa94-04c1-424b-9868-57a2d4851a1d" relativeResultsDirectory="a45855df-eda9-4722-848e-c77602254fff" />
    <UnitTestResult executionId="c728b187-c144-4d93-886c-6c3fe4a955c0" testId="7a50c48f-89d3-aacc-9004-321d896236ec" testName="Laya.Core.Tests.PostProcessing.LayaCalibrationTests.Softmax_EqualLogitsAreUniform" computerName="Frieren" duration="00:00:00.0008905" startTime="2026-09-24T01:54:59.2922985+08:00" endTime="2026-09-24T01:54:59.2923278+08:00" testType="13cdc9d9-ddb5-4fa4-a97d-d965ccfc6d4b" outcome="Passed" testListId="8c84fa94-04c1-424b-9868-57a2d4851a1d" relativeResultsDirectory="c728b187-c144-4d93-886c-6c3fe4a955c0" />
    <UnitTestResult executionId="325262fe-f796-458e-aae6-8df90b25c6de" testId="010f16f4-acc3-163a-6ab1-f62bc8f0c769" testName="Laya.Core.Tests.Evaluation.LayaConfidencePolicyTests.Classify_UsesDocumentedBoundaries(probability: 0.59999999999999998, margin: 0.90000000000000002, expected: Suggest)" computerName="Frieren" duration="00:00:00.0004080" startTime="2026-09-24T01:54:59.2905502+08:00" endTime="2026-09-24T01:54:59.2905961+08:00" testType="13cdc9d9-ddb5-4fa4-a97d-d965ccfc6d4b" outcome="Passed" testListId="8c84fa94-04c1-424b-9868-57a2d4851a1d" relativeResultsDirectory="325262fe-f796-458e-aae6-8df90b25c6de" />
    <UnitTestResult executionId="ba29a46a-363e-48e2-95c8-14ffb0fc514f" testId="1c8dff0b-8bdb-117b-8311-c9c50595362f" testName="Laya.Core.Tests.Serialization.LayaStateSerializerTests.Serialize_RejectsNonFiniteNumbers(value: -∞)" computerName="Frieren" duration="00:00:00.0000352" startTime="2026-09-24T01:54:59.2894260+08:00" endTime="2026-09-24T01:54:59.2894502+08:00" testType="13cdc9d9-ddb5-4fa4-a97d-d965ccfc6d4b" outcome="Passed" testListId="8c84fa94-04c1-424b-9868-57a2d4851a1d" relativeResultsDirectory="ba29a46a-363e-48e2-95c8-14ffb0fc514f" />
    <UnitTestResult executionId="7a147ee3-c047-44a7-9472-6f04dfbe08a4" testId="e5311441-621b-1d15-b712-0e3642674e08" testName="Laya.Core.Tests.Configuration.LayaProfileResolverTests.Resolve_RejectsNestedCheckpointRevisionMismatch" computerName="Frieren" duration="00:00:00.0086122" startTime="2026-09-24T01:54:59.2840128+08:00" endTime="2026-09-24T01:54:59.2842618+08:00" testType="13cdc9d9-ddb5-4fa4-a97d-d965ccfc6d4b" outcome="Passed" testListId="8c84fa94-04c1-424b-9868-57a2d4851a1d" relativeResultsDirectory="7a147ee3-c047-44a7-9472-6f04dfbe08a4" />
    <UnitTestResult executionId="733e4db5-0dab-44b6-bb71-54c4ff5bc07d" testId="7429706b-df14-299a-6381-92bdfab5d429" testName="Laya.Core.Tests.Evaluation.LayaPhase2RunComparerTests.Compare_AllowsDifferentModelsAndKeepsCommonSuccesses" computerName="Frieren" duration="00:00:00.0222428" startTime="2026-09-24T01:54:59.2817060+08:00" endTime="2026-09-24T01:54:59.2840454+08:00" testType="13cdc9d9-ddb5-4fa4-a97d-d965ccfc6d4b" outcome="Passed" testListId="8c84fa94-04c1-424b-9868-57a2d4851a1d" relativeResultsDirectory="733e4db5-0dab-44b6-bb71-54c4ff5bc07d" />
    <UnitTestResult executionId="e7d0a683-7ff4-4fad-8a4d-a4e5421f34dc" testId="63aeaaae-d5fa-42d7-2eee-ad0b19731764" testName="Laya.Core.Tests.Evaluation.LayaPolicyEvaluatorTests.SelectScenarios_DisablesAutoWhenTargetIsNotMet" computerName="Frieren" duration="00:00:00.0117764" startTime="2026-09-24T01:54:59.2796187+08:00" endTime="2026-09-24T01:54:59.2824834+08:00" testType="13cdc9d9-ddb5-4fa4-a97d-d965ccfc6d4b" outcome="Passed" testListId="8c84fa94-04c1-424b-9868-57a2d4851a1d" relativeResultsDirectory="e7d0a683-7ff4-4fad-8a4d-a4e5421f34dc" />
    <UnitTestResult executionId="b2397495-8826-473c-a653-797a7166e713" testId="5d8bf1ea-f96f-5452-82be-f82920781ec5" testName="Laya.Core.Tests.Configuration.LayaProfileResolverTests.Resolve_UsesCliProfileBeforeConfiguredProfile" computerName="Frieren" duration="00:00:00.0053165" startTime="2026-09-24T01:54:59.2143730+08:00" endTime="2026-09-24T01:54:59.2285253+08:00" testType="13cdc9d9-ddb5-4fa4-a97d-d965ccfc6d4b" outcome="Passed" testListId="8c84fa94-04c1-424b-9868-57a2d4851a1d" relativeResultsDirectory="b2397495-8826-473c-a653-797a7166e713" />
    <UnitTestResult executionId="baf3a60d-2151-4d0e-abb7-07fef26b0fa6" testId="b74ccaf3-73a9-2ce9-155f-5ef57434e7a1" testName="Laya.Core.Tests.Evaluation.LayaPhase2RunComparerTests.Compare_MismatchedContract_IsRejected(mismatch: &quot;environment&quot;)" computerName="Frieren" duration="00:00:00.0003752" startTime="2026-09-24T01:54:59.2787920+08:00" endTime="2026-09-24T01:54:59.2788260+08:00" testType="13cdc9d9-ddb5-4fa4-a97d-d965ccfc6d4b" outcome="Passed" testListId="8c84fa94-04c1-424b-9868-57a2d4851a1d" relativeResultsDirectory="baf3a60d-2151-4d0e-abb7-07fef26b0fa6" />
    <UnitTestResult executionId="fd2d03cf-3964-437d-b599-6e75af850d49" testId="8c1c0123-197b-b1a2-9728-4f4406314d9f" testName="Laya.Core.Tests.Evaluation.LayaPhase2MetricsTests.Calculate_RejectsIncompleteDistribution" computerName="Frieren" duration="00:00:00.0019262" startTime="2026-09-24T01:54:59.2859495+08:00" endTime="2026-09-24T01:54:59.2859804+08:00" testType="13cdc9d9-ddb5-4fa4-a97d-d965ccfc6d4b" outcome="Passed" testListId="8c84fa94-04c1-424b-9868-57a2d4851a1d" relativeResultsDirectory="fd2d03cf-3964-437d-b599-6e75af850d49" />
    <UnitTestResult executionId="41c93557-7d06-43bc-87f0-95cac469e6ca" testId="e26c0407-df1d-2658-2516-8ba215ea9859" testName="Laya.Core.Tests.Evaluation.Phase2DatasetManifestTests.Manifest_MatchesRepositoryDatasetAndHasUniqueGroupSplit" computerName="Frieren" duration="00:00:00.0135284" startTime="2026-09-24T01:54:59.2856767+08:00" endTime="2026-09-24T01:54:59.2910606+08:00" testType="13cdc9d9-ddb5-4fa4-a97d-d965ccfc6d4b" outcome="Passed" testListId="8c84fa94-04c1-424b-9868-57a2d4851a1d" relativeResultsDirectory="41c93557-7d06-43bc-87f0-95cac469e6ca" />
    <UnitTestResult executionId="b4f8ab9c-85e7-490d-9e02-420bed62ec52" testId="c4be771a-6fef-c57c-dd25-ee51fad7f1d9" testName="Laya.Core.Tests.Parity.LayaParityToleranceTests.CompareProbability_RejectsNonFiniteValues(actual: ∞)" computerName="Frieren" duration="00:00:00.0002514" startTime="2026-09-24T01:54:59.2879449+08:00" endTime="2026-09-24T01:54:59.2879834+08:00" testType="13cdc9d9-ddb5-4fa4-a97d-d965ccfc6d4b" outcome="Passed" testListId="8c84fa94-04c1-424b-9868-57a2d4851a1d" relativeResultsDirectory="b4f8ab9c-85e7-490d-9e02-420bed62ec52" />
    <UnitTestResult executionId="d1290d7e-3c13-4293-ac68-491267e615d1" testId="7253decf-b393-d62d-07dd-bdeacbe0c967" testName="Laya.Core.Tests.Parity.LayaParityToleranceTests.CompareProbability_RejectsNonFiniteValues(actual: -∞)" computerName="Frieren" duration="00:00:00.0006260" startTime="2026-09-24T01:54:59.2872665+08:00" endTime="2026-09-24T01:54:59.2873721+08:00" testType="13cdc9d9-ddb5-4fa4-a97d-d965ccfc6d4b" outcome="Passed" testListId="8c84fa94-04c1-424b-9868-57a2d4851a1d" relativeResultsDirectory="d1290d7e-3c13-4293-ac68-491267e615d1" />
    <UnitTestResult executionId="d1920479-5551-4889-9d86-e15282d3cbb2" testId="72c7208d-d18a-5814-cbb7-9cf9df1bb8ef" testName="Laya.Core.Tests.Evaluation.LayaConfidencePolicyTests.Classify_UsesDocumentedBoundaries(probability: 0.58999999999999997, margin: 0.90000000000000002, expected: Review)" computerName="Frieren" duration="00:00:00.0000010" startTime="2026-09-24T01:54:59.2909145+08:00" endTime="2026-09-24T01:54:59.2909397+08:00" testType="13cdc9d9-ddb5-4fa4-a97d-d965ccfc6d4b" outcome="Passed" testListId="8c84fa94-04c1-424b-9868-57a2d4851a1d" relativeResultsDirectory="d1920479-5551-4889-9d86-e15282d3cbb2" />
    <UnitTestResult executionId="76fa9af4-eb01-47a7-bfed-54f16f70643f" testId="a982a7f3-557e-7a55-6f49-6e8a03da6bf8" testName="Laya.Core.Tests.Evaluation.LayaNoulAnalyzerTests.Analyze_ReportsFiveBucketsAndCorrectWrongMeans" computerName="Frieren" duration="00:00:00.0012522" startTime="2026-09-24T01:54:59.2822599+08:00" endTime="2026-09-24T01:54:59.2822880+08:00" testType="13cdc9d9-ddb5-4fa4-a97d-d965ccfc6d4b" outcome="Passed" testListId="8c84fa94-04c1-424b-9868-57a2d4851a1d" relativeResultsDirectory="76fa9af4-eb01-47a7-bfed-54f16f70643f" />
    <UnitTestResult executionId="9fd5db1b-17df-4e49-8530-76f00165749e" testId="f741a2d8-337a-654c-ea44-9e1f187188a9" testName="Laya.Core.Tests.Configuration.LayaProfileResolverTests.Resolve_UsesConfiguredProfileBeforeHostDefault" computerName="Frieren" duration="00:00:00.0004010" startTime="2026-09-24T01:54:59.2837930+08:00" endTime="2026-09-24T01:54:59.2838270+08:00" testType="13cdc9d9-ddb5-4fa4-a97d-d965ccfc6d4b" outcome="Passed" testListId="8c84fa94-04c1-424b-9868-57a2d4851a1d" relativeResultsDirectory="9fd5db1b-17df-4e49-8530-76f00165749e" />
    <UnitTestResult executionId="a4cf3f8f-c7b0-45d7-95cd-3efb5f6c5ae7" testId="509eb290-b2f9-f7e8-4dda-f2c728014b4b" testName="Laya.Core.Tests.Evaluation.LayaPhase2MetricsTests.Calculate_AllFailuresReturnsNaForSuccessMetrics" computerName="Frieren" duration="00:00:00.0004856" startTime="2026-09-24T01:54:59.2869690+08:00" endTime="2026-09-24T01:54:59.2869970+08:00" testType="13cdc9d9-ddb5-4fa4-a97d-d965ccfc6d4b" outcome="Passed" testListId="8c84fa94-04c1-424b-9868-57a2d4851a1d" relativeResultsDirectory="a4cf3f8f-c7b0-45d7-95cd-3efb5f6c5ae7" />
    <UnitTestResult executionId="812f6833-0e92-46ce-a127-6fcc12fabb69" testId="7a552f15-70cd-4a0c-5ae9-6c31065018ec" testName="Laya.Core.Tests.Evaluation.LayaPolicyEvaluatorTests.EvaluateGrid_ProducesAllThresholdPairsAndUsesAndCondition" computerName="Frieren" duration="00:00:00.0023706" startTime="2026-09-24T01:54:59.2835286+08:00" endTime="2026-09-24T01:54:59.2835689+08:00" testType="13cdc9d9-ddb5-4fa4-a97d-d965ccfc6d4b" outcome="Passed" testListId="8c84fa94-04c1-424b-9868-57a2d4851a1d" relativeResultsDirectory="812f6833-0e92-46ce-a127-6fcc12fabb69" />
    <UnitTestResult executionId="c416f9a5-3b07-44d9-a893-5896ea15f44a" testId="e5375872-944b-99e5-0ac3-f53e57498348" testName="Laya.Core.Tests.Evaluation.LayaCalibrationAnalyzerTests.Analyze_ReturnsNaForEmptyInput" computerName="Frieren" duration="00:00:00.0008169" startTime="2026-09-24T01:54:59.2917013+08:00" endTime="2026-09-24T01:54:59.2921411+08:00" testType="13cdc9d9-ddb5-4fa4-a97d-d965ccfc6d4b" outcome="Passed" testListId="8c84fa94-04c1-424b-9868-57a2d4851a1d" relativeResultsDirectory="c416f9a5-3b07-44d9-a893-5896ea15f44a" />
    <UnitTestResult executionId="4785b8c8-c55f-449a-bb95-dba5ce33bb98" testId="c9d3788f-0c97-6a68-18c7-0ea0f43edb65" testName="Laya.Core.Tests.Configuration.LayaProfileResolverTests.Resolve_UsesExplicitRootBeforeOtherSources" computerName="Frieren" duration="00:00:00.0002474" startTime="2026-09-24T01:54:59.2855141+08:00" endTime="2026-09-24T01:54:59.2855483+08:00" testType="13cdc9d9-ddb5-4fa4-a97d-d965ccfc6d4b" outcome="Passed" testListId="8c84fa94-04c1-424b-9868-57a2d4851a1d" relativeResultsDirectory="4785b8c8-c55f-449a-bb95-dba5ce33bb98" />
    <UnitTestResult executionId="62948b45-025f-480c-b959-290cb27e936f" testId="eb1a16d3-3615-a9d1-dbaf-2ff92189189a" testName="Laya.Core.Tests.Evaluation.MisclassifiedTransactionWriterTests.Write_EmitsRedactedEightColumnCsv" computerName="Frieren" duration="00:00:00.0037252" startTime="2026-09-24T01:54:59.2910315+08:00" endTime="2026-09-24T01:54:59.2924185+08:00" testType="13cdc9d9-ddb5-4fa4-a97d-d965ccfc6d4b" outcome="Passed" testListId="8c84fa94-04c1-424b-9868-57a2d4851a1d" relativeResultsDirectory="62948b45-025f-480c-b959-290cb27e936f" />
    <UnitTestResult executionId="90e37376-65b0-4c5c-97bf-3eda34034ddb" testId="eeed1600-2cd4-3eeb-4b6f-996ec7dc8f79" testName="Laya.Core.Tests.Models.LayaDomainModelTests.Request_PreservesQuestionOrder" computerName="Frieren" duration="00:00:00.0061073" startTime="2026-09-24T01:54:59.2163339+08:00" endTime="2026-09-24T01:54:59.2349147+08:00" testType="13cdc9d9-ddb5-4fa4-a97d-d965ccfc6d4b" outcome="Passed" testListId="8c84fa94-04c1-424b-9868-57a2d4851a1d" relativeResultsDirectory="90e37376-65b0-4c5c-97bf-3eda34034ddb" />
    <UnitTestResult executionId="781f42bd-ba2c-4228-b7ff-3e5530237b2e" testId="69bde749-d479-2c87-99d0-562394f8bfb7" testName="Laya.Core.Tests.Configuration.LayaOptionsTests.Constructor_StoresResolvedRootAndIdentity" computerName="Frieren" duration="00:00:00.0048211" startTime="2026-09-24T01:54:59.2163188+08:00" endTime="2026-09-24T01:54:59.2352875+08:00" testType="13cdc9d9-ddb5-4fa4-a97d-d965ccfc6d4b" outcome="Passed" testListId="8c84fa94-04c1-424b-9868-57a2d4851a1d" relativeResultsDirectory="781f42bd-ba2c-4228-b7ff-3e5530237b2e" />
    <UnitTestResult executionId="a904c317-a52a-4e1a-b70e-3cc700f5a7d6" testId="2f97a60d-87bd-9eba-268d-e2c3e2febdf4" testName="Laya.Core.Tests.Evaluation.LayaTransactionRequestFactoryTests.CreateRequest_AllowsOnlyBoundedPromptVariants" computerName="Frieren" duration="00:00:00.0019445" startTime="2026-09-24T01:54:59.2868438+08:00" endTime="2026-09-24T01:54:59.2871408+08:00" testType="13cdc9d9-ddb5-4fa4-a97d-d965ccfc6d4b" outcome="Passed" testListId="8c84fa94-04c1-424b-9868-57a2d4851a1d" relativeResultsDirectory="a904c317-a52a-4e1a-b70e-3cc700f5a7d6" />
    <UnitTestResult executionId="d899dad3-3671-40b7-a20b-9d3646e899e5" testId="877d1220-7b45-7886-2478-8fe290b5c07e" testName="Laya.Core.Tests.Configuration.LayaProfileResolverTests.Resolve_RejectsInvalidProfile(profile: &quot;&quot;, configuredProfile: null)" computerName="Frieren" duration="00:00:00.0005528" startTime="2026-09-24T01:54:59.2813688+08:00" endTime="2026-09-24T01:54:59.2817680+08:00" testType="13cdc9d9-ddb5-4fa4-a97d-d965ccfc6d4b" outcome="Passed" testListId="8c84fa94-04c1-424b-9868-57a2d4851a1d" relativeResultsDirectory="d899dad3-3671-40b7-a20b-9d3646e899e5" />
    <UnitTestResult executionId="5e2214d9-7e9b-47e7-a69f-9c914faa69b5" testId="d1febd40-c36c-d980-e99b-af9fb9d9bc49" testName="Laya.Core.Tests.Evaluation.LayaCalibrationAnalyzerTests.Analyze_UsesClosedOpenBucketsAndHandComputableEce" computerName="Frieren" duration="00:00:00.0032351" startTime="2026-09-24T01:54:59.2892433+08:00" endTime="2026-09-24T01:54:59.2911170+08:00" testType="13cdc9d9-ddb5-4fa4-a97d-d965ccfc6d4b" outcome="Passed" testListId="8c84fa94-04c1-424b-9868-57a2d4851a1d" relativeResultsDirectory="5e2214d9-7e9b-47e7-a69f-9c914faa69b5" />
    <UnitTestResult executionId="05f6da0b-eb39-4382-a932-aec0ff2280e2" testId="ae35ba37-f0fb-1b64-64c6-68ec18ac4506" testName="Laya.Core.Tests.PostProcessing.LayaCalibrationTests.Softmax_IsStableForExtremeFiniteLogits" computerName="Frieren" duration="00:00:00.0015781" startTime="2026-09-24T01:54:59.2898234+08:00" endTime="2026-09-24T01:54:59.2907020+08:00" testType="13cdc9d9-ddb5-4fa4-a97d-d965ccfc6d4b" outcome="Passed" testListId="8c84fa94-04c1-424b-9868-57a2d4851a1d" relativeResultsDirectory="05f6da0b-eb39-4382-a932-aec0ff2280e2" />
  </Results>
  <TestDefinitions>
    <UnitTest name="Laya.Core.Tests.PostProcessing.LayaCalibrationTests.Softmax_RejectsInvalidTemperature(temperature: 非數值)" storage="/srv/hermes_agent/home/workspace/repo/layadotnetpoc/tests/laya.core.tests/bin/debug/net8.0/laya.core.tests.dll" id="0eb4719f-4ed7-c6d1-781b-281b9dc9d7e7">
      <Execution id="89ee962e-3371-48ff-9ce3-49e5bf01814b" />
      <TestMethod codeBase="/srv/hermes_agent/home/workspace/Repo/LayaDotNetPoc/tests/Laya.Core.Tests/bin/Debug/net8.0/Laya.Core.Tests.dll" adapterTypeName="executor://xunit/VsTestRunner3/netcore/" className="Laya.Core.Tests.PostProcessing.LayaCalibrationTests" name="Softmax_RejectsInvalidTemperature" />
    </UnitTest>
    <UnitTest name="Laya.Core.Tests.Serialization.LayaStateSerializerTests.Serialize_RejectsCycles" storage="/srv/hermes_agent/home/workspace/repo/layadotnetpoc/tests/laya.core.tests/bin/debug/net8.0/laya.core.tests.dll" id="26979fc2-a61b-8d02-00e8-cc23ca3321f2">
      <Execution id="95128cfe-37f3-44e6-9bf8-bf922ca7648c" />
      <TestMethod codeBase="/srv/hermes_agent/home/workspace/Repo/LayaDotNetPoc/tests/Laya.Core.Tests/bin/Debug/net8.0/Laya.Core.Tests.dll" adapterTypeName="executor://xunit/VsTestRunner3/netcore/" className="Laya.Core.Tests.Serialization.LayaStateSerializerTests" name="Serialize_RejectsCycles" />
    </UnitTest>
    <UnitTest name="Laya.Core.Tests.Configuration.LayaProfileResolverTests.Resolve_RejectsInvalidProfile(profile: &quot;unknown&quot;, configuredProfile: null)" storage="/srv/hermes_agent/home/workspace/repo/layadotnetpoc/tests/laya.core.tests/bin/debug/net8.0/laya.core.tests.dll" id="5f240c42-966f-7fda-6b54-e01c1e2b6ca7">
      <Execution id="c48ff9a7-56f9-408c-bf7b-6edd34624512" />
      <TestMethod codeBase="/srv/hermes_agent/home/workspace/Repo/LayaDotNetPoc/tests/Laya.Core.Tests/bin/Debug/net8.0/Laya.Core.Tests.dll" adapterTypeName="executor://xunit/VsTestRunner3/netcore/" className="Laya.Core.Tests.Configuration.LayaProfileResolverTests" name="Resolve_RejectsInvalidProfile" />
    </UnitTest>
    <UnitTest name="Laya.Core.Tests.Parity.LayaParityToleranceTests.CompareProbability_RejectsNonFiniteValues(actual: 非數值)" storage="/srv/hermes_agent/home/workspace/repo/layadotnetpoc/tests/laya.core.tests/bin/debug/net8.0/laya.core.tests.dll" id="c385fd58-2b7f-0d8e-1b9c-fb2981f72941">
      <Execution id="8fb95993-2c2f-4acb-9f15-b6cb24b401fe" />
      <TestMethod codeBase="/srv/hermes_agent/home/workspace/Repo/LayaDotNetPoc/tests/Laya.Core.Tests/bin/Debug/net8.0/Laya.Core.Tests.dll" adapterTypeName="executor://xunit/VsTestRunner3/netcore/" className="Laya.Core.Tests.Parity.LayaParityToleranceTests" name="CompareProbability_RejectsNonFiniteValues" />
    </UnitTest>
    <UnitTest name="Laya.Core.Tests.Evaluation.LayaPhase2MetricsTests.Calculate_ReportsSuccessAndFullInputAccuracySeparately" storage="/srv/hermes_agent/home/workspace/repo/layadotnetpoc/tests/laya.core.tests/bin/debug/net8.0/laya.core.tests.dll" id="39080e42-27e3-51b2-323e-addc884d80ef">
      <Execution id="a45855df-eda9-4722-848e-c77602254fff" />
      <TestMethod codeBase="/srv/hermes_agent/home/workspace/Repo/LayaDotNetPoc/tests/Laya.Core.Tests/bin/Debug/net8.0/Laya.Core.Tests.dll" adapterTypeName="executor://xunit/VsTestRunner3/netcore/" className="Laya.Core.Tests.Evaluation.LayaPhase2MetricsTests" name="Calculate_ReportsSuccessAndFullInputAccuracySeparately" />
    </UnitTest>
    <UnitTest name="Laya.Core.Tests.Evaluation.MisclassifiedTransactionWriterTests.Write_EmitsRedactedEightColumnCsv" storage="/srv/hermes_agent/home/workspace/repo/layadotnetpoc/tests/laya.core.tests/bin/debug/net8.0/laya.core.tests.dll" id="eb1a16d3-3615-a9d1-dbaf-2ff92189189a">
      <Execution id="62948b45-025f-480c-b959-290cb27e936f" />
      <TestMethod codeBase="/srv/hermes_agent/home/workspace/Repo/LayaDotNetPoc/tests/Laya.Core.Tests/bin/Debug/net8.0/Laya.Core.Tests.dll" adapterTypeName="executor://xunit/VsTestRunner3/netcore/" className="Laya.Core.Tests.Evaluation.MisclassifiedTransactionWriterTests" name="Write_EmitsRedactedEightColumnCsv" />
    </UnitTest>
    <UnitTest name="Laya.Core.Tests.Serialization.LayaStateSerializerTests.Serialize_ObjectMatchesReferenceJsonStyle" storage="/srv/hermes_agent/home/workspace/repo/layadotnetpoc/tests/laya.core.tests/bin/debug/net8.0/laya.core.tests.dll" id="3c1ff89b-8d36-49cf-9da4-94e679d4b356">
      <Execution id="84761029-a9da-47e7-9aa9-c0c3ce8d916c" />
      <TestMethod codeBase="/srv/hermes_agent/home/workspace/Repo/LayaDotNetPoc/tests/Laya.Core.Tests/bin/Debug/net8.0/Laya.Core.Tests.dll" adapterTypeName="executor://xunit/VsTestRunner3/netcore/" className="Laya.Core.Tests.Serialization.LayaStateSerializerTests" name="Serialize_ObjectMatchesReferenceJsonStyle" />
    </UnitTest>
    <UnitTest name="Laya.Core.Tests.Configuration.LayaProfileResolverTests.Resolve_FollowsVerifiedMultilingualCurrentPointer" storage="/srv/hermes_agent/home/workspace/repo/layadotnetpoc/tests/laya.core.tests/bin/debug/net8.0/laya.core.tests.dll" id="60bff501-077b-9736-aa74-d32bd927d28a">
      <Execution id="bd2d8551-8e5d-4f2e-bffa-177aa601e78f" />
      <TestMethod codeBase="/srv/hermes_agent/home/workspace/Repo/LayaDotNetPoc/tests/Laya.Core.Tests/bin/Debug/net8.0/Laya.Core.Tests.dll" adapterTypeName="executor://xunit/VsTestRunner3/netcore/" className="Laya.Core.Tests.Configuration.LayaProfileResolverTests" name="Resolve_FollowsVerifiedMultilingualCurrentPointer" />
    </UnitTest>
    <UnitTest name="Laya.Core.Tests.Configuration.LayaProfileResolverTests.Resolve_RejectsInvalidProfile(profile: &quot;&quot;, configuredProfile: null)" storage="/srv/hermes_agent/home/workspace/repo/layadotnetpoc/tests/laya.core.tests/bin/debug/net8.0/laya.core.tests.dll" id="877d1220-7b45-7886-2478-8fe290b5c07e">
      <Execution id="d899dad3-3671-40b7-a20b-9d3646e899e5" />
      <TestMethod codeBase="/srv/hermes_agent/home/workspace/Repo/LayaDotNetPoc/tests/Laya.Core.Tests/bin/Debug/net8.0/Laya.Core.Tests.dll" adapterTypeName="executor://xunit/VsTestRunner3/netcore/" className="Laya.Core.Tests.Configuration.LayaProfileResolverTests" name="Resolve_RejectsInvalidProfile" />
    </UnitTest>
    <UnitTest name="Laya.Core.Tests.Evaluation.LayaPhase2MetricsTests.Calculate_ReportsTopKWithStableRanking" storage="/srv/hermes_agent/home/workspace/repo/layadotnetpoc/tests/laya.core.tests/bin/debug/net8.0/laya.core.tests.dll" id="4a3ae34e-3f38-1aa8-57a8-99156a8c8cad">
      <Execution id="d5c0c432-a460-4104-979b-b6256931e3d4" />
      <TestMethod codeBase="/srv/hermes_agent/home/workspace/Repo/LayaDotNetPoc/tests/Laya.Core.Tests/bin/Debug/net8.0/Laya.Core.Tests.dll" adapterTypeName="executor://xunit/VsTestRunner3/netcore/" className="Laya.Core.Tests.Evaluation.LayaPhase2MetricsTests" name="Calculate_ReportsTopKWithStableRanking" />
    </UnitTest>
    <UnitTest name="Laya.Core.Tests.Evaluation.LayaNoulAnalyzerTests.Analyze_ReturnsNaForEmptyBuckets" storage="/srv/hermes_agent/home/workspace/repo/layadotnetpoc/tests/laya.core.tests/bin/debug/net8.0/laya.core.tests.dll" id="5cd56f3c-9f48-cd5a-9e00-728f31a273ce">
      <Execution id="5e33a1c2-a53a-4e84-9e31-5fa87bd7383d" />
      <TestMethod codeBase="/srv/hermes_agent/home/workspace/Repo/LayaDotNetPoc/tests/Laya.Core.Tests/bin/Debug/net8.0/Laya.Core.Tests.dll" adapterTypeName="executor://xunit/VsTestRunner3/netcore/" className="Laya.Core.Tests.Evaluation.LayaNoulAnalyzerTests" name="Analyze_ReturnsNaForEmptyBuckets" />
    </UnitTest>
    <UnitTest name="Laya.Core.Tests.Serialization.LayaStateSerializerTests.Serialize_RejectsNonFiniteNumbers(value: -∞)" storage="/srv/hermes_agent/home/workspace/repo/layadotnetpoc/tests/laya.core.tests/bin/debug/net8.0/laya.core.tests.dll" id="1c8dff0b-8bdb-117b-8311-c9c50595362f">
      <Execution id="ba29a46a-363e-48e2-95c8-14ffb0fc514f" />
      <TestMethod codeBase="/srv/hermes_agent/home/workspace/Repo/LayaDotNetPoc/tests/Laya.Core.Tests/bin/Debug/net8.0/Laya.Core.Tests.dll" adapterTypeName="executor://xunit/VsTestRunner3/netcore/" className="Laya.Core.Tests.Serialization.LayaStateSerializerTests" name="Serialize_RejectsNonFiniteNumbers" />
    </UnitTest>
    <UnitTest name="Laya.Core.Tests.Evaluation.LayaPhase2MetricsTests.Calculate_RejectsIncompleteDistribution" storage="/srv/hermes_agent/home/workspace/repo/layadotnetpoc/tests/laya.core.tests/bin/debug/net8.0/laya.core.tests.dll" id="8c1c0123-197b-b1a2-9728-4f4406314d9f">
      <Execution id="fd2d03cf-3964-437d-b599-6e75af850d49" />
      <TestMethod codeBase="/srv/hermes_agent/home/workspace/Repo/LayaDotNetPoc/tests/Laya.Core.Tests/bin/Debug/net8.0/Laya.Core.Tests.dll" adapterTypeName="executor://xunit/VsTestRunner3/netcore/" className="Laya.Core.Tests.Evaluation.LayaPhase2MetricsTests" name="Calculate_RejectsIncompleteDistribution" />
    </UnitTest>
    <UnitTest name="Laya.Core.Tests.Evaluation.LayaPolicyEvaluatorTests.SelectScenarios_DisablesAutoWhenTargetIsNotMet" storage="/srv/hermes_agent/home/workspace/repo/layadotnetpoc/tests/laya.core.tests/bin/debug/net8.0/laya.core.tests.dll" id="63aeaaae-d5fa-42d7-2eee-ad0b19731764">
      <Execution id="e7d0a683-7ff4-4fad-8a4d-a4e5421f34dc" />
      <TestMethod codeBase="/srv/hermes_agent/home/workspace/Repo/LayaDotNetPoc/tests/Laya.Core.Tests/bin/Debug/net8.0/Laya.Core.Tests.dll" adapterTypeName="executor://xunit/VsTestRunner3/netcore/" className="Laya.Core.Tests.Evaluation.LayaPolicyEvaluatorTests" name="SelectScenarios_DisablesAutoWhenTargetIsNotMet" />
    </UnitTest>
    <UnitTest name="Laya.Core.Tests.Evaluation.Phase2FrozenCandidateValidatorTests.Validate_MismatchedHeldOutSelection_IsRejected" storage="/srv/hermes_agent/home/workspace/repo/layadotnetpoc/tests/laya.core.tests/bin/debug/net8.0/laya.core.tests.dll" id="f937e294-b2b8-7c76-aae9-605d55a27486">
      <Execution id="7fd377df-adc1-4fa1-bc8c-b2310be1b155" />
      <TestMethod codeBase="/srv/hermes_agent/home/workspace/Repo/LayaDotNetPoc/tests/Laya.Core.Tests/bin/Debug/net8.0/Laya.Core.Tests.dll" adapterTypeName="executor://xunit/VsTestRunner3/netcore/" className="Laya.Core.Tests.Evaluation.Phase2FrozenCandidateValidatorTests" name="Validate_MismatchedHeldOutSelection_IsRejected" />
    </UnitTest>
    <UnitTest name="Laya.Core.Tests.Evaluation.LayaGate3AssessmentTests.Decide_ReturnsPassOnlyForCompleteReliableEvidence" storage="/srv/hermes_agent/home/workspace/repo/layadotnetpoc/tests/laya.core.tests/bin/debug/net8.0/laya.core.tests.dll" id="97180225-d06c-b7bb-d520-1b6ca251531b">
      <Execution id="848cc908-12eb-418f-afa2-bf9c55361ce1" />
      <TestMethod codeBase="/srv/hermes_agent/home/workspace/Repo/LayaDotNetPoc/tests/Laya.Core.Tests/bin/Debug/net8.0/Laya.Core.Tests.dll" adapterTypeName="executor://xunit/VsTestRunner3/netcore/" className="Laya.Core.Tests.Evaluation.LayaGate3AssessmentTests" name="Decide_ReturnsPassOnlyForCompleteReliableEvidence" />
    </UnitTest>
    <UnitTest name="Laya.Core.Tests.Evaluation.LayaPhase2RunComparerTests.Compare_SuccessOutsideSelectedIds_IsRejected" storage="/srv/hermes_agent/home/workspace/repo/layadotnetpoc/tests/laya.core.tests/bin/debug/net8.0/laya.core.tests.dll" id="13dfeb7e-0905-5d9c-8c6e-94594caaf9a4">
      <Execution id="509241bf-a1da-448e-8407-4fcb2fbedfe1" />
      <TestMethod codeBase="/srv/hermes_agent/home/workspace/Repo/LayaDotNetPoc/tests/Laya.Core.Tests/bin/Debug/net8.0/Laya.Core.Tests.dll" adapterTypeName="executor://xunit/VsTestRunner3/netcore/" className="Laya.Core.Tests.Evaluation.LayaPhase2RunComparerTests" name="Compare_SuccessOutsideSelectedIds_IsRejected" />
    </UnitTest>
    <UnitTest name="Laya.Core.Tests.Evaluation.LayaConfidencePolicyTests.Classify_UsesDocumentedBoundaries(probability: 0.84999999999999998, margin: 0.20000000000000001, expected: Auto)" storage="/srv/hermes_agent/home/workspace/repo/layadotnetpoc/tests/laya.core.tests/bin/debug/net8.0/laya.core.tests.dll" id="9cd5f8da-28ad-2b2a-7e3a-b9e8917bf925">
      <Execution id="3a5c82f9-25af-4acd-8bf2-918eefc7d907" />
      <TestMethod codeBase="/srv/hermes_agent/home/workspace/Repo/LayaDotNetPoc/tests/Laya.Core.Tests/bin/Debug/net8.0/Laya.Core.Tests.dll" adapterTypeName="executor://xunit/VsTestRunner3/netcore/" className="Laya.Core.Tests.Evaluation.LayaConfidencePolicyTests" name="Classify_UsesDocumentedBoundaries" />
    </UnitTest>
    <UnitTest name="Laya.Core.Tests.Models.LayaDomainModelTests.Request_PreservesQuestionOrder" storage="/srv/hermes_agent/home/workspace/repo/layadotnetpoc/tests/laya.core.tests/bin/debug/net8.0/laya.core.tests.dll" id="eeed1600-2cd4-3eeb-4b6f-996ec7dc8f79">
      <Execution id="90e37376-65b0-4c5c-97bf-3eda34034ddb" />
      <TestMethod codeBase="/srv/hermes_agent/home/workspace/Repo/LayaDotNetPoc/tests/Laya.Core.Tests/bin/Debug/net8.0/Laya.Core.Tests.dll" adapterTypeName="executor://xunit/VsTestRunner3/netcore/" className="Laya.Core.Tests.Models.LayaDomainModelTests" name="Request_PreservesQuestionOrder" />
    </UnitTest>
    <UnitTest name="Laya.Core.Tests.Evaluation.LayaPhase2RunComparerTests.Compare_MismatchedContract_IsRejected(mismatch: &quot;environment&quot;)" storage="/srv/hermes_agent/home/workspace/repo/layadotnetpoc/tests/laya.core.tests/bin/debug/net8.0/laya.core.tests.dll" id="b74ccaf3-73a9-2ce9-155f-5ef57434e7a1">
      <Execution id="baf3a60d-2151-4d0e-abb7-07fef26b0fa6" />
      <TestMethod codeBase="/srv/hermes_agent/home/workspace/Repo/LayaDotNetPoc/tests/Laya.Core.Tests/bin/Debug/net8.0/Laya.Core.Tests.dll" adapterTypeName="executor://xunit/VsTestRunner3/netcore/" className="Laya.Core.Tests.Evaluation.LayaPhase2RunComparerTests" name="Compare_MismatchedContract_IsRejected" />
    </UnitTest>
    <UnitTest name="Laya.Core.Tests.PostProcessing.LayaCalibrationTests.Softmax_RejectsInvalidTemperature(temperature: 0)" storage="/srv/hermes_agent/home/workspace/repo/layadotnetpoc/tests/laya.core.tests/bin/debug/net8.0/laya.core.tests.dll" id="89d27819-eb28-5c0a-6bbb-c794a255ec9e">
      <Execution id="3077b35e-542e-4716-b2bc-7dcce566e3a1" />
      <TestMethod codeBase="/srv/hermes_agent/home/workspace/Repo/LayaDotNetPoc/tests/Laya.Core.Tests/bin/Debug/net8.0/Laya.Core.Tests.dll" adapterTypeName="executor://xunit/VsTestRunner3/netcore/" className="Laya.Core.Tests.PostProcessing.LayaCalibrationTests" name="Softmax_RejectsInvalidTemperature" />
    </UnitTest>
    <UnitTest name="Laya.Core.Tests.Configuration.LayaOptionsTests.Constructor_StoresResolvedRootAndIdentity" storage="/srv/hermes_agent/home/workspace/repo/layadotnetpoc/tests/laya.core.tests/bin/debug/net8.0/laya.core.tests.dll" id="69bde749-d479-2c87-99d0-562394f8bfb7">
      <Execution id="781f42bd-ba2c-4228-b7ff-3e5530237b2e" />
      <TestMethod codeBase="/srv/hermes_agent/home/workspace/Repo/LayaDotNetPoc/tests/Laya.Core.Tests/bin/Debug/net8.0/Laya.Core.Tests.dll" adapterTypeName="executor://xunit/VsTestRunner3/netcore/" className="Laya.Core.Tests.Configuration.LayaOptionsTests" name="Constructor_StoresResolvedRootAndIdentity" />
    </UnitTest>
    <UnitTest name="Laya.Core.Tests.Models.LayaDomainModelTests.QuestionType_UsesReferenceValues" storage="/srv/hermes_agent/home/workspace/repo/layadotnetpoc/tests/laya.core.tests/bin/debug/net8.0/laya.core.tests.dll" id="d9578438-6519-9dd9-4973-ffb473cf88e4">
      <Execution id="3146d4c0-31dc-4ba2-a5c2-bf5f842692c9" />
      <TestMethod codeBase="/srv/hermes_agent/home/workspace/Repo/LayaDotNetPoc/tests/Laya.Core.Tests/bin/Debug/net8.0/Laya.Core.Tests.dll" adapterTypeName="executor://xunit/VsTestRunner3/netcore/" className="Laya.Core.Tests.Models.LayaDomainModelTests" name="QuestionType_UsesReferenceValues" />
    </UnitTest>
    <UnitTest name="Laya.Core.Tests.Evaluation.LayaPhase2MetricsTests.Calculate_UsesFixedLabelSetForMacroF1AndTransferShare" storage="/srv/hermes_agent/home/workspace/repo/layadotnetpoc/tests/laya.core.tests/bin/debug/net8.0/laya.core.tests.dll" id="8427ac69-13e6-b60b-a571-e3ffea2e4051">
      <Execution id="43ac37f2-8c70-4129-8d14-fb2fd7b95664" />
      <TestMethod codeBase="/srv/hermes_agent/home/workspace/Repo/LayaDotNetPoc/tests/Laya.Core.Tests/bin/Debug/net8.0/Laya.Core.Tests.dll" adapterTypeName="executor://xunit/VsTestRunner3/netcore/" className="Laya.Core.Tests.Evaluation.LayaPhase2MetricsTests" name="Calculate_UsesFixedLabelSetForMacroF1AndTransferShare" />
    </UnitTest>
    <UnitTest name="Laya.Core.Tests.Configuration.LayaProfileResolverTests.Resolve_UsesConfiguredProfileBeforeHostDefault" storage="/srv/hermes_agent/home/workspace/repo/layadotnetpoc/tests/laya.core.tests/bin/debug/net8.0/laya.core.tests.dll" id="f741a2d8-337a-654c-ea44-9e1f187188a9">
      <Execution id="9fd5db1b-17df-4e49-8530-76f00165749e" />
      <TestMethod codeBase="/srv/hermes_agent/home/workspace/Repo/LayaDotNetPoc/tests/Laya.Core.Tests/bin/Debug/net8.0/Laya.Core.Tests.dll" adapterTypeName="executor://xunit/VsTestRunner3/netcore/" className="Laya.Core.Tests.Configuration.LayaProfileResolverTests" name="Resolve_UsesConfiguredProfileBeforeHostDefault" />
    </UnitTest>
    <UnitTest name="Laya.Core.Tests.Configuration.LayaProfileResolverTests.Resolve_RejectsNestedCheckpointRevisionMismatch" storage="/srv/hermes_agent/home/workspace/repo/layadotnetpoc/tests/laya.core.tests/bin/debug/net8.0/laya.core.tests.dll" id="e5311441-621b-1d15-b712-0e3642674e08">
      <Execution id="7a147ee3-c047-44a7-9472-6f04dfbe08a4" />
      <TestMethod codeBase="/srv/hermes_agent/home/workspace/Repo/LayaDotNetPoc/tests/Laya.Core.Tests/bin/Debug/net8.0/Laya.Core.Tests.dll" adapterTypeName="executor://xunit/VsTestRunner3/netcore/" className="Laya.Core.Tests.Configuration.LayaProfileResolverTests" name="Resolve_RejectsNestedCheckpointRevisionMismatch" />
    </UnitTest>
    <UnitTest name="Laya.Core.Tests.Configuration.LayaModelConfigTests.GetTemperature_UsesReferenceCardinalityBuckets" storage="/srv/hermes_agent/home/workspace/repo/layadotnetpoc/tests/laya.core.tests/bin/debug/net8.0/laya.core.tests.dll" id="a5dc8673-0fb2-0a09-bd3d-45dc5791632a">
      <Execution id="645f6733-d5cd-4ad9-ac5f-9c407f42f183" />
      <TestMethod codeBase="/srv/hermes_agent/home/workspace/Repo/LayaDotNetPoc/tests/Laya.Core.Tests/bin/Debug/net8.0/Laya.Core.Tests.dll" adapterTypeName="executor://xunit/VsTestRunner3/netcore/" className="Laya.Core.Tests.Configuration.LayaModelConfigTests" name="GetTemperature_UsesReferenceCardinalityBuckets" />
    </UnitTest>
    <UnitTest name="Laya.Core.Tests.Evaluation.LayaConfidencePolicyTests.Classify_UsesDocumentedBoundaries(probability: 0.59999999999999998, margin: 0.90000000000000002, expected: Suggest)" storage="/srv/hermes_agent/home/workspace/repo/layadotnetpoc/tests/laya.core.tests/bin/debug/net8.0/laya.core.tests.dll" id="010f16f4-acc3-163a-6ab1-f62bc8f0c769">
      <Execution id="325262fe-f796-458e-aae6-8df90b25c6de" />
      <TestMethod codeBase="/srv/hermes_agent/home/workspace/Repo/LayaDotNetPoc/tests/Laya.Core.Tests/bin/Debug/net8.0/Laya.Core.Tests.dll" adapterTypeName="executor://xunit/VsTestRunner3/netcore/" className="Laya.Core.Tests.Evaluation.LayaConfidencePolicyTests" name="Classify_UsesDocumentedBoundaries" />
    </UnitTest>
    <UnitTest name="Laya.Core.Tests.Evaluation.LayaConfidencePolicyTests.Classify_UsesDocumentedBoundaries(probability: 0.58999999999999997, margin: 0.90000000000000002, expected: Review)" storage="/srv/hermes_agent/home/workspace/repo/layadotnetpoc/tests/laya.core.tests/bin/debug/net8.0/laya.core.tests.dll" id="72c7208d-d18a-5814-cbb7-9cf9df1bb8ef">
      <Execution id="d1920479-5551-4889-9d86-e15282d3cbb2" />
      <TestMethod codeBase="/srv/hermes_agent/home/workspace/Repo/LayaDotNetPoc/tests/Laya.Core.Tests/bin/Debug/net8.0/Laya.Core.Tests.dll" adapterTypeName="executor://xunit/VsTestRunner3/netcore/" className="Laya.Core.Tests.Evaluation.LayaConfidencePolicyTests" name="Classify_UsesDocumentedBoundaries" />
    </UnitTest>
    <UnitTest name="Laya.Core.Tests.Serialization.LayaStateSerializerTests.Serialize_NestedValuesPreserveOrder" storage="/srv/hermes_agent/home/workspace/repo/layadotnetpoc/tests/laya.core.tests/bin/debug/net8.0/laya.core.tests.dll" id="4c1469ce-9ded-7d54-3770-88f4e833bb94">
      <Execution id="fb89b512-5709-43ec-a42d-8320e7ed75cf" />
      <TestMethod codeBase="/srv/hermes_agent/home/workspace/Repo/LayaDotNetPoc/tests/Laya.Core.Tests/bin/Debug/net8.0/Laya.Core.Tests.dll" adapterTypeName="executor://xunit/VsTestRunner3/netcore/" className="Laya.Core.Tests.Serialization.LayaStateSerializerTests" name="Serialize_NestedValuesPreserveOrder" />
    </UnitTest>
    <UnitTest name="Laya.Core.Tests.Evaluation.LayaTransactionRequestFactoryTests.CreateBaselineRequest_PreservesPhase1Contract" storage="/srv/hermes_agent/home/workspace/repo/layadotnetpoc/tests/laya.core.tests/bin/debug/net8.0/laya.core.tests.dll" id="fd3278fc-9688-b0f4-9ed9-1d9fd40b5587">
      <Execution id="73c06f70-3780-4102-981c-b1be8eb26bc4" />
      <TestMethod codeBase="/srv/hermes_agent/home/workspace/Repo/LayaDotNetPoc/tests/Laya.Core.Tests/bin/Debug/net8.0/Laya.Core.Tests.dll" adapterTypeName="executor://xunit/VsTestRunner3/netcore/" className="Laya.Core.Tests.Evaluation.LayaTransactionRequestFactoryTests" name="CreateBaselineRequest_PreservesPhase1Contract" />
    </UnitTest>
    <UnitTest name="Laya.Core.Tests.Configuration.LayaProfileResolverTests.Resolve_UsesCliProfileBeforeConfiguredProfile" storage="/srv/hermes_agent/home/workspace/repo/layadotnetpoc/tests/laya.core.tests/bin/debug/net8.0/laya.core.tests.dll" id="5d8bf1ea-f96f-5452-82be-f82920781ec5">
      <Execution id="b2397495-8826-473c-a653-797a7166e713" />
      <TestMethod codeBase="/srv/hermes_agent/home/workspace/Repo/LayaDotNetPoc/tests/Laya.Core.Tests/bin/Debug/net8.0/Laya.Core.Tests.dll" adapterTypeName="executor://xunit/VsTestRunner3/netcore/" className="Laya.Core.Tests.Configuration.LayaProfileResolverTests" name="Resolve_UsesCliProfileBeforeConfiguredProfile" />
    </UnitTest>
    <UnitTest name="Laya.Core.Tests.Evaluation.LayaGate3AssessmentTests.Decide_ReturnsPartialForSuggestionOnlyEvidence" storage="/srv/hermes_agent/home/workspace/repo/layadotnetpoc/tests/laya.core.tests/bin/debug/net8.0/laya.core.tests.dll" id="5893dbdb-c8ab-e857-ed8a-a2b8c09ce485">
      <Execution id="c9ffbe4e-4e2c-44e3-9765-be16689ea951" />
      <TestMethod codeBase="/srv/hermes_agent/home/workspace/Repo/LayaDotNetPoc/tests/Laya.Core.Tests/bin/Debug/net8.0/Laya.Core.Tests.dll" adapterTypeName="executor://xunit/VsTestRunner3/netcore/" className="Laya.Core.Tests.Evaluation.LayaGate3AssessmentTests" name="Decide_ReturnsPartialForSuggestionOnlyEvidence" />
    </UnitTest>
    <UnitTest name="Laya.Core.Tests.PostProcessing.LayaPostProcessorTests.Process_MapsChoiceProbabilitiesInOptionOrder" storage="/srv/hermes_agent/home/workspace/repo/layadotnetpoc/tests/laya.core.tests/bin/debug/net8.0/laya.core.tests.dll" id="a9b13a74-2262-2274-8fd1-edb6edd2b8e9">
      <Execution id="b5aa84ff-fc9d-4bef-aaf5-0bbec0b32c2d" />
      <TestMethod codeBase="/srv/hermes_agent/home/workspace/Repo/LayaDotNetPoc/tests/Laya.Core.Tests/bin/Debug/net8.0/Laya.Core.Tests.dll" adapterTypeName="executor://xunit/VsTestRunner3/netcore/" className="Laya.Core.Tests.PostProcessing.LayaPostProcessorTests" name="Process_MapsChoiceProbabilitiesInOptionOrder" />
    </UnitTest>
    <UnitTest name="Laya.Core.Tests.Parity.LayaParityToleranceTests.Validate_RequiresInvestigationForExplicitRelaxation" storage="/srv/hermes_agent/home/workspace/repo/layadotnetpoc/tests/laya.core.tests/bin/debug/net8.0/laya.core.tests.dll" id="63352fb3-766f-4047-3170-f13c2821f23c">
      <Execution id="3b103f1c-4789-4245-8151-d8bdfdfb07a7" />
      <TestMethod codeBase="/srv/hermes_agent/home/workspace/Repo/LayaDotNetPoc/tests/Laya.Core.Tests/bin/Debug/net8.0/Laya.Core.Tests.dll" adapterTypeName="executor://xunit/VsTestRunner3/netcore/" className="Laya.Core.Tests.Parity.LayaParityToleranceTests" name="Validate_RequiresInvestigationForExplicitRelaxation" />
    </UnitTest>
    <UnitTest name="Laya.Core.Tests.Evaluation.Phase2HeldOutReportWriterTests.WriteRun_WithFixedPolicy_LeavesGridNullAndPersistsCandidateIdentity" storage="/srv/hermes_agent/home/workspace/repo/layadotnetpoc/tests/laya.core.tests/bin/debug/net8.0/laya.core.tests.dll" id="8bd05023-d89f-7c9b-676d-b318e84ead1c">
      <Execution id="6f15d546-6535-4371-8e1f-f95485fd29c9" />
      <TestMethod codeBase="/srv/hermes_agent/home/workspace/Repo/LayaDotNetPoc/tests/Laya.Core.Tests/bin/Debug/net8.0/Laya.Core.Tests.dll" adapterTypeName="executor://xunit/VsTestRunner3/netcore/" className="Laya.Core.Tests.Evaluation.Phase2HeldOutReportWriterTests" name="WriteRun_WithFixedPolicy_LeavesGridNullAndPersistsCandidateIdentity" />
    </UnitTest>
    <UnitTest name="Laya.Core.Tests.Configuration.LayaProfileResolverTests.Resolve_UsesExplicitRootBeforeOtherSources" storage="/srv/hermes_agent/home/workspace/repo/layadotnetpoc/tests/laya.core.tests/bin/debug/net8.0/laya.core.tests.dll" id="c9d3788f-0c97-6a68-18c7-0ea0f43edb65">
      <Execution id="4785b8c8-c55f-449a-bb95-dba5ce33bb98" />
      <TestMethod codeBase="/srv/hermes_agent/home/workspace/Repo/LayaDotNetPoc/tests/Laya.Core.Tests/bin/Debug/net8.0/Laya.Core.Tests.dll" adapterTypeName="executor://xunit/VsTestRunner3/netcore/" className="Laya.Core.Tests.Configuration.LayaProfileResolverTests" name="Resolve_UsesExplicitRootBeforeOtherSources" />
    </UnitTest>
    <UnitTest name="Laya.Core.Tests.PostProcessing.LayaCalibrationTests.Softmax_ReturnsNormalizedDistribution" storage="/srv/hermes_agent/home/workspace/repo/layadotnetpoc/tests/laya.core.tests/bin/debug/net8.0/laya.core.tests.dll" id="560fdb82-d999-7407-aace-3aa04be69bbb">
      <Execution id="f4d02d34-63c2-41b5-b4fd-6c585334924c" />
      <TestMethod codeBase="/srv/hermes_agent/home/workspace/Repo/LayaDotNetPoc/tests/Laya.Core.Tests/bin/Debug/net8.0/Laya.Core.Tests.dll" adapterTypeName="executor://xunit/VsTestRunner3/netcore/" className="Laya.Core.Tests.PostProcessing.LayaCalibrationTests" name="Softmax_ReturnsNormalizedDistribution" />
    </UnitTest>
    <UnitTest name="Laya.Core.Tests.Configuration.LayaProfileResolverTests.Resolve_RejectsExistingMultilingualRootWithoutManifest" storage="/srv/hermes_agent/home/workspace/repo/layadotnetpoc/tests/laya.core.tests/bin/debug/net8.0/laya.core.tests.dll" id="83984e42-069b-0633-a886-ad7e333ad833">
      <Execution id="0c25110f-e33a-4055-8410-5a41b09bb59d" />
      <TestMethod codeBase="/srv/hermes_agent/home/workspace/Repo/LayaDotNetPoc/tests/Laya.Core.Tests/bin/Debug/net8.0/Laya.Core.Tests.dll" adapterTypeName="executor://xunit/VsTestRunner3/netcore/" className="Laya.Core.Tests.Configuration.LayaProfileResolverTests" name="Resolve_RejectsExistingMultilingualRootWithoutManifest" />
    </UnitTest>
    <UnitTest name="Laya.Core.Tests.Evaluation.LayaCalibrationAnalyzerTests.Analyze_ReturnsNaForEmptyInput" storage="/srv/hermes_agent/home/workspace/repo/layadotnetpoc/tests/laya.core.tests/bin/debug/net8.0/laya.core.tests.dll" id="e5375872-944b-99e5-0ac3-f53e57498348">
      <Execution id="c416f9a5-3b07-44d9-a893-5896ea15f44a" />
      <TestMethod codeBase="/srv/hermes_agent/home/workspace/Repo/LayaDotNetPoc/tests/Laya.Core.Tests/bin/Debug/net8.0/Laya.Core.Tests.dll" adapterTypeName="executor://xunit/VsTestRunner3/netcore/" className="Laya.Core.Tests.Evaluation.LayaCalibrationAnalyzerTests" name="Analyze_ReturnsNaForEmptyInput" />
    </UnitTest>
    <UnitTest name="Laya.Core.Tests.Configuration.LayaModelConfigTests.GetTemperature_RejectsUnknownQuestionType" storage="/srv/hermes_agent/home/workspace/repo/layadotnetpoc/tests/laya.core.tests/bin/debug/net8.0/laya.core.tests.dll" id="e496713b-5113-b43c-c5e2-e05c8650dfe0">
      <Execution id="00f255c0-53ca-4513-834a-6b1f89c0c9c4" />
      <TestMethod codeBase="/srv/hermes_agent/home/workspace/Repo/LayaDotNetPoc/tests/Laya.Core.Tests/bin/Debug/net8.0/Laya.Core.Tests.dll" adapterTypeName="executor://xunit/VsTestRunner3/netcore/" className="Laya.Core.Tests.Configuration.LayaModelConfigTests" name="GetTemperature_RejectsUnknownQuestionType" />
    </UnitTest>
    <UnitTest name="Laya.Core.Tests.Serialization.LayaStateSerializerTests.Serialize_RejectsNonFiniteNumbers(value: ∞)" storage="/srv/hermes_agent/home/workspace/repo/layadotnetpoc/tests/laya.core.tests/bin/debug/net8.0/laya.core.tests.dll" id="1211b0ea-e85f-18df-b362-5e9d7974abd6">
      <Execution id="b63e82c3-768a-42c4-ab1f-deece59ac6aa" />
      <TestMethod codeBase="/srv/hermes_agent/home/workspace/Repo/LayaDotNetPoc/tests/Laya.Core.Tests/bin/Debug/net8.0/Laya.Core.Tests.dll" adapterTypeName="executor://xunit/VsTestRunner3/netcore/" className="Laya.Core.Tests.Serialization.LayaStateSerializerTests" name="Serialize_RejectsNonFiniteNumbers" />
    </UnitTest>
    <UnitTest name="Laya.Core.Tests.Evaluation.Phase2ReportWriterTests.WriteRun_PersistsRecomputableRawArtifacts" storage="/srv/hermes_agent/home/workspace/repo/layadotnetpoc/tests/laya.core.tests/bin/debug/net8.0/laya.core.tests.dll" id="92602ff1-e2fd-f84c-9ef5-2cc70663d8bd">
      <Execution id="88a5b245-a351-49e1-a04a-b722296c781c" />
      <TestMethod codeBase="/srv/hermes_agent/home/workspace/Repo/LayaDotNetPoc/tests/Laya.Core.Tests/bin/Debug/net8.0/Laya.Core.Tests.dll" adapterTypeName="executor://xunit/VsTestRunner3/netcore/" className="Laya.Core.Tests.Evaluation.Phase2ReportWriterTests" name="WriteRun_PersistsRecomputableRawArtifacts" />
    </UnitTest>
    <UnitTest name="Laya.Core.Tests.Evaluation.Phase2DatasetManifestTests.Manifest_MatchesRepositoryDatasetAndHasUniqueGroupSplit" storage="/srv/hermes_agent/home/workspace/repo/layadotnetpoc/tests/laya.core.tests/bin/debug/net8.0/laya.core.tests.dll" id="e26c0407-df1d-2658-2516-8ba215ea9859">
      <Execution id="41c93557-7d06-43bc-87f0-95cac469e6ca" />
      <TestMethod codeBase="/srv/hermes_agent/home/workspace/Repo/LayaDotNetPoc/tests/Laya.Core.Tests/bin/Debug/net8.0/Laya.Core.Tests.dll" adapterTypeName="executor://xunit/VsTestRunner3/netcore/" className="Laya.Core.Tests.Evaluation.Phase2DatasetManifestTests" name="Manifest_MatchesRepositoryDatasetAndHasUniqueGroupSplit" />
    </UnitTest>
    <UnitTest name="Laya.Core.Tests.Evaluation.LayaTransactionRequestFactoryTests.CreateRequest_AllowsOnlyBoundedPromptVariants" storage="/srv/hermes_agent/home/workspace/repo/layadotnetpoc/tests/laya.core.tests/bin/debug/net8.0/laya.core.tests.dll" id="2f97a60d-87bd-9eba-268d-e2c3e2febdf4">
      <Execution id="a904c317-a52a-4e1a-b70e-3cc700f5a7d6" />
      <TestMethod codeBase="/srv/hermes_agent/home/workspace/Repo/LayaDotNetPoc/tests/Laya.Core.Tests/bin/Debug/net8.0/Laya.Core.Tests.dll" adapterTypeName="executor://xunit/VsTestRunner3/netcore/" className="Laya.Core.Tests.Evaluation.LayaTransactionRequestFactoryTests" name="CreateRequest_AllowsOnlyBoundedPromptVariants" />
    </UnitTest>
    <UnitTest name="Laya.Core.Tests.Serialization.LayaStateSerializerTests.Serialize_StringReturnsOriginalText" storage="/srv/hermes_agent/home/workspace/repo/layadotnetpoc/tests/laya.core.tests/bin/debug/net8.0/laya.core.tests.dll" id="5073e2ac-4ab2-6733-872f-097e0477e23b">
      <Execution id="6147d1a9-aee3-4612-9154-a785133465fa" />
      <TestMethod codeBase="/srv/hermes_agent/home/workspace/Repo/LayaDotNetPoc/tests/Laya.Core.Tests/bin/Debug/net8.0/Laya.Core.Tests.dll" adapterTypeName="executor://xunit/VsTestRunner3/netcore/" className="Laya.Core.Tests.Serialization.LayaStateSerializerTests" name="Serialize_StringReturnsOriginalText" />
    </UnitTest>
    <UnitTest name="Laya.Core.Tests.Evaluation.LayaPhase2RunComparerTests.Compare_AllowsDifferentModelsAndKeepsCommonSuccesses" storage="/srv/hermes_agent/home/workspace/repo/layadotnetpoc/tests/laya.core.tests/bin/debug/net8.0/laya.core.tests.dll" id="7429706b-df14-299a-6381-92bdfab5d429">
      <Execution id="733e4db5-0dab-44b6-bb71-54c4ff5bc07d" />
      <TestMethod codeBase="/srv/hermes_agent/home/workspace/Repo/LayaDotNetPoc/tests/Laya.Core.Tests/bin/Debug/net8.0/Laya.Core.Tests.dll" adapterTypeName="executor://xunit/VsTestRunner3/netcore/" className="Laya.Core.Tests.Evaluation.LayaPhase2RunComparerTests" name="Compare_AllowsDifferentModelsAndKeepsCommonSuccesses" />
    </UnitTest>
    <UnitTest name="Laya.Core.Tests.Parity.LayaParityToleranceTests.CompareProbability_RejectsNumericMismatchDespiteSameAnswer" storage="/srv/hermes_agent/home/workspace/repo/layadotnetpoc/tests/laya.core.tests/bin/debug/net8.0/laya.core.tests.dll" id="7b14ff67-d06c-8f02-21c9-4b831a50d396">
      <Execution id="340782eb-90da-4177-9269-d78f55df41d5" />
      <TestMethod codeBase="/srv/hermes_agent/home/workspace/Repo/LayaDotNetPoc/tests/Laya.Core.Tests/bin/Debug/net8.0/Laya.Core.Tests.dll" adapterTypeName="executor://xunit/VsTestRunner3/netcore/" className="Laya.Core.Tests.Parity.LayaParityToleranceTests" name="CompareProbability_RejectsNumericMismatchDespiteSameAnswer" />
    </UnitTest>
    <UnitTest name="Laya.Core.Tests.PostProcessing.LayaCalibrationTests.Softmax_RejectsInvalidTemperature(temperature: -1)" storage="/srv/hermes_agent/home/workspace/repo/layadotnetpoc/tests/laya.core.tests/bin/debug/net8.0/laya.core.tests.dll" id="35af24f0-fdec-0311-f988-ec181b7c8ec5">
      <Execution id="01417b80-44fb-4ce0-8188-d9be30d70757" />
      <TestMethod codeBase="/srv/hermes_agent/home/workspace/Repo/LayaDotNetPoc/tests/Laya.Core.Tests/bin/Debug/net8.0/Laya.Core.Tests.dll" adapterTypeName="executor://xunit/VsTestRunner3/netcore/" className="Laya.Core.Tests.PostProcessing.LayaCalibrationTests" name="Softmax_RejectsInvalidTemperature" />
    </UnitTest>
    <UnitTest name="Laya.Core.Tests.PostProcessing.LayaCalibrationTests.Softmax_RejectsNonFiniteLogit" storage="/srv/hermes_agent/home/workspace/repo/layadotnetpoc/tests/laya.core.tests/bin/debug/net8.0/laya.core.tests.dll" id="22c887c8-f2b3-52d6-ad8f-9fdd08cfdd1f">
      <Execution id="30e07e2f-5e61-47a7-9636-0a28ec485c55" />
      <TestMethod codeBase="/srv/hermes_agent/home/workspace/Repo/LayaDotNetPoc/tests/Laya.Core.Tests/bin/Debug/net8.0/Laya.Core.Tests.dll" adapterTypeName="executor://xunit/VsTestRunner3/netcore/" className="Laya.Core.Tests.PostProcessing.LayaCalibrationTests" name="Softmax_RejectsNonFiniteLogit" />
    </UnitTest>
    <UnitTest name="Laya.Core.Tests.PostProcessing.LayaCalibrationTests.Softmax_IsStableForExtremeFiniteLogits" storage="/srv/hermes_agent/home/workspace/repo/layadotnetpoc/tests/laya.core.tests/bin/debug/net8.0/laya.core.tests.dll" id="ae35ba37-f0fb-1b64-64c6-68ec18ac4506">
      <Execution id="05f6da0b-eb39-4382-a932-aec0ff2280e2" />
      <TestMethod codeBase="/srv/hermes_agent/home/workspace/Repo/LayaDotNetPoc/tests/Laya.Core.Tests/bin/Debug/net8.0/Laya.Core.Tests.dll" adapterTypeName="executor://xunit/VsTestRunner3/netcore/" className="Laya.Core.Tests.PostProcessing.LayaCalibrationTests" name="Softmax_IsStableForExtremeFiniteLogits" />
    </UnitTest>
    <UnitTest name="Laya.Core.Tests.Evaluation.LayaPhase2RunComparerTests.Compare_MismatchedContract_IsRejected(mismatch: &quot;dataset&quot;)" storage="/srv/hermes_agent/home/workspace/repo/layadotnetpoc/tests/laya.core.tests/bin/debug/net8.0/laya.core.tests.dll" id="8aad2d6a-11f9-ac95-72b6-5ec69c88ec9f">
      <Execution id="3266611d-3e59-4fc8-aa1f-74bba26865b6" />
      <TestMethod codeBase="/srv/hermes_agent/home/workspace/Repo/LayaDotNetPoc/tests/Laya.Core.Tests/bin/Debug/net8.0/Laya.Core.Tests.dll" adapterTypeName="executor://xunit/VsTestRunner3/netcore/" className="Laya.Core.Tests.Evaluation.LayaPhase2RunComparerTests" name="Compare_MismatchedContract_IsRejected" />
    </UnitTest>
    <UnitTest name="Laya.Core.Tests.Evaluation.LayaPhase2RunComparerTests.Compare_MismatchedContract_IsRejected(mismatch: &quot;prompt&quot;)" storage="/srv/hermes_agent/home/workspace/repo/layadotnetpoc/tests/laya.core.tests/bin/debug/net8.0/laya.core.tests.dll" id="0ab55ba8-b622-9b89-5fa6-c55edeeed3e7">
      <Execution id="ddf64c83-1b53-4abb-b1af-2017f2882650" />
      <TestMethod codeBase="/srv/hermes_agent/home/workspace/Repo/LayaDotNetPoc/tests/Laya.Core.Tests/bin/Debug/net8.0/Laya.Core.Tests.dll" adapterTypeName="executor://xunit/VsTestRunner3/netcore/" className="Laya.Core.Tests.Evaluation.LayaPhase2RunComparerTests" name="Compare_MismatchedContract_IsRejected" />
    </UnitTest>
    <UnitTest name="Laya.Core.Tests.Configuration.LayaProfileResolverTests.Resolve_DerivesIdentityFromNestedV2Manifest" storage="/srv/hermes_agent/home/workspace/repo/layadotnetpoc/tests/laya.core.tests/bin/debug/net8.0/laya.core.tests.dll" id="2e5836e3-bab2-ade5-5195-350cafad28fc">
      <Execution id="af696ce6-e51d-4561-b387-e079ea67bd68" />
      <TestMethod codeBase="/srv/hermes_agent/home/workspace/Repo/LayaDotNetPoc/tests/Laya.Core.Tests/bin/Debug/net8.0/Laya.Core.Tests.dll" adapterTypeName="executor://xunit/VsTestRunner3/netcore/" className="Laya.Core.Tests.Configuration.LayaProfileResolverTests" name="Resolve_DerivesIdentityFromNestedV2Manifest" />
    </UnitTest>
    <UnitTest name="Laya.Core.Tests.PostProcessing.LayaCalibrationTests.Softmax_EqualLogitsAreUniform" storage="/srv/hermes_agent/home/workspace/repo/layadotnetpoc/tests/laya.core.tests/bin/debug/net8.0/laya.core.tests.dll" id="7a50c48f-89d3-aacc-9004-321d896236ec">
      <Execution id="c728b187-c144-4d93-886c-6c3fe4a955c0" />
      <TestMethod codeBase="/srv/hermes_agent/home/workspace/Repo/LayaDotNetPoc/tests/Laya.Core.Tests/bin/Debug/net8.0/Laya.Core.Tests.dll" adapterTypeName="executor://xunit/VsTestRunner3/netcore/" className="Laya.Core.Tests.PostProcessing.LayaCalibrationTests" name="Softmax_EqualLogitsAreUniform" />
    </UnitTest>
[...]
      <Execution id="844b9680-2940-49b0-ae8f-542464174843" />
      <TestMethod codeBase="/srv/hermes_agent/home/workspace/Repo/LayaDotNetPoc/tests/Laya.Core.Tests/bin/Debug/net8.0/Laya.Core.Tests.dll" adapterTypeName="executor://xunit/VsTestRunner3/netcore/" className="Laya.Core.Tests.Configuration.LayaProfileResolverTests" name="Resolve_ResolvesRelativeConfiguredRootAgainstWorkingDirectory" />
    </UnitTest>
    <UnitTest name="Laya.Core.Tests.Serialization.LayaStateSerializerTests.Serialize_NumbersUseInvariantCulture" storage="/srv/hermes_agent/home/workspace/repo/layadotnetpoc/tests/laya.core.tests/bin/debug/net8.0/laya.core.tests.dll" id="3625730f-ff79-0abf-6c56-e32b3721e905">
      <Execution id="81827591-c543-49e1-a6f2-859e7b4f9a25" />
      <TestMethod codeBase="/srv/hermes_agent/home/workspace/Repo/LayaDotNetPoc/tests/Laya.Core.Tests/bin/Debug/net8.0/Laya.Core.Tests.dll" adapterTypeName="executor://xunit/VsTestRunner3/netcore/" className="Laya.Core.Tests.Serialization.LayaStateSerializerTests" name="Serialize_NumbersUseInvariantCulture" />
    </UnitTest>
    <UnitTest name="Laya.Core.Tests.Configuration.LayaProfileResolverTests.Resolve_RejectsMismatchedRootManifestIdentity" storage="/srv/hermes_agent/home/workspace/repo/layadotnetpoc/tests/laya.core.tests/bin/debug/net8.0/laya.core.tests.dll" id="77a60c11-eb59-55d7-9ff4-6e48f38caf02">
      <Execution id="38e25ec3-0ce9-4911-820d-a2195b367c2c" />
      <TestMethod codeBase="/srv/hermes_agent/home/workspace/Repo/LayaDotNetPoc/tests/Laya.Core.Tests/bin/Debug/net8.0/Laya.Core.Tests.dll" adapterTypeName="executor://xunit/VsTestRunner3/netcore/" className="Laya.Core.Tests.Configuration.LayaProfileResolverTests" name="Resolve_RejectsMismatchedRootManifestIdentity" />
    </UnitTest>
    <UnitTest name="Laya.Core.Tests.Parity.LayaParityToleranceTests.CompareProbability_RejectsNonFiniteValues(actual: -∞)" storage="/srv/hermes_agent/home/workspace/repo/layadotnetpoc/tests/laya.core.tests/bin/debug/net8.0/laya.core.tests.dll" id="7253decf-b393-d62d-07dd-bdeacbe0c967">
      <Execution id="d1290d7e-3c13-4293-ac68-491267e615d1" />
      <TestMethod codeBase="/srv/hermes_agent/home/workspace/Repo/LayaDotNetPoc/tests/Laya.Core.Tests/bin/Debug/net8.0/Laya.Core.Tests.dll" adapterTypeName="executor://xunit/VsTestRunner3/netcore/" className="Laya.Core.Tests.Parity.LayaParityToleranceTests" name="CompareProbability_RejectsNonFiniteValues" />
    </UnitTest>
    <UnitTest name="Laya.Core.Tests.Configuration.LayaProfileResolverTests.Resolve_RejectsInvalidProfile(profile: null, configuredProfile: &quot;&quot;)" storage="/srv/hermes_agent/home/workspace/repo/layadotnetpoc/tests/laya.core.tests/bin/debug/net8.0/laya.core.tests.dll" id="d238a054-04c5-92ab-a6de-64287417e6a0">
      <Execution id="b89ee869-a484-4d61-ad9a-f5bef70c4cd1" />
      <TestMethod codeBase="/srv/hermes_agent/home/workspace/Repo/LayaDotNetPoc/tests/Laya.Core.Tests/bin/Debug/net8.0/Laya.Core.Tests.dll" adapterTypeName="executor://xunit/VsTestRunner3/netcore/" className="Laya.Core.Tests.Configuration.LayaProfileResolverTests" name="Resolve_RejectsInvalidProfile" />
    </UnitTest>
    <UnitTest name="Laya.Core.Tests.Evaluation.LayaPolicyEvaluatorTests.EvaluateGrid_ProducesAllThresholdPairsAndUsesAndCondition" storage="/srv/hermes_agent/home/workspace/repo/layadotnetpoc/tests/laya.core.tests/bin/debug/net8.0/laya.core.tests.dll" id="7a552f15-70cd-4a0c-5ae9-6c31065018ec">
      <Execution id="812f6833-0e92-46ce-a127-6fcc12fabb69" />
      <TestMethod codeBase="/srv/hermes_agent/home/workspace/Repo/LayaDotNetPoc/tests/Laya.Core.Tests/bin/Debug/net8.0/Laya.Core.Tests.dll" adapterTypeName="executor://xunit/VsTestRunner3/netcore/" className="Laya.Core.Tests.Evaluation.LayaPolicyEvaluatorTests" name="EvaluateGrid_ProducesAllThresholdPairsAndUsesAndCondition" />
    </UnitTest>
    <UnitTest name="Laya.Core.Tests.Evaluation.LayaConfidencePolicyTests.Classify_UsesDocumentedBoundaries(probability: 0.90000000000000002, margin: 0.19, expected: Review)" storage="/srv/hermes_agent/home/workspace/repo/layadotnetpoc/tests/laya.core.tests/bin/debug/net8.0/laya.core.tests.dll" id="f76dde54-b1c1-4b55-6051-71752aba5a2a">
      <Execution id="a12ebe4b-61cf-4e76-aeea-d57ebdb8cc23" />
      <TestMethod codeBase="/srv/hermes_agent/home/workspace/Repo/LayaDotNetPoc/tests/Laya.Core.Tests/bin/Debug/net8.0/Laya.Core.Tests.dll" adapterTypeName="executor://xunit/VsTestRunner3/netcore/" className="Laya.Core.Tests.Evaluation.LayaConfidencePolicyTests" name="Classify_UsesDocumentedBoundaries" />
    </UnitTest>
    <UnitTest name="Laya.Core.Tests.Evaluation.LayaNoulAnalyzerTests.Analyze_ReportsFiveBucketsAndCorrectWrongMeans" storage="/srv/hermes_agent/home/workspace/repo/layadotnetpoc/tests/laya.core.tests/bin/debug/net8.0/laya.core.tests.dll" id="a982a7f3-557e-7a55-6f49-6e8a03da6bf8">
      <Execution id="76fa9af4-eb01-47a7-bfed-54f16f70643f" />
      <TestMethod codeBase="/srv/hermes_agent/home/workspace/Repo/LayaDotNetPoc/tests/Laya.Core.Tests/bin/Debug/net8.0/Laya.Core.Tests.dll" adapterTypeName="executor://xunit/VsTestRunner3/netcore/" className="Laya.Core.Tests.Evaluation.LayaNoulAnalyzerTests" name="Analyze_ReportsFiveBucketsAndCorrectWrongMeans" />
    </UnitTest>
    <UnitTest name="Laya.Core.Tests.Evaluation.LayaPolicyEvaluatorTests.Classify_UsesExplicitPolicyAndRequiresBothAutoThresholds" storage="/srv/hermes_agent/home/workspace/repo/layadotnetpoc/tests/laya.core.tests/bin/debug/net8.0/laya.core.tests.dll" id="29b3ac31-720d-caad-df3a-daadc0fdd8f8">
      <Execution id="07eeef2b-2a05-4eec-b093-ef6fdde27afd" />
      <TestMethod codeBase="/srv/hermes_agent/home/workspace/Repo/LayaDotNetPoc/tests/Laya.Core.Tests/bin/Debug/net8.0/Laya.Core.Tests.dll" adapterTypeName="executor://xunit/VsTestRunner3/netcore/" className="Laya.Core.Tests.Evaluation.LayaPolicyEvaluatorTests" name="Classify_UsesExplicitPolicyAndRequiresBothAutoThresholds" />
    </UnitTest>
    <UnitTest name="Laya.Core.Tests.Serialization.LayaStateSerializerTests.Serialize_RejectsNonFiniteNumbers(value: 非數值)" storage="/srv/hermes_agent/home/workspace/repo/layadotnetpoc/tests/laya.core.tests/bin/debug/net8.0/laya.core.tests.dll" id="b54e6c8f-b2b9-a209-0997-302277324d37">
      <Execution id="31aec60c-ba5d-42b5-a35e-73ab0caf2760" />
      <TestMethod codeBase="/srv/hermes_agent/home/workspace/Repo/LayaDotNetPoc/tests/Laya.Core.Tests/bin/Debug/net8.0/Laya.Core.Tests.dll" adapterTypeName="executor://xunit/VsTestRunner3/netcore/" className="Laya.Core.Tests.Serialization.LayaStateSerializerTests" name="Serialize_RejectsNonFiniteNumbers" />
    </UnitTest>
  </TestDefinitions>
  <TestEntries>
    <TestEntry testId="2e5836e3-bab2-ade5-5195-350cafad28fc" executionId="af696ce6-e51d-4561-b387-e079ea67bd68" testListId="8c84fa94-04c1-424b-9868-57a2d4851a1d" />
    <TestEntry testId="bf9d5322-648a-7b7d-41e3-8346bbec88a6" executionId="3bd6e52b-891f-424f-a5dc-834785bec3fe" testListId="8c84fa94-04c1-424b-9868-57a2d4851a1d" />
    <TestEntry testId="e496713b-5113-b43c-c5e2-e05c8650dfe0" executionId="00f255c0-53ca-4513-834a-6b1f89c0c9c4" testListId="8c84fa94-04c1-424b-9868-57a2d4851a1d" />
    <TestEntry testId="bf8de1ec-04b6-1fc0-bc2c-01aff8c9fcdc" executionId="207760b4-d578-4806-a9a1-64f99fe913da" testListId="8c84fa94-04c1-424b-9868-57a2d4851a1d" />
    <TestEntry testId="8aad2d6a-11f9-ac95-72b6-5ec69c88ec9f" executionId="3266611d-3e59-4fc8-aa1f-74bba26865b6" testListId="8c84fa94-04c1-424b-9868-57a2d4851a1d" />
    <TestEntry testId="26979fc2-a61b-8d02-00e8-cc23ca3321f2" executionId="95128cfe-37f3-44e6-9bf8-bf922ca7648c" testListId="8c84fa94-04c1-424b-9868-57a2d4851a1d" />
    <TestEntry testId="97180225-d06c-b7bb-d520-1b6ca251531b" executionId="848cc908-12eb-418f-afa2-bf9c55361ce1" testListId="8c84fa94-04c1-424b-9868-57a2d4851a1d" />
    <TestEntry testId="77a60c11-eb59-55d7-9ff4-6e48f38caf02" executionId="38e25ec3-0ce9-4911-820d-a2195b367c2c" testListId="8c84fa94-04c1-424b-9868-57a2d4851a1d" />
    <TestEntry testId="d9578438-6519-9dd9-4973-ffb473cf88e4" executionId="3146d4c0-31dc-4ba2-a5c2-bf5f842692c9" testListId="8c84fa94-04c1-424b-9868-57a2d4851a1d" />
    <TestEntry testId="3c1ff89b-8d36-49cf-9da4-94e679d4b356" executionId="84761029-a9da-47e7-9aa9-c0c3ce8d916c" testListId="8c84fa94-04c1-424b-9868-57a2d4851a1d" />
    <TestEntry testId="5cd56f3c-9f48-cd5a-9e00-728f31a273ce" executionId="5e33a1c2-a53a-4e84-9e31-5fa87bd7383d" testListId="8c84fa94-04c1-424b-9868-57a2d4851a1d" />
    <TestEntry testId="9cd5f8da-28ad-2b2a-7e3a-b9e8917bf925" executionId="3a5c82f9-25af-4acd-8bf2-918eefc7d907" testListId="8c84fa94-04c1-424b-9868-57a2d4851a1d" />
    <TestEntry testId="8bd05023-d89f-7c9b-676d-b318e84ead1c" executionId="6f15d546-6535-4371-8e1f-f95485fd29c9" testListId="8c84fa94-04c1-424b-9868-57a2d4851a1d" />
    <TestEntry testId="7883811d-1533-235e-9f82-ae1abc800254" executionId="844b9680-2940-49b0-ae8f-542464174843" testListId="8c84fa94-04c1-424b-9868-57a2d4851a1d" />
    <TestEntry testId="5893dbdb-c8ab-e857-ed8a-a2b8c09ce485" executionId="c9ffbe4e-4e2c-44e3-9765-be16689ea951" testListId="8c84fa94-04c1-424b-9868-57a2d4851a1d" />
    <TestEntry testId="d765ecb7-a63a-b595-4998-75bdaea78c02" executionId="e5af285c-db2e-4750-b301-33b29827ea67" testListId="8c84fa94-04c1-424b-9868-57a2d4851a1d" />
    <TestEntry testId="22c887c8-f2b3-52d6-ad8f-9fdd08cfdd1f" executionId="30e07e2f-5e61-47a7-9636-0a28ec485c55" testListId="8c84fa94-04c1-424b-9868-57a2d4851a1d" />
    <TestEntry testId="f937e294-b2b8-7c76-aae9-605d55a27486" executionId="7fd377df-adc1-4fa1-bc8c-b2310be1b155" testListId="8c84fa94-04c1-424b-9868-57a2d4851a1d" />
    <TestEntry testId="29b3ac31-720d-caad-df3a-daadc0fdd8f8" executionId="07eeef2b-2a05-4eec-b093-ef6fdde27afd" testListId="8c84fa94-04c1-424b-9868-57a2d4851a1d" />
    <TestEntry testId="1211b0ea-e85f-18df-b362-5e9d7974abd6" executionId="b63e82c3-768a-42c4-ab1f-deece59ac6aa" testListId="8c84fa94-04c1-424b-9868-57a2d4851a1d" />
    <TestEntry testId="560fdb82-d999-7407-aace-3aa04be69bbb" executionId="f4d02d34-63c2-41b5-b4fd-6c585334924c" testListId="8c84fa94-04c1-424b-9868-57a2d4851a1d" />
    <TestEntry testId="89d27819-eb28-5c0a-6bbb-c794a255ec9e" executionId="3077b35e-542e-4716-b2bc-7dcce566e3a1" testListId="8c84fa94-04c1-424b-9868-57a2d4851a1d" />
    <TestEntry testId="d238a054-04c5-92ab-a6de-64287417e6a0" executionId="b89ee869-a484-4d61-ad9a-f5bef70c4cd1" testListId="8c84fa94-04c1-424b-9868-57a2d4851a1d" />
    <TestEntry testId="682b5c9c-f4fb-8db2-a4a0-df1d1e024f74" executionId="06720899-2e2e-4a7f-961d-2e1281f485b7" testListId="8c84fa94-04c1-424b-9868-57a2d4851a1d" />
    <TestEntry testId="721ed0e1-a460-ed90-5e80-849ecd227c32" executionId="39aa5fd4-6915-495f-b9a0-fc073a9418a5" testListId="8c84fa94-04c1-424b-9868-57a2d4851a1d" />
    <TestEntry testId="35af24f0-fdec-0311-f988-ec181b7c8ec5" executionId="01417b80-44fb-4ce0-8188-d9be30d70757" testListId="8c84fa94-04c1-424b-9868-57a2d4851a1d" />
    <TestEntry testId="fd3278fc-9688-b0f4-9ed9-1d9fd40b5587" executionId="73c06f70-3780-4102-981c-b1be8eb26bc4" testListId="8c84fa94-04c1-424b-9868-57a2d4851a1d" />
    <TestEntry testId="63352fb3-766f-4047-3170-f13c2821f23c" executionId="3b103f1c-4789-4245-8151-d8bdfdfb07a7" testListId="8c84fa94-04c1-424b-9868-57a2d4851a1d" />
    <TestEntry testId="92602ff1-e2fd-f84c-9ef5-2cc70663d8bd" executionId="88a5b245-a351-49e1-a04a-b722296c781c" testListId="8c84fa94-04c1-424b-9868-57a2d4851a1d" />
    <TestEntry testId="7f2ac123-a212-8890-1180-b177849892ae" executionId="e702ea17-efc8-41bc-b0ee-01461ebcadbf" testListId="8c84fa94-04c1-424b-9868-57a2d4851a1d" />
    <TestEntry testId="3625730f-ff79-0abf-6c56-e32b3721e905" executionId="81827591-c543-49e1-a6f2-859e7b4f9a25" testListId="8c84fa94-04c1-424b-9868-57a2d4851a1d" />
    <TestEntry testId="4a3ae34e-3f38-1aa8-57a8-99156a8c8cad" executionId="d5c0c432-a460-4104-979b-b6256931e3d4" testListId="8c84fa94-04c1-424b-9868-57a2d4851a1d" />
    <TestEntry testId="5f240c42-966f-7fda-6b54-e01c1e2b6ca7" executionId="c48ff9a7-56f9-408c-bf7b-6edd34624512" testListId="8c84fa94-04c1-424b-9868-57a2d4851a1d" />
    <TestEntry testId="a9b13a74-2262-2274-8fd1-edb6edd2b8e9" executionId="b5aa84ff-fc9d-4bef-aaf5-0bbec0b32c2d" testListId="8c84fa94-04c1-424b-9868-57a2d4851a1d" />
    <TestEntry testId="5073e2ac-4ab2-6733-872f-097e0477e23b" executionId="6147d1a9-aee3-4612-9154-a785133465fa" testListId="8c84fa94-04c1-424b-9868-57a2d4851a1d" />
    <TestEntry testId="8427ac69-13e6-b60b-a571-e3ffea2e4051" executionId="43ac37f2-8c70-4129-8d14-fb2fd7b95664" testListId="8c84fa94-04c1-424b-9868-57a2d4851a1d" />
    <TestEntry testId="0ab55ba8-b622-9b89-5fa6-c55edeeed3e7" executionId="ddf64c83-1b53-4abb-b1af-2017f2882650" testListId="8c84fa94-04c1-424b-9868-57a2d4851a1d" />
    <TestEntry testId="7dd383ee-e171-d208-487c-26b5699276b8" executionId="4d72cffc-08fa-4ac7-8aba-5ecdab8dd358" testListId="8c84fa94-04c1-424b-9868-57a2d4851a1d" />
    <TestEntry testId="f76dde54-b1c1-4b55-6051-71752aba5a2a" executionId="a12ebe4b-61cf-4e76-aeea-d57ebdb8cc23" testListId="8c84fa94-04c1-424b-9868-57a2d4851a1d" />
    <TestEntry testId="a5dc8673-0fb2-0a09-bd3d-45dc5791632a" executionId="645f6733-d5cd-4ad9-ac5f-9c407f42f183" testListId="8c84fa94-04c1-424b-9868-57a2d4851a1d" />
    <TestEntry testId="c385fd58-2b7f-0d8e-1b9c-fb2981f72941" executionId="8fb95993-2c2f-4acb-9f15-b6cb24b401fe" testListId="8c84fa94-04c1-424b-9868-57a2d4851a1d" />
    <TestEntry testId="0eb4719f-4ed7-c6d1-781b-281b9dc9d7e7" executionId="89ee962e-3371-48ff-9ce3-49e5bf01814b" testListId="8c84fa94-04c1-424b-9868-57a2d4851a1d" />
    <TestEntry testId="4c1469ce-9ded-7d54-3770-88f4e833bb94" executionId="fb89b512-5709-43ec-a42d-8320e7ed75cf" testListId="8c84fa94-04c1-424b-9868-57a2d4851a1d" />
    <TestEntry testId="b54e6c8f-b2b9-a209-0997-302277324d37" executionId="31aec60c-ba5d-42b5-a35e-73ab0caf2760" testListId="8c84fa94-04c1-424b-9868-57a2d4851a1d" />
    <TestEntry testId="7b14ff67-d06c-8f02-21c9-4b831a50d396" executionId="340782eb-90da-4177-9269-d78f55df41d5" testListId="8c84fa94-04c1-424b-9868-57a2d4851a1d" />
    <TestEntry testId="83984e42-069b-0633-a886-ad7e333ad833" executionId="0c25110f-e33a-4055-8410-5a41b09bb59d" testListId="8c84fa94-04c1-424b-9868-57a2d4851a1d" />
    <TestEntry testId="60bff501-077b-9736-aa74-d32bd927d28a" executionId="bd2d8551-8e5d-4f2e-bffa-177aa601e78f" testListId="8c84fa94-04c1-424b-9868-57a2d4851a1d" />
    <TestEntry testId="13dfeb7e-0905-5d9c-8c6e-94594caaf9a4" executionId="509241bf-a1da-448e-8407-4fcb2fbedfe1" testListId="8c84fa94-04c1-424b-9868-57a2d4851a1d" />
    <TestEntry testId="39080e42-27e3-51b2-323e-addc884d80ef" executionId="a45855df-eda9-4722-848e-c77602254fff" testListId="8c84fa94-04c1-424b-9868-57a2d4851a1d" />
    <TestEntry testId="7a50c48f-89d3-aacc-9004-321d896236ec" executionId="c728b187-c144-4d93-886c-6c3fe4a955c0" testListId="8c84fa94-04c1-424b-9868-57a2d4851a1d" />
    <TestEntry testId="010f16f4-acc3-163a-6ab1-f62bc8f0c769" executionId="325262fe-f796-458e-aae6-8df90b25c6de" testListId="8c84fa94-04c1-424b-9868-57a2d4851a1d" />
    <TestEntry testId="1c8dff0b-8bdb-117b-8311-c9c50595362f" executionId="ba29a46a-363e-48e2-95c8-14ffb0fc514f" testListId="8c84fa94-04c1-424b-9868-57a2d4851a1d" />
    <TestEntry testId="e5311441-621b-1d15-b712-0e3642674e08" executionId="7a147ee3-c047-44a7-9472-6f04dfbe08a4" testListId="8c84fa94-04c1-424b-9868-57a2d4851a1d" />
    <TestEntry testId="7429706b-df14-299a-6381-92bdfab5d429" executionId="733e4db5-0dab-44b6-bb71-54c4ff5bc07d" testListId="8c84fa94-04c1-424b-9868-57a2d4851a1d" />
    <TestEntry testId="63aeaaae-d5fa-42d7-2eee-ad0b19731764" executionId="e7d0a683-7ff4-4fad-8a4d-a4e5421f34dc" testListId="8c84fa94-04c1-424b-9868-57a2d4851a1d" />
    <TestEntry testId="5d8bf1ea-f96f-5452-82be-f82920781ec5" executionId="b2397495-8826-473c-a653-797a7166e713" testListId="8c84fa94-04c1-424b-9868-57a2d4851a1d" />
    <TestEntry testId="b74ccaf3-73a9-2ce9-155f-5ef57434e7a1" executionId="baf3a60d-2151-4d0e-abb7-07fef26b0fa6" testListId="8c84fa94-04c1-424b-9868-57a2d4851a1d" />
    <TestEntry testId="8c1c0123-197b-b1a2-9728-4f4406314d9f" executionId="fd2d03cf-3964-437d-b599-6e75af850d49" testListId="8c84fa94-04c1-424b-9868-57a2d4851a1d" />
    <TestEntry testId="e26c0407-df1d-2658-2516-8ba215ea9859" executionId="41c93557-7d06-43bc-87f0-95cac469e6ca" testListId="8c84fa94-04c1-424b-9868-57a2d4851a1d" />
    <TestEntry testId="c4be771a-6fef-c57c-dd25-ee51fad7f1d9" executionId="b4f8ab9c-85e7-490d-9e02-420bed62ec52" testListId="8c84fa94-04c1-424b-9868-57a2d4851a1d" />
    <TestEntry testId="7253decf-b393-d62d-07dd-bdeacbe0c967" executionId="d1290d7e-3c13-4293-ac68-491267e615d1" testListId="8c84fa94-04c1-424b-9868-57a2d4851a1d" />
    <TestEntry testId="72c7208d-d18a-5814-cbb7-9cf9df1bb8ef" executionId="d1920479-5551-4889-9d86-e15282d3cbb2" testListId="8c84fa94-04c1-424b-9868-57a2d4851a1d" />
    <TestEntry testId="a982a7f3-557e-7a55-6f49-6e8a03da6bf8" executionId="76fa9af4-eb01-47a7-bfed-54f16f70643f" testListId="8c84fa94-04c1-424b-9868-57a2d4851a1d" />
    <TestEntry testId="f741a2d8-337a-654c-ea44-9e1f187188a9" executionId="9fd5db1b-17df-4e49-8530-76f00165749e" testListId="8c84fa94-04c1-424b-9868-57a2d4851a1d" />
    <TestEntry testId="509eb290-b2f9-f7e8-4dda-f2c728014b4b" executionId="a4cf3f8f-c7b0-45d7-95cd-3efb5f6c5ae7" testListId="8c84fa94-04c1-424b-9868-57a2d4851a1d" />
    <TestEntry testId="7a552f15-70cd-4a0c-5ae9-6c31065018ec" executionId="812f6833-0e92-46ce-a127-6fcc12fabb69" testListId="8c84fa94-04c1-424b-9868-57a2d4851a1d" />
    <TestEntry testId="e5375872-944b-99e5-0ac3-f53e57498348" executionId="c416f9a5-3b07-44d9-a893-5896ea15f44a" testListId="8c84fa94-04c1-424b-9868-57a2d4851a1d" />
    <TestEntry testId="c9d3788f-0c97-6a68-18c7-0ea0f43edb65" executionId="4785b8c8-c55f-449a-bb95-dba5ce33bb98" testListId="8c84fa94-04c1-424b-9868-57a2d4851a1d" />
    <TestEntry testId="eb1a16d3-3615-a9d1-dbaf-2ff92189189a" executionId="62948b45-025f-480c-b959-290cb27e936f" testListId="8c84fa94-04c1-424b-9868-57a2d4851a1d" />
    <TestEntry testId="eeed1600-2cd4-3eeb-4b6f-996ec7dc8f79" executionId="90e37376-65b0-4c5c-97bf-3eda34034ddb" testListId="8c84fa94-04c1-424b-9868-57a2d4851a1d" />
    <TestEntry testId="69bde749-d479-2c87-99d0-562394f8bfb7" executionId="781f42bd-ba2c-4228-b7ff-3e5530237b2e" testListId="8c84fa94-04c1-424b-9868-57a2d4851a1d" />
    <TestEntry testId="2f97a60d-87bd-9eba-268d-e2c3e2febdf4" executionId="a904c317-a52a-4e1a-b70e-3cc700f5a7d6" testListId="8c84fa94-04c1-424b-9868-57a2d4851a1d" />
    <TestEntry testId="877d1220-7b45-7886-2478-8fe290b5c07e" executionId="d899dad3-3671-40b7-a20b-9d3646e899e5" testListId="8c84fa94-04c1-424b-9868-57a2d4851a1d" />
    <TestEntry testId="d1febd40-c36c-d980-e99b-af9fb9d9bc49" executionId="5e2214d9-7e9b-47e7-a69f-9c914faa69b5" testListId="8c84fa94-04c1-424b-9868-57a2d4851a1d" />
    <TestEntry testId="ae35ba37-f0fb-1b64-64c6-68ec18ac4506" executionId="05f6da0b-eb39-4382-a932-aec0ff2280e2" testListId="8c84fa94-04c1-424b-9868-57a2d4851a1d" />
  </TestEntries>
  <TestLists>
    <TestList name="不在清單中的結果" id="8c84fa94-04c1-424b-9868-57a2d4851a1d" />
    <TestList name="所有載入的結果" id="19431567-8539-422a-85d7-44ee4e166bda" />
  </TestLists>
  <ResultSummary outcome="Completed">
    <Counters total="75" executed="75" passed="75" failed="0" error="0" timeout="0" aborted="0" inconclusive="0" passedButRunAborted="0" notRunnable="0" notExecuted="0" disconnected="0" warning="0" completed="0" inProgress="0" pending="0" />
    <Output>
      <StdOut>[xUnit.net 00:00:00.00] xUnit.net VSTest Adapter v4.0.0+05679a7ab5 (64-bit .NET 10.0.12)
[xUnit.net 00:00:00.10]   Discovering: Laya.Core.Tests
[xUnit.net 00:00:00.18]   Discovered:  Laya.Core.Tests
[xUnit.net 00:00:00.30]   Starting:    Laya.Core.Tests
[xUnit.net 00:00:00.51]   Finished:    Laya.Core.Tests
</StdOut>
    </Output>
  </ResultSummary>
</TestRun>