<?xml version="1.0" encoding="utf-8"?>
<TestRun id="8c3bf288-6912-4639-bf7b-c36c9b07a9ff" name="@Frieren 2026-09-24 01:12:04" xmlns="http://microsoft.com/schemas/VisualStudio/TeamTest/2010">
  <Times creation="2026-09-24T01:12:04.5172785+08:00" queuing="2026-09-24T01:12:04.5172786+08:00" start="2026-09-24T01:12:01.2125118+08:00" finish="2026-09-24T01:12:04.5222724+08:00" />
  <TestSettings name="default" id="ac2dde61-f409-4b00-8555-16d94be29561">
    <Deployment runDeploymentRoot="_Frieren_2026-09-24_01_12_04" />
  </TestSettings>
  <Results>
    <UnitTestResult executionId="d3555b94-66ab-48f4-bafa-992ee7f181d4" testId="7f7c9373-ecaf-13c0-808a-51c725df451f" testName="Laya.Core.Tests.Encoding.MultilingualSequenceParityTests.Build_CriteriaMappingPreservesAnswerKeysAndOfficialPrompt" computerName="Frieren" duration="00:00:01.3923982" startTime="2026-09-24T01:12:01.8969678+08:00" endTime="2026-09-24T01:12:03.3019117+08:00" testType="13cdc9d9-ddb5-4fa4-a97d-d965ccfc6d4b" outcome="Passed" testListId="8c84fa94-04c1-424b-9868-57a2d4851a1d" relativeResultsDirectory="d3555b94-66ab-48f4-bafa-992ee7f181d4" />
    <UnitTestResult executionId="9c500087-1df2-4b33-824e-1aa11c78b4b2" testId="fcaf114c-e242-5871-25a7-7c4de5ec965d" testName="Laya.Core.Tests.Encoding.MultilingualSequenceParityTests.Build_MatchesOfficialChoiceTrace" computerName="Frieren" duration="00:00:00.9907512" startTime="2026-09-24T01:12:03.3091066+08:00" endTime="2026-09-24T01:12:04.2882991+08:00" testType="13cdc9d9-ddb5-4fa4-a97d-d965ccfc6d4b" outcome="Passed" testListId="8c84fa94-04c1-424b-9868-57a2d4851a1d" relativeResultsDirectory="9c500087-1df2-4b33-824e-1aa11c78b4b2" />
    <UnitTestResult executionId="a0a25da2-93e9-41fb-9e59-6e09cb3fef14" testId="cda4d416-1cc4-2871-4289-6b19913af96c" testName="Laya.Core.Tests.Tokenization.MultilingualTokenizerParityTests.Encode_MatchesAllOfficialMultilingualFixtures" computerName="Frieren" duration="00:00:01.3923490" startTime="2026-09-24T01:12:01.8984475+08:00" endTime="2026-09-24T01:12:03.2970549+08:00" testType="13cdc9d9-ddb5-4fa4-a97d-d965ccfc6d4b" outcome="Passed" testListId="8c84fa94-04c1-424b-9868-57a2d4851a1d" relativeResultsDirectory="a0a25da2-93e9-41fb-9e59-6e09cb3fef14" />
  </Results>
  <TestDefinitions>
    <UnitTest name="Laya.Core.Tests.Tokenization.MultilingualTokenizerParityTests.Encode_MatchesAllOfficialMultilingualFixtures" storage="/srv/hermes_agent/home/workspace/repo/layadotnetpoc/tests/laya.core.tests/bin/debug/net8.0/laya.core.tests.dll" id="cda4d416-1cc4-2871-4289-6b19913af96c">
      <Execution id="a0a25da2-93e9-41fb-9e59-6e09cb3fef14" />
      <TestMethod codeBase="/srv/hermes_agent/home/workspace/Repo/LayaDotNetPoc/tests/Laya.Core.Tests/bin/Debug/net8.0/Laya.Core.Tests.dll" adapterTypeName="executor://xunit/VsTestRunner3/netcore/" className="Laya.Core.Tests.Tokenization.MultilingualTokenizerParityTests" name="Encode_MatchesAllOfficialMultilingualFixtures" />
    </UnitTest>
    <UnitTest name="Laya.Core.Tests.Encoding.MultilingualSequenceParityTests.Build_CriteriaMappingPreservesAnswerKeysAndOfficialPrompt" storage="/srv/hermes_agent/home/workspace/repo/layadotnetpoc/tests/laya.core.tests/bin/debug/net8.0/laya.core.tests.dll" id="7f7c9373-ecaf-13c0-808a-51c725df451f">
      <Execution id="d3555b94-66ab-48f4-bafa-992ee7f181d4" />
      <TestMethod codeBase="/srv/hermes_agent/home/workspace/Repo/LayaDotNetPoc/tests/Laya.Core.Tests/bin/Debug/net8.0/Laya.Core.Tests.dll" adapterTypeName="executor://xunit/VsTestRunner3/netcore/" className="Laya.Core.Tests.Encoding.MultilingualSequenceParityTests" name="Build_CriteriaMappingPreservesAnswerKeysAndOfficialPrompt" />
    </UnitTest>
    <UnitTest name="Laya.Core.Tests.Encoding.MultilingualSequenceParityTests.Build_MatchesOfficialChoiceTrace" storage="/srv/hermes_agent/home/workspace/repo/layadotnetpoc/tests/laya.core.tests/bin/debug/net8.0/laya.core.tests.dll" id="fcaf114c-e242-5871-25a7-7c4de5ec965d">
      <Execution id="9c500087-1df2-4b33-824e-1aa11c78b4b2" />
      <TestMethod codeBase="/srv/hermes_agent/home/workspace/Repo/LayaDotNetPoc/tests/Laya.Core.Tests/bin/Debug/net8.0/Laya.Core.Tests.dll" adapterTypeName="executor://xunit/VsTestRunner3/netcore/" className="Laya.Core.Tests.Encoding.MultilingualSequenceParityTests" name="Build_MatchesOfficialChoiceTrace" />
    </UnitTest>
  </TestDefinitions>
  <TestEntries>
    <TestEntry testId="7f7c9373-ecaf-13c0-808a-51c725df451f" executionId="d3555b94-66ab-48f4-bafa-992ee7f181d4" testListId="8c84fa94-04c1-424b-9868-57a2d4851a1d" />
    <TestEntry testId="fcaf114c-e242-5871-25a7-7c4de5ec965d" executionId="9c500087-1df2-4b33-824e-1aa11c78b4b2" testListId="8c84fa94-04c1-424b-9868-57a2d4851a1d" />
    <TestEntry testId="cda4d416-1cc4-2871-4289-6b19913af96c" executionId="a0a25da2-93e9-41fb-9e59-6e09cb3fef14" testListId="8c84fa94-04c1-424b-9868-57a2d4851a1d" />
  </TestEntries>
  <TestLists>
    <TestList name="不在清單中的結果" id="8c84fa94-04c1-424b-9868-57a2d4851a1d" />
    <TestList name="所有載入的結果" id="19431567-8539-422a-85d7-44ee4e166bda" />
  </TestLists>
  <ResultSummary outcome="Completed">
    <Counters total="3" executed="3" passed="3" failed="0" error="0" timeout="0" aborted="0" inconclusive="0" passedButRunAborted="0" notRunnable="0" notExecuted="0" disconnected="0" warning="0" completed="0" inProgress="0" pending="0" />
    <Output>
      <StdOut>[xUnit.net 00:00:00.00] xUnit.net VSTest Adapter v4.0.0+05679a7ab5 (64-bit .NET 10.0.12)
[xUnit.net 00:00:00.10]   Discovering: Laya.Core.Tests
[xUnit.net 00:00:00.19]   Discovered:  Laya.Core.Tests
[xUnit.net 00:00:00.30]   Starting:    Laya.Core.Tests
[xUnit.net 00:00:02.72]   Finished:    Laya.Core.Tests
</StdOut>
    </Output>
  </ResultSummary>
</TestRun>