<?xml version="1.0" encoding="utf-8"?>
<TestRun id="c43513a9-bdcf-43dd-a1d6-a80644b5796c" name="@Frieren 2026-09-24 08:49:39" xmlns="http://microsoft.com/schemas/VisualStudio/TeamTest/2010">
  <Times creation="2026-09-24T08:49:39.8205014+08:00" queuing="2026-09-24T08:49:39.8205014+08:00" start="2026-09-24T08:49:38.5884867+08:00" finish="2026-09-24T08:49:39.8254255+08:00" />
  <TestSettings name="default" id="ac9de39e-52d1-44b0-ac27-8cb79a2bd5bd">
    <Deployment runDeploymentRoot="_Frieren_2026-09-24_08_49_39" />
  </TestSettings>
  <Results>
    <UnitTestResult executionId="f8c741aa-a686-4cb8-a91c-2854e99ef092" testId="49e1e906-e729-798e-218b-d1fc572abc01" testName="Laya.Core.Tests.Tokenization.LayaTokenizerTests.Load_RejectsMissingSpecialTokenConfig" computerName="Frieren" duration="00:00:00.0096693" startTime="2026-09-24T08:49:39.1861955+08:00" endTime="2026-09-24T08:49:39.2016171+08:00" testType="13cdc9d9-ddb5-4fa4-a97d-d965ccfc6d4b" outcome="Passed" testListId="8c84fa94-04c1-424b-9868-57a2d4851a1d" relativeResultsDirectory="f8c741aa-a686-4cb8-a91c-2854e99ef092" />
    <UnitTestResult executionId="7ee382d2-9266-48f5-a0fa-68932dcaae11" testId="70a87192-17e3-bfc6-c654-1d955e53986e" testName="Laya.Core.Tests.Encoding.LayaSequenceBuilderTests.Build_TruncatesStateToMaxLength" computerName="Frieren" duration="00:00:00.0688532" startTime="2026-09-24T08:49:39.4213367+08:00" endTime="2026-09-24T08:49:39.4899678+08:00" testType="13cdc9d9-ddb5-4fa4-a97d-d965ccfc6d4b" outcome="Passed" testListId="8c84fa94-04c1-424b-9868-57a2d4851a1d" relativeResultsDirectory="7ee382d2-9266-48f5-a0fa-68932dcaae11" />
    <UnitTestResult executionId="7a539ce5-880f-4d79-996b-c2fbf01e9d68" testId="64ea98ad-8828-a594-0ce6-c22f208c1cda" testName="Laya.Core.Tests.Encoding.LayaSequenceBuilderTests.Build_RejectsOptionsThatExceedModelContext" computerName="Frieren" duration="00:00:00.0629284" startTime="2026-09-24T08:49:39.5590446+08:00" endTime="2026-09-24T08:49:39.6219136+08:00" testType="13cdc9d9-ddb5-4fa4-a97d-d965ccfc6d4b" outcome="Passed" testListId="8c84fa94-04c1-424b-9868-57a2d4851a1d" relativeResultsDirectory="7a539ce5-880f-4d79-996b-c2fbf01e9d68" />
    <UnitTestResult executionId="b50558bb-e45c-4b8e-bad3-5bf66b158389" testId="3efdd426-4bca-581c-3833-3ff813ce4c68" testName="Laya.Core.Tests.Encoding.LayaSequenceBuilderTests.Build_MixesChoiceAndNoulWithRightPadding" computerName="Frieren" duration="00:00:00.0686573" startTime="2026-09-24T08:49:39.4901607+08:00" endTime="2026-09-24T08:49:39.5587950+08:00" testType="13cdc9d9-ddb5-4fa4-a97d-d965ccfc6d4b" outcome="Passed" testListId="8c84fa94-04c1-424b-9868-57a2d4851a1d" relativeResultsDirectory="b50558bb-e45c-4b8e-bad3-5bf66b158389" />
    <UnitTestResult executionId="14fb12ec-4578-421f-9d7c-ca161f7a1b68" testId="b2a39afa-e8d6-b42c-0652-9a7aa531286b" testName="Laya.Core.Tests.Tokenization.LayaTokenizerTests.Encode_MatchesGoldenIds" computerName="Frieren" duration="00:00:00.1194004" startTime="2026-09-24T08:49:39.2119661+08:00" endTime="2026-09-24T08:49:39.3213030+08:00" testType="13cdc9d9-ddb5-4fa4-a97d-d965ccfc6d4b" outcome="Passed" testListId="8c84fa94-04c1-424b-9868-57a2d4851a1d" relativeResultsDirectory="14fb12ec-4578-421f-9d7c-ca161f7a1b68" />
    <UnitTestResult executionId="7c35cba0-a9d5-4f70-b14c-dad658bac61a" testId="98e6a3aa-9190-48d9-c5e8-c21984973305" testName="Laya.Core.Tests.Encoding.LayaSequenceBuilderTests.Build_MatchesNoulGoldenTrace" computerName="Frieren" duration="00:00:00.1456768" startTime="2026-09-24T08:49:39.1849762+08:00" endTime="2026-09-24T08:49:39.3350618+08:00" testType="13cdc9d9-ddb5-4fa4-a97d-d965ccfc6d4b" outcome="Passed" testListId="8c84fa94-04c1-424b-9868-57a2d4851a1d" relativeResultsDirectory="7c35cba0-a9d5-4f70-b14c-dad658bac61a" />
    <UnitTestResult executionId="1d3d24fc-f921-4f7e-8196-63126f28fa7d" testId="0f33d004-6bcc-16ec-1bc6-36148954798e" testName="Laya.Core.Tests.Tokenization.LayaTokenizerTests.Load_ResolvesSpecialTokensAndEncodesWithoutSpecialTokens" computerName="Frieren" duration="00:00:00.0849152" startTime="2026-09-24T08:49:39.3221470+08:00" endTime="2026-09-24T08:49:39.4063099+08:00" testType="13cdc9d9-ddb5-4fa4-a97d-d965ccfc6d4b" outcome="Passed" testListId="8c84fa94-04c1-424b-9868-57a2d4851a1d" relativeResultsDirectory="1d3d24fc-f921-4f7e-8196-63126f28fa7d" />
    <UnitTestResult executionId="20208458-4912-4c33-866a-1ef1a5405851" testId="41b8f608-45e9-7c2a-3a77-e3c99ea7c9bf" testName="Laya.Core.Tests.Encoding.LayaSequenceBuilderTests.Build_MatchesChoiceGoldenTrace" computerName="Frieren" duration="00:00:00.0857990" startTime="2026-09-24T08:49:39.3352958+08:00" endTime="2026-09-24T08:49:39.4209753+08:00" testType="13cdc9d9-ddb5-4fa4-a97d-d965ccfc6d4b" outcome="Passed" testListId="8c84fa94-04c1-424b-9868-57a2d4851a1d" relativeResultsDirectory="20208458-4912-4c33-866a-1ef1a5405851" />
  </Results>
  <TestDefinitions>
    <UnitTest name="Laya.Core.Tests.Tokenization.LayaTokenizerTests.Load_RejectsMissingSpecialTokenConfig" storage="/srv/hermes_agent/home/workspace/repo/layadotnetpoc/tests/laya.core.tests/bin/debug/net8.0/laya.core.tests.dll" id="49e1e906-e729-798e-218b-d1fc572abc01">
      <Execution id="f8c741aa-a686-4cb8-a91c-2854e99ef092" />
      <TestMethod codeBase="/srv/hermes_agent/home/workspace/Repo/LayaDotNetPoc/tests/Laya.Core.Tests/bin/Debug/net8.0/Laya.Core.Tests.dll" adapterTypeName="executor://xunit/VsTestRunner3/netcore/" className="Laya.Core.Tests.Tokenization.LayaTokenizerTests" name="Load_RejectsMissingSpecialTokenConfig" />
    </UnitTest>
    <UnitTest name="Laya.Core.Tests.Encoding.LayaSequenceBuilderTests.Build_MatchesNoulGoldenTrace" storage="/srv/hermes_agent/home/workspace/repo/layadotnetpoc/tests/laya.core.tests/bin/debug/net8.0/laya.core.tests.dll" id="98e6a3aa-9190-48d9-c5e8-c21984973305">
      <Execution id="7c35cba0-a9d5-4f70-b14c-dad658bac61a" />
      <TestMethod codeBase="/srv/hermes_agent/home/workspace/Repo/LayaDotNetPoc/tests/Laya.Core.Tests/bin/Debug/net8.0/Laya.Core.Tests.dll" adapterTypeName="executor://xunit/VsTestRunner3/netcore/" className="Laya.Core.Tests.Encoding.LayaSequenceBuilderTests" name="Build_MatchesNoulGoldenTrace" />
    </UnitTest>
    <UnitTest name="Laya.Core.Tests.Encoding.LayaSequenceBuilderTests.Build_MixesChoiceAndNoulWithRightPadding" storage="/srv/hermes_agent/home/workspace/repo/layadotnetpoc/tests/laya.core.tests/bin/debug/net8.0/laya.core.tests.dll" id="3efdd426-4bca-581c-3833-3ff813ce4c68">
      <Execution id="b50558bb-e45c-4b8e-bad3-5bf66b158389" />
      <TestMethod codeBase="/srv/hermes_agent/home/workspace/Repo/LayaDotNetPoc/tests/Laya.Core.Tests/bin/Debug/net8.0/Laya.Core.Tests.dll" adapterTypeName="executor://xunit/VsTestRunner3/netcore/" className="Laya.Core.Tests.Encoding.LayaSequenceBuilderTests" name="Build_MixesChoiceAndNoulWithRightPadding" />
    </UnitTest>
    <UnitTest name="Laya.Core.Tests.Tokenization.LayaTokenizerTests.Load_ResolvesSpecialTokensAndEncodesWithoutSpecialTokens" storage="/srv/hermes_agent/home/workspace/repo/layadotnetpoc/tests/laya.core.tests/bin/debug/net8.0/laya.core.tests.dll" id="0f33d004-6bcc-16ec-1bc6-36148954798e">
      <Execution id="1d3d24fc-f921-4f7e-8196-63126f28fa7d" />
      <TestMethod codeBase="/srv/hermes_agent/home/workspace/Repo/LayaDotNetPoc/tests/Laya.Core.Tests/bin/Debug/net8.0/Laya.Core.Tests.dll" adapterTypeName="executor://xunit/VsTestRunner3/netcore/" className="Laya.Core.Tests.Tokenization.LayaTokenizerTests" name="Load_ResolvesSpecialTokensAndEncodesWithoutSpecialTokens" />
    </UnitTest>
    <UnitTest name="Laya.Core.Tests.Tokenization.LayaTokenizerTests.Encode_MatchesGoldenIds" storage="/srv/hermes_agent/home/workspace/repo/layadotnetpoc/tests/laya.core.tests/bin/debug/net8.0/laya.core.tests.dll" id="b2a39afa-e8d6-b42c-0652-9a7aa531286b">
      <Execution id="14fb12ec-4578-421f-9d7c-ca161f7a1b68" />
      <TestMethod codeBase="/srv/hermes_agent/home/workspace/Repo/LayaDotNetPoc/tests/Laya.Core.Tests/bin/Debug/net8.0/Laya.Core.Tests.dll" adapterTypeName="executor://xunit/VsTestRunner3/netcore/" className="Laya.Core.Tests.Tokenization.LayaTokenizerTests" name="Encode_MatchesGoldenIds" />
    </UnitTest>
    <UnitTest name="Laya.Core.Tests.Encoding.LayaSequenceBuilderTests.Build_RejectsOptionsThatExceedModelContext" storage="/srv/hermes_agent/home/workspace/repo/layadotnetpoc/tests/laya.core.tests/bin/debug/net8.0/laya.core.tests.dll" id="64ea98ad-8828-a594-0ce6-c22f208c1cda">
      <Execution id="7a539ce5-880f-4d79-996b-c2fbf01e9d68" />
      <TestMethod codeBase="/srv/hermes_agent/home/workspace/Repo/LayaDotNetPoc/tests/Laya.Core.Tests/bin/Debug/net8.0/Laya.Core.Tests.dll" adapterTypeName="executor://xunit/VsTestRunner3/netcore/" className="Laya.Core.Tests.Encoding.LayaSequenceBuilderTests" name="Build_RejectsOptionsThatExceedModelContext" />
    </UnitTest>
    <UnitTest name="Laya.Core.Tests.Encoding.LayaSequenceBuilderTests.Build_TruncatesStateToMaxLength" storage="/srv/hermes_agent/home/workspace/repo/layadotnetpoc/tests/laya.core.tests/bin/debug/net8.0/laya.core.tests.dll" id="70a87192-17e3-bfc6-c654-1d955e53986e">
      <Execution id="7ee382d2-9266-48f5-a0fa-68932dcaae11" />
      <TestMethod codeBase="/srv/hermes_agent/home/workspace/Repo/LayaDotNetPoc/tests/Laya.Core.Tests/bin/Debug/net8.0/Laya.Core.Tests.dll" adapterTypeName="executor://xunit/VsTestRunner3/netcore/" className="Laya.Core.Tests.Encoding.LayaSequenceBuilderTests" name="Build_TruncatesStateToMaxLength" />
    </UnitTest>
    <UnitTest name="Laya.Core.Tests.Encoding.LayaSequenceBuilderTests.Build_MatchesChoiceGoldenTrace" storage="/srv/hermes_agent/home/workspace/repo/layadotnetpoc/tests/laya.core.tests/bin/debug/net8.0/laya.core.tests.dll" id="41b8f608-45e9-7c2a-3a77-e3c99ea7c9bf">
      <Execution id="20208458-4912-4c33-866a-1ef1a5405851" />
      <TestMethod codeBase="/srv/hermes_agent/home/workspace/Repo/LayaDotNetPoc/tests/Laya.Core.Tests/bin/Debug/net8.0/Laya.Core.Tests.dll" adapterTypeName="executor://xunit/VsTestRunner3/netcore/" className="Laya.Core.Tests.Encoding.LayaSequenceBuilderTests" name="Build_MatchesChoiceGoldenTrace" />
    </UnitTest>
  </TestDefinitions>
  <TestEntries>
    <TestEntry testId="49e1e906-e729-798e-218b-d1fc572abc01" executionId="f8c741aa-a686-4cb8-a91c-2854e99ef092" testListId="8c84fa94-04c1-424b-9868-57a2d4851a1d" />
    <TestEntry testId="70a87192-17e3-bfc6-c654-1d955e53986e" executionId="7ee382d2-9266-48f5-a0fa-68932dcaae11" testListId="8c84fa94-04c1-424b-9868-57a2d4851a1d" />
    <TestEntry testId="64ea98ad-8828-a594-0ce6-c22f208c1cda" executionId="7a539ce5-880f-4d79-996b-c2fbf01e9d68" testListId="8c84fa94-04c1-424b-9868-57a2d4851a1d" />
    <TestEntry testId="3efdd426-4bca-581c-3833-3ff813ce4c68" executionId="b50558bb-e45c-4b8e-bad3-5bf66b158389" testListId="8c84fa94-04c1-424b-9868-57a2d4851a1d" />
    <TestEntry testId="b2a39afa-e8d6-b42c-0652-9a7aa531286b" executionId="14fb12ec-4578-421f-9d7c-ca161f7a1b68" testListId="8c84fa94-04c1-424b-9868-57a2d4851a1d" />
    <TestEntry testId="98e6a3aa-9190-48d9-c5e8-c21984973305" executionId="7c35cba0-a9d5-4f70-b14c-dad658bac61a" testListId="8c84fa94-04c1-424b-9868-57a2d4851a1d" />
    <TestEntry testId="0f33d004-6bcc-16ec-1bc6-36148954798e" executionId="1d3d24fc-f921-4f7e-8196-63126f28fa7d" testListId="8c84fa94-04c1-424b-9868-57a2d4851a1d" />
    <TestEntry testId="41b8f608-45e9-7c2a-3a77-e3c99ea7c9bf" executionId="20208458-4912-4c33-866a-1ef1a5405851" testListId="8c84fa94-04c1-424b-9868-57a2d4851a1d" />
  </TestEntries>
  <TestLists>
    <TestList name="不在清單中的結果" id="8c84fa94-04c1-424b-9868-57a2d4851a1d" />
    <TestList name="所有載入的結果" id="19431567-8539-422a-85d7-44ee4e166bda" />
  </TestLists>
  <ResultSummary outcome="Completed">
    <Counters total="8" executed="8" passed="8" failed="0" error="0" timeout="0" aborted="0" inconclusive="0" passedButRunAborted="0" notRunnable="0" notExecuted="0" disconnected="0" warning="0" completed="0" inProgress="0" pending="0" />
    <Output>
      <StdOut>[xUnit.net 00:00:00.00] xUnit.net VSTest Adapter v4.0.0+05679a7ab5 (64-bit .NET 10.0.12)
[xUnit.net 00:00:00.08]   Discovering: Laya.Core.Tests
[xUnit.net 00:00:00.17]   Discovered:  Laya.Core.Tests
[xUnit.net 00:00:00.27]   Starting:    Laya.Core.Tests
[xUnit.net 00:00:00.73]   Finished:    Laya.Core.Tests
</StdOut>
    </Output>
  </ResultSummary>
</TestRun>